{"/Users/bohyeonkim/Desktop/Act4_asDev/SpartaCoding/class_web5-nodeJs_deepDive/nodejs_api_practice_blog-like/app.js": {"path":"/Users/bohyeonkim/Desktop/Act4_asDev/SpartaCoding/class_web5-nodeJs_deepDive/nodejs_api_practice_blog-like/app.js","statementMap":{"0":{"start":{"line":2,"column":16},"end":{"line":2,"column":34}},"1":{"start":{"line":3,"column":13},"end":{"line":3,"column":28}},"2":{"start":{"line":4,"column":21},"end":{"line":4,"column":45}},"3":{"start":{"line":7,"column":15},"end":{"line":7,"column":32}},"4":{"start":{"line":8,"column":0},"end":{"line":8,"column":16}},"5":{"start":{"line":11,"column":12},"end":{"line":11,"column":21}},"6":{"start":{"line":12,"column":0},"end":{"line":12,"column":16}},"7":{"start":{"line":13,"column":0},"end":{"line":13,"column":24}},"8":{"start":{"line":14,"column":0},"end":{"line":14,"column":24}},"9":{"start":{"line":17,"column":22},"end":{"line":17,"column":41}},"10":{"start":{"line":20,"column":18},"end":{"line":20,"column":46}},"11":{"start":{"line":21,"column":0},"end":{"line":21,"column":29}},"12":{"start":{"line":27,"column":0},"end":{"line":27,"column":21}}},"fnMap":{},"branchMap":{},"s":{"0":3,"1":3,"2":3,"3":3,"4":3,"5":3,"6":3,"7":3,"8":3,"9":3,"10":3,"11":3,"12":3},"f":{},"b":{},"_coverageSchema":"1a1c01bbd47fc00a2c39e90264f33305004495a9","hash":"657c07b8c03dfd4e4deeb584d76c80aa146b0190"}
,"/Users/bohyeonkim/Desktop/Act4_asDev/SpartaCoding/class_web5-nodeJs_deepDive/nodejs_api_practice_blog-like/config/config.js": {"path":"/Users/bohyeonkim/Desktop/Act4_asDev/SpartaCoding/class_web5-nodeJs_deepDive/nodejs_api_practice_blog-like/config/config.js","statementMap":{"0":{"start":{"line":7,"column":15},"end":{"line":7,"column":32}},"1":{"start":{"line":8,"column":0},"end":{"line":8,"column":16}},"2":{"start":{"line":10,"column":20},"end":{"line":16,"column":1}},"3":{"start":{"line":18,"column":19},"end":{"line":24,"column":1}},"4":{"start":{"line":27,"column":13},"end":{"line":34,"column":1}},"5":{"start":{"line":36,"column":0},"end":{"line":36,"column":51}}},"fnMap":{},"branchMap":{},"s":{"0":7,"1":7,"2":7,"3":7,"4":7,"5":7},"f":{},"b":{},"_coverageSchema":"1a1c01bbd47fc00a2c39e90264f33305004495a9","hash":"15b03005d9cc7d4f18b6cced5810d4b7168587c0"}
,"/Users/bohyeonkim/Desktop/Act4_asDev/SpartaCoding/class_web5-nodeJs_deepDive/nodejs_api_practice_blog-like/controllers/comments.controller.js": {"path":"/Users/bohyeonkim/Desktop/Act4_asDev/SpartaCoding/class_web5-nodeJs_deepDive/nodejs_api_practice_blog-like/controllers/comments.controller.js","statementMap":{"0":{"start":{"line":5,"column":23},"end":{"line":5,"column":62}},"1":{"start":{"line":9,"column":19},"end":{"line":9,"column":39}},"2":{"start":{"line":11,"column":17},"end":{"line":48,"column":3}},"3":{"start":{"line":12,"column":4},"end":{"line":12,"column":62}},"4":{"start":{"line":14,"column":4},"end":{"line":47,"column":5}},"5":{"start":{"line":16,"column":6},"end":{"line":16,"column":52}},"6":{"start":{"line":17,"column":23},"end":{"line":17,"column":39}},"7":{"start":{"line":18,"column":26},"end":{"line":18,"column":36}},"8":{"start":{"line":19,"column":26},"end":{"line":19,"column":34}},"9":{"start":{"line":21,"column":6},"end":{"line":23,"column":7}},"10":{"start":{"line":22,"column":8},"end":{"line":22,"column":63}},"11":{"start":{"line":24,"column":6},"end":{"line":26,"column":7}},"12":{"start":{"line":25,"column":8},"end":{"line":25,"column":66}},"13":{"start":{"line":28,"column":6},"end":{"line":31,"column":7}},"14":{"start":{"line":29,"column":8},"end":{"line":29,"column":15}},"15":{"start":{"line":30,"column":8},"end":{"line":30,"column":15}},"16":{"start":{"line":34,"column":34},"end":{"line":38,"column":7}},"17":{"start":{"line":40,"column":6},"end":{"line":40,"column":72}},"18":{"start":{"line":41,"column":6},"end":{"line":41,"column":50}},"19":{"start":{"line":45,"column":22},"end":{"line":45,"column":75}},"20":{"start":{"line":46,"column":6},"end":{"line":46,"column":47}},"21":{"start":{"line":50,"column":18},"end":{"line":71,"column":3}},"22":{"start":{"line":51,"column":4},"end":{"line":70,"column":5}},"23":{"start":{"line":52,"column":6},"end":{"line":52,"column":65}},"24":{"start":{"line":55,"column":26},"end":{"line":55,"column":36}},"25":{"start":{"line":58,"column":40},"end":{"line":60,"column":7}},"26":{"start":{"line":63,"column":6},"end":{"line":63,"column":72}},"27":{"start":{"line":64,"column":6},"end":{"line":64,"column":62}},"28":{"start":{"line":68,"column":22},"end":{"line":68,"column":75}},"29":{"start":{"line":69,"column":6},"end":{"line":69,"column":40}},"30":{"start":{"line":73,"column":18},"end":{"line":105,"column":3}},"31":{"start":{"line":74,"column":4},"end":{"line":104,"column":5}},"32":{"start":{"line":75,"column":6},"end":{"line":75,"column":65}},"33":{"start":{"line":77,"column":23},"end":{"line":77,"column":39}},"34":{"start":{"line":78,"column":29},"end":{"line":78,"column":39}},"35":{"start":{"line":79,"column":26},"end":{"line":79,"column":34}},"36":{"start":{"line":81,"column":6},"end":{"line":83,"column":7}},"37":{"start":{"line":82,"column":8},"end":{"line":82,"column":63}},"38":{"start":{"line":85,"column":6},"end":{"line":87,"column":7}},"39":{"start":{"line":86,"column":8},"end":{"line":86,"column":66}},"40":{"start":{"line":89,"column":6},"end":{"line":92,"column":7}},"41":{"start":{"line":90,"column":8},"end":{"line":90,"column":15}},"42":{"start":{"line":91,"column":8},"end":{"line":91,"column":15}},"43":{"start":{"line":93,"column":34},"end":{"line":97,"column":7}},"44":{"start":{"line":99,"column":6},"end":{"line":99,"column":73}},"45":{"start":{"line":100,"column":6},"end":{"line":100,"column":50}},"46":{"start":{"line":102,"column":22},"end":{"line":102,"column":75}},"47":{"start":{"line":103,"column":6},"end":{"line":103,"column":40}},"48":{"start":{"line":107,"column":18},"end":{"line":127,"column":3}},"49":{"start":{"line":108,"column":4},"end":{"line":126,"column":5}},"50":{"start":{"line":109,"column":6},"end":{"line":109,"column":65}},"51":{"start":{"line":111,"column":23},"end":{"line":111,"column":39}},"52":{"start":{"line":112,"column":29},"end":{"line":112,"column":39}},"53":{"start":{"line":114,"column":34},"end":{"line":117,"column":7}},"54":{"start":{"line":119,"column":6},"end":{"line":119,"column":73}},"55":{"start":{"line":120,"column":6},"end":{"line":120,"column":50}},"56":{"start":{"line":124,"column":22},"end":{"line":124,"column":75}},"57":{"start":{"line":125,"column":6},"end":{"line":125,"column":40}},"58":{"start":{"line":130,"column":0},"end":{"line":130,"column":36}}},"fnMap":{"0":{"name":"(anonymous_0)","decl":{"start":{"line":11,"column":17},"end":{"line":11,"column":18}},"loc":{"start":{"line":11,"column":43},"end":{"line":48,"column":3}},"line":11},"1":{"name":"(anonymous_1)","decl":{"start":{"line":50,"column":18},"end":{"line":50,"column":19}},"loc":{"start":{"line":50,"column":44},"end":{"line":71,"column":3}},"line":50},"2":{"name":"(anonymous_2)","decl":{"start":{"line":73,"column":18},"end":{"line":73,"column":19}},"loc":{"start":{"line":73,"column":44},"end":{"line":105,"column":3}},"line":73},"3":{"name":"(anonymous_3)","decl":{"start":{"line":107,"column":18},"end":{"line":107,"column":19}},"loc":{"start":{"line":107,"column":44},"end":{"line":127,"column":3}},"line":107}},"branchMap":{"0":{"loc":{"start":{"line":21,"column":6},"end":{"line":23,"column":7}},"type":"if","locations":[{"start":{"line":21,"column":6},"end":{"line":23,"column":7}},{"start":{},"end":{}}],"line":21},"1":{"loc":{"start":{"line":24,"column":6},"end":{"line":26,"column":7}},"type":"if","locations":[{"start":{"line":24,"column":6},"end":{"line":26,"column":7}},{"start":{},"end":{}}],"line":24},"2":{"loc":{"start":{"line":28,"column":6},"end":{"line":31,"column":7}},"type":"if","locations":[{"start":{"line":28,"column":6},"end":{"line":31,"column":7}},{"start":{},"end":{}}],"line":28},"3":{"loc":{"start":{"line":81,"column":6},"end":{"line":83,"column":7}},"type":"if","locations":[{"start":{"line":81,"column":6},"end":{"line":83,"column":7}},{"start":{},"end":{}}],"line":81},"4":{"loc":{"start":{"line":85,"column":6},"end":{"line":87,"column":7}},"type":"if","locations":[{"start":{"line":85,"column":6},"end":{"line":87,"column":7}},{"start":{},"end":{}}],"line":85},"5":{"loc":{"start":{"line":89,"column":6},"end":{"line":92,"column":7}},"type":"if","locations":[{"start":{"line":89,"column":6},"end":{"line":92,"column":7}},{"start":{},"end":{}}],"line":89}},"s":{"0":4,"1":4,"2":4,"3":7,"4":7,"5":7,"6":7,"7":7,"8":7,"9":7,"10":1,"11":6,"12":1,"13":5,"14":1,"15":1,"16":4,"17":4,"18":4,"19":0,"20":0,"21":4,"22":1,"23":1,"24":1,"25":1,"26":1,"27":1,"28":0,"29":0,"30":4,"31":4,"32":4,"33":4,"34":4,"35":4,"36":4,"37":1,"38":3,"39":0,"40":3,"41":1,"42":1,"43":2,"44":2,"45":2,"46":0,"47":0,"48":4,"49":2,"50":2,"51":2,"52":2,"53":2,"54":2,"55":2,"56":0,"57":0,"58":4},"f":{"0":7,"1":1,"2":4,"3":2},"b":{"0":[1,6],"1":[1,5],"2":[1,4],"3":[1,3],"4":[0,3],"5":[1,2]},"_coverageSchema":"1a1c01bbd47fc00a2c39e90264f33305004495a9","hash":"65d9879797f3dc12ac6e3af07a57ef8ccdfb9dba"}
,"/Users/bohyeonkim/Desktop/Act4_asDev/SpartaCoding/class_web5-nodeJs_deepDive/nodejs_api_practice_blog-like/controllers/posts.controller.js": {"path":"/Users/bohyeonkim/Desktop/Act4_asDev/SpartaCoding/class_web5-nodeJs_deepDive/nodejs_api_practice_blog-like/controllers/posts.controller.js","statementMap":{"0":{"start":{"line":5,"column":20},"end":{"line":5,"column":56}},"1":{"start":{"line":9,"column":16},"end":{"line":9,"column":33}},"2":{"start":{"line":11,"column":16},"end":{"line":26,"column":3}},"3":{"start":{"line":12,"column":4},"end":{"line":25,"column":5}},"4":{"start":{"line":13,"column":6},"end":{"line":13,"column":60}},"5":{"start":{"line":16,"column":20},"end":{"line":16,"column":56}},"6":{"start":{"line":18,"column":6},"end":{"line":18,"column":68}},"7":{"start":{"line":19,"column":6},"end":{"line":19,"column":51}},"8":{"start":{"line":23,"column":22},"end":{"line":23,"column":75}},"9":{"start":{"line":24,"column":6},"end":{"line":24,"column":40}},"10":{"start":{"line":28,"column":18},"end":{"line":52,"column":3}},"11":{"start":{"line":29,"column":4},"end":{"line":51,"column":5}},"12":{"start":{"line":30,"column":6},"end":{"line":30,"column":62}},"13":{"start":{"line":32,"column":23},"end":{"line":32,"column":39}},"14":{"start":{"line":34,"column":6},"end":{"line":34,"column":24}},"15":{"start":{"line":35,"column":33},"end":{"line":35,"column":41}},"16":{"start":{"line":38,"column":26},"end":{"line":42,"column":7}},"17":{"start":{"line":43,"column":6},"end":{"line":43,"column":70}},"18":{"start":{"line":44,"column":6},"end":{"line":44,"column":47}},"19":{"start":{"line":48,"column":22},"end":{"line":48,"column":75}},"20":{"start":{"line":49,"column":6},"end":{"line":49,"column":27}},"21":{"start":{"line":50,"column":6},"end":{"line":50,"column":47}},"22":{"start":{"line":54,"column":18},"end":{"line":71,"column":3}},"23":{"start":{"line":55,"column":4},"end":{"line":70,"column":5}},"24":{"start":{"line":56,"column":6},"end":{"line":56,"column":62}},"25":{"start":{"line":57,"column":26},"end":{"line":57,"column":36}},"26":{"start":{"line":59,"column":6},"end":{"line":62,"column":7}},"27":{"start":{"line":60,"column":8},"end":{"line":60,"column":15}},"28":{"start":{"line":61,"column":8},"end":{"line":61,"column":15}},"29":{"start":{"line":63,"column":19},"end":{"line":63,"column":64}},"30":{"start":{"line":64,"column":6},"end":{"line":64,"column":70}},"31":{"start":{"line":65,"column":6},"end":{"line":65,"column":50}},"32":{"start":{"line":68,"column":22},"end":{"line":68,"column":75}},"33":{"start":{"line":69,"column":6},"end":{"line":69,"column":47}},"34":{"start":{"line":73,"column":15},"end":{"line":100,"column":3}},"35":{"start":{"line":74,"column":4},"end":{"line":99,"column":5}},"36":{"start":{"line":75,"column":6},"end":{"line":75,"column":59}},"37":{"start":{"line":76,"column":23},"end":{"line":76,"column":39}},"38":{"start":{"line":77,"column":26},"end":{"line":77,"column":36}},"39":{"start":{"line":78,"column":33},"end":{"line":78,"column":41}},"40":{"start":{"line":80,"column":6},"end":{"line":83,"column":7}},"41":{"start":{"line":81,"column":8},"end":{"line":81,"column":15}},"42":{"start":{"line":82,"column":8},"end":{"line":82,"column":15}},"43":{"start":{"line":85,"column":34},"end":{"line":90,"column":7}},"44":{"start":{"line":92,"column":6},"end":{"line":92,"column":67}},"45":{"start":{"line":93,"column":6},"end":{"line":93,"column":50}},"46":{"start":{"line":97,"column":22},"end":{"line":97,"column":75}},"47":{"start":{"line":98,"column":6},"end":{"line":98,"column":47}},"48":{"start":{"line":102,"column":15},"end":{"line":125,"column":3}},"49":{"start":{"line":103,"column":4},"end":{"line":124,"column":5}},"50":{"start":{"line":104,"column":6},"end":{"line":104,"column":59}},"51":{"start":{"line":105,"column":23},"end":{"line":105,"column":39}},"52":{"start":{"line":106,"column":26},"end":{"line":106,"column":36}},"53":{"start":{"line":108,"column":6},"end":{"line":111,"column":7}},"54":{"start":{"line":109,"column":8},"end":{"line":109,"column":15}},"55":{"start":{"line":110,"column":8},"end":{"line":110,"column":15}},"56":{"start":{"line":112,"column":34},"end":{"line":115,"column":7}},"57":{"start":{"line":117,"column":6},"end":{"line":117,"column":67}},"58":{"start":{"line":118,"column":6},"end":{"line":118,"column":50}},"59":{"start":{"line":122,"column":22},"end":{"line":122,"column":75}},"60":{"start":{"line":123,"column":6},"end":{"line":123,"column":47}},"61":{"start":{"line":127,"column":13},"end":{"line":153,"column":3}},"62":{"start":{"line":128,"column":4},"end":{"line":152,"column":5}},"63":{"start":{"line":129,"column":6},"end":{"line":129,"column":57}},"64":{"start":{"line":131,"column":23},"end":{"line":131,"column":39}},"65":{"start":{"line":132,"column":26},"end":{"line":132,"column":36}},"66":{"start":{"line":133,"column":6},"end":{"line":136,"column":7}},"67":{"start":{"line":134,"column":8},"end":{"line":134,"column":15}},"68":{"start":{"line":135,"column":8},"end":{"line":135,"column":15}},"69":{"start":{"line":139,"column":34},"end":{"line":142,"column":7}},"70":{"start":{"line":145,"column":6},"end":{"line":145,"column":65}},"71":{"start":{"line":146,"column":6},"end":{"line":146,"column":50}},"72":{"start":{"line":150,"column":22},"end":{"line":150,"column":75}},"73":{"start":{"line":151,"column":6},"end":{"line":151,"column":47}},"74":{"start":{"line":155,"column":21},"end":{"line":173,"column":3}},"75":{"start":{"line":156,"column":4},"end":{"line":172,"column":5}},"76":{"start":{"line":157,"column":6},"end":{"line":157,"column":65}},"77":{"start":{"line":159,"column":23},"end":{"line":159,"column":39}},"78":{"start":{"line":162,"column":19},"end":{"line":162,"column":64}},"79":{"start":{"line":165,"column":6},"end":{"line":165,"column":72}},"80":{"start":{"line":166,"column":6},"end":{"line":166,"column":50}},"81":{"start":{"line":170,"column":22},"end":{"line":170,"column":75}},"82":{"start":{"line":171,"column":6},"end":{"line":171,"column":47}},"83":{"start":{"line":176,"column":0},"end":{"line":176,"column":33}}},"fnMap":{"0":{"name":"(anonymous_0)","decl":{"start":{"line":11,"column":16},"end":{"line":11,"column":17}},"loc":{"start":{"line":11,"column":42},"end":{"line":26,"column":3}},"line":11},"1":{"name":"(anonymous_1)","decl":{"start":{"line":28,"column":18},"end":{"line":28,"column":19}},"loc":{"start":{"line":28,"column":44},"end":{"line":52,"column":3}},"line":28},"2":{"name":"(anonymous_2)","decl":{"start":{"line":54,"column":18},"end":{"line":54,"column":19}},"loc":{"start":{"line":54,"column":44},"end":{"line":71,"column":3}},"line":54},"3":{"name":"(anonymous_3)","decl":{"start":{"line":73,"column":15},"end":{"line":73,"column":16}},"loc":{"start":{"line":73,"column":41},"end":{"line":100,"column":3}},"line":73},"4":{"name":"(anonymous_4)","decl":{"start":{"line":102,"column":15},"end":{"line":102,"column":16}},"loc":{"start":{"line":102,"column":41},"end":{"line":125,"column":3}},"line":102},"5":{"name":"(anonymous_5)","decl":{"start":{"line":127,"column":13},"end":{"line":127,"column":14}},"loc":{"start":{"line":127,"column":39},"end":{"line":153,"column":3}},"line":127},"6":{"name":"(anonymous_6)","decl":{"start":{"line":155,"column":21},"end":{"line":155,"column":22}},"loc":{"start":{"line":155,"column":47},"end":{"line":173,"column":3}},"line":155}},"branchMap":{"0":{"loc":{"start":{"line":59,"column":6},"end":{"line":62,"column":7}},"type":"if","locations":[{"start":{"line":59,"column":6},"end":{"line":62,"column":7}},{"start":{},"end":{}}],"line":59},"1":{"loc":{"start":{"line":80,"column":6},"end":{"line":83,"column":7}},"type":"if","locations":[{"start":{"line":80,"column":6},"end":{"line":83,"column":7}},{"start":{},"end":{}}],"line":80},"2":{"loc":{"start":{"line":108,"column":6},"end":{"line":111,"column":7}},"type":"if","locations":[{"start":{"line":108,"column":6},"end":{"line":111,"column":7}},{"start":{},"end":{}}],"line":108},"3":{"loc":{"start":{"line":133,"column":6},"end":{"line":136,"column":7}},"type":"if","locations":[{"start":{"line":133,"column":6},"end":{"line":136,"column":7}},{"start":{},"end":{}}],"line":133}},"s":{"0":4,"1":4,"2":4,"3":3,"4":3,"5":3,"6":3,"7":3,"8":0,"9":0,"10":4,"11":8,"12":8,"13":8,"14":8,"15":8,"16":8,"17":8,"18":8,"19":0,"20":0,"21":0,"22":4,"23":1,"24":1,"25":1,"26":1,"27":0,"28":0,"29":1,"30":1,"31":1,"32":0,"33":0,"34":4,"35":5,"36":5,"37":5,"38":5,"39":5,"40":5,"41":1,"42":1,"43":4,"44":3,"45":3,"46":1,"47":1,"48":4,"49":2,"50":2,"51":2,"52":2,"53":2,"54":0,"55":0,"56":2,"57":2,"58":2,"59":0,"60":0,"61":4,"62":3,"63":3,"64":3,"65":3,"66":3,"67":0,"68":0,"69":3,"70":3,"71":3,"72":0,"73":0,"74":4,"75":1,"76":1,"77":1,"78":1,"79":1,"80":1,"81":0,"82":0,"83":4},"f":{"0":3,"1":8,"2":1,"3":5,"4":2,"5":3,"6":1},"b":{"0":[0,1],"1":[1,4],"2":[0,2],"3":[0,3]},"_coverageSchema":"1a1c01bbd47fc00a2c39e90264f33305004495a9","hash":"768f96edb65ec0b8cee66819fa529e2324456092"}
,"/Users/bohyeonkim/Desktop/Act4_asDev/SpartaCoding/class_web5-nodeJs_deepDive/nodejs_api_practice_blog-like/controllers/users.controller.js": {"path":"/Users/bohyeonkim/Desktop/Act4_asDev/SpartaCoding/class_web5-nodeJs_deepDive/nodejs_api_practice_blog-like/controllers/users.controller.js","statementMap":{"0":{"start":{"line":6,"column":20},"end":{"line":6,"column":56}},"1":{"start":{"line":7,"column":12},"end":{"line":7,"column":26}},"2":{"start":{"line":11,"column":16},"end":{"line":11,"column":33}},"3":{"start":{"line":12,"column":17},"end":{"line":18,"column":4}},"4":{"start":{"line":19,"column":16},"end":{"line":22,"column":4}},"5":{"start":{"line":25,"column":11},"end":{"line":80,"column":3}},"6":{"start":{"line":26,"column":4},"end":{"line":79,"column":5}},"7":{"start":{"line":27,"column":6},"end":{"line":27,"column":55}},"8":{"start":{"line":31,"column":8},"end":{"line":31,"column":55}},"9":{"start":{"line":34,"column":6},"end":{"line":40,"column":7}},"10":{"start":{"line":35,"column":8},"end":{"line":35,"column":39}},"11":{"start":{"line":36,"column":8},"end":{"line":38,"column":11}},"12":{"start":{"line":39,"column":8},"end":{"line":39,"column":15}},"13":{"start":{"line":44,"column":6},"end":{"line":50,"column":7}},"14":{"start":{"line":45,"column":8},"end":{"line":45,"column":43}},"15":{"start":{"line":46,"column":8},"end":{"line":48,"column":11}},"16":{"start":{"line":49,"column":8},"end":{"line":49,"column":15}},"17":{"start":{"line":53,"column":6},"end":{"line":58,"column":7}},"18":{"start":{"line":54,"column":8},"end":{"line":54,"column":46}},"19":{"start":{"line":55,"column":8},"end":{"line":57,"column":11}},"20":{"start":{"line":62,"column":35},"end":{"line":65,"column":7}},"21":{"start":{"line":67,"column":6},"end":{"line":67,"column":62}},"22":{"start":{"line":68,"column":6},"end":{"line":72,"column":7}},"23":{"start":{"line":69,"column":8},"end":{"line":69,"column":49}},"24":{"start":{"line":71,"column":8},"end":{"line":71,"column":49}},"25":{"start":{"line":74,"column":22},"end":{"line":74,"column":75}},"26":{"start":{"line":75,"column":6},"end":{"line":75,"column":55}},"27":{"start":{"line":76,"column":6},"end":{"line":78,"column":9}},"28":{"start":{"line":82,"column":10},"end":{"line":119,"column":3}},"29":{"start":{"line":83,"column":4},"end":{"line":118,"column":5}},"30":{"start":{"line":84,"column":6},"end":{"line":84,"column":54}},"31":{"start":{"line":86,"column":37},"end":{"line":88,"column":7}},"32":{"start":{"line":91,"column":6},"end":{"line":95,"column":7}},"33":{"start":{"line":92,"column":8},"end":{"line":94,"column":53}},"34":{"start":{"line":97,"column":33},"end":{"line":100,"column":7}},"35":{"start":{"line":102,"column":6},"end":{"line":102,"column":61}},"36":{"start":{"line":104,"column":6},"end":{"line":114,"column":7}},"37":{"start":{"line":105,"column":8},"end":{"line":108,"column":11}},"38":{"start":{"line":109,"column":8},"end":{"line":109,"column":37}},"39":{"start":{"line":111,"column":8},"end":{"line":113,"column":53}},"40":{"start":{"line":116,"column":22},"end":{"line":116,"column":75}},"41":{"start":{"line":117,"column":6},"end":{"line":117,"column":40}},"42":{"start":{"line":122,"column":0},"end":{"line":122,"column":33}}},"fnMap":{"0":{"name":"(anonymous_0)","decl":{"start":{"line":25,"column":11},"end":{"line":25,"column":12}},"loc":{"start":{"line":25,"column":31},"end":{"line":80,"column":3}},"line":25},"1":{"name":"(anonymous_1)","decl":{"start":{"line":82,"column":10},"end":{"line":82,"column":11}},"loc":{"start":{"line":82,"column":30},"end":{"line":119,"column":3}},"line":82}},"branchMap":{"0":{"loc":{"start":{"line":34,"column":6},"end":{"line":40,"column":7}},"type":"if","locations":[{"start":{"line":34,"column":6},"end":{"line":40,"column":7}},{"start":{},"end":{}}],"line":34},"1":{"loc":{"start":{"line":44,"column":6},"end":{"line":50,"column":7}},"type":"if","locations":[{"start":{"line":44,"column":6},"end":{"line":50,"column":7}},{"start":{},"end":{}}],"line":44},"2":{"loc":{"start":{"line":53,"column":6},"end":{"line":58,"column":7}},"type":"if","locations":[{"start":{"line":53,"column":6},"end":{"line":58,"column":7}},{"start":{},"end":{}}],"line":53},"3":{"loc":{"start":{"line":68,"column":6},"end":{"line":72,"column":7}},"type":"if","locations":[{"start":{"line":68,"column":6},"end":{"line":72,"column":7}},{"start":{"line":70,"column":13},"end":{"line":72,"column":7}}],"line":68},"4":{"loc":{"start":{"line":91,"column":6},"end":{"line":95,"column":7}},"type":"if","locations":[{"start":{"line":91,"column":6},"end":{"line":95,"column":7}},{"start":{},"end":{}}],"line":91},"5":{"loc":{"start":{"line":104,"column":6},"end":{"line":114,"column":7}},"type":"if","locations":[{"start":{"line":104,"column":6},"end":{"line":114,"column":7}},{"start":{"line":110,"column":13},"end":{"line":114,"column":7}}],"line":104}},"s":{"0":4,"1":4,"2":4,"3":4,"4":4,"5":4,"6":16,"7":16,"8":16,"9":13,"10":1,"11":1,"12":1,"13":12,"14":1,"15":1,"16":1,"17":11,"18":1,"19":1,"20":10,"21":10,"22":10,"23":7,"24":3,"25":3,"26":3,"27":3,"28":4,"29":26,"30":26,"31":26,"32":26,"33":1,"34":25,"35":25,"36":25,"37":24,"38":24,"39":1,"40":0,"41":0,"42":4},"f":{"0":16,"1":26},"b":{"0":[1,12],"1":[1,11],"2":[1,10],"3":[7,3],"4":[1,25],"5":[24,1]},"_coverageSchema":"1a1c01bbd47fc00a2c39e90264f33305004495a9","hash":"38513fc2724e7af87491a5f5e77ea0020f41eab2"}
,"/Users/bohyeonkim/Desktop/Act4_asDev/SpartaCoding/class_web5-nodeJs_deepDive/nodejs_api_practice_blog-like/middlewares/auth-middleware.js": {"path":"/Users/bohyeonkim/Desktop/Act4_asDev/SpartaCoding/class_web5-nodeJs_deepDive/nodejs_api_practice_blog-like/middlewares/auth-middleware.js","statementMap":{"0":{"start":{"line":3,"column":12},"end":{"line":3,"column":35}},"1":{"start":{"line":5,"column":23},"end":{"line":5,"column":66}},"2":{"start":{"line":6,"column":22},"end":{"line":6,"column":47}},"3":{"start":{"line":14,"column":19},"end":{"line":14,"column":39}},"4":{"start":{"line":18,"column":19},"end":{"line":63,"column":3}},"5":{"start":{"line":20,"column":4},"end":{"line":20,"column":59}},"6":{"start":{"line":22,"column":4},"end":{"line":62,"column":5}},"7":{"start":{"line":24,"column":28},"end":{"line":24,"column":45}},"8":{"start":{"line":25,"column":36},"end":{"line":25,"column":68}},"9":{"start":{"line":27,"column":6},"end":{"line":27,"column":50}},"10":{"start":{"line":30,"column":6},"end":{"line":35,"column":7}},"11":{"start":{"line":31,"column":8},"end":{"line":33,"column":11}},"12":{"start":{"line":34,"column":8},"end":{"line":34,"column":15}},"13":{"start":{"line":38,"column":6},"end":{"line":54,"column":9}},"14":{"start":{"line":40,"column":8},"end":{"line":45,"column":9}},"15":{"start":{"line":41,"column":10},"end":{"line":43,"column":13}},"16":{"start":{"line":44,"column":10},"end":{"line":44,"column":17}},"17":{"start":{"line":49,"column":19},"end":{"line":49,"column":72}},"18":{"start":{"line":50,"column":8},"end":{"line":50,"column":62}},"19":{"start":{"line":51,"column":8},"end":{"line":51,"column":31}},"20":{"start":{"line":52,"column":8},"end":{"line":52,"column":15}},"21":{"start":{"line":53,"column":8},"end":{"line":53,"column":15}},"22":{"start":{"line":58,"column":6},"end":{"line":60,"column":9}},"23":{"start":{"line":61,"column":6},"end":{"line":61,"column":13}},"24":{"start":{"line":67,"column":0},"end":{"line":67,"column":22}}},"fnMap":{"0":{"name":"(anonymous_0)","decl":{"start":{"line":18,"column":19},"end":{"line":18,"column":20}},"loc":{"start":{"line":18,"column":39},"end":{"line":63,"column":3}},"line":18},"1":{"name":"(anonymous_1)","decl":{"start":{"line":38,"column":43},"end":{"line":38,"column":44}},"loc":{"start":{"line":38,"column":69},"end":{"line":54,"column":7}},"line":38}},"branchMap":{"0":{"loc":{"start":{"line":25,"column":37},"end":{"line":25,"column":56}},"type":"binary-expr","locations":[{"start":{"line":25,"column":37},"end":{"line":25,"column":50}},{"start":{"line":25,"column":54},"end":{"line":25,"column":56}}],"line":25},"1":{"loc":{"start":{"line":30,"column":6},"end":{"line":35,"column":7}},"type":"if","locations":[{"start":{"line":30,"column":6},"end":{"line":35,"column":7}},{"start":{},"end":{}}],"line":30},"2":{"loc":{"start":{"line":40,"column":8},"end":{"line":45,"column":9}},"type":"if","locations":[{"start":{"line":40,"column":8},"end":{"line":45,"column":9}},{"start":{},"end":{}}],"line":40}},"s":{"0":4,"1":4,"2":4,"3":7,"4":7,"5":33,"6":33,"7":33,"8":33,"9":33,"10":33,"11":7,"12":7,"13":26,"14":26,"15":1,"16":1,"17":25,"18":25,"19":25,"20":25,"21":25,"22":0,"23":0,"24":4},"f":{"0":33,"1":26},"b":{"0":[33,6],"1":[7,26],"2":[1,25]},"_coverageSchema":"1a1c01bbd47fc00a2c39e90264f33305004495a9","hash":"866c140ce138c3ee96b78d8052ee77b1e43c826d"}
,"/Users/bohyeonkim/Desktop/Act4_asDev/SpartaCoding/class_web5-nodeJs_deepDive/nodejs_api_practice_blog-like/models/comment.js": {"path":"/Users/bohyeonkim/Desktop/Act4_asDev/SpartaCoding/class_web5-nodeJs_deepDive/nodejs_api_practice_blog-like/models/comment.js","statementMap":{"0":{"start":{"line":2,"column":18},"end":{"line":2,"column":38}},"1":{"start":{"line":3,"column":0},"end":{"line":33,"column":2}},"2":{"start":{"line":14,"column":2},"end":{"line":31,"column":4}},"3":{"start":{"line":32,"column":2},"end":{"line":32,"column":17}}},"fnMap":{"0":{"name":"(anonymous_0)","decl":{"start":{"line":3,"column":17},"end":{"line":3,"column":18}},"loc":{"start":{"line":3,"column":43},"end":{"line":33,"column":1}},"line":3},"1":{"name":"(anonymous_1)","decl":{"start":{"line":10,"column":4},"end":{"line":10,"column":5}},"loc":{"start":{"line":10,"column":29},"end":{"line":12,"column":5}},"line":10}},"branchMap":{},"s":{"0":7,"1":7,"2":7,"3":7},"f":{"0":7,"1":7},"b":{},"_coverageSchema":"1a1c01bbd47fc00a2c39e90264f33305004495a9","hash":"870c87554b76f0052cdd6969354ae73dfa3aa1d1"}
,"/Users/bohyeonkim/Desktop/Act4_asDev/SpartaCoding/class_web5-nodeJs_deepDive/nodejs_api_practice_blog-like/models/index.js": {"path":"/Users/bohyeonkim/Desktop/Act4_asDev/SpartaCoding/class_web5-nodeJs_deepDive/nodejs_api_practice_blog-like/models/index.js","statementMap":{"0":{"start":{"line":3,"column":11},"end":{"line":3,"column":24}},"1":{"start":{"line":4,"column":13},"end":{"line":4,"column":28}},"2":{"start":{"line":5,"column":18},"end":{"line":5,"column":38}},"3":{"start":{"line":6,"column":17},"end":{"line":6,"column":42}},"4":{"start":{"line":7,"column":12},"end":{"line":7,"column":49}},"5":{"start":{"line":8,"column":15},"end":{"line":8,"column":63}},"6":{"start":{"line":9,"column":11},"end":{"line":9,"column":13}},"7":{"start":{"line":12,"column":0},"end":{"line":21,"column":1}},"8":{"start":{"line":13,"column":2},"end":{"line":13,"column":74}},"9":{"start":{"line":15,"column":2},"end":{"line":20,"column":4}},"10":{"start":{"line":23,"column":0},"end":{"line":35,"column":5}},"11":{"start":{"line":25,"column":4},"end":{"line":27,"column":6}},"12":{"start":{"line":30,"column":18},"end":{"line":33,"column":5}},"13":{"start":{"line":34,"column":4},"end":{"line":34,"column":27}},"14":{"start":{"line":37,"column":0},"end":{"line":41,"column":3}},"15":{"start":{"line":38,"column":2},"end":{"line":40,"column":3}},"16":{"start":{"line":39,"column":4},"end":{"line":39,"column":32}},"17":{"start":{"line":43,"column":0},"end":{"line":43,"column":25}},"18":{"start":{"line":44,"column":0},"end":{"line":44,"column":25}},"19":{"start":{"line":46,"column":0},"end":{"line":46,"column":20}}},"fnMap":{"0":{"name":"(anonymous_0)","decl":{"start":{"line":24,"column":10},"end":{"line":24,"column":11}},"loc":{"start":{"line":24,"column":20},"end":{"line":28,"column":3}},"line":24},"1":{"name":"(anonymous_1)","decl":{"start":{"line":29,"column":11},"end":{"line":29,"column":12}},"loc":{"start":{"line":29,"column":21},"end":{"line":35,"column":3}},"line":29},"2":{"name":"(anonymous_2)","decl":{"start":{"line":37,"column":24},"end":{"line":37,"column":25}},"loc":{"start":{"line":37,"column":39},"end":{"line":41,"column":1}},"line":37}},"branchMap":{"0":{"loc":{"start":{"line":7,"column":12},"end":{"line":7,"column":49}},"type":"binary-expr","locations":[{"start":{"line":7,"column":12},"end":{"line":7,"column":32}},{"start":{"line":7,"column":36},"end":{"line":7,"column":49}}],"line":7},"1":{"loc":{"start":{"line":12,"column":0},"end":{"line":21,"column":1}},"type":"if","locations":[{"start":{"line":12,"column":0},"end":{"line":21,"column":1}},{"start":{"line":14,"column":7},"end":{"line":21,"column":1}}],"line":12},"2":{"loc":{"start":{"line":26,"column":6},"end":{"line":26,"column":78}},"type":"binary-expr","locations":[{"start":{"line":26,"column":6},"end":{"line":26,"column":29}},{"start":{"line":26,"column":33},"end":{"line":26,"column":50}},{"start":{"line":26,"column":54},"end":{"line":26,"column":78}}],"line":26},"3":{"loc":{"start":{"line":38,"column":2},"end":{"line":40,"column":3}},"type":"if","locations":[{"start":{"line":38,"column":2},"end":{"line":40,"column":3}},{"start":{},"end":{}}],"line":38}},"s":{"0":7,"1":7,"2":7,"3":7,"4":7,"5":7,"6":7,"7":7,"8":0,"9":7,"10":7,"11":28,"12":21,"13":21,"14":7,"15":21,"16":21,"17":7,"18":7,"19":7},"f":{"0":28,"1":21,"2":21},"b":{"0":[7,0],"1":[0,7],"2":[28,28,21],"3":[21,0]},"_coverageSchema":"1a1c01bbd47fc00a2c39e90264f33305004495a9","hash":"bef8f0026c0e98a7aaa9e3748ecee610afd6e6b0"}
,"/Users/bohyeonkim/Desktop/Act4_asDev/SpartaCoding/class_web5-nodeJs_deepDive/nodejs_api_practice_blog-like/models/post.js": {"path":"/Users/bohyeonkim/Desktop/Act4_asDev/SpartaCoding/class_web5-nodeJs_deepDive/nodejs_api_practice_blog-like/models/post.js","statementMap":{"0":{"start":{"line":2,"column":18},"end":{"line":2,"column":38}},"1":{"start":{"line":3,"column":0},"end":{"line":37,"column":2}},"2":{"start":{"line":14,"column":2},"end":{"line":35,"column":4}},"3":{"start":{"line":36,"column":2},"end":{"line":36,"column":14}}},"fnMap":{"0":{"name":"(anonymous_0)","decl":{"start":{"line":3,"column":17},"end":{"line":3,"column":18}},"loc":{"start":{"line":3,"column":43},"end":{"line":37,"column":1}},"line":3},"1":{"name":"(anonymous_1)","decl":{"start":{"line":10,"column":4},"end":{"line":10,"column":5}},"loc":{"start":{"line":10,"column":29},"end":{"line":12,"column":5}},"line":10}},"branchMap":{},"s":{"0":7,"1":7,"2":7,"3":7},"f":{"0":7,"1":7},"b":{},"_coverageSchema":"1a1c01bbd47fc00a2c39e90264f33305004495a9","hash":"fe418dacce1271988581bb4057807d8dd7b29570"}
,"/Users/bohyeonkim/Desktop/Act4_asDev/SpartaCoding/class_web5-nodeJs_deepDive/nodejs_api_practice_blog-like/models/user.js": {"path":"/Users/bohyeonkim/Desktop/Act4_asDev/SpartaCoding/class_web5-nodeJs_deepDive/nodejs_api_practice_blog-like/models/user.js","statementMap":{"0":{"start":{"line":2,"column":18},"end":{"line":2,"column":38}},"1":{"start":{"line":3,"column":0},"end":{"line":35,"column":2}},"2":{"start":{"line":14,"column":2},"end":{"line":33,"column":4}},"3":{"start":{"line":34,"column":2},"end":{"line":34,"column":14}}},"fnMap":{"0":{"name":"(anonymous_0)","decl":{"start":{"line":3,"column":17},"end":{"line":3,"column":18}},"loc":{"start":{"line":3,"column":43},"end":{"line":35,"column":1}},"line":3},"1":{"name":"(anonymous_1)","decl":{"start":{"line":10,"column":4},"end":{"line":10,"column":5}},"loc":{"start":{"line":10,"column":29},"end":{"line":12,"column":5}},"line":10}},"branchMap":{},"s":{"0":7,"1":7,"2":7,"3":7},"f":{"0":7,"1":7},"b":{},"_coverageSchema":"1a1c01bbd47fc00a2c39e90264f33305004495a9","hash":"25d6ef6bfc94bd8ebf91082066af1e40ea84cee3"}
,"/Users/bohyeonkim/Desktop/Act4_asDev/SpartaCoding/class_web5-nodeJs_deepDive/nodejs_api_practice_blog-like/modules/swagger.js": {"path":"/Users/bohyeonkim/Desktop/Act4_asDev/SpartaCoding/class_web5-nodeJs_deepDive/nodejs_api_practice_blog-like/modules/swagger.js","statementMap":{"0":{"start":{"line":2,"column":18},"end":{"line":2,"column":47}},"1":{"start":{"line":3,"column":22},"end":{"line":3,"column":46}},"2":{"start":{"line":6,"column":16},"end":{"line":27,"column":1}},"3":{"start":{"line":29,"column":14},"end":{"line":29,"column":36}},"4":{"start":{"line":31,"column":0},"end":{"line":34,"column":2}}},"fnMap":{},"branchMap":{},"s":{"0":3,"1":3,"2":3,"3":3,"4":3},"f":{},"b":{},"_coverageSchema":"1a1c01bbd47fc00a2c39e90264f33305004495a9","hash":"b7c3f700204f3a0dcbb21c2efcd6b010fa739740"}
,"/Users/bohyeonkim/Desktop/Act4_asDev/SpartaCoding/class_web5-nodeJs_deepDive/nodejs_api_practice_blog-like/repositories/comments.repository.js": {"path":"/Users/bohyeonkim/Desktop/Act4_asDev/SpartaCoding/class_web5-nodeJs_deepDive/nodejs_api_practice_blog-like/repositories/comments.repository.js","statementMap":{"0":{"start":{"line":5,"column":20},"end":{"line":5,"column":40}},"1":{"start":{"line":10,"column":21},"end":{"line":21,"column":3}},"2":{"start":{"line":11,"column":4},"end":{"line":11,"column":69}},"3":{"start":{"line":14,"column":24},"end":{"line":17,"column":6}},"4":{"start":{"line":19,"column":4},"end":{"line":19,"column":77}},"5":{"start":{"line":20,"column":4},"end":{"line":20,"column":23}},"6":{"start":{"line":24,"column":21},"end":{"line":34,"column":3}},"7":{"start":{"line":25,"column":4},"end":{"line":25,"column":69}},"8":{"start":{"line":28,"column":24},"end":{"line":30,"column":6}},"9":{"start":{"line":32,"column":4},"end":{"line":32,"column":77}},"10":{"start":{"line":33,"column":4},"end":{"line":33,"column":23}},"11":{"start":{"line":37,"column":18},"end":{"line":51,"column":3}},"12":{"start":{"line":38,"column":4},"end":{"line":38,"column":66}},"13":{"start":{"line":41,"column":27},"end":{"line":46,"column":6}},"14":{"start":{"line":49,"column":4},"end":{"line":49,"column":74}},"15":{"start":{"line":50,"column":4},"end":{"line":50,"column":26}},"16":{"start":{"line":54,"column":18},"end":{"line":65,"column":3}},"17":{"start":{"line":55,"column":4},"end":{"line":55,"column":66}},"18":{"start":{"line":57,"column":27},"end":{"line":60,"column":5}},"19":{"start":{"line":63,"column":4},"end":{"line":63,"column":73}},"20":{"start":{"line":64,"column":4},"end":{"line":64,"column":26}},"21":{"start":{"line":68,"column":18},"end":{"line":76,"column":3}},"22":{"start":{"line":69,"column":4},"end":{"line":69,"column":66}},"23":{"start":{"line":71,"column":27},"end":{"line":71,"column":79}},"24":{"start":{"line":74,"column":4},"end":{"line":74,"column":73}},"25":{"start":{"line":75,"column":4},"end":{"line":75,"column":26}},"26":{"start":{"line":79,"column":0},"end":{"line":79,"column":35}}},"fnMap":{"0":{"name":"(anonymous_0)","decl":{"start":{"line":10,"column":21},"end":{"line":10,"column":22}},"loc":{"start":{"line":10,"column":57},"end":{"line":21,"column":3}},"line":10},"1":{"name":"(anonymous_1)","decl":{"start":{"line":24,"column":21},"end":{"line":24,"column":22}},"loc":{"start":{"line":24,"column":42},"end":{"line":34,"column":3}},"line":24},"2":{"name":"(anonymous_2)","decl":{"start":{"line":37,"column":18},"end":{"line":37,"column":19}},"loc":{"start":{"line":37,"column":63},"end":{"line":51,"column":3}},"line":37},"3":{"name":"(anonymous_3)","decl":{"start":{"line":54,"column":18},"end":{"line":54,"column":19}},"loc":{"start":{"line":54,"column":48},"end":{"line":65,"column":3}},"line":54},"4":{"name":"(anonymous_4)","decl":{"start":{"line":68,"column":18},"end":{"line":68,"column":19}},"loc":{"start":{"line":68,"column":39},"end":{"line":76,"column":3}},"line":68}},"branchMap":{"0":{"loc":{"start":{"line":10,"column":36},"end":{"line":10,"column":52}},"type":"default-arg","locations":[{"start":{"line":10,"column":46},"end":{"line":10,"column":52}}],"line":10}},"s":{"0":4,"1":6,"2":4,"3":4,"4":4,"5":4,"6":6,"7":4,"8":4,"9":4,"10":4,"11":6,"12":5,"13":5,"14":5,"15":5,"16":6,"17":1,"18":1,"19":1,"20":1,"21":6,"22":2,"23":2,"24":2,"25":2,"26":4},"f":{"0":4,"1":4,"2":5,"3":1,"4":2},"b":{"0":[4]},"_coverageSchema":"1a1c01bbd47fc00a2c39e90264f33305004495a9","hash":"ea95bb1f011a36eedce81d041b0578cda297bb64"}
,"/Users/bohyeonkim/Desktop/Act4_asDev/SpartaCoding/class_web5-nodeJs_deepDive/nodejs_api_practice_blog-like/repositories/posts.repository.js": {"path":"/Users/bohyeonkim/Desktop/Act4_asDev/SpartaCoding/class_web5-nodeJs_deepDive/nodejs_api_practice_blog-like/repositories/posts.repository.js","statementMap":{"0":{"start":{"line":5,"column":17},"end":{"line":5,"column":37}},"1":{"start":{"line":6,"column":18},"end":{"line":6,"column":38}},"2":{"start":{"line":11,"column":12},"end":{"line":16,"column":3}},"3":{"start":{"line":12,"column":4},"end":{"line":12,"column":57}},"4":{"start":{"line":14,"column":21},"end":{"line":14,"column":67}},"5":{"start":{"line":15,"column":4},"end":{"line":15,"column":20}},"6":{"start":{"line":19,"column":16},"end":{"line":30,"column":3}},"7":{"start":{"line":20,"column":4},"end":{"line":20,"column":61}},"8":{"start":{"line":23,"column":21},"end":{"line":25,"column":6}},"9":{"start":{"line":28,"column":4},"end":{"line":28,"column":68}},"10":{"start":{"line":29,"column":4},"end":{"line":29,"column":20}},"11":{"start":{"line":33,"column":25},"end":{"line":44,"column":3}},"12":{"start":{"line":34,"column":4},"end":{"line":34,"column":70}},"13":{"start":{"line":36,"column":30},"end":{"line":39,"column":6}},"14":{"start":{"line":42,"column":4},"end":{"line":42,"column":77}},"15":{"start":{"line":43,"column":4},"end":{"line":43,"column":29}},"16":{"start":{"line":47,"column":18},"end":{"line":61,"column":3}},"17":{"start":{"line":48,"column":4},"end":{"line":48,"column":63}},"18":{"start":{"line":51,"column":24},"end":{"line":56,"column":6}},"19":{"start":{"line":59,"column":4},"end":{"line":59,"column":71}},"20":{"start":{"line":60,"column":4},"end":{"line":60,"column":23}},"21":{"start":{"line":64,"column":15},"end":{"line":76,"column":3}},"22":{"start":{"line":65,"column":4},"end":{"line":65,"column":60}},"23":{"start":{"line":68,"column":24},"end":{"line":71,"column":5}},"24":{"start":{"line":74,"column":4},"end":{"line":74,"column":67}},"25":{"start":{"line":75,"column":4},"end":{"line":75,"column":23}},"26":{"start":{"line":79,"column":13},"end":{"line":90,"column":3}},"27":{"start":{"line":80,"column":4},"end":{"line":80,"column":58}},"28":{"start":{"line":82,"column":22},"end":{"line":85,"column":5}},"29":{"start":{"line":88,"column":4},"end":{"line":88,"column":65}},"30":{"start":{"line":89,"column":4},"end":{"line":89,"column":27}},"31":{"start":{"line":93,"column":16},"end":{"line":104,"column":3}},"32":{"start":{"line":94,"column":4},"end":{"line":94,"column":61}},"33":{"start":{"line":96,"column":25},"end":{"line":99,"column":5}},"34":{"start":{"line":102,"column":4},"end":{"line":102,"column":69}},"35":{"start":{"line":103,"column":4},"end":{"line":103,"column":30}},"36":{"start":{"line":107,"column":15},"end":{"line":115,"column":3}},"37":{"start":{"line":108,"column":4},"end":{"line":108,"column":60}},"38":{"start":{"line":110,"column":24},"end":{"line":110,"column":70}},"39":{"start":{"line":113,"column":4},"end":{"line":113,"column":68}},"40":{"start":{"line":114,"column":4},"end":{"line":114,"column":23}},"41":{"start":{"line":117,"column":0},"end":{"line":117,"column":32}}},"fnMap":{"0":{"name":"(anonymous_0)","decl":{"start":{"line":11,"column":12},"end":{"line":11,"column":13}},"loc":{"start":{"line":11,"column":30},"end":{"line":16,"column":3}},"line":11},"1":{"name":"(anonymous_1)","decl":{"start":{"line":19,"column":16},"end":{"line":19,"column":17}},"loc":{"start":{"line":19,"column":44},"end":{"line":30,"column":3}},"line":19},"2":{"name":"(anonymous_2)","decl":{"start":{"line":33,"column":25},"end":{"line":33,"column":26}},"loc":{"start":{"line":33,"column":47},"end":{"line":44,"column":3}},"line":33},"3":{"name":"(anonymous_3)","decl":{"start":{"line":47,"column":18},"end":{"line":47,"column":19}},"loc":{"start":{"line":47,"column":62},"end":{"line":61,"column":3}},"line":47},"4":{"name":"(anonymous_4)","decl":{"start":{"line":64,"column":15},"end":{"line":64,"column":16}},"loc":{"start":{"line":64,"column":49},"end":{"line":76,"column":3}},"line":64},"5":{"name":"(anonymous_5)","decl":{"start":{"line":79,"column":13},"end":{"line":79,"column":14}},"loc":{"start":{"line":79,"column":31},"end":{"line":90,"column":3}},"line":79},"6":{"name":"(anonymous_6)","decl":{"start":{"line":93,"column":16},"end":{"line":93,"column":17}},"loc":{"start":{"line":93,"column":34},"end":{"line":104,"column":3}},"line":93},"7":{"name":"(anonymous_7)","decl":{"start":{"line":107,"column":15},"end":{"line":107,"column":16}},"loc":{"start":{"line":107,"column":33},"end":{"line":115,"column":3}},"line":107}},"branchMap":{"0":{"loc":{"start":{"line":19,"column":23},"end":{"line":19,"column":39}},"type":"default-arg","locations":[{"start":{"line":19,"column":33},"end":{"line":19,"column":39}}],"line":19}},"s":{"0":5,"1":5,"2":12,"3":14,"4":14,"5":14,"6":12,"7":3,"8":3,"9":3,"10":3,"11":12,"12":2,"13":2,"14":2,"15":2,"16":12,"17":9,"18":9,"19":9,"20":9,"21":12,"22":2,"23":2,"24":2,"25":2,"26":12,"27":2,"28":2,"29":2,"30":2,"31":12,"32":1,"33":1,"34":1,"35":1,"36":12,"37":1,"38":1,"39":1,"40":1,"41":5},"f":{"0":14,"1":3,"2":2,"3":9,"4":2,"5":2,"6":1,"7":1},"b":{"0":[0]},"_coverageSchema":"1a1c01bbd47fc00a2c39e90264f33305004495a9","hash":"551904c138de2b0ea88b037fc3c0d6ee5eee992b"}
,"/Users/bohyeonkim/Desktop/Act4_asDev/SpartaCoding/class_web5-nodeJs_deepDive/nodejs_api_practice_blog-like/repositories/users.repository.js": {"path":"/Users/bohyeonkim/Desktop/Act4_asDev/SpartaCoding/class_web5-nodeJs_deepDive/nodejs_api_practice_blog-like/repositories/users.repository.js","statementMap":{"0":{"start":{"line":5,"column":17},"end":{"line":5,"column":37}},"1":{"start":{"line":10,"column":22},"end":{"line":19,"column":3}},"2":{"start":{"line":11,"column":4},"end":{"line":11,"column":67}},"3":{"start":{"line":13,"column":21},"end":{"line":15,"column":6}},"4":{"start":{"line":17,"column":4},"end":{"line":17,"column":75}},"5":{"start":{"line":18,"column":4},"end":{"line":18,"column":20}},"6":{"start":{"line":22,"column":16},"end":{"line":33,"column":3}},"7":{"start":{"line":23,"column":4},"end":{"line":23,"column":61}},"8":{"start":{"line":26,"column":21},"end":{"line":28,"column":6}},"9":{"start":{"line":30,"column":4},"end":{"line":30,"column":69}},"10":{"start":{"line":32,"column":4},"end":{"line":32,"column":20}},"11":{"start":{"line":36,"column":24},"end":{"line":46,"column":3}},"12":{"start":{"line":37,"column":4},"end":{"line":37,"column":69}},"13":{"start":{"line":39,"column":21},"end":{"line":41,"column":6}},"14":{"start":{"line":43,"column":4},"end":{"line":43,"column":77}},"15":{"start":{"line":45,"column":4},"end":{"line":45,"column":20}},"16":{"start":{"line":49,"column":15},"end":{"line":57,"column":3}},"17":{"start":{"line":50,"column":4},"end":{"line":50,"column":60}},"18":{"start":{"line":52,"column":27},"end":{"line":52,"column":68}},"19":{"start":{"line":54,"column":4},"end":{"line":54,"column":68}},"20":{"start":{"line":56,"column":4},"end":{"line":56,"column":26}},"21":{"start":{"line":60,"column":16},"end":{"line":71,"column":3}},"22":{"start":{"line":61,"column":4},"end":{"line":61,"column":61}},"23":{"start":{"line":64,"column":21},"end":{"line":66,"column":6}},"24":{"start":{"line":69,"column":4},"end":{"line":69,"column":69}},"25":{"start":{"line":70,"column":4},"end":{"line":70,"column":20}},"26":{"start":{"line":74,"column":21},"end":{"line":85,"column":3}},"27":{"start":{"line":75,"column":4},"end":{"line":75,"column":66}},"28":{"start":{"line":78,"column":29},"end":{"line":80,"column":32}},"29":{"start":{"line":80,"column":19},"end":{"line":80,"column":31}},"30":{"start":{"line":83,"column":4},"end":{"line":83,"column":74}},"31":{"start":{"line":84,"column":4},"end":{"line":84,"column":28}},"32":{"start":{"line":88,"column":13},"end":{"line":109,"column":3}},"33":{"start":{"line":89,"column":4},"end":{"line":89,"column":58}},"34":{"start":{"line":92,"column":21},"end":{"line":92,"column":56}},"35":{"start":{"line":95,"column":4},"end":{"line":95,"column":28}},"36":{"start":{"line":98,"column":4},"end":{"line":98,"column":49}},"37":{"start":{"line":101,"column":26},"end":{"line":104,"column":5}},"38":{"start":{"line":107,"column":4},"end":{"line":107,"column":66}},"39":{"start":{"line":108,"column":4},"end":{"line":108,"column":25}},"40":{"start":{"line":112,"column":16},"end":{"line":129,"column":3}},"41":{"start":{"line":113,"column":4},"end":{"line":113,"column":61}},"42":{"start":{"line":116,"column":21},"end":{"line":116,"column":56}},"43":{"start":{"line":119,"column":4},"end":{"line":119,"column":68}},"44":{"start":{"line":119,"column":48},"end":{"line":119,"column":66}},"45":{"start":{"line":122,"column":26},"end":{"line":125,"column":5}},"46":{"start":{"line":127,"column":4},"end":{"line":127,"column":69}},"47":{"start":{"line":128,"column":4},"end":{"line":128,"column":25}},"48":{"start":{"line":132,"column":0},"end":{"line":132,"column":32}}},"fnMap":{"0":{"name":"(anonymous_0)","decl":{"start":{"line":10,"column":22},"end":{"line":10,"column":23}},"loc":{"start":{"line":10,"column":42},"end":{"line":19,"column":3}},"line":10},"1":{"name":"(anonymous_1)","decl":{"start":{"line":22,"column":16},"end":{"line":22,"column":17}},"loc":{"start":{"line":22,"column":34},"end":{"line":33,"column":3}},"line":22},"2":{"name":"(anonymous_2)","decl":{"start":{"line":36,"column":24},"end":{"line":36,"column":25}},"loc":{"start":{"line":36,"column":54},"end":{"line":46,"column":3}},"line":36},"3":{"name":"(anonymous_3)","decl":{"start":{"line":49,"column":15},"end":{"line":49,"column":16}},"loc":{"start":{"line":49,"column":45},"end":{"line":57,"column":3}},"line":49},"4":{"name":"(anonymous_4)","decl":{"start":{"line":60,"column":16},"end":{"line":60,"column":17}},"loc":{"start":{"line":60,"column":44},"end":{"line":71,"column":3}},"line":60},"5":{"name":"(anonymous_5)","decl":{"start":{"line":74,"column":21},"end":{"line":74,"column":22}},"loc":{"start":{"line":74,"column":39},"end":{"line":85,"column":3}},"line":74},"6":{"name":"(anonymous_6)","decl":{"start":{"line":80,"column":12},"end":{"line":80,"column":13}},"loc":{"start":{"line":80,"column":19},"end":{"line":80,"column":31}},"line":80},"7":{"name":"(anonymous_7)","decl":{"start":{"line":88,"column":13},"end":{"line":88,"column":14}},"loc":{"start":{"line":88,"column":39},"end":{"line":109,"column":3}},"line":88},"8":{"name":"(anonymous_8)","decl":{"start":{"line":112,"column":16},"end":{"line":112,"column":17}},"loc":{"start":{"line":112,"column":42},"end":{"line":129,"column":3}},"line":112},"9":{"name":"(anonymous_9)","decl":{"start":{"line":119,"column":35},"end":{"line":119,"column":36}},"loc":{"start":{"line":119,"column":48},"end":{"line":119,"column":66}},"line":119}},"branchMap":{"0":{"loc":{"start":{"line":60,"column":23},"end":{"line":60,"column":39}},"type":"default-arg","locations":[{"start":{"line":60,"column":33},"end":{"line":60,"column":39}}],"line":60}},"s":{"0":6,"1":19,"2":10,"3":10,"4":10,"5":10,"6":19,"7":25,"8":25,"9":25,"10":25,"11":19,"12":25,"13":25,"14":25,"15":25,"16":19,"17":6,"18":6,"19":6,"20":6,"21":19,"22":1,"23":1,"24":1,"25":1,"26":19,"27":7,"28":7,"29":7,"30":7,"31":7,"32":19,"33":2,"34":2,"35":2,"36":2,"37":2,"38":2,"39":2,"40":19,"41":1,"42":1,"43":1,"44":1,"45":1,"46":1,"47":1,"48":6},"f":{"0":10,"1":25,"2":25,"3":6,"4":1,"5":7,"6":7,"7":2,"8":1,"9":1},"b":{"0":[0]},"_coverageSchema":"1a1c01bbd47fc00a2c39e90264f33305004495a9","hash":"1e40c6851233725d7d896c152d83a8199e327834"}
,"/Users/bohyeonkim/Desktop/Act4_asDev/SpartaCoding/class_web5-nodeJs_deepDive/nodejs_api_practice_blog-like/routes/comments.routes.js": {"path":"/Users/bohyeonkim/Desktop/Act4_asDev/SpartaCoding/class_web5-nodeJs_deepDive/nodejs_api_practice_blog-like/routes/comments.routes.js","statementMap":{"0":{"start":{"line":5,"column":16},"end":{"line":5,"column":34}},"1":{"start":{"line":6,"column":15},"end":{"line":6,"column":31}},"2":{"start":{"line":9,"column":13},"end":{"line":9,"column":54}},"3":{"start":{"line":10,"column":13},"end":{"line":10,"column":23}},"4":{"start":{"line":11,"column":23},"end":{"line":11,"column":42}},"5":{"start":{"line":14,"column":27},"end":{"line":14,"column":72}},"6":{"start":{"line":15,"column":27},"end":{"line":15,"column":51}},"7":{"start":{"line":17,"column":0},"end":{"line":17,"column":41}},"8":{"start":{"line":20,"column":0},"end":{"line":20,"column":74}},"9":{"start":{"line":22,"column":0},"end":{"line":22,"column":58}},"10":{"start":{"line":24,"column":0},"end":{"line":24,"column":77}},"11":{"start":{"line":26,"column":0},"end":{"line":26,"column":80}},"12":{"start":{"line":28,"column":0},"end":{"line":28,"column":45}},"13":{"start":{"line":30,"column":0},"end":{"line":30,"column":24}}},"fnMap":{},"branchMap":{},"s":{"0":3,"1":3,"2":3,"3":3,"4":3,"5":3,"6":3,"7":3,"8":3,"9":3,"10":3,"11":3,"12":3,"13":3},"f":{},"b":{},"_coverageSchema":"1a1c01bbd47fc00a2c39e90264f33305004495a9","hash":"0b84de38f246d2d4e6169657437d8480d6323065"}
,"/Users/bohyeonkim/Desktop/Act4_asDev/SpartaCoding/class_web5-nodeJs_deepDive/nodejs_api_practice_blog-like/routes/index.js": {"path":"/Users/bohyeonkim/Desktop/Act4_asDev/SpartaCoding/class_web5-nodeJs_deepDive/nodejs_api_practice_blog-like/routes/index.js","statementMap":{"0":{"start":{"line":4,"column":16},"end":{"line":4,"column":34}},"1":{"start":{"line":5,"column":15},"end":{"line":5,"column":31}},"2":{"start":{"line":9,"column":0},"end":{"line":9,"column":34}},"3":{"start":{"line":11,"column":20},"end":{"line":11,"column":48}},"4":{"start":{"line":12,"column":0},"end":{"line":12,"column":36}},"5":{"start":{"line":14,"column":23},"end":{"line":14,"column":54}},"6":{"start":{"line":15,"column":0},"end":{"line":15,"column":42}},"7":{"start":{"line":17,"column":20},"end":{"line":17,"column":48}},"8":{"start":{"line":18,"column":0},"end":{"line":18,"column":31}},"9":{"start":{"line":20,"column":0},"end":{"line":20,"column":42}},"10":{"start":{"line":23,"column":0},"end":{"line":23,"column":24}}},"fnMap":{},"branchMap":{},"s":{"0":3,"1":3,"2":3,"3":3,"4":3,"5":3,"6":3,"7":3,"8":3,"9":3,"10":3},"f":{},"b":{},"_coverageSchema":"1a1c01bbd47fc00a2c39e90264f33305004495a9","hash":"fbfc73169ba42998d317433d7001dc91c0c6416c"}
,"/Users/bohyeonkim/Desktop/Act4_asDev/SpartaCoding/class_web5-nodeJs_deepDive/nodejs_api_practice_blog-like/routes/posts.routes.js": {"path":"/Users/bohyeonkim/Desktop/Act4_asDev/SpartaCoding/class_web5-nodeJs_deepDive/nodejs_api_practice_blog-like/routes/posts.routes.js","statementMap":{"0":{"start":{"line":5,"column":16},"end":{"line":5,"column":34}},"1":{"start":{"line":6,"column":15},"end":{"line":6,"column":31}},"2":{"start":{"line":9,"column":13},"end":{"line":9,"column":54}},"3":{"start":{"line":10,"column":13},"end":{"line":10,"column":23}},"4":{"start":{"line":11,"column":23},"end":{"line":11,"column":42}},"5":{"start":{"line":14,"column":24},"end":{"line":14,"column":66}},"6":{"start":{"line":15,"column":24},"end":{"line":15,"column":45}},"7":{"start":{"line":17,"column":0},"end":{"line":17,"column":38}},"8":{"start":{"line":20,"column":0},"end":{"line":20,"column":45}},"9":{"start":{"line":22,"column":0},"end":{"line":22,"column":64}},"10":{"start":{"line":24,"column":0},"end":{"line":24,"column":70}},"11":{"start":{"line":26,"column":0},"end":{"line":26,"column":55}},"12":{"start":{"line":28,"column":0},"end":{"line":28,"column":68}},"13":{"start":{"line":30,"column":0},"end":{"line":30,"column":71}},"14":{"start":{"line":32,"column":0},"end":{"line":32,"column":71}},"15":{"start":{"line":34,"column":0},"end":{"line":34,"column":42}},"16":{"start":{"line":37,"column":0},"end":{"line":37,"column":24}}},"fnMap":{},"branchMap":{},"s":{"0":3,"1":3,"2":3,"3":3,"4":3,"5":3,"6":3,"7":3,"8":3,"9":3,"10":3,"11":3,"12":3,"13":3,"14":3,"15":3,"16":3},"f":{},"b":{},"_coverageSchema":"1a1c01bbd47fc00a2c39e90264f33305004495a9","hash":"fe3d93dafa7426aed6d2a1d2a65a390322d2f16b"}
,"/Users/bohyeonkim/Desktop/Act4_asDev/SpartaCoding/class_web5-nodeJs_deepDive/nodejs_api_practice_blog-like/routes/users.routes.js": {"path":"/Users/bohyeonkim/Desktop/Act4_asDev/SpartaCoding/class_web5-nodeJs_deepDive/nodejs_api_practice_blog-like/routes/users.routes.js","statementMap":{"0":{"start":{"line":5,"column":16},"end":{"line":5,"column":34}},"1":{"start":{"line":6,"column":15},"end":{"line":6,"column":39}},"2":{"start":{"line":9,"column":29},"end":{"line":9,"column":61}},"3":{"start":{"line":12,"column":24},"end":{"line":12,"column":66}},"4":{"start":{"line":13,"column":24},"end":{"line":13,"column":45}},"5":{"start":{"line":15,"column":0},"end":{"line":15,"column":38}},"6":{"start":{"line":18,"column":0},"end":{"line":18,"column":47}},"7":{"start":{"line":20,"column":0},"end":{"line":20,"column":45}},"8":{"start":{"line":22,"column":0},"end":{"line":22,"column":57}},"9":{"start":{"line":25,"column":0},"end":{"line":25,"column":42}},"10":{"start":{"line":27,"column":0},"end":{"line":27,"column":24}}},"fnMap":{},"branchMap":{},"s":{"0":3,"1":3,"2":3,"3":3,"4":3,"5":3,"6":3,"7":3,"8":3,"9":3,"10":3},"f":{},"b":{},"_coverageSchema":"1a1c01bbd47fc00a2c39e90264f33305004495a9","hash":"1d99f1a45753cf637e0e73d77a9a87a4e7a55915"}
,"/Users/bohyeonkim/Desktop/Act4_asDev/SpartaCoding/class_web5-nodeJs_deepDive/nodejs_api_practice_blog-like/services/comments.service.js": {"path":"/Users/bohyeonkim/Desktop/Act4_asDev/SpartaCoding/class_web5-nodeJs_deepDive/nodejs_api_practice_blog-like/services/comments.service.js","statementMap":{"0":{"start":{"line":6,"column":26},"end":{"line":6,"column":72}},"1":{"start":{"line":7,"column":23},"end":{"line":7,"column":66}},"2":{"start":{"line":12,"column":22},"end":{"line":12,"column":45}},"3":{"start":{"line":13,"column":19},"end":{"line":13,"column":39}},"4":{"start":{"line":16,"column":19},"end":{"line":38,"column":3}},"5":{"start":{"line":17,"column":4},"end":{"line":17,"column":61}},"6":{"start":{"line":20,"column":21},"end":{"line":20,"column":62}},"7":{"start":{"line":23,"column":4},"end":{"line":37,"column":5}},"8":{"start":{"line":24,"column":6},"end":{"line":24,"column":71}},"9":{"start":{"line":25,"column":6},"end":{"line":25,"column":55}},"10":{"start":{"line":29,"column":6},"end":{"line":34,"column":8}},"11":{"start":{"line":35,"column":6},"end":{"line":35,"column":71}},"12":{"start":{"line":36,"column":6},"end":{"line":36,"column":54}},"13":{"start":{"line":40,"column":18},"end":{"line":75,"column":3}},"14":{"start":{"line":41,"column":4},"end":{"line":41,"column":60}},"15":{"start":{"line":44,"column":21},"end":{"line":44,"column":62}},"16":{"start":{"line":45,"column":4},"end":{"line":74,"column":5}},"17":{"start":{"line":46,"column":6},"end":{"line":46,"column":66}},"18":{"start":{"line":47,"column":6},"end":{"line":51,"column":8}},"19":{"start":{"line":56,"column":30},"end":{"line":58,"column":7}},"20":{"start":{"line":61,"column":19},"end":{"line":70,"column":8}},"21":{"start":{"line":62,"column":8},"end":{"line":69,"column":10}},"22":{"start":{"line":72,"column":6},"end":{"line":72,"column":66}},"23":{"start":{"line":73,"column":6},"end":{"line":73,"column":68}},"24":{"start":{"line":77,"column":18},"end":{"line":101,"column":3}},"25":{"start":{"line":78,"column":4},"end":{"line":78,"column":60}},"26":{"start":{"line":81,"column":28},"end":{"line":83,"column":5}},"27":{"start":{"line":86,"column":4},"end":{"line":100,"column":5}},"28":{"start":{"line":87,"column":6},"end":{"line":87,"column":66}},"29":{"start":{"line":88,"column":6},"end":{"line":88,"column":54}},"30":{"start":{"line":91,"column":11},"end":{"line":100,"column":5}},"31":{"start":{"line":92,"column":6},"end":{"line":92,"column":66}},"32":{"start":{"line":93,"column":6},"end":{"line":93,"column":54}},"33":{"start":{"line":97,"column":6},"end":{"line":97,"column":69}},"34":{"start":{"line":98,"column":6},"end":{"line":98,"column":66}},"35":{"start":{"line":99,"column":6},"end":{"line":99,"column":54}},"36":{"start":{"line":103,"column":18},"end":{"line":126,"column":3}},"37":{"start":{"line":104,"column":4},"end":{"line":104,"column":60}},"38":{"start":{"line":106,"column":28},"end":{"line":108,"column":5}},"39":{"start":{"line":111,"column":4},"end":{"line":125,"column":5}},"40":{"start":{"line":112,"column":6},"end":{"line":112,"column":66}},"41":{"start":{"line":113,"column":6},"end":{"line":113,"column":54}},"42":{"start":{"line":116,"column":11},"end":{"line":125,"column":5}},"43":{"start":{"line":117,"column":6},"end":{"line":117,"column":66}},"44":{"start":{"line":118,"column":6},"end":{"line":118,"column":54}},"45":{"start":{"line":122,"column":6},"end":{"line":122,"column":60}},"46":{"start":{"line":123,"column":6},"end":{"line":123,"column":66}},"47":{"start":{"line":124,"column":6},"end":{"line":124,"column":54}},"48":{"start":{"line":129,"column":0},"end":{"line":129,"column":32}}},"fnMap":{"0":{"name":"(anonymous_0)","decl":{"start":{"line":16,"column":19},"end":{"line":16,"column":20}},"loc":{"start":{"line":16,"column":52},"end":{"line":38,"column":3}},"line":16},"1":{"name":"(anonymous_1)","decl":{"start":{"line":40,"column":18},"end":{"line":40,"column":19}},"loc":{"start":{"line":40,"column":36},"end":{"line":75,"column":3}},"line":40},"2":{"name":"(anonymous_2)","decl":{"start":{"line":61,"column":39},"end":{"line":61,"column":40}},"loc":{"start":{"line":61,"column":47},"end":{"line":70,"column":7}},"line":61},"3":{"name":"(anonymous_3)","decl":{"start":{"line":77,"column":18},"end":{"line":77,"column":19}},"loc":{"start":{"line":77,"column":54},"end":{"line":101,"column":3}},"line":77},"4":{"name":"(anonymous_4)","decl":{"start":{"line":103,"column":18},"end":{"line":103,"column":19}},"loc":{"start":{"line":103,"column":45},"end":{"line":126,"column":3}},"line":103}},"branchMap":{"0":{"loc":{"start":{"line":23,"column":4},"end":{"line":37,"column":5}},"type":"if","locations":[{"start":{"line":23,"column":4},"end":{"line":37,"column":5}},{"start":{"line":28,"column":11},"end":{"line":37,"column":5}}],"line":23},"1":{"loc":{"start":{"line":45,"column":4},"end":{"line":74,"column":5}},"type":"if","locations":[{"start":{"line":45,"column":4},"end":{"line":74,"column":5}},{"start":{"line":54,"column":11},"end":{"line":74,"column":5}}],"line":45},"2":{"loc":{"start":{"line":86,"column":4},"end":{"line":100,"column":5}},"type":"if","locations":[{"start":{"line":86,"column":4},"end":{"line":100,"column":5}},{"start":{"line":91,"column":11},"end":{"line":100,"column":5}}],"line":86},"3":{"loc":{"start":{"line":91,"column":11},"end":{"line":100,"column":5}},"type":"if","locations":[{"start":{"line":91,"column":11},"end":{"line":100,"column":5}},{"start":{"line":96,"column":11},"end":{"line":100,"column":5}}],"line":91},"4":{"loc":{"start":{"line":111,"column":4},"end":{"line":125,"column":5}},"type":"if","locations":[{"start":{"line":111,"column":4},"end":{"line":125,"column":5}},{"start":{"line":116,"column":11},"end":{"line":125,"column":5}}],"line":111},"5":{"loc":{"start":{"line":116,"column":11},"end":{"line":125,"column":5}},"type":"if","locations":[{"start":{"line":116,"column":11},"end":{"line":125,"column":5}},{"start":{"line":121,"column":11},"end":{"line":125,"column":5}}],"line":116}},"s":{"0":4,"1":4,"2":5,"3":5,"4":5,"5":6,"6":6,"7":6,"8":1,"9":1,"10":5,"11":5,"12":5,"13":5,"14":1,"15":1,"16":1,"17":0,"18":0,"19":1,"20":1,"21":3,"22":1,"23":1,"24":5,"25":5,"26":5,"27":5,"28":1,"29":1,"30":4,"31":3,"32":3,"33":1,"34":1,"35":1,"36":5,"37":2,"38":2,"39":2,"40":0,"41":0,"42":2,"43":1,"44":1,"45":1,"46":1,"47":1,"48":4},"f":{"0":6,"1":1,"2":3,"3":5,"4":2},"b":{"0":[1,5],"1":[0,1],"2":[1,4],"3":[3,1],"4":[0,2],"5":[1,1]},"_coverageSchema":"1a1c01bbd47fc00a2c39e90264f33305004495a9","hash":"e14e4e20bb409d96c12ebb340a2357018174736f"}
,"/Users/bohyeonkim/Desktop/Act4_asDev/SpartaCoding/class_web5-nodeJs_deepDive/nodejs_api_practice_blog-like/services/posts.service.js": {"path":"/Users/bohyeonkim/Desktop/Act4_asDev/SpartaCoding/class_web5-nodeJs_deepDive/nodejs_api_practice_blog-like/services/posts.service.js","statementMap":{"0":{"start":{"line":5,"column":23},"end":{"line":5,"column":66}},"1":{"start":{"line":6,"column":23},"end":{"line":6,"column":66}},"2":{"start":{"line":11,"column":19},"end":{"line":11,"column":39}},"3":{"start":{"line":12,"column":19},"end":{"line":12,"column":39}},"4":{"start":{"line":15,"column":16},"end":{"line":36,"column":3}},"5":{"start":{"line":16,"column":4},"end":{"line":16,"column":56}},"6":{"start":{"line":19,"column":20},"end":{"line":19,"column":65}},"7":{"start":{"line":22,"column":23},"end":{"line":32,"column":6}},"8":{"start":{"line":23,"column":6},"end":{"line":31,"column":8}},"9":{"start":{"line":34,"column":4},"end":{"line":34,"column":64}},"10":{"start":{"line":35,"column":4},"end":{"line":35,"column":22}},"11":{"start":{"line":38,"column":18},"end":{"line":51,"column":3}},"12":{"start":{"line":39,"column":4},"end":{"line":39,"column":58}},"13":{"start":{"line":42,"column":4},"end":{"line":47,"column":6}},"14":{"start":{"line":49,"column":4},"end":{"line":49,"column":65}},"15":{"start":{"line":50,"column":4},"end":{"line":50,"column":55}},"16":{"start":{"line":53,"column":18},"end":{"line":75,"column":3}},"17":{"start":{"line":54,"column":4},"end":{"line":54,"column":58}},"18":{"start":{"line":57,"column":21},"end":{"line":57,"column":62}},"19":{"start":{"line":58,"column":4},"end":{"line":58,"column":65}},"20":{"start":{"line":59,"column":4},"end":{"line":74,"column":5}},"21":{"start":{"line":60,"column":6},"end":{"line":60,"column":42}},"22":{"start":{"line":64,"column":6},"end":{"line":73,"column":8}},"23":{"start":{"line":77,"column":15},"end":{"line":96,"column":3}},"24":{"start":{"line":78,"column":4},"end":{"line":78,"column":55}},"25":{"start":{"line":81,"column":21},"end":{"line":81,"column":62}},"26":{"start":{"line":83,"column":4},"end":{"line":83,"column":63}},"27":{"start":{"line":84,"column":4},"end":{"line":95,"column":5}},"28":{"start":{"line":85,"column":6},"end":{"line":85,"column":55}},"29":{"start":{"line":88,"column":11},"end":{"line":95,"column":5}},"30":{"start":{"line":89,"column":6},"end":{"line":89,"column":54}},"31":{"start":{"line":93,"column":6},"end":{"line":93,"column":67}},"32":{"start":{"line":94,"column":6},"end":{"line":94,"column":55}},"33":{"start":{"line":98,"column":15},"end":{"line":117,"column":3}},"34":{"start":{"line":99,"column":4},"end":{"line":99,"column":55}},"35":{"start":{"line":102,"column":21},"end":{"line":102,"column":62}},"36":{"start":{"line":104,"column":4},"end":{"line":104,"column":63}},"37":{"start":{"line":105,"column":4},"end":{"line":116,"column":5}},"38":{"start":{"line":106,"column":6},"end":{"line":106,"column":55}},"39":{"start":{"line":109,"column":11},"end":{"line":116,"column":5}},"40":{"start":{"line":110,"column":6},"end":{"line":110,"column":54}},"41":{"start":{"line":114,"column":6},"end":{"line":114,"column":51}},"42":{"start":{"line":115,"column":6},"end":{"line":115,"column":55}},"43":{"start":{"line":119,"column":13},"end":{"line":148,"column":3}},"44":{"start":{"line":120,"column":4},"end":{"line":120,"column":53}},"45":{"start":{"line":123,"column":21},"end":{"line":123,"column":62}},"46":{"start":{"line":125,"column":29},"end":{"line":127,"column":5}},"47":{"start":{"line":130,"column":4},"end":{"line":147,"column":5}},"48":{"start":{"line":131,"column":6},"end":{"line":131,"column":63}},"49":{"start":{"line":132,"column":6},"end":{"line":132,"column":55}},"50":{"start":{"line":135,"column":11},"end":{"line":147,"column":5}},"51":{"start":{"line":136,"column":6},"end":{"line":136,"column":49}},"52":{"start":{"line":137,"column":6},"end":{"line":137,"column":62}},"53":{"start":{"line":138,"column":6},"end":{"line":138,"column":63}},"54":{"start":{"line":139,"column":6},"end":{"line":139,"column":60}},"55":{"start":{"line":143,"column":6},"end":{"line":143,"column":52}},"56":{"start":{"line":144,"column":6},"end":{"line":144,"column":65}},"57":{"start":{"line":145,"column":6},"end":{"line":145,"column":63}},"58":{"start":{"line":146,"column":6},"end":{"line":146,"column":60}},"59":{"start":{"line":150,"column":21},"end":{"line":175,"column":3}},"60":{"start":{"line":151,"column":4},"end":{"line":151,"column":61}},"61":{"start":{"line":153,"column":29},"end":{"line":155,"column":5}},"62":{"start":{"line":157,"column":27},"end":{"line":159,"column":5}},"63":{"start":{"line":161,"column":17},"end":{"line":171,"column":6}},"64":{"start":{"line":162,"column":6},"end":{"line":170,"column":8}},"65":{"start":{"line":173,"column":4},"end":{"line":173,"column":69}},"66":{"start":{"line":174,"column":4},"end":{"line":174,"column":16}},"67":{"start":{"line":178,"column":0},"end":{"line":178,"column":29}}},"fnMap":{"0":{"name":"(anonymous_0)","decl":{"start":{"line":15,"column":16},"end":{"line":15,"column":17}},"loc":{"start":{"line":15,"column":28},"end":{"line":36,"column":3}},"line":15},"1":{"name":"(anonymous_1)","decl":{"start":{"line":22,"column":35},"end":{"line":22,"column":36}},"loc":{"start":{"line":22,"column":43},"end":{"line":32,"column":5}},"line":22},"2":{"name":"(anonymous_2)","decl":{"start":{"line":38,"column":18},"end":{"line":38,"column":19}},"loc":{"start":{"line":38,"column":50},"end":{"line":51,"column":3}},"line":38},"3":{"name":"(anonymous_3)","decl":{"start":{"line":53,"column":18},"end":{"line":53,"column":19}},"loc":{"start":{"line":53,"column":36},"end":{"line":75,"column":3}},"line":53},"4":{"name":"(anonymous_4)","decl":{"start":{"line":77,"column":15},"end":{"line":77,"column":16}},"loc":{"start":{"line":77,"column":55},"end":{"line":96,"column":3}},"line":77},"5":{"name":"(anonymous_5)","decl":{"start":{"line":98,"column":15},"end":{"line":98,"column":16}},"loc":{"start":{"line":98,"column":39},"end":{"line":117,"column":3}},"line":98},"6":{"name":"(anonymous_6)","decl":{"start":{"line":119,"column":13},"end":{"line":119,"column":14}},"loc":{"start":{"line":119,"column":37},"end":{"line":148,"column":3}},"line":119},"7":{"name":"(anonymous_7)","decl":{"start":{"line":150,"column":21},"end":{"line":150,"column":22}},"loc":{"start":{"line":150,"column":37},"end":{"line":175,"column":3}},"line":150},"8":{"name":"(anonymous_8)","decl":{"start":{"line":161,"column":36},"end":{"line":161,"column":37}},"loc":{"start":{"line":161,"column":44},"end":{"line":171,"column":5}},"line":161}},"branchMap":{"0":{"loc":{"start":{"line":59,"column":4},"end":{"line":74,"column":5}},"type":"if","locations":[{"start":{"line":59,"column":4},"end":{"line":74,"column":5}},{"start":{"line":63,"column":11},"end":{"line":74,"column":5}}],"line":59},"1":{"loc":{"start":{"line":84,"column":4},"end":{"line":95,"column":5}},"type":"if","locations":[{"start":{"line":84,"column":4},"end":{"line":95,"column":5}},{"start":{"line":88,"column":11},"end":{"line":95,"column":5}}],"line":84},"2":{"loc":{"start":{"line":88,"column":11},"end":{"line":95,"column":5}},"type":"if","locations":[{"start":{"line":88,"column":11},"end":{"line":95,"column":5}},{"start":{"line":92,"column":11},"end":{"line":95,"column":5}}],"line":88},"3":{"loc":{"start":{"line":105,"column":4},"end":{"line":116,"column":5}},"type":"if","locations":[{"start":{"line":105,"column":4},"end":{"line":116,"column":5}},{"start":{"line":109,"column":11},"end":{"line":116,"column":5}}],"line":105},"4":{"loc":{"start":{"line":109,"column":11},"end":{"line":116,"column":5}},"type":"if","locations":[{"start":{"line":109,"column":11},"end":{"line":116,"column":5}},{"start":{"line":113,"column":11},"end":{"line":116,"column":5}}],"line":109},"5":{"loc":{"start":{"line":130,"column":4},"end":{"line":147,"column":5}},"type":"if","locations":[{"start":{"line":130,"column":4},"end":{"line":147,"column":5}},{"start":{"line":135,"column":11},"end":{"line":147,"column":5}}],"line":130},"6":{"loc":{"start":{"line":135,"column":11},"end":{"line":147,"column":5}},"type":"if","locations":[{"start":{"line":135,"column":11},"end":{"line":147,"column":5}},{"start":{"line":142,"column":11},"end":{"line":147,"column":5}}],"line":135}},"s":{"0":4,"1":4,"2":5,"3":5,"4":5,"5":2,"6":2,"7":2,"8":5,"9":2,"10":2,"11":5,"12":8,"13":8,"14":8,"15":8,"16":5,"17":1,"18":1,"19":1,"20":1,"21":0,"22":1,"23":5,"24":5,"25":5,"26":5,"27":5,"28":1,"29":4,"30":2,"31":2,"32":2,"33":5,"34":2,"35":2,"36":2,"37":2,"38":0,"39":2,"40":1,"41":1,"42":1,"43":5,"44":6,"45":6,"46":6,"47":6,"48":1,"49":1,"50":5,"51":3,"52":3,"53":3,"54":3,"55":2,"56":2,"57":2,"58":2,"59":5,"60":2,"61":2,"62":2,"63":2,"64":3,"65":2,"66":2,"67":4},"f":{"0":2,"1":5,"2":8,"3":1,"4":5,"5":2,"6":6,"7":2,"8":3},"b":{"0":[0,1],"1":[1,4],"2":[2,2],"3":[0,2],"4":[1,1],"5":[1,5],"6":[3,2]},"_coverageSchema":"1a1c01bbd47fc00a2c39e90264f33305004495a9","hash":"f0faa8dcaf46ed79c464dd56fb7ef0647929bcdf"}
,"/Users/bohyeonkim/Desktop/Act4_asDev/SpartaCoding/class_web5-nodeJs_deepDive/nodejs_api_practice_blog-like/services/users.service.js": {"path":"/Users/bohyeonkim/Desktop/Act4_asDev/SpartaCoding/class_web5-nodeJs_deepDive/nodejs_api_practice_blog-like/services/users.service.js","statementMap":{"0":{"start":{"line":5,"column":23},"end":{"line":5,"column":66}},"1":{"start":{"line":8,"column":12},"end":{"line":8,"column":35}},"2":{"start":{"line":9,"column":22},"end":{"line":9,"column":47}},"3":{"start":{"line":14,"column":19},"end":{"line":14,"column":39}},"4":{"start":{"line":17,"column":11},"end":{"line":34,"column":3}},"5":{"start":{"line":18,"column":4},"end":{"line":18,"column":51}},"6":{"start":{"line":20,"column":23},"end":{"line":20,"column":76}},"7":{"start":{"line":23,"column":4},"end":{"line":33,"column":5}},"8":{"start":{"line":24,"column":6},"end":{"line":24,"column":61}},"9":{"start":{"line":26,"column":6},"end":{"line":26,"column":61}},"10":{"start":{"line":29,"column":6},"end":{"line":29,"column":63}},"11":{"start":{"line":31,"column":6},"end":{"line":31,"column":61}},"12":{"start":{"line":32,"column":6},"end":{"line":32,"column":59}},"13":{"start":{"line":37,"column":13},"end":{"line":60,"column":3}},"14":{"start":{"line":38,"column":4},"end":{"line":38,"column":53}},"15":{"start":{"line":41,"column":17},"end":{"line":44,"column":5}},"16":{"start":{"line":47,"column":4},"end":{"line":59,"column":5}},"17":{"start":{"line":48,"column":6},"end":{"line":48,"column":63}},"18":{"start":{"line":49,"column":6},"end":{"line":52,"column":8}},"19":{"start":{"line":56,"column":20},"end":{"line":56,"column":68}},"20":{"start":{"line":57,"column":6},"end":{"line":57,"column":63}},"21":{"start":{"line":58,"column":6},"end":{"line":58,"column":45}},"22":{"start":{"line":63,"column":0},"end":{"line":63,"column":29}}},"fnMap":{"0":{"name":"(anonymous_0)","decl":{"start":{"line":17,"column":11},"end":{"line":17,"column":12}},"loc":{"start":{"line":17,"column":41},"end":{"line":34,"column":3}},"line":17},"1":{"name":"(anonymous_1)","decl":{"start":{"line":37,"column":13},"end":{"line":37,"column":14}},"loc":{"start":{"line":37,"column":43},"end":{"line":60,"column":3}},"line":37}},"branchMap":{"0":{"loc":{"start":{"line":23,"column":4},"end":{"line":33,"column":5}},"type":"if","locations":[{"start":{"line":23,"column":4},"end":{"line":33,"column":5}},{"start":{"line":27,"column":11},"end":{"line":33,"column":5}}],"line":23},"1":{"loc":{"start":{"line":47,"column":4},"end":{"line":59,"column":5}},"type":"if","locations":[{"start":{"line":47,"column":4},"end":{"line":59,"column":5}},{"start":{"line":55,"column":11},"end":{"line":59,"column":5}}],"line":47}},"s":{"0":4,"1":4,"2":4,"3":5,"4":5,"5":9,"6":9,"7":9,"8":3,"9":3,"10":6,"11":6,"12":6,"13":5,"14":27,"15":27,"16":27,"17":2,"18":2,"19":25,"20":25,"21":25,"22":4},"f":{"0":9,"1":27},"b":{"0":[3,6],"1":[2,25]},"_coverageSchema":"1a1c01bbd47fc00a2c39e90264f33305004495a9","hash":"e963a298eb3b6c9e98491aed1e11052108625276"}
,"/Users/bohyeonkim/Desktop/Act4_asDev/SpartaCoding/class_web5-nodeJs_deepDive/nodejs_api_practice_blog-like/test/data/comment-data-in.js": {"path":"/Users/bohyeonkim/Desktop/Act4_asDev/SpartaCoding/class_web5-nodeJs_deepDive/nodejs_api_practice_blog-like/test/data/comment-data-in.js","statementMap":{"0":{"start":{"line":3,"column":25},"end":{"line":5,"column":1}},"1":{"start":{"line":7,"column":25},"end":{"line":9,"column":1}},"2":{"start":{"line":11,"column":0},"end":{"line":11,"column":56}}},"fnMap":{},"branchMap":{},"s":{"0":2,"1":2,"2":2},"f":{},"b":{},"_coverageSchema":"1a1c01bbd47fc00a2c39e90264f33305004495a9","hash":"f4e9e27451b0a87847569bf772c299d145648c2a"}
,"/Users/bohyeonkim/Desktop/Act4_asDev/SpartaCoding/class_web5-nodeJs_deepDive/nodejs_api_practice_blog-like/test/data/comment-data-out.js": {"path":"/Users/bohyeonkim/Desktop/Act4_asDev/SpartaCoding/class_web5-nodeJs_deepDive/nodejs_api_practice_blog-like/test/data/comment-data-out.js","statementMap":{"0":{"start":{"line":3,"column":25},"end":{"line":5,"column":1}},"1":{"start":{"line":7,"column":28},"end":{"line":14,"column":1}},"2":{"start":{"line":16,"column":23},"end":{"line":35,"column":1}},"3":{"start":{"line":37,"column":32},"end":{"line":56,"column":1}},"4":{"start":{"line":58,"column":26},"end":{"line":66,"column":1}},"5":{"start":{"line":68,"column":26},"end":{"line":76,"column":1}},"6":{"start":{"line":78,"column":25},"end":{"line":80,"column":1}},"7":{"start":{"line":82,"column":25},"end":{"line":84,"column":1}},"8":{"start":{"line":86,"column":0},"end":{"line":95,"column":2}}},"fnMap":{},"branchMap":{},"s":{"0":1,"1":1,"2":1,"3":1,"4":1,"5":1,"6":1,"7":1,"8":1},"f":{},"b":{},"_coverageSchema":"1a1c01bbd47fc00a2c39e90264f33305004495a9","hash":"0ff9eeaecec77eedde25b1d43558ae6047ac82f9"}
,"/Users/bohyeonkim/Desktop/Act4_asDev/SpartaCoding/class_web5-nodeJs_deepDive/nodejs_api_practice_blog-like/test/data/post-data-in.js": {"path":"/Users/bohyeonkim/Desktop/Act4_asDev/SpartaCoding/class_web5-nodeJs_deepDive/nodejs_api_practice_blog-like/test/data/post-data-in.js","statementMap":{"0":{"start":{"line":3,"column":22},"end":{"line":6,"column":1}},"1":{"start":{"line":8,"column":24},"end":{"line":11,"column":1}},"2":{"start":{"line":12,"column":24},"end":{"line":15,"column":1}},"3":{"start":{"line":16,"column":24},"end":{"line":19,"column":1}},"4":{"start":{"line":20,"column":24},"end":{"line":23,"column":1}},"5":{"start":{"line":25,"column":22},"end":{"line":28,"column":1}},"6":{"start":{"line":30,"column":0},"end":{"line":37,"column":2}}},"fnMap":{},"branchMap":{},"s":{"0":3,"1":3,"2":3,"3":3,"4":3,"5":3,"6":3},"f":{},"b":{},"_coverageSchema":"1a1c01bbd47fc00a2c39e90264f33305004495a9","hash":"9f3543788ef3fae226916bea480cb754f52691bb"}
,"/Users/bohyeonkim/Desktop/Act4_asDev/SpartaCoding/class_web5-nodeJs_deepDive/nodejs_api_practice_blog-like/test/data/post-data-out.js": {"path":"/Users/bohyeonkim/Desktop/Act4_asDev/SpartaCoding/class_web5-nodeJs_deepDive/nodejs_api_practice_blog-like/test/data/post-data-out.js","statementMap":{"0":{"start":{"line":3,"column":22},"end":{"line":5,"column":1}},"1":{"start":{"line":7,"column":20},"end":{"line":28,"column":1}},"2":{"start":{"line":29,"column":29},"end":{"line":50,"column":1}},"3":{"start":{"line":52,"column":25},"end":{"line":63,"column":1}},"4":{"start":{"line":65,"column":23},"end":{"line":76,"column":1}},"5":{"start":{"line":78,"column":23},"end":{"line":89,"column":1}},"6":{"start":{"line":91,"column":37},"end":{"line":102,"column":1}},"7":{"start":{"line":104,"column":22},"end":{"line":106,"column":1}},"8":{"start":{"line":107,"column":22},"end":{"line":109,"column":1}},"9":{"start":{"line":111,"column":25},"end":{"line":132,"column":1}},"10":{"start":{"line":134,"column":20},"end":{"line":136,"column":1}},"11":{"start":{"line":138,"column":23},"end":{"line":140,"column":1}},"12":{"start":{"line":142,"column":0},"end":{"line":155,"column":2}}},"fnMap":{},"branchMap":{},"s":{"0":2,"1":2,"2":2,"3":2,"4":2,"5":2,"6":2,"7":2,"8":2,"9":2,"10":2,"11":2,"12":2},"f":{},"b":{},"_coverageSchema":"1a1c01bbd47fc00a2c39e90264f33305004495a9","hash":"84bb7c156eb839fae2694b64ba87f0bce1763297"}
,"/Users/bohyeonkim/Desktop/Act4_asDev/SpartaCoding/class_web5-nodeJs_deepDive/nodejs_api_practice_blog-like/test/data/user-data-in.js": {"path":"/Users/bohyeonkim/Desktop/Act4_asDev/SpartaCoding/class_web5-nodeJs_deepDive/nodejs_api_practice_blog-like/test/data/user-data-in.js","statementMap":{"0":{"start":{"line":1,"column":18},"end":{"line":5,"column":1}},"1":{"start":{"line":7,"column":18},"end":{"line":10,"column":1}},"2":{"start":{"line":12,"column":23},"end":{"line":15,"column":1}},"3":{"start":{"line":17,"column":27},"end":{"line":24,"column":1}},"4":{"start":{"line":28,"column":20},"end":{"line":45,"column":1}},"5":{"start":{"line":47,"column":19},"end":{"line":51,"column":1}},"6":{"start":{"line":53,"column":19},"end":{"line":56,"column":1}},"7":{"start":{"line":58,"column":19},"end":{"line":62,"column":1}},"8":{"start":{"line":64,"column":19},"end":{"line":67,"column":1}},"9":{"start":{"line":69,"column":0},"end":{"line":79,"column":2}}},"fnMap":{},"branchMap":{},"s":{"0":7,"1":7,"2":7,"3":7,"4":7,"5":7,"6":7,"7":7,"8":7,"9":7},"f":{},"b":{},"_coverageSchema":"1a1c01bbd47fc00a2c39e90264f33305004495a9","hash":"9eeb7c83006299f84114cc4a36114f1410934383"}
,"/Users/bohyeonkim/Desktop/Act4_asDev/SpartaCoding/class_web5-nodeJs_deepDive/nodejs_api_practice_blog-like/test/data/user-data-out.js": {"path":"/Users/bohyeonkim/Desktop/Act4_asDev/SpartaCoding/class_web5-nodeJs_deepDive/nodejs_api_practice_blog-like/test/data/user-data-out.js","statementMap":{"0":{"start":{"line":3,"column":18},"end":{"line":5,"column":1}},"1":{"start":{"line":7,"column":17},"end":{"line":10,"column":1}},"2":{"start":{"line":12,"column":0},"end":{"line":12,"column":41}}},"fnMap":{},"branchMap":{},"s":{"0":2,"1":2,"2":2},"f":{},"b":{},"_coverageSchema":"1a1c01bbd47fc00a2c39e90264f33305004495a9","hash":"3457ae1e21bc334974a5d04c5db3bcce290c6c42"}
}
