TN:
SF:app.js
FNF:0
FNH:0
DA:2,3
DA:3,3
DA:4,3
DA:7,3
DA:8,3
DA:11,3
DA:12,3
DA:13,3
DA:14,3
DA:17,3
DA:20,3
DA:21,3
DA:27,3
LF:13
LH:13
BRF:0
BRH:0
end_of_record
TN:
SF:config/config.js
FNF:0
FNH:0
DA:7,7
DA:8,7
DA:10,7
DA:18,7
DA:27,7
DA:36,7
LF:6
LH:6
BRF:0
BRH:0
end_of_record
TN:
SF:controllers/comments.controller.js
FN:11,(anonymous_0)
FN:50,(anonymous_1)
FN:73,(anonymous_2)
FN:107,(anonymous_3)
FNF:4
FNH:4
FNDA:7,(anonymous_0)
FNDA:1,(anonymous_1)
FNDA:4,(anonymous_2)
FNDA:2,(anonymous_3)
DA:5,4
DA:9,4
DA:11,4
DA:12,7
DA:14,7
DA:16,7
DA:17,7
DA:18,7
DA:19,7
DA:21,7
DA:22,1
DA:24,6
DA:25,1
DA:28,5
DA:29,1
DA:30,1
DA:34,4
DA:40,4
DA:41,4
DA:45,0
DA:46,0
DA:50,4
DA:51,1
DA:52,1
DA:55,1
DA:58,1
DA:63,1
DA:64,1
DA:68,0
DA:69,0
DA:73,4
DA:74,4
DA:75,4
DA:77,4
DA:78,4
DA:79,4
DA:81,4
DA:82,1
DA:85,3
DA:86,0
DA:89,3
DA:90,1
DA:91,1
DA:93,2
DA:99,2
DA:100,2
DA:102,0
DA:103,0
DA:107,4
DA:108,2
DA:109,2
DA:111,2
DA:112,2
DA:114,2
DA:119,2
DA:120,2
DA:124,0
DA:125,0
DA:130,4
LF:59
LH:50
BRDA:21,0,0,1
BRDA:21,0,1,6
BRDA:24,1,0,1
BRDA:24,1,1,5
BRDA:28,2,0,1
BRDA:28,2,1,4
BRDA:81,3,0,1
BRDA:81,3,1,3
BRDA:85,4,0,0
BRDA:85,4,1,3
BRDA:89,5,0,1
BRDA:89,5,1,2
BRF:12
BRH:11
end_of_record
TN:
SF:controllers/posts.controller.js
FN:11,(anonymous_0)
FN:28,(anonymous_1)
FN:54,(anonymous_2)
FN:73,(anonymous_3)
FN:102,(anonymous_4)
FN:127,(anonymous_5)
FN:155,(anonymous_6)
FNF:7
FNH:7
FNDA:3,(anonymous_0)
FNDA:8,(anonymous_1)
FNDA:1,(anonymous_2)
FNDA:5,(anonymous_3)
FNDA:2,(anonymous_4)
FNDA:3,(anonymous_5)
FNDA:1,(anonymous_6)
DA:5,4
DA:9,4
DA:11,4
DA:12,3
DA:13,3
DA:16,3
DA:18,3
DA:19,3
DA:23,0
DA:24,0
DA:28,4
DA:29,8
DA:30,8
DA:32,8
DA:34,8
DA:35,8
DA:38,8
DA:43,8
DA:44,8
DA:48,0
DA:49,0
DA:50,0
DA:54,4
DA:55,1
DA:56,1
DA:57,1
DA:59,1
DA:60,0
DA:61,0
DA:63,1
DA:64,1
DA:65,1
DA:68,0
DA:69,0
DA:73,4
DA:74,5
DA:75,5
DA:76,5
DA:77,5
DA:78,5
DA:80,5
DA:81,1
DA:82,1
DA:85,4
DA:92,3
DA:93,3
DA:97,1
DA:98,1
DA:102,4
DA:103,2
DA:104,2
DA:105,2
DA:106,2
DA:108,2
DA:109,0
DA:110,0
DA:112,2
DA:117,2
DA:118,2
DA:122,0
DA:123,0
DA:127,4
DA:128,3
DA:129,3
DA:131,3
DA:132,3
DA:133,3
DA:134,0
DA:135,0
DA:139,3
DA:145,3
DA:146,3
DA:150,0
DA:151,0
DA:155,4
DA:156,1
DA:157,1
DA:159,1
DA:162,1
DA:165,1
DA:166,1
DA:170,0
DA:171,0
DA:176,4
LF:84
LH:65
BRDA:59,0,0,0
BRDA:59,0,1,1
BRDA:80,1,0,1
BRDA:80,1,1,4
BRDA:108,2,0,0
BRDA:108,2,1,2
BRDA:133,3,0,0
BRDA:133,3,1,3
BRF:8
BRH:5
end_of_record
TN:
SF:controllers/users.controller.js
FN:25,(anonymous_0)
FN:82,(anonymous_1)
FNF:2
FNH:2
FNDA:16,(anonymous_0)
FNDA:26,(anonymous_1)
DA:6,4
DA:7,4
DA:11,4
DA:12,4
DA:19,4
DA:25,4
DA:26,16
DA:27,16
DA:31,16
DA:34,13
DA:35,1
DA:36,1
DA:39,1
DA:44,12
DA:45,1
DA:46,1
DA:49,1
DA:53,11
DA:54,1
DA:55,1
DA:62,10
DA:67,10
DA:68,10
DA:69,7
DA:71,3
DA:74,3
DA:75,3
DA:76,3
DA:82,4
DA:83,26
DA:84,26
DA:86,26
DA:91,26
DA:92,1
DA:97,25
DA:102,25
DA:104,25
DA:105,24
DA:109,24
DA:111,1
DA:116,0
DA:117,0
DA:122,4
LF:43
LH:41
BRDA:34,0,0,1
BRDA:34,0,1,12
BRDA:44,1,0,1
BRDA:44,1,1,11
BRDA:53,2,0,1
BRDA:53,2,1,10
BRDA:68,3,0,7
BRDA:68,3,1,3
BRDA:91,4,0,1
BRDA:91,4,1,25
BRDA:104,5,0,24
BRDA:104,5,1,1
BRF:12
BRH:12
end_of_record
TN:
SF:middlewares/auth-middleware.js
FN:18,(anonymous_0)
FN:38,(anonymous_1)
FNF:2
FNH:2
FNDA:33,(anonymous_0)
FNDA:26,(anonymous_1)
DA:3,4
DA:5,4
DA:6,4
DA:14,7
DA:18,7
DA:20,33
DA:22,33
DA:24,33
DA:25,33
DA:27,33
DA:30,33
DA:31,7
DA:34,7
DA:38,26
DA:40,26
DA:41,1
DA:44,1
DA:49,25
DA:50,25
DA:51,25
DA:52,25
DA:53,25
DA:58,0
DA:61,0
DA:67,4
LF:25
LH:23
BRDA:25,0,0,33
BRDA:25,0,1,6
BRDA:30,1,0,7
BRDA:30,1,1,26
BRDA:40,2,0,1
BRDA:40,2,1,25
BRF:6
BRH:6
end_of_record
TN:
SF:models/comment.js
FN:3,(anonymous_0)
FN:10,(anonymous_1)
FNF:2
FNH:2
FNDA:7,(anonymous_0)
FNDA:7,(anonymous_1)
DA:2,7
DA:3,7
DA:14,7
DA:32,7
LF:4
LH:4
BRF:0
BRH:0
end_of_record
TN:
SF:models/index.js
FN:24,(anonymous_0)
FN:29,(anonymous_1)
FN:37,(anonymous_2)
FNF:3
FNH:3
FNDA:28,(anonymous_0)
FNDA:21,(anonymous_1)
FNDA:21,(anonymous_2)
DA:3,7
DA:4,7
DA:5,7
DA:6,7
DA:7,7
DA:8,7
DA:9,7
DA:12,7
DA:13,0
DA:15,7
DA:23,7
DA:25,28
DA:30,21
DA:34,21
DA:37,7
DA:38,21
DA:39,21
DA:43,7
DA:44,7
DA:46,7
LF:20
LH:19
BRDA:7,0,0,7
BRDA:7,0,1,0
BRDA:12,1,0,0
BRDA:12,1,1,7
BRDA:26,2,0,28
BRDA:26,2,1,28
BRDA:26,2,2,21
BRDA:38,3,0,21
BRDA:38,3,1,0
BRF:9
BRH:6
end_of_record
TN:
SF:models/post.js
FN:3,(anonymous_0)
FN:10,(anonymous_1)
FNF:2
FNH:2
FNDA:7,(anonymous_0)
FNDA:7,(anonymous_1)
DA:2,7
DA:3,7
DA:14,7
DA:36,7
LF:4
LH:4
BRF:0
BRH:0
end_of_record
TN:
SF:models/user.js
FN:3,(anonymous_0)
FN:10,(anonymous_1)
FNF:2
FNH:2
FNDA:7,(anonymous_0)
FNDA:7,(anonymous_1)
DA:2,7
DA:3,7
DA:14,7
DA:34,7
LF:4
LH:4
BRF:0
BRH:0
end_of_record
TN:
SF:modules/swagger.js
FNF:0
FNH:0
DA:2,3
DA:3,3
DA:6,3
DA:29,3
DA:31,3
LF:5
LH:5
BRF:0
BRH:0
end_of_record
TN:
SF:repositories/comments.repository.js
FN:10,(anonymous_0)
FN:24,(anonymous_1)
FN:37,(anonymous_2)
FN:54,(anonymous_3)
FN:68,(anonymous_4)
FNF:5
FNH:5
FNDA:4,(anonymous_0)
FNDA:4,(anonymous_1)
FNDA:5,(anonymous_2)
FNDA:1,(anonymous_3)
FNDA:2,(anonymous_4)
DA:5,4
DA:10,6
DA:11,4
DA:14,4
DA:19,4
DA:20,4
DA:24,6
DA:25,4
DA:28,4
DA:32,4
DA:33,4
DA:37,6
DA:38,5
DA:41,5
DA:49,5
DA:50,5
DA:54,6
DA:55,1
DA:57,1
DA:63,1
DA:64,1
DA:68,6
DA:69,2
DA:71,2
DA:74,2
DA:75,2
DA:79,4
LF:27
LH:27
BRDA:10,0,0,4
BRF:1
BRH:1
end_of_record
TN:
SF:repositories/posts.repository.js
FN:11,(anonymous_0)
FN:19,(anonymous_1)
FN:33,(anonymous_2)
FN:47,(anonymous_3)
FN:64,(anonymous_4)
FN:79,(anonymous_5)
FN:93,(anonymous_6)
FN:107,(anonymous_7)
FNF:8
FNH:8
FNDA:14,(anonymous_0)
FNDA:3,(anonymous_1)
FNDA:2,(anonymous_2)
FNDA:9,(anonymous_3)
FNDA:2,(anonymous_4)
FNDA:2,(anonymous_5)
FNDA:1,(anonymous_6)
FNDA:1,(anonymous_7)
DA:5,5
DA:6,5
DA:11,12
DA:12,14
DA:14,14
DA:15,14
DA:19,12
DA:20,3
DA:23,3
DA:28,3
DA:29,3
DA:33,12
DA:34,2
DA:36,2
DA:42,2
DA:43,2
DA:47,12
DA:48,9
DA:51,9
DA:59,9
DA:60,9
DA:64,12
DA:65,2
DA:68,2
DA:74,2
DA:75,2
DA:79,12
DA:80,2
DA:82,2
DA:88,2
DA:89,2
DA:93,12
DA:94,1
DA:96,1
DA:102,1
DA:103,1
DA:107,12
DA:108,1
DA:110,1
DA:113,1
DA:114,1
DA:117,5
LF:42
LH:42
BRDA:19,0,0,0
BRF:1
BRH:0
end_of_record
TN:
SF:repositories/users.repository.js
FN:10,(anonymous_0)
FN:22,(anonymous_1)
FN:36,(anonymous_2)
FN:49,(anonymous_3)
FN:60,(anonymous_4)
FN:74,(anonymous_5)
FN:80,(anonymous_6)
FN:88,(anonymous_7)
FN:112,(anonymous_8)
FN:119,(anonymous_9)
FNF:10
FNH:10
FNDA:10,(anonymous_0)
FNDA:25,(anonymous_1)
FNDA:25,(anonymous_2)
FNDA:6,(anonymous_3)
FNDA:1,(anonymous_4)
FNDA:7,(anonymous_5)
FNDA:7,(anonymous_6)
FNDA:2,(anonymous_7)
FNDA:1,(anonymous_8)
FNDA:1,(anonymous_9)
DA:5,6
DA:10,19
DA:11,10
DA:13,10
DA:17,10
DA:18,10
DA:22,19
DA:23,25
DA:26,25
DA:30,25
DA:32,25
DA:36,19
DA:37,25
DA:39,25
DA:43,25
DA:45,25
DA:49,19
DA:50,6
DA:52,6
DA:54,6
DA:56,6
DA:60,19
DA:61,1
DA:64,1
DA:69,1
DA:70,1
DA:74,19
DA:75,7
DA:78,7
DA:80,7
DA:83,7
DA:84,7
DA:88,19
DA:89,2
DA:92,2
DA:95,2
DA:98,2
DA:101,2
DA:107,2
DA:108,2
DA:112,19
DA:113,1
DA:116,1
DA:119,1
DA:122,1
DA:127,1
DA:128,1
DA:132,6
LF:48
LH:48
BRDA:60,0,0,0
BRF:1
BRH:0
end_of_record
TN:
SF:routes/comments.routes.js
FNF:0
FNH:0
DA:5,3
DA:6,3
DA:9,3
DA:10,3
DA:11,3
DA:14,3
DA:15,3
DA:17,3
DA:20,3
DA:22,3
DA:24,3
DA:26,3
DA:28,3
DA:30,3
LF:14
LH:14
BRF:0
BRH:0
end_of_record
TN:
SF:routes/index.js
FNF:0
FNH:0
DA:4,3
DA:5,3
DA:9,3
DA:11,3
DA:12,3
DA:14,3
DA:15,3
DA:17,3
DA:18,3
DA:20,3
DA:23,3
LF:11
LH:11
BRF:0
BRH:0
end_of_record
TN:
SF:routes/posts.routes.js
FNF:0
FNH:0
DA:5,3
DA:6,3
DA:9,3
DA:10,3
DA:11,3
DA:14,3
DA:15,3
DA:17,3
DA:20,3
DA:22,3
DA:24,3
DA:26,3
DA:28,3
DA:30,3
DA:32,3
DA:34,3
DA:37,3
LF:17
LH:17
BRF:0
BRH:0
end_of_record
TN:
SF:routes/users.routes.js
FNF:0
FNH:0
DA:5,3
DA:6,3
DA:9,3
DA:12,3
DA:13,3
DA:15,3
DA:18,3
DA:20,3
DA:22,3
DA:25,3
DA:27,3
LF:11
LH:11
BRF:0
BRH:0
end_of_record
TN:
SF:services/comments.service.js
FN:16,(anonymous_0)
FN:40,(anonymous_1)
FN:61,(anonymous_2)
FN:77,(anonymous_3)
FN:103,(anonymous_4)
FNF:5
FNH:5
FNDA:6,(anonymous_0)
FNDA:1,(anonymous_1)
FNDA:3,(anonymous_2)
FNDA:5,(anonymous_3)
FNDA:2,(anonymous_4)
DA:6,4
DA:7,4
DA:12,5
DA:13,5
DA:16,5
DA:17,6
DA:20,6
DA:23,6
DA:24,1
DA:25,1
DA:29,5
DA:35,5
DA:36,5
DA:40,5
DA:41,1
DA:44,1
DA:45,1
DA:46,0
DA:47,0
DA:56,1
DA:61,1
DA:62,3
DA:72,1
DA:73,1
DA:77,5
DA:78,5
DA:81,5
DA:86,5
DA:87,1
DA:88,1
DA:91,4
DA:92,3
DA:93,3
DA:97,1
DA:98,1
DA:99,1
DA:103,5
DA:104,2
DA:106,2
DA:111,2
DA:112,0
DA:113,0
DA:116,2
DA:117,1
DA:118,1
DA:122,1
DA:123,1
DA:124,1
DA:129,4
LF:49
LH:45
BRDA:23,0,0,1
BRDA:23,0,1,5
BRDA:45,1,0,0
BRDA:45,1,1,1
BRDA:86,2,0,1
BRDA:86,2,1,4
BRDA:91,3,0,3
BRDA:91,3,1,1
BRDA:111,4,0,0
BRDA:111,4,1,2
BRDA:116,5,0,1
BRDA:116,5,1,1
BRF:12
BRH:10
end_of_record
TN:
SF:services/posts.service.js
FN:15,(anonymous_0)
FN:22,(anonymous_1)
FN:38,(anonymous_2)
FN:53,(anonymous_3)
FN:77,(anonymous_4)
FN:98,(anonymous_5)
FN:119,(anonymous_6)
FN:150,(anonymous_7)
FN:161,(anonymous_8)
FNF:9
FNH:9
FNDA:2,(anonymous_0)
FNDA:5,(anonymous_1)
FNDA:8,(anonymous_2)
FNDA:1,(anonymous_3)
FNDA:5,(anonymous_4)
FNDA:2,(anonymous_5)
FNDA:6,(anonymous_6)
FNDA:2,(anonymous_7)
FNDA:3,(anonymous_8)
DA:5,4
DA:6,4
DA:11,5
DA:12,5
DA:15,5
DA:16,2
DA:19,2
DA:22,2
DA:23,5
DA:34,2
DA:35,2
DA:38,5
DA:39,8
DA:42,8
DA:49,8
DA:50,8
DA:53,5
DA:54,1
DA:57,1
DA:58,1
DA:59,1
DA:60,0
DA:64,1
DA:77,5
DA:78,5
DA:81,5
DA:83,5
DA:84,5
DA:85,1
DA:88,4
DA:89,2
DA:93,2
DA:94,2
DA:98,5
DA:99,2
DA:102,2
DA:104,2
DA:105,2
DA:106,0
DA:109,2
DA:110,1
DA:114,1
DA:115,1
DA:119,5
DA:120,6
DA:123,6
DA:125,6
DA:130,6
DA:131,1
DA:132,1
DA:135,5
DA:136,3
DA:137,3
DA:138,3
DA:139,3
DA:143,2
DA:144,2
DA:145,2
DA:146,2
DA:150,5
DA:151,2
DA:153,2
DA:157,2
DA:161,2
DA:162,3
DA:173,2
DA:174,2
DA:178,4
LF:68
LH:66
BRDA:59,0,0,0
BRDA:59,0,1,1
BRDA:84,1,0,1
BRDA:84,1,1,4
BRDA:88,2,0,2
BRDA:88,2,1,2
BRDA:105,3,0,0
BRDA:105,3,1,2
BRDA:109,4,0,1
BRDA:109,4,1,1
BRDA:130,5,0,1
BRDA:130,5,1,5
BRDA:135,6,0,3
BRDA:135,6,1,2
BRF:14
BRH:12
end_of_record
TN:
SF:services/users.service.js
FN:17,(anonymous_0)
FN:37,(anonymous_1)
FNF:2
FNH:2
FNDA:9,(anonymous_0)
FNDA:27,(anonymous_1)
DA:5,4
DA:8,4
DA:9,4
DA:14,5
DA:17,5
DA:18,9
DA:20,9
DA:23,9
DA:24,3
DA:26,3
DA:29,6
DA:31,6
DA:32,6
DA:37,5
DA:38,27
DA:41,27
DA:47,27
DA:48,2
DA:49,2
DA:56,25
DA:57,25
DA:58,25
DA:63,4
LF:23
LH:23
BRDA:23,0,0,3
BRDA:23,0,1,6
BRDA:47,1,0,2
BRDA:47,1,1,25
BRF:4
BRH:4
end_of_record
TN:
SF:test/data/comment-data-in.js
FNF:0
FNH:0
DA:3,2
DA:7,2
DA:11,2
LF:3
LH:3
BRF:0
BRH:0
end_of_record
TN:
SF:test/data/comment-data-out.js
FNF:0
FNH:0
DA:3,1
DA:7,1
DA:16,1
DA:37,1
DA:58,1
DA:68,1
DA:78,1
DA:82,1
DA:86,1
LF:9
LH:9
BRF:0
BRH:0
end_of_record
TN:
SF:test/data/post-data-in.js
FNF:0
FNH:0
DA:3,3
DA:8,3
DA:12,3
DA:16,3
DA:20,3
DA:25,3
DA:30,3
LF:7
LH:7
BRF:0
BRH:0
end_of_record
TN:
SF:test/data/post-data-out.js
FNF:0
FNH:0
DA:3,2
DA:7,2
DA:29,2
DA:52,2
DA:65,2
DA:78,2
DA:91,2
DA:104,2
DA:107,2
DA:111,2
DA:134,2
DA:138,2
DA:142,2
LF:13
LH:13
BRF:0
BRH:0
end_of_record
TN:
SF:test/data/user-data-in.js
FNF:0
FNH:0
DA:1,7
DA:7,7
DA:12,7
DA:17,7
DA:28,7
DA:47,7
DA:53,7
DA:58,7
DA:64,7
DA:69,7
LF:10
LH:10
BRF:0
BRH:0
end_of_record
TN:
SF:test/data/user-data-out.js
FNF:0
FNH:0
DA:3,2
DA:7,2
DA:12,2
LF:3
LH:3
BRF:0
BRH:0
end_of_record
