{"/Users/bohyeonkim/Desktop/Act4_asDev/SpartaCoding/mainWeek/start-here/tuning-backend/b_services/collections.service.js": {"path":"/Users/bohyeonkim/Desktop/Act4_asDev/SpartaCoding/mainWeek/start-here/tuning-backend/b_services/collections.service.js","statementMap":{"0":{"start":{"line":1,"column":29},"end":{"line":1,"column":80}},"1":{"start":{"line":2,"column":23},"end":{"line":2,"column":68}},"2":{"start":{"line":3,"column":26},"end":{"line":3,"column":74}},"3":{"start":{"line":4,"column":24},"end":{"line":4,"column":70}},"4":{"start":{"line":5,"column":27},"end":{"line":5,"column":77}},"5":{"start":{"line":7,"column":23},"end":{"line":7,"column":51}},"6":{"start":{"line":8,"column":14},"end":{"line":8,"column":30}},"7":{"start":{"line":9,"column":23},"end":{"line":9,"column":42}},"8":{"start":{"line":12,"column":23},"end":{"line":12,"column":47}},"9":{"start":{"line":13,"column":25},"end":{"line":13,"column":51}},"10":{"start":{"line":14,"column":19},"end":{"line":14,"column":39}},"11":{"start":{"line":15,"column":22},"end":{"line":15,"column":45}},"12":{"start":{"line":16,"column":20},"end":{"line":16,"column":41}},"13":{"start":{"line":19,"column":30},"end":{"line":86,"column":3}},"14":{"start":{"line":20,"column":4},"end":{"line":85,"column":5}},"15":{"start":{"line":21,"column":22},"end":{"line":21,"column":40}},"16":{"start":{"line":22,"column":32},"end":{"line":22,"column":41}},"17":{"start":{"line":24,"column":54},"end":{"line":28,"column":7}},"18":{"start":{"line":30,"column":6},"end":{"line":34,"column":7}},"19":{"start":{"line":31,"column":8},"end":{"line":31,"column":77}},"20":{"start":{"line":33,"column":8},"end":{"line":33,"column":15}},"21":{"start":{"line":36,"column":25},"end":{"line":36,"column":27}},"22":{"start":{"line":38,"column":6},"end":{"line":75,"column":7}},"23":{"start":{"line":38,"column":19},"end":{"line":38,"column":20}},"24":{"start":{"line":39,"column":33},"end":{"line":39,"column":110}},"25":{"start":{"line":40,"column":25},"end":{"line":40,"column":50}},"26":{"start":{"line":42,"column":28},"end":{"line":42,"column":30}},"27":{"start":{"line":43,"column":8},"end":{"line":60,"column":9}},"28":{"start":{"line":43,"column":21},"end":{"line":43,"column":22}},"29":{"start":{"line":44,"column":10},"end":{"line":51,"column":11}},"30":{"start":{"line":45,"column":33},"end":{"line":47,"column":13}},"31":{"start":{"line":49,"column":29},"end":{"line":49,"column":38}},"32":{"start":{"line":50,"column":12},"end":{"line":50,"column":31}},"33":{"start":{"line":53,"column":10},"end":{"line":59,"column":11}},"34":{"start":{"line":54,"column":12},"end":{"line":56,"column":14}},"35":{"start":{"line":58,"column":12},"end":{"line":58,"column":43}},"36":{"start":{"line":62,"column":8},"end":{"line":74,"column":11}},"37":{"start":{"line":77,"column":6},"end":{"line":81,"column":9}},"38":{"start":{"line":83,"column":6},"end":{"line":83,"column":73}},"39":{"start":{"line":84,"column":6},"end":{"line":84,"column":76}},"40":{"start":{"line":89,"column":34},"end":{"line":135,"column":3}},"41":{"start":{"line":90,"column":4},"end":{"line":134,"column":5}},"42":{"start":{"line":91,"column":45},"end":{"line":91,"column":54}},"43":{"start":{"line":92,"column":58},"end":{"line":96,"column":7}},"44":{"start":{"line":98,"column":6},"end":{"line":100,"column":7}},"45":{"start":{"line":99,"column":8},"end":{"line":99,"column":77}},"46":{"start":{"line":102,"column":25},"end":{"line":102,"column":84}},"47":{"start":{"line":103,"column":29},"end":{"line":103,"column":55}},"48":{"start":{"line":105,"column":25},"end":{"line":105,"column":27}},"49":{"start":{"line":107,"column":6},"end":{"line":124,"column":7}},"50":{"start":{"line":107,"column":19},"end":{"line":107,"column":20}},"51":{"start":{"line":108,"column":33},"end":{"line":108,"column":114}},"52":{"start":{"line":109,"column":25},"end":{"line":109,"column":50}},"53":{"start":{"line":111,"column":8},"end":{"line":123,"column":11}},"54":{"start":{"line":119,"column":61},"end":{"line":119,"column":104}},"55":{"start":{"line":125,"column":6},"end":{"line":129,"column":9}},"56":{"start":{"line":130,"column":6},"end":{"line":130,"column":13}},"57":{"start":{"line":132,"column":6},"end":{"line":132,"column":73}},"58":{"start":{"line":133,"column":6},"end":{"line":133,"column":76}},"59":{"start":{"line":137,"column":34},"end":{"line":183,"column":3}},"60":{"start":{"line":138,"column":4},"end":{"line":182,"column":5}},"61":{"start":{"line":139,"column":31},"end":{"line":139,"column":39}},"62":{"start":{"line":140,"column":25},"end":{"line":140,"column":27}},"63":{"start":{"line":141,"column":6},"end":{"line":172,"column":7}},"64":{"start":{"line":141,"column":19},"end":{"line":141,"column":20}},"65":{"start":{"line":142,"column":29},"end":{"line":142,"column":107}},"66":{"start":{"line":143,"column":33},"end":{"line":143,"column":95}},"67":{"start":{"line":145,"column":19},"end":{"line":145,"column":21}},"68":{"start":{"line":146,"column":8},"end":{"line":161,"column":9}},"69":{"start":{"line":146,"column":21},"end":{"line":146,"column":22}},"70":{"start":{"line":147,"column":35},"end":{"line":147,"column":113}},"71":{"start":{"line":148,"column":27},"end":{"line":148,"column":52}},"72":{"start":{"line":150,"column":10},"end":{"line":160,"column":13}},"73":{"start":{"line":156,"column":60},"end":{"line":156,"column":103}},"74":{"start":{"line":163,"column":8},"end":{"line":171,"column":11}},"75":{"start":{"line":173,"column":6},"end":{"line":177,"column":9}},"76":{"start":{"line":178,"column":6},"end":{"line":178,"column":13}},"77":{"start":{"line":180,"column":6},"end":{"line":180,"column":73}},"78":{"start":{"line":181,"column":6},"end":{"line":181,"column":76}},"79":{"start":{"line":186,"column":18},"end":{"line":235,"column":3}},"80":{"start":{"line":187,"column":4},"end":{"line":234,"column":5}},"81":{"start":{"line":188,"column":32},"end":{"line":188,"column":42}},"82":{"start":{"line":190,"column":23},"end":{"line":190,"column":87}},"83":{"start":{"line":192,"column":6},"end":{"line":194,"column":7}},"84":{"start":{"line":193,"column":8},"end":{"line":193,"column":77}},"85":{"start":{"line":196,"column":31},"end":{"line":196,"column":103}},"86":{"start":{"line":198,"column":23},"end":{"line":198,"column":48}},"87":{"start":{"line":199,"column":26},"end":{"line":209,"column":7}},"88":{"start":{"line":201,"column":31},"end":{"line":201,"column":74}},"89":{"start":{"line":203,"column":10},"end":{"line":207,"column":11}},"90":{"start":{"line":204,"column":12},"end":{"line":204,"column":121}},"91":{"start":{"line":206,"column":12},"end":{"line":206,"column":30}},"92":{"start":{"line":211,"column":25},"end":{"line":211,"column":82}},"93":{"start":{"line":213,"column":31},"end":{"line":228,"column":7}},"94":{"start":{"line":230,"column":6},"end":{"line":230,"column":70}},"95":{"start":{"line":232,"column":6},"end":{"line":232,"column":73}},"96":{"start":{"line":233,"column":6},"end":{"line":233,"column":76}},"97":{"start":{"line":238,"column":21},"end":{"line":281,"column":3}},"98":{"start":{"line":239,"column":4},"end":{"line":280,"column":5}},"99":{"start":{"line":240,"column":22},"end":{"line":240,"column":40}},"100":{"start":{"line":248,"column":10},"end":{"line":248,"column":18}},"101":{"start":{"line":250,"column":6},"end":{"line":253,"column":7}},"102":{"start":{"line":251,"column":8},"end":{"line":251,"column":59}},"103":{"start":{"line":252,"column":8},"end":{"line":252,"column":15}},"104":{"start":{"line":255,"column":28},"end":{"line":255,"column":80}},"105":{"start":{"line":257,"column":6},"end":{"line":257,"column":34}},"106":{"start":{"line":259,"column":24},"end":{"line":259,"column":87}},"107":{"start":{"line":259,"column":68},"end":{"line":259,"column":84}},"108":{"start":{"line":261,"column":31},"end":{"line":267,"column":7}},"109":{"start":{"line":269,"column":28},"end":{"line":269,"column":59}},"110":{"start":{"line":270,"column":26},"end":{"line":270,"column":94}},"111":{"start":{"line":272,"column":6},"end":{"line":276,"column":9}},"112":{"start":{"line":278,"column":6},"end":{"line":278,"column":73}},"113":{"start":{"line":279,"column":6},"end":{"line":279,"column":76}},"114":{"start":{"line":284,"column":19},"end":{"line":323,"column":3}},"115":{"start":{"line":285,"column":4},"end":{"line":322,"column":5}},"116":{"start":{"line":286,"column":22},"end":{"line":286,"column":40}},"117":{"start":{"line":288,"column":32},"end":{"line":288,"column":42}},"118":{"start":{"line":289,"column":66},"end":{"line":289,"column":74}},"119":{"start":{"line":291,"column":29},"end":{"line":291,"column":93}},"120":{"start":{"line":293,"column":6},"end":{"line":297,"column":7}},"121":{"start":{"line":294,"column":8},"end":{"line":294,"column":75}},"122":{"start":{"line":295,"column":13},"end":{"line":297,"column":7}},"123":{"start":{"line":296,"column":8},"end":{"line":296,"column":77}},"124":{"start":{"line":299,"column":28},"end":{"line":299,"column":80}},"125":{"start":{"line":301,"column":6},"end":{"line":301,"column":34}},"126":{"start":{"line":303,"column":24},"end":{"line":303,"column":87}},"127":{"start":{"line":303,"column":68},"end":{"line":303,"column":84}},"128":{"start":{"line":305,"column":31},"end":{"line":312,"column":7}},"129":{"start":{"line":314,"column":6},"end":{"line":318,"column":9}},"130":{"start":{"line":320,"column":6},"end":{"line":320,"column":73}},"131":{"start":{"line":321,"column":6},"end":{"line":321,"column":76}},"132":{"start":{"line":326,"column":21},"end":{"line":347,"column":3}},"133":{"start":{"line":327,"column":4},"end":{"line":346,"column":5}},"134":{"start":{"line":328,"column":22},"end":{"line":328,"column":40}},"135":{"start":{"line":330,"column":32},"end":{"line":330,"column":42}},"136":{"start":{"line":332,"column":29},"end":{"line":332,"column":93}},"137":{"start":{"line":334,"column":6},"end":{"line":342,"column":7}},"138":{"start":{"line":335,"column":8},"end":{"line":335,"column":75}},"139":{"start":{"line":336,"column":13},"end":{"line":342,"column":7}},"140":{"start":{"line":337,"column":8},"end":{"line":337,"column":77}},"141":{"start":{"line":339,"column":8},"end":{"line":339,"column":72}},"142":{"start":{"line":340,"column":8},"end":{"line":340,"column":77}},"143":{"start":{"line":341,"column":8},"end":{"line":341,"column":74}},"144":{"start":{"line":344,"column":6},"end":{"line":344,"column":73}},"145":{"start":{"line":345,"column":6},"end":{"line":345,"column":76}},"146":{"start":{"line":350,"column":19},"end":{"line":386,"column":3}},"147":{"start":{"line":351,"column":4},"end":{"line":385,"column":5}},"148":{"start":{"line":352,"column":32},"end":{"line":352,"column":42}},"149":{"start":{"line":353,"column":22},"end":{"line":353,"column":40}},"150":{"start":{"line":356,"column":29},"end":{"line":356,"column":93}},"151":{"start":{"line":358,"column":38},"end":{"line":358,"column":84}},"152":{"start":{"line":360,"column":6},"end":{"line":378,"column":7}},"153":{"start":{"line":361,"column":8},"end":{"line":361,"column":75}},"154":{"start":{"line":362,"column":13},"end":{"line":378,"column":7}},"155":{"start":{"line":363,"column":8},"end":{"line":363,"column":70}},"156":{"start":{"line":364,"column":8},"end":{"line":364,"column":73}},"157":{"start":{"line":365,"column":8},"end":{"line":369,"column":11}},"158":{"start":{"line":371,"column":8},"end":{"line":371,"column":73}},"159":{"start":{"line":372,"column":8},"end":{"line":372,"column":76}},"160":{"start":{"line":373,"column":8},"end":{"line":377,"column":11}},"161":{"start":{"line":380,"column":6},"end":{"line":380,"column":73}},"162":{"start":{"line":381,"column":6},"end":{"line":384,"column":9}},"163":{"start":{"line":389,"column":27},"end":{"line":444,"column":3}},"164":{"start":{"line":390,"column":4},"end":{"line":443,"column":5}},"165":{"start":{"line":391,"column":41},"end":{"line":391,"column":50}},"166":{"start":{"line":393,"column":57},"end":{"line":397,"column":7}},"167":{"start":{"line":399,"column":25},"end":{"line":399,"column":27}},"168":{"start":{"line":401,"column":6},"end":{"line":429,"column":7}},"169":{"start":{"line":401,"column":19},"end":{"line":401,"column":20}},"170":{"start":{"line":402,"column":33},"end":{"line":402,"column":113}},"171":{"start":{"line":404,"column":25},"end":{"line":404,"column":50}},"172":{"start":{"line":405,"column":28},"end":{"line":414,"column":9}},"173":{"start":{"line":407,"column":33},"end":{"line":407,"column":75}},"174":{"start":{"line":408,"column":12},"end":{"line":412,"column":13}},"175":{"start":{"line":409,"column":14},"end":{"line":409,"column":123}},"176":{"start":{"line":411,"column":14},"end":{"line":411,"column":32}},"177":{"start":{"line":416,"column":8},"end":{"line":428,"column":11}},"178":{"start":{"line":431,"column":6},"end":{"line":435,"column":9}},"179":{"start":{"line":436,"column":6},"end":{"line":436,"column":13}},"180":{"start":{"line":438,"column":6},"end":{"line":438,"column":73}},"181":{"start":{"line":439,"column":6},"end":{"line":442,"column":9}},"182":{"start":{"line":447,"column":25},"end":{"line":478,"column":3}},"183":{"start":{"line":448,"column":4},"end":{"line":477,"column":5}},"184":{"start":{"line":449,"column":22},"end":{"line":449,"column":40}},"185":{"start":{"line":450,"column":32},"end":{"line":450,"column":42}},"186":{"start":{"line":451,"column":25},"end":{"line":451,"column":33}},"187":{"start":{"line":453,"column":29},"end":{"line":453,"column":93}},"188":{"start":{"line":455,"column":6},"end":{"line":470,"column":7}},"189":{"start":{"line":456,"column":8},"end":{"line":456,"column":75}},"190":{"start":{"line":457,"column":13},"end":{"line":470,"column":7}},"191":{"start":{"line":458,"column":8},"end":{"line":458,"column":77}},"192":{"start":{"line":460,"column":33},"end":{"line":463,"column":9}},"193":{"start":{"line":465,"column":8},"end":{"line":469,"column":11}},"194":{"start":{"line":472,"column":6},"end":{"line":472,"column":73}},"195":{"start":{"line":473,"column":6},"end":{"line":476,"column":9}},"196":{"start":{"line":481,"column":30},"end":{"line":515,"column":3}},"197":{"start":{"line":482,"column":4},"end":{"line":514,"column":5}},"198":{"start":{"line":483,"column":22},"end":{"line":483,"column":40}},"199":{"start":{"line":486,"column":32},"end":{"line":486,"column":42}},"200":{"start":{"line":487,"column":27},"end":{"line":487,"column":36}},"201":{"start":{"line":489,"column":29},"end":{"line":489,"column":93}},"202":{"start":{"line":490,"column":21},"end":{"line":490,"column":72}},"203":{"start":{"line":490,"column":57},"end":{"line":490,"column":71}},"204":{"start":{"line":492,"column":6},"end":{"line":507,"column":7}},"205":{"start":{"line":493,"column":8},"end":{"line":493,"column":75}},"206":{"start":{"line":494,"column":13},"end":{"line":507,"column":7}},"207":{"start":{"line":495,"column":8},"end":{"line":495,"column":77}},"208":{"start":{"line":497,"column":33},"end":{"line":500,"column":9}},"209":{"start":{"line":502,"column":8},"end":{"line":506,"column":11}},"210":{"start":{"line":509,"column":6},"end":{"line":509,"column":73}},"211":{"start":{"line":510,"column":6},"end":{"line":513,"column":9}},"212":{"start":{"line":518,"column":22},"end":{"line":538,"column":3}},"213":{"start":{"line":519,"column":4},"end":{"line":537,"column":5}},"214":{"start":{"line":520,"column":32},"end":{"line":520,"column":42}},"215":{"start":{"line":521,"column":25},"end":{"line":521,"column":89}},"216":{"start":{"line":523,"column":6},"end":{"line":530,"column":9}},"217":{"start":{"line":532,"column":6},"end":{"line":532,"column":73}},"218":{"start":{"line":533,"column":6},"end":{"line":536,"column":9}},"219":{"start":{"line":541,"column":17},"end":{"line":559,"column":3}},"220":{"start":{"line":542,"column":4},"end":{"line":558,"column":5}},"221":{"start":{"line":544,"column":6},"end":{"line":544,"column":83}},"222":{"start":{"line":548,"column":36},"end":{"line":548,"column":95}},"223":{"start":{"line":550,"column":6},"end":{"line":554,"column":8}},"224":{"start":{"line":556,"column":6},"end":{"line":556,"column":25}},"225":{"start":{"line":557,"column":6},"end":{"line":557,"column":61}},"226":{"start":{"line":562,"column":19},"end":{"line":580,"column":3}},"227":{"start":{"line":563,"column":4},"end":{"line":579,"column":5}},"228":{"start":{"line":565,"column":6},"end":{"line":565,"column":83}},"229":{"start":{"line":569,"column":35},"end":{"line":569,"column":96}},"230":{"start":{"line":571,"column":6},"end":{"line":575,"column":8}},"231":{"start":{"line":577,"column":6},"end":{"line":577,"column":25}},"232":{"start":{"line":578,"column":6},"end":{"line":578,"column":61}},"233":{"start":{"line":583,"column":23},"end":{"line":601,"column":3}},"234":{"start":{"line":584,"column":4},"end":{"line":600,"column":5}},"235":{"start":{"line":586,"column":6},"end":{"line":586,"column":83}},"236":{"start":{"line":590,"column":35},"end":{"line":590,"column":103}},"237":{"start":{"line":592,"column":6},"end":{"line":596,"column":8}},"238":{"start":{"line":598,"column":6},"end":{"line":598,"column":25}},"239":{"start":{"line":599,"column":6},"end":{"line":599,"column":61}},"240":{"start":{"line":604,"column":26},"end":{"line":640,"column":3}},"241":{"start":{"line":605,"column":23},"end":{"line":605,"column":87}},"242":{"start":{"line":606,"column":19},"end":{"line":606,"column":46}},"243":{"start":{"line":607,"column":20},"end":{"line":607,"column":67}},"244":{"start":{"line":608,"column":4},"end":{"line":608,"column":54}},"245":{"start":{"line":610,"column":4},"end":{"line":639,"column":5}},"246":{"start":{"line":612,"column":6},"end":{"line":612,"column":83}},"247":{"start":{"line":616,"column":35},"end":{"line":616,"column":113}},"248":{"start":{"line":618,"column":27},"end":{"line":618,"column":29}},"249":{"start":{"line":619,"column":6},"end":{"line":627,"column":7}},"250":{"start":{"line":620,"column":8},"end":{"line":620,"column":44}},"251":{"start":{"line":621,"column":13},"end":{"line":627,"column":7}},"252":{"start":{"line":622,"column":8},"end":{"line":622,"column":43}},"253":{"start":{"line":623,"column":13},"end":{"line":627,"column":7}},"254":{"start":{"line":624,"column":8},"end":{"line":624,"column":43}},"255":{"start":{"line":626,"column":8},"end":{"line":626,"column":40}},"256":{"start":{"line":629,"column":6},"end":{"line":629,"column":95}},"257":{"start":{"line":631,"column":6},"end":{"line":635,"column":8}},"258":{"start":{"line":637,"column":6},"end":{"line":637,"column":25}},"259":{"start":{"line":638,"column":6},"end":{"line":638,"column":61}},"260":{"start":{"line":642,"column":32},"end":{"line":661,"column":3}},"261":{"start":{"line":643,"column":21},"end":{"line":643,"column":46}},"262":{"start":{"line":644,"column":21},"end":{"line":644,"column":48}},"263":{"start":{"line":645,"column":21},"end":{"line":645,"column":52}},"264":{"start":{"line":646,"column":21},"end":{"line":646,"column":55}},"265":{"start":{"line":647,"column":4},"end":{"line":652,"column":7}},"266":{"start":{"line":654,"column":4},"end":{"line":660,"column":23}},"267":{"start":{"line":655,"column":6},"end":{"line":655,"column":32}},"268":{"start":{"line":656,"column":6},"end":{"line":656,"column":34}},"269":{"start":{"line":657,"column":6},"end":{"line":657,"column":38}},"270":{"start":{"line":658,"column":6},"end":{"line":658,"column":41}},"271":{"start":{"line":659,"column":6},"end":{"line":659,"column":46}},"272":{"start":{"line":664,"column":0},"end":{"line":664,"column":36}}},"fnMap":{"0":{"name":"(anonymous_0)","decl":{"start":{"line":19,"column":30},"end":{"line":19,"column":31}},"loc":{"start":{"line":19,"column":50},"end":{"line":86,"column":3}},"line":19},"1":{"name":"(anonymous_1)","decl":{"start":{"line":89,"column":34},"end":{"line":89,"column":35}},"loc":{"start":{"line":89,"column":54},"end":{"line":135,"column":3}},"line":89},"2":{"name":"(anonymous_2)","decl":{"start":{"line":119,"column":54},"end":{"line":119,"column":55}},"loc":{"start":{"line":119,"column":61},"end":{"line":119,"column":104}},"line":119},"3":{"name":"(anonymous_3)","decl":{"start":{"line":137,"column":34},"end":{"line":137,"column":35}},"loc":{"start":{"line":137,"column":54},"end":{"line":183,"column":3}},"line":137},"4":{"name":"(anonymous_4)","decl":{"start":{"line":156,"column":53},"end":{"line":156,"column":54}},"loc":{"start":{"line":156,"column":60},"end":{"line":156,"column":103}},"line":156},"5":{"name":"(anonymous_5)","decl":{"start":{"line":186,"column":18},"end":{"line":186,"column":19}},"loc":{"start":{"line":186,"column":38},"end":{"line":235,"column":3}},"line":186},"6":{"name":"(anonymous_6)","decl":{"start":{"line":200,"column":30},"end":{"line":200,"column":31}},"loc":{"start":{"line":200,"column":44},"end":{"line":208,"column":9}},"line":200},"7":{"name":"(anonymous_7)","decl":{"start":{"line":238,"column":21},"end":{"line":238,"column":22}},"loc":{"start":{"line":238,"column":41},"end":{"line":281,"column":3}},"line":238},"8":{"name":"(anonymous_8)","decl":{"start":{"line":259,"column":61},"end":{"line":259,"column":62}},"loc":{"start":{"line":259,"column":68},"end":{"line":259,"column":84}},"line":259},"9":{"name":"(anonymous_9)","decl":{"start":{"line":284,"column":19},"end":{"line":284,"column":20}},"loc":{"start":{"line":284,"column":39},"end":{"line":323,"column":3}},"line":284},"10":{"name":"(anonymous_10)","decl":{"start":{"line":303,"column":61},"end":{"line":303,"column":62}},"loc":{"start":{"line":303,"column":68},"end":{"line":303,"column":84}},"line":303},"11":{"name":"(anonymous_11)","decl":{"start":{"line":326,"column":21},"end":{"line":326,"column":22}},"loc":{"start":{"line":326,"column":41},"end":{"line":347,"column":3}},"line":326},"12":{"name":"(anonymous_12)","decl":{"start":{"line":350,"column":19},"end":{"line":350,"column":20}},"loc":{"start":{"line":350,"column":39},"end":{"line":386,"column":3}},"line":350},"13":{"name":"(anonymous_13)","decl":{"start":{"line":389,"column":27},"end":{"line":389,"column":28}},"loc":{"start":{"line":389,"column":47},"end":{"line":444,"column":3}},"line":389},"14":{"name":"(anonymous_14)","decl":{"start":{"line":406,"column":39},"end":{"line":406,"column":40}},"loc":{"start":{"line":406,"column":52},"end":{"line":413,"column":11}},"line":406},"15":{"name":"(anonymous_15)","decl":{"start":{"line":447,"column":25},"end":{"line":447,"column":26}},"loc":{"start":{"line":447,"column":45},"end":{"line":478,"column":3}},"line":447},"16":{"name":"(anonymous_16)","decl":{"start":{"line":481,"column":30},"end":{"line":481,"column":31}},"loc":{"start":{"line":481,"column":50},"end":{"line":515,"column":3}},"line":481},"17":{"name":"(anonymous_17)","decl":{"start":{"line":490,"column":50},"end":{"line":490,"column":51}},"loc":{"start":{"line":490,"column":57},"end":{"line":490,"column":71}},"line":490},"18":{"name":"(anonymous_18)","decl":{"start":{"line":518,"column":22},"end":{"line":518,"column":23}},"loc":{"start":{"line":518,"column":42},"end":{"line":538,"column":3}},"line":518},"19":{"name":"(anonymous_19)","decl":{"start":{"line":541,"column":17},"end":{"line":541,"column":18}},"loc":{"start":{"line":541,"column":29},"end":{"line":559,"column":3}},"line":541},"20":{"name":"(anonymous_20)","decl":{"start":{"line":562,"column":19},"end":{"line":562,"column":20}},"loc":{"start":{"line":562,"column":31},"end":{"line":580,"column":3}},"line":562},"21":{"name":"(anonymous_21)","decl":{"start":{"line":583,"column":23},"end":{"line":583,"column":24}},"loc":{"start":{"line":583,"column":35},"end":{"line":601,"column":3}},"line":583},"22":{"name":"(anonymous_22)","decl":{"start":{"line":604,"column":26},"end":{"line":604,"column":27}},"loc":{"start":{"line":604,"column":38},"end":{"line":640,"column":3}},"line":604},"23":{"name":"(anonymous_23)","decl":{"start":{"line":642,"column":32},"end":{"line":642,"column":33}},"loc":{"start":{"line":642,"column":52},"end":{"line":661,"column":3}},"line":642},"24":{"name":"(anonymous_24)","decl":{"start":{"line":654,"column":16},"end":{"line":654,"column":17}},"loc":{"start":{"line":654,"column":28},"end":{"line":660,"column":5}},"line":654}},"branchMap":{"0":{"loc":{"start":{"line":30,"column":6},"end":{"line":34,"column":7}},"type":"if","locations":[{"start":{"line":30,"column":6},"end":{"line":34,"column":7}},{"start":{},"end":{}}],"line":30},"1":{"loc":{"start":{"line":53,"column":10},"end":{"line":59,"column":11}},"type":"if","locations":[{"start":{"line":53,"column":10},"end":{"line":59,"column":11}},{"start":{"line":57,"column":17},"end":{"line":59,"column":11}}],"line":53},"2":{"loc":{"start":{"line":98,"column":6},"end":{"line":100,"column":7}},"type":"if","locations":[{"start":{"line":98,"column":6},"end":{"line":100,"column":7}},{"start":{},"end":{}}],"line":98},"3":{"loc":{"start":{"line":192,"column":6},"end":{"line":194,"column":7}},"type":"if","locations":[{"start":{"line":192,"column":6},"end":{"line":194,"column":7}},{"start":{},"end":{}}],"line":192},"4":{"loc":{"start":{"line":203,"column":10},"end":{"line":207,"column":11}},"type":"if","locations":[{"start":{"line":203,"column":10},"end":{"line":207,"column":11}},{"start":{"line":205,"column":17},"end":{"line":207,"column":11}}],"line":203},"5":{"loc":{"start":{"line":250,"column":6},"end":{"line":253,"column":7}},"type":"if","locations":[{"start":{"line":250,"column":6},"end":{"line":253,"column":7}},{"start":{},"end":{}}],"line":250},"6":{"loc":{"start":{"line":250,"column":10},"end":{"line":250,"column":69}},"type":"binary-expr","locations":[{"start":{"line":250,"column":10},"end":{"line":250,"column":22}},{"start":{"line":250,"column":26},"end":{"line":250,"column":42}},{"start":{"line":250,"column":46},"end":{"line":250,"column":58}},{"start":{"line":250,"column":62},"end":{"line":250,"column":69}}],"line":250},"7":{"loc":{"start":{"line":293,"column":6},"end":{"line":297,"column":7}},"type":"if","locations":[{"start":{"line":293,"column":6},"end":{"line":297,"column":7}},{"start":{"line":295,"column":13},"end":{"line":297,"column":7}}],"line":293},"8":{"loc":{"start":{"line":295,"column":13},"end":{"line":297,"column":7}},"type":"if","locations":[{"start":{"line":295,"column":13},"end":{"line":297,"column":7}},{"start":{},"end":{}}],"line":295},"9":{"loc":{"start":{"line":334,"column":6},"end":{"line":342,"column":7}},"type":"if","locations":[{"start":{"line":334,"column":6},"end":{"line":342,"column":7}},{"start":{"line":336,"column":13},"end":{"line":342,"column":7}}],"line":334},"10":{"loc":{"start":{"line":336,"column":13},"end":{"line":342,"column":7}},"type":"if","locations":[{"start":{"line":336,"column":13},"end":{"line":342,"column":7}},{"start":{"line":338,"column":13},"end":{"line":342,"column":7}}],"line":336},"11":{"loc":{"start":{"line":360,"column":6},"end":{"line":378,"column":7}},"type":"if","locations":[{"start":{"line":360,"column":6},"end":{"line":378,"column":7}},{"start":{"line":362,"column":13},"end":{"line":378,"column":7}}],"line":360},"12":{"loc":{"start":{"line":362,"column":13},"end":{"line":378,"column":7}},"type":"if","locations":[{"start":{"line":362,"column":13},"end":{"line":378,"column":7}},{"start":{"line":370,"column":13},"end":{"line":378,"column":7}}],"line":362},"13":{"loc":{"start":{"line":408,"column":12},"end":{"line":412,"column":13}},"type":"if","locations":[{"start":{"line":408,"column":12},"end":{"line":412,"column":13}},{"start":{"line":410,"column":19},"end":{"line":412,"column":13}}],"line":408},"14":{"loc":{"start":{"line":455,"column":6},"end":{"line":470,"column":7}},"type":"if","locations":[{"start":{"line":455,"column":6},"end":{"line":470,"column":7}},{"start":{"line":457,"column":13},"end":{"line":470,"column":7}}],"line":455},"15":{"loc":{"start":{"line":457,"column":13},"end":{"line":470,"column":7}},"type":"if","locations":[{"start":{"line":457,"column":13},"end":{"line":470,"column":7}},{"start":{"line":459,"column":13},"end":{"line":470,"column":7}}],"line":457},"16":{"loc":{"start":{"line":492,"column":6},"end":{"line":507,"column":7}},"type":"if","locations":[{"start":{"line":492,"column":6},"end":{"line":507,"column":7}},{"start":{"line":494,"column":13},"end":{"line":507,"column":7}}],"line":492},"17":{"loc":{"start":{"line":494,"column":13},"end":{"line":507,"column":7}},"type":"if","locations":[{"start":{"line":494,"column":13},"end":{"line":507,"column":7}},{"start":{"line":496,"column":13},"end":{"line":507,"column":7}}],"line":494},"18":{"loc":{"start":{"line":619,"column":6},"end":{"line":627,"column":7}},"type":"if","locations":[{"start":{"line":619,"column":6},"end":{"line":627,"column":7}},{"start":{"line":621,"column":13},"end":{"line":627,"column":7}}],"line":619},"19":{"loc":{"start":{"line":621,"column":13},"end":{"line":627,"column":7}},"type":"if","locations":[{"start":{"line":621,"column":13},"end":{"line":627,"column":7}},{"start":{"line":623,"column":13},"end":{"line":627,"column":7}}],"line":621},"20":{"loc":{"start":{"line":623,"column":13},"end":{"line":627,"column":7}},"type":"if","locations":[{"start":{"line":623,"column":13},"end":{"line":627,"column":7}},{"start":{"line":625,"column":13},"end":{"line":627,"column":7}}],"line":623}},"s":{"0":1,"1":1,"2":1,"3":1,"4":1,"5":1,"6":1,"7":1,"8":1,"9":1,"10":1,"11":1,"12":1,"13":1,"14":1,"15":1,"16":1,"17":1,"18":1,"19":0,"20":0,"21":1,"22":1,"23":1,"24":3,"25":3,"26":3,"27":3,"28":3,"29":25,"30":25,"31":0,"32":0,"33":25,"34":25,"35":0,"36":3,"37":1,"38":0,"39":0,"40":1,"41":1,"42":1,"43":1,"44":1,"45":0,"46":1,"47":1,"48":1,"49":1,"50":1,"51":3,"52":3,"53":3,"54":22,"55":1,"56":1,"57":0,"58":0,"59":1,"60":1,"61":1,"62":1,"63":1,"64":1,"65":4,"66":4,"67":4,"68":4,"69":4,"70":12,"71":12,"72":12,"73":88,"74":4,"75":1,"76":1,"77":0,"78":0,"79":1,"80":1,"81":1,"82":1,"83":1,"84":0,"85":1,"86":1,"87":1,"88":7,"89":7,"90":0,"91":7,"92":1,"93":1,"94":1,"95":0,"96":0,"97":1,"98":1,"99":1,"100":1,"101":1,"102":0,"103":0,"104":1,"105":1,"106":1,"107":2,"108":1,"109":1,"110":1,"111":1,"112":0,"113":0,"114":1,"115":1,"116":1,"117":1,"118":1,"119":1,"120":1,"121":0,"122":1,"123":0,"124":1,"125":1,"126":1,"127":2,"128":1,"129":1,"130":0,"131":0,"132":1,"133":1,"134":1,"135":1,"136":1,"137":1,"138":0,"139":1,"140":0,"141":1,"142":1,"143":1,"144":0,"145":0,"146":1,"147":1,"148":1,"149":1,"150":1,"151":1,"152":1,"153":0,"154":1,"155":1,"156":1,"157":1,"158":0,"159":0,"160":0,"161":0,"162":0,"163":1,"164":1,"165":1,"166":1,"167":1,"168":1,"169":1,"170":3,"171":3,"172":3,"173":25,"174":25,"175":25,"176":0,"177":3,"178":1,"179":1,"180":0,"181":0,"182":1,"183":1,"184":1,"185":1,"186":1,"187":1,"188":1,"189":0,"190":1,"191":0,"192":1,"193":1,"194":0,"195":0,"196":1,"197":1,"198":1,"199":1,"200":1,"201":1,"202":1,"203":7,"204":1,"205":0,"206":1,"207":0,"208":1,"209":1,"210":0,"211":0,"212":1,"213":1,"214":1,"215":1,"216":1,"217":0,"218":0,"219":1,"220":1,"221":1,"222":1,"223":1,"224":0,"225":0,"226":1,"227":1,"228":1,"229":1,"230":1,"231":0,"232":0,"233":1,"234":1,"235":1,"236":1,"237":1,"238":0,"239":0,"240":1,"241":1,"242":1,"243":1,"244":1,"245":1,"246":1,"247":1,"248":1,"249":1,"250":0,"251":1,"252":1,"253":0,"254":0,"255":0,"256":1,"257":1,"258":0,"259":0,"260":1,"261":0,"262":0,"263":0,"264":0,"265":0,"266":0,"267":0,"268":0,"269":0,"270":0,"271":0,"272":1},"f":{"0":1,"1":1,"2":22,"3":1,"4":88,"5":1,"6":7,"7":1,"8":2,"9":1,"10":2,"11":1,"12":1,"13":1,"14":25,"15":1,"16":1,"17":7,"18":1,"19":1,"20":1,"21":1,"22":1,"23":0,"24":0},"b":{"0":[0,1],"1":[25,0],"2":[0,1],"3":[0,1],"4":[0,7],"5":[0,1],"6":[1,1,1,1],"7":[0,1],"8":[0,1],"9":[0,1],"10":[0,1],"11":[0,1],"12":[1,0],"13":[25,0],"14":[0,1],"15":[0,1],"16":[0,1],"17":[0,1],"18":[0,1],"19":[1,0],"20":[0,0]},"_coverageSchema":"1a1c01bbd47fc00a2c39e90264f33305004495a9","hash":"c12bd2d4236466eaa4bb76ab37781f5d8a3726ac"}
,"/Users/bohyeonkim/Desktop/Act4_asDev/SpartaCoding/mainWeek/start-here/tuning-backend/b_services/users.service.js": {"path":"/Users/bohyeonkim/Desktop/Act4_asDev/SpartaCoding/mainWeek/start-here/tuning-backend/b_services/users.service.js","statementMap":{"0":{"start":{"line":1,"column":29},"end":{"line":1,"column":80}},"1":{"start":{"line":2,"column":24},"end":{"line":2,"column":69}},"2":{"start":{"line":3,"column":27},"end":{"line":3,"column":77}},"3":{"start":{"line":6,"column":23},"end":{"line":6,"column":47}},"4":{"start":{"line":7,"column":25},"end":{"line":7,"column":51}},"5":{"start":{"line":8,"column":20},"end":{"line":8,"column":41}},"6":{"start":{"line":11,"column":20},"end":{"line":16,"column":3}},"7":{"start":{"line":12,"column":20},"end":{"line":12,"column":38}},"8":{"start":{"line":13,"column":17},"end":{"line":13,"column":64}},"9":{"start":{"line":15,"column":4},"end":{"line":15,"column":50}},"10":{"start":{"line":19,"column":16},"end":{"line":22,"column":3}},"11":{"start":{"line":20,"column":17},"end":{"line":20,"column":75}},"12":{"start":{"line":21,"column":4},"end":{"line":21,"column":50}},"13":{"start":{"line":25,"column":26},"end":{"line":59,"column":3}},"14":{"start":{"line":26,"column":4},"end":{"line":58,"column":5}},"15":{"start":{"line":28,"column":28},"end":{"line":28,"column":38}},"16":{"start":{"line":29,"column":25},"end":{"line":29,"column":68}},"17":{"start":{"line":29,"column":59},"end":{"line":29,"column":67}},"18":{"start":{"line":31,"column":22},"end":{"line":31,"column":40}},"19":{"start":{"line":34,"column":40},"end":{"line":34,"column":87}},"20":{"start":{"line":35,"column":6},"end":{"line":35,"column":99}},"21":{"start":{"line":37,"column":6},"end":{"line":37,"column":89}},"22":{"start":{"line":39,"column":23},"end":{"line":39,"column":83}},"23":{"start":{"line":44,"column":6},"end":{"line":51,"column":9}},"24":{"start":{"line":53,"column":6},"end":{"line":53,"column":73}},"25":{"start":{"line":54,"column":6},"end":{"line":57,"column":9}},"26":{"start":{"line":62,"column":26},"end":{"line":91,"column":3}},"27":{"start":{"line":63,"column":4},"end":{"line":90,"column":5}},"28":{"start":{"line":64,"column":22},"end":{"line":64,"column":40}},"29":{"start":{"line":68,"column":42},"end":{"line":68,"column":89}},"30":{"start":{"line":70,"column":6},"end":{"line":70,"column":70}},"31":{"start":{"line":71,"column":23},"end":{"line":71,"column":94}},"32":{"start":{"line":76,"column":6},"end":{"line":83,"column":9}},"33":{"start":{"line":85,"column":6},"end":{"line":85,"column":73}},"34":{"start":{"line":86,"column":6},"end":{"line":89,"column":9}},"35":{"start":{"line":94,"column":29},"end":{"line":119,"column":3}},"36":{"start":{"line":95,"column":4},"end":{"line":118,"column":5}},"37":{"start":{"line":96,"column":22},"end":{"line":96,"column":40}},"38":{"start":{"line":98,"column":30},"end":{"line":98,"column":40}},"39":{"start":{"line":101,"column":42},"end":{"line":101,"column":89}},"40":{"start":{"line":103,"column":26},"end":{"line":103,"column":82}},"41":{"start":{"line":103,"column":64},"end":{"line":103,"column":81}},"42":{"start":{"line":105,"column":26},"end":{"line":105,"column":93}},"43":{"start":{"line":106,"column":6},"end":{"line":106,"column":46}},"44":{"start":{"line":108,"column":6},"end":{"line":111,"column":9}},"45":{"start":{"line":113,"column":6},"end":{"line":113,"column":73}},"46":{"start":{"line":114,"column":6},"end":{"line":117,"column":9}},"47":{"start":{"line":122,"column":19},"end":{"line":157,"column":3}},"48":{"start":{"line":123,"column":4},"end":{"line":156,"column":5}},"49":{"start":{"line":124,"column":22},"end":{"line":124,"column":40}},"50":{"start":{"line":127,"column":19},"end":{"line":127,"column":66}},"51":{"start":{"line":129,"column":6},"end":{"line":135,"column":7}},"52":{"start":{"line":130,"column":8},"end":{"line":133,"column":11}},"53":{"start":{"line":134,"column":8},"end":{"line":134,"column":15}},"54":{"start":{"line":137,"column":6},"end":{"line":153,"column":7}},"55":{"start":{"line":139,"column":8},"end":{"line":139,"column":75}},"56":{"start":{"line":141,"column":8},"end":{"line":144,"column":11}},"57":{"start":{"line":147,"column":8},"end":{"line":147,"column":77}},"58":{"start":{"line":149,"column":8},"end":{"line":152,"column":11}},"59":{"start":{"line":155,"column":6},"end":{"line":155,"column":71}},"60":{"start":{"line":160,"column":18},"end":{"line":172,"column":3}},"61":{"start":{"line":161,"column":4},"end":{"line":171,"column":5}},"62":{"start":{"line":162,"column":26},"end":{"line":162,"column":36}},"63":{"start":{"line":163,"column":29},"end":{"line":163,"column":76}},"64":{"start":{"line":165,"column":6},"end":{"line":168,"column":9}},"65":{"start":{"line":170,"column":6},"end":{"line":170,"column":71}},"66":{"start":{"line":175,"column":19},"end":{"line":217,"column":3}},"67":{"start":{"line":176,"column":4},"end":{"line":216,"column":5}},"68":{"start":{"line":177,"column":32},"end":{"line":177,"column":42}},"69":{"start":{"line":179,"column":22},"end":{"line":179,"column":40}},"70":{"start":{"line":181,"column":29},"end":{"line":181,"column":93}},"71":{"start":{"line":182,"column":37},"end":{"line":182,"column":84}},"72":{"start":{"line":184,"column":6},"end":{"line":187,"column":7}},"73":{"start":{"line":185,"column":8},"end":{"line":185,"column":75}},"74":{"start":{"line":186,"column":8},"end":{"line":186,"column":15}},"75":{"start":{"line":189,"column":6},"end":{"line":209,"column":7}},"76":{"start":{"line":190,"column":27},"end":{"line":190,"column":62}},"77":{"start":{"line":191,"column":8},"end":{"line":191,"column":82}},"78":{"start":{"line":193,"column":8},"end":{"line":193,"column":49}},"79":{"start":{"line":194,"column":8},"end":{"line":194,"column":81}},"80":{"start":{"line":196,"column":8},"end":{"line":203,"column":11}},"81":{"start":{"line":205,"column":8},"end":{"line":208,"column":11}},"82":{"start":{"line":211,"column":6},"end":{"line":211,"column":73}},"83":{"start":{"line":212,"column":6},"end":{"line":215,"column":9}},"84":{"start":{"line":220,"column":22},"end":{"line":253,"column":3}},"85":{"start":{"line":221,"column":4},"end":{"line":252,"column":5}},"86":{"start":{"line":222,"column":32},"end":{"line":222,"column":42}},"87":{"start":{"line":224,"column":22},"end":{"line":224,"column":40}},"88":{"start":{"line":226,"column":29},"end":{"line":226,"column":93}},"89":{"start":{"line":227,"column":37},"end":{"line":227,"column":84}},"90":{"start":{"line":229,"column":6},"end":{"line":232,"column":7}},"91":{"start":{"line":230,"column":8},"end":{"line":230,"column":75}},"92":{"start":{"line":231,"column":8},"end":{"line":231,"column":15}},"93":{"start":{"line":234,"column":6},"end":{"line":245,"column":7}},"94":{"start":{"line":235,"column":32},"end":{"line":235,"column":82}},"95":{"start":{"line":235,"column":68},"end":{"line":235,"column":81}},"96":{"start":{"line":236,"column":8},"end":{"line":236,"column":87}},"97":{"start":{"line":238,"column":38},"end":{"line":238,"column":93}},"98":{"start":{"line":238,"column":73},"end":{"line":238,"column":92}},"99":{"start":{"line":239,"column":8},"end":{"line":239,"column":82}},"100":{"start":{"line":241,"column":8},"end":{"line":244,"column":11}},"101":{"start":{"line":247,"column":6},"end":{"line":247,"column":73}},"102":{"start":{"line":248,"column":6},"end":{"line":251,"column":9}},"103":{"start":{"line":256,"column":33},"end":{"line":286,"column":3}},"104":{"start":{"line":257,"column":4},"end":{"line":285,"column":5}},"105":{"start":{"line":258,"column":20},"end":{"line":258,"column":38}},"106":{"start":{"line":261,"column":37},"end":{"line":261,"column":84}},"107":{"start":{"line":263,"column":17},"end":{"line":263,"column":19}},"108":{"start":{"line":264,"column":6},"end":{"line":268,"column":7}},"109":{"start":{"line":264,"column":19},"end":{"line":264,"column":20}},"110":{"start":{"line":265,"column":21},"end":{"line":265,"column":95}},"111":{"start":{"line":267,"column":8},"end":{"line":267,"column":24}},"112":{"start":{"line":270,"column":6},"end":{"line":277,"column":9}},"113":{"start":{"line":278,"column":6},"end":{"line":278,"column":13}},"114":{"start":{"line":280,"column":6},"end":{"line":280,"column":73}},"115":{"start":{"line":281,"column":6},"end":{"line":284,"column":9}},"116":{"start":{"line":288,"column":0},"end":{"line":288,"column":29}}},"fnMap":{"0":{"name":"(anonymous_0)","decl":{"start":{"line":11,"column":20},"end":{"line":11,"column":21}},"loc":{"start":{"line":11,"column":40},"end":{"line":16,"column":3}},"line":11},"1":{"name":"(anonymous_1)","decl":{"start":{"line":19,"column":16},"end":{"line":19,"column":17}},"loc":{"start":{"line":19,"column":36},"end":{"line":22,"column":3}},"line":19},"2":{"name":"(anonymous_2)","decl":{"start":{"line":25,"column":26},"end":{"line":25,"column":27}},"loc":{"start":{"line":25,"column":46},"end":{"line":59,"column":3}},"line":25},"3":{"name":"(anonymous_3)","decl":{"start":{"line":29,"column":52},"end":{"line":29,"column":53}},"loc":{"start":{"line":29,"column":59},"end":{"line":29,"column":67}},"line":29},"4":{"name":"(anonymous_4)","decl":{"start":{"line":62,"column":26},"end":{"line":62,"column":27}},"loc":{"start":{"line":62,"column":46},"end":{"line":91,"column":3}},"line":62},"5":{"name":"(anonymous_5)","decl":{"start":{"line":94,"column":29},"end":{"line":94,"column":30}},"loc":{"start":{"line":94,"column":49},"end":{"line":119,"column":3}},"line":94},"6":{"name":"(anonymous_6)","decl":{"start":{"line":103,"column":57},"end":{"line":103,"column":58}},"loc":{"start":{"line":103,"column":64},"end":{"line":103,"column":81}},"line":103},"7":{"name":"(anonymous_7)","decl":{"start":{"line":122,"column":19},"end":{"line":122,"column":20}},"loc":{"start":{"line":122,"column":39},"end":{"line":157,"column":3}},"line":122},"8":{"name":"(anonymous_8)","decl":{"start":{"line":160,"column":18},"end":{"line":160,"column":19}},"loc":{"start":{"line":160,"column":38},"end":{"line":172,"column":3}},"line":160},"9":{"name":"(anonymous_9)","decl":{"start":{"line":175,"column":19},"end":{"line":175,"column":20}},"loc":{"start":{"line":175,"column":39},"end":{"line":217,"column":3}},"line":175},"10":{"name":"(anonymous_10)","decl":{"start":{"line":220,"column":22},"end":{"line":220,"column":23}},"loc":{"start":{"line":220,"column":42},"end":{"line":253,"column":3}},"line":220},"11":{"name":"(anonymous_11)","decl":{"start":{"line":235,"column":61},"end":{"line":235,"column":62}},"loc":{"start":{"line":235,"column":68},"end":{"line":235,"column":81}},"line":235},"12":{"name":"(anonymous_12)","decl":{"start":{"line":238,"column":66},"end":{"line":238,"column":67}},"loc":{"start":{"line":238,"column":73},"end":{"line":238,"column":92}},"line":238},"13":{"name":"(anonymous_13)","decl":{"start":{"line":256,"column":33},"end":{"line":256,"column":34}},"loc":{"start":{"line":256,"column":53},"end":{"line":286,"column":3}},"line":256}},"branchMap":{"0":{"loc":{"start":{"line":129,"column":6},"end":{"line":135,"column":7}},"type":"if","locations":[{"start":{"line":129,"column":6},"end":{"line":135,"column":7}},{"start":{},"end":{}}],"line":129},"1":{"loc":{"start":{"line":137,"column":6},"end":{"line":153,"column":7}},"type":"if","locations":[{"start":{"line":137,"column":6},"end":{"line":153,"column":7}},{"start":{"line":145,"column":13},"end":{"line":153,"column":7}}],"line":137},"2":{"loc":{"start":{"line":184,"column":6},"end":{"line":187,"column":7}},"type":"if","locations":[{"start":{"line":184,"column":6},"end":{"line":187,"column":7}},{"start":{},"end":{}}],"line":184},"3":{"loc":{"start":{"line":189,"column":6},"end":{"line":209,"column":7}},"type":"if","locations":[{"start":{"line":189,"column":6},"end":{"line":209,"column":7}},{"start":{"line":204,"column":13},"end":{"line":209,"column":7}}],"line":189},"4":{"loc":{"start":{"line":229,"column":6},"end":{"line":232,"column":7}},"type":"if","locations":[{"start":{"line":229,"column":6},"end":{"line":232,"column":7}},{"start":{},"end":{}}],"line":229},"5":{"loc":{"start":{"line":234,"column":6},"end":{"line":245,"column":7}},"type":"if","locations":[{"start":{"line":234,"column":6},"end":{"line":245,"column":7}},{"start":{},"end":{}}],"line":234}},"s":{"0":1,"1":1,"2":1,"3":1,"4":1,"5":1,"6":1,"7":1,"8":1,"9":1,"10":1,"11":1,"12":1,"13":1,"14":1,"15":1,"16":1,"17":1,"18":1,"19":1,"20":1,"21":1,"22":1,"23":1,"24":0,"25":0,"26":1,"27":1,"28":1,"29":1,"30":1,"31":1,"32":1,"33":0,"34":0,"35":1,"36":1,"37":1,"38":1,"39":1,"40":1,"41":0,"42":1,"43":1,"44":1,"45":0,"46":0,"47":1,"48":1,"49":1,"50":1,"51":1,"52":0,"53":0,"54":1,"55":1,"56":1,"57":0,"58":0,"59":0,"60":1,"61":1,"62":1,"63":1,"64":1,"65":0,"66":1,"67":1,"68":1,"69":1,"70":1,"71":1,"72":1,"73":0,"74":0,"75":1,"76":1,"77":1,"78":1,"79":1,"80":1,"81":0,"82":0,"83":0,"84":1,"85":1,"86":1,"87":1,"88":1,"89":1,"90":1,"91":0,"92":0,"93":1,"94":1,"95":0,"96":1,"97":1,"98":1,"99":1,"100":1,"101":0,"102":0,"103":1,"104":1,"105":1,"106":1,"107":1,"108":1,"109":1,"110":1,"111":1,"112":1,"113":1,"114":0,"115":0,"116":1},"f":{"0":1,"1":1,"2":1,"3":1,"4":1,"5":1,"6":0,"7":1,"8":1,"9":1,"10":1,"11":0,"12":1,"13":1},"b":{"0":[0,1],"1":[1,0],"2":[0,1],"3":[1,0],"4":[0,1],"5":[1,0]},"_coverageSchema":"1a1c01bbd47fc00a2c39e90264f33305004495a9","hash":"20f26d2f22f9c30566f4de9a24a443661e8ae9cd"}
,"/Users/bohyeonkim/Desktop/Act4_asDev/SpartaCoding/mainWeek/start-here/tuning-backend/c_repositories/categories.repository.js": {"path":"/Users/bohyeonkim/Desktop/Act4_asDev/SpartaCoding/mainWeek/start-here/tuning-backend/c_repositories/categories.repository.js","statementMap":{"0":{"start":{"line":1,"column":17},"end":{"line":1,"column":49}},"1":{"start":{"line":2,"column":13},"end":{"line":2,"column":41}},"2":{"start":{"line":6,"column":21},"end":{"line":9,"column":3}},"3":{"start":{"line":7,"column":23},"end":{"line":7,"column":51}},"4":{"start":{"line":8,"column":4},"end":{"line":8,"column":22}},"5":{"start":{"line":11,"column":20},"end":{"line":14,"column":3}},"6":{"start":{"line":12,"column":25},"end":{"line":12,"column":56}},"7":{"start":{"line":13,"column":4},"end":{"line":13,"column":24}},"8":{"start":{"line":18,"column":28},"end":{"line":21,"column":3}},"9":{"start":{"line":19,"column":30},"end":{"line":19,"column":70}},"10":{"start":{"line":20,"column":4},"end":{"line":20,"column":29}},"11":{"start":{"line":24,"column":23},"end":{"line":29,"column":3}},"12":{"start":{"line":25,"column":31},"end":{"line":27,"column":6}},"13":{"start":{"line":28,"column":4},"end":{"line":28,"column":30}},"14":{"start":{"line":32,"column":28},"end":{"line":37,"column":3}},"15":{"start":{"line":33,"column":36},"end":{"line":35,"column":6}},"16":{"start":{"line":36,"column":4},"end":{"line":36,"column":35}},"17":{"start":{"line":40,"column":19},"end":{"line":43,"column":3}},"18":{"start":{"line":41,"column":27},"end":{"line":41,"column":88}},"19":{"start":{"line":42,"column":4},"end":{"line":42,"column":26}},"20":{"start":{"line":46,"column":19},"end":{"line":49,"column":3}},"21":{"start":{"line":47,"column":27},"end":{"line":47,"column":60}},"22":{"start":{"line":48,"column":4},"end":{"line":48,"column":26}},"23":{"start":{"line":52,"column":34},"end":{"line":57,"column":3}},"24":{"start":{"line":53,"column":40},"end":{"line":55,"column":6}},"25":{"start":{"line":56,"column":4},"end":{"line":56,"column":39}},"26":{"start":{"line":60,"column":30},"end":{"line":64,"column":3}},"27":{"start":{"line":61,"column":22},"end":{"line":61,"column":58}},"28":{"start":{"line":63,"column":4},"end":{"line":63,"column":21}},"29":{"start":{"line":67,"column":19},"end":{"line":71,"column":3}},"30":{"start":{"line":68,"column":29},"end":{"line":68,"column":99}},"31":{"start":{"line":70,"column":4},"end":{"line":70,"column":34}},"32":{"start":{"line":74,"column":22},"end":{"line":77,"column":3}},"33":{"start":{"line":75,"column":29},"end":{"line":75,"column":99}},"34":{"start":{"line":76,"column":4},"end":{"line":76,"column":34}},"35":{"start":{"line":80,"column":0},"end":{"line":80,"column":36}}},"fnMap":{"0":{"name":"(anonymous_0)","decl":{"start":{"line":6,"column":21},"end":{"line":6,"column":22}},"loc":{"start":{"line":6,"column":36},"end":{"line":9,"column":3}},"line":6},"1":{"name":"(anonymous_1)","decl":{"start":{"line":11,"column":20},"end":{"line":11,"column":21}},"loc":{"start":{"line":11,"column":35},"end":{"line":14,"column":3}},"line":11},"2":{"name":"(anonymous_2)","decl":{"start":{"line":18,"column":28},"end":{"line":18,"column":29}},"loc":{"start":{"line":18,"column":40},"end":{"line":21,"column":3}},"line":18},"3":{"name":"(anonymous_3)","decl":{"start":{"line":24,"column":23},"end":{"line":24,"column":24}},"loc":{"start":{"line":24,"column":47},"end":{"line":29,"column":3}},"line":24},"4":{"name":"(anonymous_4)","decl":{"start":{"line":32,"column":28},"end":{"line":32,"column":29}},"loc":{"start":{"line":32,"column":57},"end":{"line":37,"column":3}},"line":32},"5":{"name":"(anonymous_5)","decl":{"start":{"line":40,"column":19},"end":{"line":40,"column":20}},"loc":{"start":{"line":40,"column":48},"end":{"line":43,"column":3}},"line":40},"6":{"name":"(anonymous_6)","decl":{"start":{"line":46,"column":19},"end":{"line":46,"column":20}},"loc":{"start":{"line":46,"column":34},"end":{"line":49,"column":3}},"line":46},"7":{"name":"(anonymous_7)","decl":{"start":{"line":52,"column":34},"end":{"line":52,"column":35}},"loc":{"start":{"line":52,"column":69},"end":{"line":57,"column":3}},"line":52},"8":{"name":"(anonymous_8)","decl":{"start":{"line":60,"column":30},"end":{"line":60,"column":31}},"loc":{"start":{"line":60,"column":53},"end":{"line":64,"column":3}},"line":60},"9":{"name":"(anonymous_9)","decl":{"start":{"line":67,"column":19},"end":{"line":67,"column":20}},"loc":{"start":{"line":67,"column":34},"end":{"line":71,"column":3}},"line":67},"10":{"name":"(anonymous_10)","decl":{"start":{"line":74,"column":22},"end":{"line":74,"column":23}},"loc":{"start":{"line":74,"column":37},"end":{"line":77,"column":3}},"line":74}},"branchMap":{},"s":{"0":2,"1":2,"2":2,"3":0,"4":0,"5":2,"6":0,"7":0,"8":2,"9":0,"10":0,"11":2,"12":0,"13":0,"14":2,"15":0,"16":0,"17":2,"18":0,"19":0,"20":2,"21":0,"22":0,"23":2,"24":0,"25":0,"26":2,"27":0,"28":0,"29":2,"30":0,"31":0,"32":2,"33":0,"34":0,"35":2},"f":{"0":0,"1":0,"2":0,"3":0,"4":0,"5":0,"6":0,"7":0,"8":0,"9":0,"10":0},"b":{},"_coverageSchema":"1a1c01bbd47fc00a2c39e90264f33305004495a9","hash":"2147443f0c0766bb3f27a365e2689dbbaa36183b"}
,"/Users/bohyeonkim/Desktop/Act4_asDev/SpartaCoding/mainWeek/start-here/tuning-backend/c_repositories/collections.repository.js": {"path":"/Users/bohyeonkim/Desktop/Act4_asDev/SpartaCoding/mainWeek/start-here/tuning-backend/c_repositories/collections.repository.js","statementMap":{"0":{"start":{"line":1,"column":19},"end":{"line":1,"column":53}},"1":{"start":{"line":2,"column":13},"end":{"line":2,"column":41}},"2":{"start":{"line":3,"column":24},"end":{"line":3,"column":57}},"3":{"start":{"line":6,"column":20},"end":{"line":6,"column":41}},"4":{"start":{"line":8,"column":22},"end":{"line":14,"column":3}},"5":{"start":{"line":9,"column":24},"end":{"line":11,"column":6}},"6":{"start":{"line":13,"column":4},"end":{"line":13,"column":23}},"7":{"start":{"line":17,"column":30},"end":{"line":23,"column":3}},"8":{"start":{"line":18,"column":24},"end":{"line":20,"column":6}},"9":{"start":{"line":22,"column":4},"end":{"line":22,"column":23}},"10":{"start":{"line":26,"column":40},"end":{"line":43,"column":3}},"11":{"start":{"line":27,"column":25},"end":{"line":29,"column":6}},"12":{"start":{"line":31,"column":26},"end":{"line":31,"column":45}},"13":{"start":{"line":32,"column":20},"end":{"line":32,"column":69}},"14":{"start":{"line":35,"column":24},"end":{"line":40,"column":19}},"15":{"start":{"line":42,"column":4},"end":{"line":42,"column":51}},"16":{"start":{"line":46,"column":34},"end":{"line":52,"column":3}},"17":{"start":{"line":47,"column":24},"end":{"line":49,"column":6}},"18":{"start":{"line":51,"column":4},"end":{"line":51,"column":23}},"19":{"start":{"line":55,"column":44},"end":{"line":77,"column":3}},"20":{"start":{"line":60,"column":25},"end":{"line":64,"column":6}},"21":{"start":{"line":66,"column":26},"end":{"line":66,"column":45}},"22":{"start":{"line":67,"column":20},"end":{"line":67,"column":69}},"23":{"start":{"line":69,"column":28},"end":{"line":74,"column":19}},"24":{"start":{"line":76,"column":4},"end":{"line":76,"column":55}},"25":{"start":{"line":80,"column":22},"end":{"line":83,"column":3}},"26":{"start":{"line":81,"column":23},"end":{"line":81,"column":56}},"27":{"start":{"line":82,"column":4},"end":{"line":82,"column":22}},"28":{"start":{"line":86,"column":38},"end":{"line":98,"column":3}},"29":{"start":{"line":87,"column":23},"end":{"line":87,"column":56}},"30":{"start":{"line":89,"column":28},"end":{"line":89,"column":41}},"31":{"start":{"line":90,"column":20},"end":{"line":90,"column":71}},"32":{"start":{"line":92,"column":27},"end":{"line":95,"column":5}},"33":{"start":{"line":97,"column":4},"end":{"line":97,"column":56}},"34":{"start":{"line":101,"column":21},"end":{"line":119,"column":3}},"35":{"start":{"line":102,"column":19},"end":{"line":102,"column":21}},"36":{"start":{"line":103,"column":4},"end":{"line":106,"column":5}},"37":{"start":{"line":103,"column":17},"end":{"line":103,"column":18}},"38":{"start":{"line":104,"column":26},"end":{"line":104,"column":76}},"39":{"start":{"line":105,"column":6},"end":{"line":105,"column":29}},"40":{"start":{"line":108,"column":4},"end":{"line":108,"column":38}},"41":{"start":{"line":110,"column":23},"end":{"line":117,"column":6}},"42":{"start":{"line":118,"column":4},"end":{"line":118,"column":22}},"43":{"start":{"line":122,"column":25},"end":{"line":130,"column":3}},"44":{"start":{"line":123,"column":21},"end":{"line":123,"column":54}},"45":{"start":{"line":124,"column":4},"end":{"line":124,"column":41}},"46":{"start":{"line":126,"column":4},"end":{"line":126,"column":69}},"47":{"start":{"line":127,"column":30},"end":{"line":127,"column":63}},"48":{"start":{"line":129,"column":4},"end":{"line":129,"column":29}},"49":{"start":{"line":132,"column":30},"end":{"line":137,"column":3}},"50":{"start":{"line":133,"column":4},"end":{"line":133,"column":82}},"51":{"start":{"line":134,"column":30},"end":{"line":134,"column":63}},"52":{"start":{"line":136,"column":4},"end":{"line":136,"column":29}},"53":{"start":{"line":140,"column":19},"end":{"line":147,"column":3}},"54":{"start":{"line":141,"column":4},"end":{"line":141,"column":44}},"55":{"start":{"line":142,"column":27},"end":{"line":145,"column":5}},"56":{"start":{"line":146,"column":4},"end":{"line":146,"column":26}},"57":{"start":{"line":150,"column":21},"end":{"line":153,"column":3}},"58":{"start":{"line":151,"column":29},"end":{"line":151,"column":69}},"59":{"start":{"line":152,"column":4},"end":{"line":152,"column":28}},"60":{"start":{"line":156,"column":19},"end":{"line":160,"column":3}},"61":{"start":{"line":157,"column":27},"end":{"line":157,"column":93}},"62":{"start":{"line":159,"column":4},"end":{"line":159,"column":26}},"63":{"start":{"line":163,"column":31},"end":{"line":166,"column":3}},"64":{"start":{"line":164,"column":36},"end":{"line":164,"column":76}},"65":{"start":{"line":165,"column":4},"end":{"line":165,"column":35}},"66":{"start":{"line":169,"column":29},"end":{"line":173,"column":3}},"67":{"start":{"line":170,"column":18},"end":{"line":170,"column":58}},"68":{"start":{"line":172,"column":4},"end":{"line":172,"column":17}},"69":{"start":{"line":176,"column":19},"end":{"line":180,"column":3}},"70":{"start":{"line":177,"column":27},"end":{"line":177,"column":94}},"71":{"start":{"line":179,"column":4},"end":{"line":179,"column":32}},"72":{"start":{"line":183,"column":22},"end":{"line":186,"column":3}},"73":{"start":{"line":184,"column":30},"end":{"line":184,"column":97}},"74":{"start":{"line":185,"column":4},"end":{"line":185,"column":35}},"75":{"start":{"line":189,"column":27},"end":{"line":196,"column":3}},"76":{"start":{"line":190,"column":30},"end":{"line":192,"column":6}},"77":{"start":{"line":194,"column":4},"end":{"line":194,"column":35}},"78":{"start":{"line":195,"column":4},"end":{"line":195,"column":29}},"79":{"start":{"line":199,"column":37},"end":{"line":217,"column":3}},"80":{"start":{"line":200,"column":27},"end":{"line":202,"column":6}},"81":{"start":{"line":204,"column":27},"end":{"line":211,"column":19}},"82":{"start":{"line":213,"column":26},"end":{"line":213,"column":47}},"83":{"start":{"line":214,"column":20},"end":{"line":214,"column":69}},"84":{"start":{"line":216,"column":4},"end":{"line":216,"column":54}},"85":{"start":{"line":220,"column":30},"end":{"line":240,"column":3}},"86":{"start":{"line":221,"column":31},"end":{"line":225,"column":16}},"87":{"start":{"line":227,"column":23},"end":{"line":227,"column":25}},"88":{"start":{"line":228,"column":4},"end":{"line":237,"column":5}},"89":{"start":{"line":228,"column":17},"end":{"line":228,"column":18}},"90":{"start":{"line":229,"column":32},"end":{"line":229,"column":98}},"91":{"start":{"line":231,"column":21},"end":{"line":234,"column":7}},"92":{"start":{"line":236,"column":6},"end":{"line":236,"column":49}},"93":{"start":{"line":239,"column":4},"end":{"line":239,"column":22}},"94":{"start":{"line":243,"column":32},"end":{"line":263,"column":3}},"95":{"start":{"line":244,"column":33},"end":{"line":248,"column":16}},"96":{"start":{"line":250,"column":23},"end":{"line":250,"column":25}},"97":{"start":{"line":251,"column":4},"end":{"line":260,"column":5}},"98":{"start":{"line":251,"column":17},"end":{"line":251,"column":18}},"99":{"start":{"line":252,"column":32},"end":{"line":252,"column":100}},"100":{"start":{"line":254,"column":21},"end":{"line":257,"column":7}},"101":{"start":{"line":259,"column":6},"end":{"line":259,"column":51}},"102":{"start":{"line":262,"column":4},"end":{"line":262,"column":22}},"103":{"start":{"line":266,"column":39},"end":{"line":314,"column":3}},"104":{"start":{"line":267,"column":17},"end":{"line":267,"column":27}},"105":{"start":{"line":268,"column":15},"end":{"line":268,"column":30}},"106":{"start":{"line":270,"column":33},"end":{"line":270,"column":35}},"107":{"start":{"line":272,"column":4},"end":{"line":294,"column":5}},"108":{"start":{"line":273,"column":6},"end":{"line":282,"column":8}},"109":{"start":{"line":285,"column":6},"end":{"line":292,"column":8}},"110":{"start":{"line":296,"column":35},"end":{"line":302,"column":16}},"111":{"start":{"line":304,"column":23},"end":{"line":304,"column":25}},"112":{"start":{"line":305,"column":4},"end":{"line":311,"column":5}},"113":{"start":{"line":305,"column":17},"end":{"line":305,"column":18}},"114":{"start":{"line":306,"column":32},"end":{"line":306,"column":102}},"115":{"start":{"line":308,"column":6},"end":{"line":308,"column":126}},"116":{"start":{"line":310,"column":6},"end":{"line":310,"column":53}},"117":{"start":{"line":313,"column":4},"end":{"line":313,"column":22}},"118":{"start":{"line":317,"column":42},"end":{"line":380,"column":3}},"119":{"start":{"line":318,"column":33},"end":{"line":318,"column":35}},"120":{"start":{"line":320,"column":4},"end":{"line":353,"column":5}},"121":{"start":{"line":321,"column":6},"end":{"line":327,"column":8}},"122":{"start":{"line":328,"column":11},"end":{"line":353,"column":5}},"123":{"start":{"line":329,"column":6},"end":{"line":336,"column":8}},"124":{"start":{"line":337,"column":11},"end":{"line":353,"column":5}},"125":{"start":{"line":338,"column":6},"end":{"line":344,"column":8}},"126":{"start":{"line":346,"column":6},"end":{"line":352,"column":8}},"127":{"start":{"line":355,"column":35},"end":{"line":361,"column":16}},"128":{"start":{"line":363,"column":23},"end":{"line":363,"column":25}},"129":{"start":{"line":364,"column":4},"end":{"line":377,"column":5}},"130":{"start":{"line":364,"column":17},"end":{"line":364,"column":18}},"131":{"start":{"line":365,"column":32},"end":{"line":365,"column":102}},"132":{"start":{"line":367,"column":6},"end":{"line":374,"column":8}},"133":{"start":{"line":376,"column":6},"end":{"line":376,"column":53}},"134":{"start":{"line":379,"column":4},"end":{"line":379,"column":22}},"135":{"start":{"line":383,"column":21},"end":{"line":395,"column":3}},"136":{"start":{"line":384,"column":24},"end":{"line":384,"column":62}},"137":{"start":{"line":387,"column":4},"end":{"line":394,"column":5}},"138":{"start":{"line":387,"column":17},"end":{"line":387,"column":18}},"139":{"start":{"line":388,"column":33},"end":{"line":388,"column":92}},"140":{"start":{"line":388,"column":74},"end":{"line":388,"column":91}},"141":{"start":{"line":390,"column":21},"end":{"line":393,"column":7}},"142":{"start":{"line":398,"column":0},"end":{"line":398,"column":38}}},"fnMap":{"0":{"name":"(anonymous_0)","decl":{"start":{"line":8,"column":22},"end":{"line":8,"column":23}},"loc":{"start":{"line":8,"column":34},"end":{"line":14,"column":3}},"line":8},"1":{"name":"(anonymous_1)","decl":{"start":{"line":17,"column":30},"end":{"line":17,"column":31}},"loc":{"start":{"line":17,"column":49},"end":{"line":23,"column":3}},"line":17},"2":{"name":"(anonymous_2)","decl":{"start":{"line":26,"column":40},"end":{"line":26,"column":41}},"loc":{"start":{"line":26,"column":74},"end":{"line":43,"column":3}},"line":26},"3":{"name":"(anonymous_3)","decl":{"start":{"line":46,"column":34},"end":{"line":46,"column":35}},"loc":{"start":{"line":46,"column":57},"end":{"line":52,"column":3}},"line":46},"4":{"name":"(anonymous_4)","decl":{"start":{"line":55,"column":44},"end":{"line":55,"column":45}},"loc":{"start":{"line":59,"column":7},"end":{"line":77,"column":3}},"line":59},"5":{"name":"(anonymous_5)","decl":{"start":{"line":80,"column":22},"end":{"line":80,"column":23}},"loc":{"start":{"line":80,"column":37},"end":{"line":83,"column":3}},"line":80},"6":{"name":"(anonymous_6)","decl":{"start":{"line":86,"column":38},"end":{"line":86,"column":39}},"loc":{"start":{"line":86,"column":68},"end":{"line":98,"column":3}},"line":86},"7":{"name":"(anonymous_7)","decl":{"start":{"line":101,"column":21},"end":{"line":101,"column":22}},"loc":{"start":{"line":101,"column":91},"end":{"line":119,"column":3}},"line":101},"8":{"name":"(anonymous_8)","decl":{"start":{"line":122,"column":25},"end":{"line":122,"column":26}},"loc":{"start":{"line":122,"column":53},"end":{"line":130,"column":3}},"line":122},"9":{"name":"(anonymous_9)","decl":{"start":{"line":132,"column":30},"end":{"line":132,"column":31}},"loc":{"start":{"line":132,"column":58},"end":{"line":137,"column":3}},"line":132},"10":{"name":"(anonymous_10)","decl":{"start":{"line":140,"column":19},"end":{"line":140,"column":20}},"loc":{"start":{"line":140,"column":94},"end":{"line":147,"column":3}},"line":140},"11":{"name":"(anonymous_11)","decl":{"start":{"line":150,"column":21},"end":{"line":150,"column":22}},"loc":{"start":{"line":150,"column":36},"end":{"line":153,"column":3}},"line":150},"12":{"name":"(anonymous_12)","decl":{"start":{"line":156,"column":19},"end":{"line":156,"column":20}},"loc":{"start":{"line":156,"column":46},"end":{"line":160,"column":3}},"line":156},"13":{"name":"(anonymous_13)","decl":{"start":{"line":163,"column":31},"end":{"line":163,"column":32}},"loc":{"start":{"line":163,"column":62},"end":{"line":166,"column":3}},"line":163},"14":{"name":"(anonymous_14)","decl":{"start":{"line":169,"column":29},"end":{"line":169,"column":30}},"loc":{"start":{"line":169,"column":54},"end":{"line":173,"column":3}},"line":169},"15":{"name":"(anonymous_15)","decl":{"start":{"line":176,"column":19},"end":{"line":176,"column":20}},"loc":{"start":{"line":176,"column":34},"end":{"line":180,"column":3}},"line":176},"16":{"name":"(anonymous_16)","decl":{"start":{"line":183,"column":22},"end":{"line":183,"column":23}},"loc":{"start":{"line":183,"column":37},"end":{"line":186,"column":3}},"line":183},"17":{"name":"(anonymous_17)","decl":{"start":{"line":189,"column":27},"end":{"line":189,"column":28}},"loc":{"start":{"line":189,"column":46},"end":{"line":196,"column":3}},"line":189},"18":{"name":"(anonymous_18)","decl":{"start":{"line":199,"column":37},"end":{"line":199,"column":38}},"loc":{"start":{"line":199,"column":71},"end":{"line":217,"column":3}},"line":199},"19":{"name":"(anonymous_19)","decl":{"start":{"line":220,"column":30},"end":{"line":220,"column":31}},"loc":{"start":{"line":220,"column":42},"end":{"line":240,"column":3}},"line":220},"20":{"name":"(anonymous_20)","decl":{"start":{"line":243,"column":32},"end":{"line":243,"column":33}},"loc":{"start":{"line":243,"column":44},"end":{"line":263,"column":3}},"line":243},"21":{"name":"(anonymous_21)","decl":{"start":{"line":266,"column":39},"end":{"line":266,"column":40}},"loc":{"start":{"line":266,"column":51},"end":{"line":314,"column":3}},"line":266},"22":{"name":"(anonymous_22)","decl":{"start":{"line":317,"column":42},"end":{"line":317,"column":43}},"loc":{"start":{"line":317,"column":61},"end":{"line":380,"column":3}},"line":317},"23":{"name":"(anonymous_23)","decl":{"start":{"line":383,"column":21},"end":{"line":383,"column":22}},"loc":{"start":{"line":383,"column":44},"end":{"line":395,"column":3}},"line":383},"24":{"name":"(anonymous_24)","decl":{"start":{"line":388,"column":67},"end":{"line":388,"column":68}},"loc":{"start":{"line":388,"column":74},"end":{"line":388,"column":91}},"line":388}},"branchMap":{"0":{"loc":{"start":{"line":32,"column":20},"end":{"line":32,"column":69}},"type":"cond-expr","locations":[{"start":{"line":32,"column":57},"end":{"line":32,"column":61}},{"start":{"line":32,"column":64},"end":{"line":32,"column":69}}],"line":32},"1":{"loc":{"start":{"line":67,"column":20},"end":{"line":67,"column":69}},"type":"cond-expr","locations":[{"start":{"line":67,"column":57},"end":{"line":67,"column":61}},{"start":{"line":67,"column":64},"end":{"line":67,"column":69}}],"line":67},"2":{"loc":{"start":{"line":90,"column":20},"end":{"line":90,"column":71}},"type":"cond-expr","locations":[{"start":{"line":90,"column":59},"end":{"line":90,"column":63}},{"start":{"line":90,"column":66},"end":{"line":90,"column":71}}],"line":90},"3":{"loc":{"start":{"line":214,"column":20},"end":{"line":214,"column":69}},"type":"cond-expr","locations":[{"start":{"line":214,"column":57},"end":{"line":214,"column":61}},{"start":{"line":214,"column":64},"end":{"line":214,"column":69}}],"line":214},"4":{"loc":{"start":{"line":272,"column":4},"end":{"line":294,"column":5}},"type":"if","locations":[{"start":{"line":272,"column":4},"end":{"line":294,"column":5}},{"start":{"line":284,"column":11},"end":{"line":294,"column":5}}],"line":272},"5":{"loc":{"start":{"line":320,"column":4},"end":{"line":353,"column":5}},"type":"if","locations":[{"start":{"line":320,"column":4},"end":{"line":353,"column":5}},{"start":{"line":328,"column":11},"end":{"line":353,"column":5}}],"line":320},"6":{"loc":{"start":{"line":328,"column":11},"end":{"line":353,"column":5}},"type":"if","locations":[{"start":{"line":328,"column":11},"end":{"line":353,"column":5}},{"start":{"line":337,"column":11},"end":{"line":353,"column":5}}],"line":328},"7":{"loc":{"start":{"line":337,"column":11},"end":{"line":353,"column":5}},"type":"if","locations":[{"start":{"line":337,"column":11},"end":{"line":353,"column":5}},{"start":{"line":345,"column":11},"end":{"line":353,"column":5}}],"line":337}},"s":{"0":2,"1":2,"2":2,"3":2,"4":2,"5":0,"6":0,"7":2,"8":0,"9":0,"10":2,"11":0,"12":0,"13":0,"14":0,"15":0,"16":2,"17":0,"18":0,"19":2,"20":0,"21":0,"22":0,"23":0,"24":0,"25":2,"26":0,"27":0,"28":2,"29":0,"30":0,"31":0,"32":0,"33":0,"34":2,"35":0,"36":0,"37":0,"38":0,"39":0,"40":0,"41":0,"42":0,"43":2,"44":0,"45":0,"46":0,"47":0,"48":0,"49":2,"50":0,"51":0,"52":0,"53":2,"54":0,"55":0,"56":0,"57":2,"58":0,"59":0,"60":2,"61":0,"62":0,"63":2,"64":0,"65":0,"66":2,"67":0,"68":0,"69":2,"70":0,"71":0,"72":2,"73":0,"74":0,"75":2,"76":0,"77":0,"78":0,"79":2,"80":0,"81":0,"82":0,"83":0,"84":0,"85":2,"86":0,"87":0,"88":0,"89":0,"90":0,"91":0,"92":0,"93":0,"94":2,"95":0,"96":0,"97":0,"98":0,"99":0,"100":0,"101":0,"102":0,"103":2,"104":0,"105":0,"106":0,"107":0,"108":0,"109":0,"110":0,"111":0,"112":0,"113":0,"114":0,"115":0,"116":0,"117":0,"118":2,"119":0,"120":0,"121":0,"122":0,"123":0,"124":0,"125":0,"126":0,"127":0,"128":0,"129":0,"130":0,"131":0,"132":0,"133":0,"134":0,"135":2,"136":0,"137":0,"138":0,"139":0,"140":0,"141":0,"142":2},"f":{"0":0,"1":0,"2":0,"3":0,"4":0,"5":0,"6":0,"7":0,"8":0,"9":0,"10":0,"11":0,"12":0,"13":0,"14":0,"15":0,"16":0,"17":0,"18":0,"19":0,"20":0,"21":0,"22":0,"23":0,"24":0},"b":{"0":[0,0],"1":[0,0],"2":[0,0],"3":[0,0],"4":[0,0],"5":[0,0],"6":[0,0],"7":[0,0]},"_coverageSchema":"1a1c01bbd47fc00a2c39e90264f33305004495a9","hash":"885493538f8b07aa8e692f662a7c584061c0efe0"}
,"/Users/bohyeonkim/Desktop/Act4_asDev/SpartaCoding/mainWeek/start-here/tuning-backend/c_repositories/comments.repository.js": {"path":"/Users/bohyeonkim/Desktop/Act4_asDev/SpartaCoding/mainWeek/start-here/tuning-backend/c_repositories/comments.repository.js","statementMap":{"0":{"start":{"line":1,"column":16},"end":{"line":1,"column":47}},"1":{"start":{"line":5,"column":33},"end":{"line":11,"column":3}},"2":{"start":{"line":6,"column":21},"end":{"line":8,"column":6}},"3":{"start":{"line":10,"column":4},"end":{"line":10,"column":20}},"4":{"start":{"line":14,"column":18},"end":{"line":22,"column":3}},"5":{"start":{"line":15,"column":26},"end":{"line":20,"column":6}},"6":{"start":{"line":21,"column":4},"end":{"line":21,"column":25}},"7":{"start":{"line":25,"column":21},"end":{"line":28,"column":3}},"8":{"start":{"line":26,"column":24},"end":{"line":26,"column":66}},"9":{"start":{"line":27,"column":4},"end":{"line":27,"column":23}},"10":{"start":{"line":31,"column":18},"end":{"line":37,"column":3}},"11":{"start":{"line":32,"column":26},"end":{"line":35,"column":5}},"12":{"start":{"line":36,"column":4},"end":{"line":36,"column":25}},"13":{"start":{"line":40,"column":18},"end":{"line":43,"column":3}},"14":{"start":{"line":41,"column":26},"end":{"line":41,"column":58}},"15":{"start":{"line":42,"column":4},"end":{"line":42,"column":25}},"16":{"start":{"line":46,"column":0},"end":{"line":46,"column":35}}},"fnMap":{"0":{"name":"(anonymous_0)","decl":{"start":{"line":5,"column":33},"end":{"line":5,"column":34}},"loc":{"start":{"line":5,"column":58},"end":{"line":11,"column":3}},"line":5},"1":{"name":"(anonymous_1)","decl":{"start":{"line":14,"column":18},"end":{"line":14,"column":19}},"loc":{"start":{"line":14,"column":61},"end":{"line":22,"column":3}},"line":14},"2":{"name":"(anonymous_2)","decl":{"start":{"line":25,"column":21},"end":{"line":25,"column":22}},"loc":{"start":{"line":25,"column":43},"end":{"line":28,"column":3}},"line":25},"3":{"name":"(anonymous_3)","decl":{"start":{"line":31,"column":18},"end":{"line":31,"column":19}},"loc":{"start":{"line":31,"column":42},"end":{"line":37,"column":3}},"line":31},"4":{"name":"(anonymous_4)","decl":{"start":{"line":40,"column":18},"end":{"line":40,"column":19}},"loc":{"start":{"line":40,"column":33},"end":{"line":43,"column":3}},"line":40}},"branchMap":{},"s":{"0":1,"1":1,"2":0,"3":0,"4":1,"5":0,"6":0,"7":1,"8":0,"9":0,"10":1,"11":0,"12":0,"13":1,"14":0,"15":0,"16":1},"f":{"0":0,"1":0,"2":0,"3":0,"4":0},"b":{},"_coverageSchema":"1a1c01bbd47fc00a2c39e90264f33305004495a9","hash":"1d0c8dbf3df651255b15c7908f471b1a9cd753c8"}
,"/Users/bohyeonkim/Desktop/Act4_asDev/SpartaCoding/mainWeek/start-here/tuning-backend/c_repositories/users.repository.js": {"path":"/Users/bohyeonkim/Desktop/Act4_asDev/SpartaCoding/mainWeek/start-here/tuning-backend/c_repositories/users.repository.js","statementMap":{"0":{"start":{"line":1,"column":13},"end":{"line":1,"column":41}},"1":{"start":{"line":5,"column":16},"end":{"line":8,"column":3}},"2":{"start":{"line":6,"column":27},"end":{"line":6,"column":63}},"3":{"start":{"line":7,"column":4},"end":{"line":7,"column":26}},"4":{"start":{"line":11,"column":15},"end":{"line":14,"column":3}},"5":{"start":{"line":12,"column":24},"end":{"line":12,"column":62}},"6":{"start":{"line":13,"column":4},"end":{"line":13,"column":23}},"7":{"start":{"line":16,"column":23},"end":{"line":20,"column":3}},"8":{"start":{"line":17,"column":24},"end":{"line":17,"column":91}},"9":{"start":{"line":19,"column":4},"end":{"line":19,"column":23}},"10":{"start":{"line":23,"column":19},"end":{"line":26,"column":3}},"11":{"start":{"line":24,"column":25},"end":{"line":24,"column":80}},"12":{"start":{"line":25,"column":4},"end":{"line":25,"column":24}},"13":{"start":{"line":29,"column":33},"end":{"line":32,"column":3}},"14":{"start":{"line":30,"column":35},"end":{"line":30,"column":74}},"15":{"start":{"line":31,"column":4},"end":{"line":31,"column":34}},"16":{"start":{"line":35,"column":19},"end":{"line":45,"column":3}},"17":{"start":{"line":37,"column":36},"end":{"line":37,"column":72}},"18":{"start":{"line":40,"column":4},"end":{"line":40,"column":44}},"19":{"start":{"line":43,"column":26},"end":{"line":43,"column":110}},"20":{"start":{"line":44,"column":4},"end":{"line":44,"column":25}},"21":{"start":{"line":48,"column":22},"end":{"line":58,"column":3}},"22":{"start":{"line":50,"column":36},"end":{"line":50,"column":72}},"23":{"start":{"line":53,"column":24},"end":{"line":53,"column":78}},"24":{"start":{"line":53,"column":58},"end":{"line":53,"column":77}},"25":{"start":{"line":56,"column":26},"end":{"line":56,"column":102}},"26":{"start":{"line":57,"column":4},"end":{"line":57,"column":25}},"27":{"start":{"line":60,"column":23},"end":{"line":70,"column":3}},"28":{"start":{"line":62,"column":30},"end":{"line":62,"column":66}},"29":{"start":{"line":65,"column":4},"end":{"line":65,"column":38}},"30":{"start":{"line":68,"column":26},"end":{"line":68,"column":98}},"31":{"start":{"line":69,"column":4},"end":{"line":69,"column":25}},"32":{"start":{"line":73,"column":26},"end":{"line":76,"column":3}},"33":{"start":{"line":74,"column":28},"end":{"line":74,"column":95}},"34":{"start":{"line":75,"column":4},"end":{"line":75,"column":27}},"35":{"start":{"line":78,"column":23},"end":{"line":88,"column":3}},"36":{"start":{"line":80,"column":30},"end":{"line":80,"column":66}},"37":{"start":{"line":83,"column":24},"end":{"line":83,"column":72}},"38":{"start":{"line":83,"column":52},"end":{"line":83,"column":71}},"39":{"start":{"line":86,"column":26},"end":{"line":86,"column":96}},"40":{"start":{"line":87,"column":4},"end":{"line":87,"column":25}},"41":{"start":{"line":90,"column":15},"end":{"line":97,"column":3}},"42":{"start":{"line":91,"column":27},"end":{"line":91,"column":63}},"43":{"start":{"line":92,"column":4},"end":{"line":92,"column":45}},"44":{"start":{"line":95,"column":26},"end":{"line":95,"column":80}},"45":{"start":{"line":96,"column":4},"end":{"line":96,"column":25}},"46":{"start":{"line":99,"column":17},"end":{"line":108,"column":3}},"47":{"start":{"line":100,"column":27},"end":{"line":100,"column":63}},"48":{"start":{"line":103,"column":24},"end":{"line":103,"column":68}},"49":{"start":{"line":103,"column":49},"end":{"line":103,"column":67}},"50":{"start":{"line":106,"column":26},"end":{"line":106,"column":93}},"51":{"start":{"line":107,"column":4},"end":{"line":107,"column":25}},"52":{"start":{"line":111,"column":31},"end":{"line":114,"column":3}},"53":{"start":{"line":112,"column":36},"end":{"line":112,"column":75}},"54":{"start":{"line":113,"column":4},"end":{"line":113,"column":35}},"55":{"start":{"line":117,"column":0},"end":{"line":117,"column":33}}},"fnMap":{"0":{"name":"(anonymous_0)","decl":{"start":{"line":5,"column":16},"end":{"line":5,"column":17}},"loc":{"start":{"line":5,"column":35},"end":{"line":8,"column":3}},"line":5},"1":{"name":"(anonymous_1)","decl":{"start":{"line":11,"column":15},"end":{"line":11,"column":16}},"loc":{"start":{"line":11,"column":30},"end":{"line":14,"column":3}},"line":11},"2":{"name":"(anonymous_2)","decl":{"start":{"line":16,"column":23},"end":{"line":16,"column":24}},"loc":{"start":{"line":16,"column":67},"end":{"line":20,"column":3}},"line":16},"3":{"name":"(anonymous_3)","decl":{"start":{"line":23,"column":19},"end":{"line":23,"column":20}},"loc":{"start":{"line":23,"column":56},"end":{"line":26,"column":3}},"line":23},"4":{"name":"(anonymous_4)","decl":{"start":{"line":29,"column":33},"end":{"line":29,"column":34}},"loc":{"start":{"line":29,"column":63},"end":{"line":32,"column":3}},"line":29},"5":{"name":"(anonymous_5)","decl":{"start":{"line":35,"column":19},"end":{"line":35,"column":20}},"loc":{"start":{"line":35,"column":53},"end":{"line":45,"column":3}},"line":35},"6":{"name":"(anonymous_6)","decl":{"start":{"line":48,"column":22},"end":{"line":48,"column":23}},"loc":{"start":{"line":48,"column":56},"end":{"line":58,"column":3}},"line":48},"7":{"name":"(anonymous_7)","decl":{"start":{"line":53,"column":51},"end":{"line":53,"column":52}},"loc":{"start":{"line":53,"column":58},"end":{"line":53,"column":77}},"line":53},"8":{"name":"(anonymous_8)","decl":{"start":{"line":60,"column":23},"end":{"line":60,"column":24}},"loc":{"start":{"line":60,"column":57},"end":{"line":70,"column":3}},"line":60},"9":{"name":"(anonymous_9)","decl":{"start":{"line":73,"column":26},"end":{"line":73,"column":27}},"loc":{"start":{"line":73,"column":70},"end":{"line":76,"column":3}},"line":73},"10":{"name":"(anonymous_10)","decl":{"start":{"line":78,"column":23},"end":{"line":78,"column":24}},"loc":{"start":{"line":78,"column":57},"end":{"line":88,"column":3}},"line":78},"11":{"name":"(anonymous_11)","decl":{"start":{"line":83,"column":45},"end":{"line":83,"column":46}},"loc":{"start":{"line":83,"column":52},"end":{"line":83,"column":71}},"line":83},"12":{"name":"(anonymous_12)","decl":{"start":{"line":90,"column":15},"end":{"line":90,"column":16}},"loc":{"start":{"line":90,"column":48},"end":{"line":97,"column":3}},"line":90},"13":{"name":"(anonymous_13)","decl":{"start":{"line":99,"column":17},"end":{"line":99,"column":18}},"loc":{"start":{"line":99,"column":50},"end":{"line":108,"column":3}},"line":99},"14":{"name":"(anonymous_14)","decl":{"start":{"line":103,"column":42},"end":{"line":103,"column":43}},"loc":{"start":{"line":103,"column":49},"end":{"line":103,"column":67}},"line":103},"15":{"name":"(anonymous_15)","decl":{"start":{"line":111,"column":31},"end":{"line":111,"column":32}},"loc":{"start":{"line":111,"column":61},"end":{"line":114,"column":3}},"line":111}},"branchMap":{},"s":{"0":2,"1":2,"2":0,"3":0,"4":2,"5":0,"6":0,"7":2,"8":0,"9":0,"10":2,"11":0,"12":0,"13":2,"14":0,"15":0,"16":2,"17":0,"18":0,"19":0,"20":0,"21":2,"22":0,"23":0,"24":0,"25":0,"26":0,"27":2,"28":0,"29":0,"30":0,"31":0,"32":2,"33":0,"34":0,"35":2,"36":0,"37":0,"38":0,"39":0,"40":0,"41":2,"42":0,"43":0,"44":0,"45":0,"46":2,"47":0,"48":0,"49":0,"50":0,"51":0,"52":2,"53":0,"54":0,"55":2},"f":{"0":0,"1":0,"2":0,"3":0,"4":0,"5":0,"6":0,"7":0,"8":0,"9":0,"10":0,"11":0,"12":0,"13":0,"14":0,"15":0},"b":{},"_coverageSchema":"1a1c01bbd47fc00a2c39e90264f33305004495a9","hash":"dba043c04676a7ce57bb651b46744c81f4c88ad8"}
,"/Users/bohyeonkim/Desktop/Act4_asDev/SpartaCoding/mainWeek/start-here/tuning-backend/c_repositories/videos.repository.js": {"path":"/Users/bohyeonkim/Desktop/Act4_asDev/SpartaCoding/mainWeek/start-here/tuning-backend/c_repositories/videos.repository.js","statementMap":{"0":{"start":{"line":1,"column":14},"end":{"line":1,"column":43}},"1":{"start":{"line":2,"column":14},"end":{"line":2,"column":30}},"2":{"start":{"line":6,"column":17},"end":{"line":9,"column":3}},"3":{"start":{"line":7,"column":22},"end":{"line":7,"column":50}},"4":{"start":{"line":8,"column":4},"end":{"line":8,"column":21}},"5":{"start":{"line":12,"column":17},"end":{"line":18,"column":3}},"6":{"start":{"line":13,"column":22},"end":{"line":15,"column":6}},"7":{"start":{"line":17,"column":4},"end":{"line":17,"column":21}},"8":{"start":{"line":21,"column":16},"end":{"line":32,"column":3}},"9":{"start":{"line":22,"column":25},"end":{"line":29,"column":6}},"10":{"start":{"line":31,"column":4},"end":{"line":31,"column":24}},"11":{"start":{"line":34,"column":22},"end":{"line":69,"column":3}},"12":{"start":{"line":35,"column":4},"end":{"line":68,"column":5}},"13":{"start":{"line":36,"column":26},"end":{"line":38,"column":7}},"14":{"start":{"line":40,"column":20},"end":{"line":50,"column":8}},"15":{"start":{"line":41,"column":8},"end":{"line":49,"column":10}},"16":{"start":{"line":52,"column":22},"end":{"line":62,"column":7}},"17":{"start":{"line":54,"column":29},"end":{"line":54,"column":72}},"18":{"start":{"line":55,"column":10},"end":{"line":60,"column":11}},"19":{"start":{"line":56,"column":12},"end":{"line":56,"column":30}},"20":{"start":{"line":58,"column":33},"end":{"line":58,"column":54}},"21":{"start":{"line":59,"column":12},"end":{"line":59,"column":32}},"22":{"start":{"line":64,"column":6},"end":{"line":64,"column":42}},"23":{"start":{"line":65,"column":6},"end":{"line":65,"column":23}},"24":{"start":{"line":67,"column":6},"end":{"line":67,"column":23}},"25":{"start":{"line":89,"column":16},"end":{"line":93,"column":3}},"26":{"start":{"line":90,"column":25},"end":{"line":90,"column":60}},"27":{"start":{"line":92,"column":4},"end":{"line":92,"column":24}},"28":{"start":{"line":96,"column":0},"end":{"line":96,"column":33}}},"fnMap":{"0":{"name":"(anonymous_0)","decl":{"start":{"line":6,"column":17},"end":{"line":6,"column":18}},"loc":{"start":{"line":6,"column":32},"end":{"line":9,"column":3}},"line":6},"1":{"name":"(anonymous_1)","decl":{"start":{"line":12,"column":17},"end":{"line":12,"column":18}},"loc":{"start":{"line":12,"column":45},"end":{"line":18,"column":3}},"line":12},"2":{"name":"(anonymous_2)","decl":{"start":{"line":21,"column":16},"end":{"line":21,"column":17}},"loc":{"start":{"line":21,"column":98},"end":{"line":32,"column":3}},"line":21},"3":{"name":"(anonymous_3)","decl":{"start":{"line":34,"column":22},"end":{"line":34,"column":23}},"loc":{"start":{"line":34,"column":40},"end":{"line":69,"column":3}},"line":34},"4":{"name":"(anonymous_4)","decl":{"start":{"line":40,"column":47},"end":{"line":40,"column":48}},"loc":{"start":{"line":40,"column":54},"end":{"line":50,"column":7}},"line":40},"5":{"name":"(anonymous_5)","decl":{"start":{"line":53,"column":18},"end":{"line":53,"column":19}},"loc":{"start":{"line":53,"column":31},"end":{"line":61,"column":9}},"line":53},"6":{"name":"(anonymous_6)","decl":{"start":{"line":89,"column":16},"end":{"line":89,"column":17}},"loc":{"start":{"line":89,"column":31},"end":{"line":93,"column":3}},"line":89}},"branchMap":{"0":{"loc":{"start":{"line":12,"column":24},"end":{"line":12,"column":40}},"type":"default-arg","locations":[{"start":{"line":12,"column":34},"end":{"line":12,"column":40}}],"line":12},"1":{"loc":{"start":{"line":48,"column":23},"end":{"line":48,"column":74}},"type":"cond-expr","locations":[{"start":{"line":48,"column":47},"end":{"line":48,"column":68}},{"start":{"line":48,"column":71},"end":{"line":48,"column":74}}],"line":48},"2":{"loc":{"start":{"line":55,"column":10},"end":{"line":60,"column":11}},"type":"if","locations":[{"start":{"line":55,"column":10},"end":{"line":60,"column":11}},{"start":{"line":57,"column":17},"end":{"line":60,"column":11}}],"line":55}},"s":{"0":2,"1":2,"2":3,"3":0,"4":0,"5":3,"6":0,"7":0,"8":3,"9":0,"10":0,"11":3,"12":0,"13":0,"14":0,"15":0,"16":0,"17":0,"18":0,"19":0,"20":0,"21":0,"22":0,"23":0,"24":0,"25":3,"26":0,"27":0,"28":2},"f":{"0":0,"1":0,"2":0,"3":0,"4":0,"5":0,"6":0},"b":{"0":[0],"1":[0,0],"2":[0,0]},"_coverageSchema":"1a1c01bbd47fc00a2c39e90264f33305004495a9","hash":"976c9c59de45a52f430272b3b5fee25cc5d80fa0"}
,"/Users/bohyeonkim/Desktop/Act4_asDev/SpartaCoding/mainWeek/start-here/tuning-backend/d_schemas/category.js": {"path":"/Users/bohyeonkim/Desktop/Act4_asDev/SpartaCoding/mainWeek/start-here/tuning-backend/d_schemas/category.js","statementMap":{"0":{"start":{"line":1,"column":17},"end":{"line":1,"column":36}},"1":{"start":{"line":3,"column":23},"end":{"line":20,"column":2}},"2":{"start":{"line":22,"column":0},"end":{"line":22,"column":62}}},"fnMap":{},"branchMap":{},"s":{"0":2,"1":2,"2":2},"f":{},"b":{},"_coverageSchema":"1a1c01bbd47fc00a2c39e90264f33305004495a9","hash":"c54b3895448585d0bca3cbbcd4ec9750f0d2c38e"}
,"/Users/bohyeonkim/Desktop/Act4_asDev/SpartaCoding/mainWeek/start-here/tuning-backend/d_schemas/collection.js": {"path":"/Users/bohyeonkim/Desktop/Act4_asDev/SpartaCoding/mainWeek/start-here/tuning-backend/d_schemas/collection.js","statementMap":{"0":{"start":{"line":1,"column":17},"end":{"line":1,"column":36}},"1":{"start":{"line":3,"column":25},"end":{"line":46,"column":2}},"2":{"start":{"line":50,"column":0},"end":{"line":50,"column":65}}},"fnMap":{},"branchMap":{},"s":{"0":2,"1":2,"2":2},"f":{},"b":{},"_coverageSchema":"1a1c01bbd47fc00a2c39e90264f33305004495a9","hash":"ffc5f502c4e2623f2c15c977406842572a41d0eb"}
,"/Users/bohyeonkim/Desktop/Act4_asDev/SpartaCoding/mainWeek/start-here/tuning-backend/d_schemas/comment.js": {"path":"/Users/bohyeonkim/Desktop/Act4_asDev/SpartaCoding/mainWeek/start-here/tuning-backend/d_schemas/comment.js","statementMap":{"0":{"start":{"line":1,"column":17},"end":{"line":1,"column":36}},"1":{"start":{"line":3,"column":22},"end":{"line":21,"column":2}},"2":{"start":{"line":23,"column":0},"end":{"line":23,"column":59}}},"fnMap":{},"branchMap":{},"s":{"0":1,"1":1,"2":1},"f":{},"b":{},"_coverageSchema":"1a1c01bbd47fc00a2c39e90264f33305004495a9","hash":"9c4e5a5f0b45c08adab65e29bf0505390f5f652b"}
,"/Users/bohyeonkim/Desktop/Act4_asDev/SpartaCoding/mainWeek/start-here/tuning-backend/d_schemas/user.js": {"path":"/Users/bohyeonkim/Desktop/Act4_asDev/SpartaCoding/mainWeek/start-here/tuning-backend/d_schemas/user.js","statementMap":{"0":{"start":{"line":1,"column":17},"end":{"line":1,"column":36}},"1":{"start":{"line":4,"column":14},"end":{"line":62,"column":2}},"2":{"start":{"line":65,"column":0},"end":{"line":65,"column":48}}},"fnMap":{},"branchMap":{},"s":{"0":2,"1":2,"2":2},"f":{},"b":{},"_coverageSchema":"1a1c01bbd47fc00a2c39e90264f33305004495a9","hash":"9fe49012143711b6d982d41ac5ee50336f321686"}
,"/Users/bohyeonkim/Desktop/Act4_asDev/SpartaCoding/mainWeek/start-here/tuning-backend/d_schemas/video.js": {"path":"/Users/bohyeonkim/Desktop/Act4_asDev/SpartaCoding/mainWeek/start-here/tuning-backend/d_schemas/video.js","statementMap":{"0":{"start":{"line":1,"column":17},"end":{"line":1,"column":36}},"1":{"start":{"line":3,"column":20},"end":{"line":39,"column":2}},"2":{"start":{"line":41,"column":0},"end":{"line":41,"column":55}}},"fnMap":{},"branchMap":{},"s":{"0":2,"1":2,"2":2},"f":{},"b":{},"_coverageSchema":"1a1c01bbd47fc00a2c39e90264f33305004495a9","hash":"2b2bc601eb0a683db64dcd6fd13c8cea366edf49"}
,"/Users/bohyeonkim/Desktop/Act4_asDev/SpartaCoding/mainWeek/start-here/tuning-backend/test/data/collection-data-in.js": {"path":"/Users/bohyeonkim/Desktop/Act4_asDev/SpartaCoding/mainWeek/start-here/tuning-backend/test/data/collection-data-in.js","statementMap":{"0":{"start":{"line":1,"column":14},"end":{"line":119,"column":1}},"1":{"start":{"line":121,"column":25},"end":{"line":314,"column":1}},"2":{"start":{"line":316,"column":25},"end":{"line":455,"column":1}},"3":{"start":{"line":457,"column":30},"end":{"line":567,"column":1}},"4":{"start":{"line":569,"column":25},"end":{"line":596,"column":1}},"5":{"start":{"line":598,"column":27},"end":{"line":707,"column":1}},"6":{"start":{"line":709,"column":25},"end":{"line":878,"column":1}},"7":{"start":{"line":880,"column":17},"end":{"line":893,"column":1}},"8":{"start":{"line":895,"column":0},"end":{"line":904,"column":2}}},"fnMap":{},"branchMap":{},"s":{"0":1,"1":1,"2":1,"3":1,"4":1,"5":1,"6":1,"7":1,"8":1},"f":{},"b":{},"_coverageSchema":"1a1c01bbd47fc00a2c39e90264f33305004495a9","hash":"17dcce4821b64a0238e80a37a1cc0b0f6f6177ad"}
,"/Users/bohyeonkim/Desktop/Act4_asDev/SpartaCoding/mainWeek/start-here/tuning-backend/test/data/user-data-in.js": {"path":"/Users/bohyeonkim/Desktop/Act4_asDev/SpartaCoding/mainWeek/start-here/tuning-backend/test/data/user-data-in.js","statementMap":{"0":{"start":{"line":1,"column":14},"end":{"line":119,"column":1}},"1":{"start":{"line":121,"column":25},"end":{"line":314,"column":1}},"2":{"start":{"line":316,"column":25},"end":{"line":455,"column":1}},"3":{"start":{"line":457,"column":30},"end":{"line":568,"column":1}},"4":{"start":{"line":570,"column":25},"end":{"line":597,"column":1}},"5":{"start":{"line":599,"column":27},"end":{"line":708,"column":1}},"6":{"start":{"line":710,"column":25},"end":{"line":879,"column":1}},"7":{"start":{"line":881,"column":0},"end":{"line":889,"column":2}}},"fnMap":{},"branchMap":{},"s":{"0":1,"1":1,"2":1,"3":1,"4":1,"5":1,"6":1,"7":1},"f":{},"b":{},"_coverageSchema":"1a1c01bbd47fc00a2c39e90264f33305004495a9","hash":"3779c144b8a4564fdf2a234e67f3cc3419a59d61"}
}
