{"/Users/bohyeonkim/Desktop/Act4_asDev/SpartaCoding/mainWeek/start-here/tuning-backend/app.js": {"path":"/Users/bohyeonkim/Desktop/Act4_asDev/SpartaCoding/mainWeek/start-here/tuning-backend/app.js","statementMap":{"0":{"start":{"line":1,"column":0},"end":{"line":1,"column":27}},"1":{"start":{"line":2,"column":20},"end":{"line":2,"column":42}},"2":{"start":{"line":3,"column":15},"end":{"line":3,"column":32}},"3":{"start":{"line":5,"column":16},"end":{"line":5,"column":34}},"4":{"start":{"line":6,"column":13},"end":{"line":6,"column":28}},"5":{"start":{"line":7,"column":21},"end":{"line":7,"column":45}},"6":{"start":{"line":9,"column":17},"end":{"line":9,"column":36}},"7":{"start":{"line":10,"column":16},"end":{"line":10,"column":47}},"8":{"start":{"line":11,"column":0},"end":{"line":11,"column":10}},"9":{"start":{"line":13,"column":16},"end":{"line":13,"column":42}},"10":{"start":{"line":14,"column":21},"end":{"line":14,"column":64}},"11":{"start":{"line":15,"column":14},"end":{"line":18,"column":2}},"12":{"start":{"line":19,"column":0},"end":{"line":21,"column":3}},"13":{"start":{"line":20,"column":2},"end":{"line":20,"column":21}},"14":{"start":{"line":24,"column":17},"end":{"line":24,"column":36}},"15":{"start":{"line":25,"column":23},"end":{"line":25,"column":53}},"16":{"start":{"line":26,"column":0},"end":{"line":26,"column":17}},"17":{"start":{"line":27,"column":0},"end":{"line":27,"column":50}},"18":{"start":{"line":30,"column":12},"end":{"line":30,"column":21}},"19":{"start":{"line":32,"column":0},"end":{"line":32,"column":23}},"20":{"start":{"line":33,"column":0},"end":{"line":33,"column":49}},"21":{"start":{"line":34,"column":0},"end":{"line":34,"column":24}},"22":{"start":{"line":35,"column":0},"end":{"line":35,"column":24}},"23":{"start":{"line":36,"column":0},"end":{"line":41,"column":2}},"24":{"start":{"line":43,"column":0},"end":{"line":56,"column":2}},"25":{"start":{"line":58,"column":0},"end":{"line":58,"column":31}},"26":{"start":{"line":59,"column":0},"end":{"line":59,"column":28}},"27":{"start":{"line":63,"column":15},"end":{"line":63,"column":45}},"28":{"start":{"line":64,"column":0},"end":{"line":64,"column":24}},"29":{"start":{"line":67,"column":13},"end":{"line":67,"column":28}},"30":{"start":{"line":68,"column":0},"end":{"line":68,"column":56}},"31":{"start":{"line":69,"column":0},"end":{"line":69,"column":48}},"32":{"start":{"line":70,"column":0},"end":{"line":70,"column":30}},"33":{"start":{"line":73,"column":0},"end":{"line":75,"column":3}},"34":{"start":{"line":74,"column":2},"end":{"line":74,"column":44}},"35":{"start":{"line":78,"column":0},"end":{"line":80,"column":3}},"36":{"start":{"line":79,"column":2},"end":{"line":79,"column":25}},"37":{"start":{"line":83,"column":0},"end":{"line":91,"column":3}},"38":{"start":{"line":85,"column":2},"end":{"line":85,"column":35}},"39":{"start":{"line":86,"column":2},"end":{"line":86,"column":69}},"40":{"start":{"line":89,"column":2},"end":{"line":89,"column":32}},"41":{"start":{"line":90,"column":2},"end":{"line":90,"column":22}},"42":{"start":{"line":93,"column":0},"end":{"line":93,"column":21}}},"fnMap":{"0":{"name":"(anonymous_0)","decl":{"start":{"line":19,"column":18},"end":{"line":19,"column":19}},"loc":{"start":{"line":19,"column":35},"end":{"line":21,"column":1}},"line":19},"1":{"name":"(anonymous_1)","decl":{"start":{"line":73,"column":13},"end":{"line":73,"column":14}},"loc":{"start":{"line":73,"column":39},"end":{"line":75,"column":1}},"line":73},"2":{"name":"(anonymous_2)","decl":{"start":{"line":78,"column":8},"end":{"line":78,"column":9}},"loc":{"start":{"line":78,"column":34},"end":{"line":80,"column":1}},"line":78},"3":{"name":"(anonymous_3)","decl":{"start":{"line":83,"column":8},"end":{"line":83,"column":9}},"loc":{"start":{"line":83,"column":39},"end":{"line":91,"column":1}},"line":83}},"branchMap":{"0":{"loc":{"start":{"line":86,"column":21},"end":{"line":86,"column":68}},"type":"cond-expr","locations":[{"start":{"line":86,"column":60},"end":{"line":86,"column":63}},{"start":{"line":86,"column":66},"end":{"line":86,"column":68}}],"line":86},"1":{"loc":{"start":{"line":89,"column":13},"end":{"line":89,"column":30}},"type":"binary-expr","locations":[{"start":{"line":89,"column":13},"end":{"line":89,"column":23}},{"start":{"line":89,"column":27},"end":{"line":89,"column":30}}],"line":89}},"s":{"0":1,"1":1,"2":1,"3":1,"4":1,"5":1,"6":1,"7":1,"8":1,"9":1,"10":1,"11":1,"12":1,"13":0,"14":1,"15":1,"16":1,"17":1,"18":1,"19":1,"20":1,"21":1,"22":1,"23":1,"24":1,"25":1,"26":1,"27":1,"28":1,"29":1,"30":1,"31":1,"32":1,"33":1,"34":0,"35":1,"36":1,"37":1,"38":1,"39":1,"40":1,"41":1,"42":1},"f":{"0":0,"1":0,"2":1,"3":1},"b":{"0":[0,1],"1":[1,0]},"_coverageSchema":"1a1c01bbd47fc00a2c39e90264f33305004495a9","hash":"fce430e52864f3a42e2f3f0415403dfe4901d2d8"}
,"/Users/bohyeonkim/Desktop/Act4_asDev/SpartaCoding/mainWeek/start-here/tuning-backend/_mock-data/initialize-data.js": {"path":"/Users/bohyeonkim/Desktop/Act4_asDev/SpartaCoding/mainWeek/start-here/tuning-backend/_mock-data/initialize-data.js","statementMap":{"0":{"start":{"line":1,"column":14},"end":{"line":128,"column":1}},"1":{"start":{"line":130,"column":25},"end":{"line":323,"column":1}},"2":{"start":{"line":325,"column":25},"end":{"line":464,"column":1}},"3":{"start":{"line":466,"column":0},"end":{"line":470,"column":2}}},"fnMap":{},"branchMap":{},"s":{"0":1,"1":1,"2":1,"3":1},"f":{},"b":{},"_coverageSchema":"1a1c01bbd47fc00a2c39e90264f33305004495a9","hash":"b60cd3f4724a2f22996b26f7f5d7f69ac934e4e9"}
,"/Users/bohyeonkim/Desktop/Act4_asDev/SpartaCoding/mainWeek/start-here/tuning-backend/_mock-data/initialize-data_forTest.js": {"path":"/Users/bohyeonkim/Desktop/Act4_asDev/SpartaCoding/mainWeek/start-here/tuning-backend/_mock-data/initialize-data_forTest.js","statementMap":{"0":{"start":{"line":1,"column":14},"end":{"line":119,"column":1}},"1":{"start":{"line":121,"column":25},"end":{"line":166,"column":1}},"2":{"start":{"line":168,"column":25},"end":{"line":307,"column":1}},"3":{"start":{"line":309,"column":25},"end":{"line":322,"column":1}},"4":{"start":{"line":324,"column":25},"end":{"line":364,"column":1}},"5":{"start":{"line":366,"column":18},"end":{"line":368,"column":1}},"6":{"start":{"line":370,"column":0},"end":{"line":377,"column":2}}},"fnMap":{},"branchMap":{},"s":{"0":1,"1":1,"2":1,"3":1,"4":1,"5":1,"6":1},"f":{},"b":{},"_coverageSchema":"1a1c01bbd47fc00a2c39e90264f33305004495a9","hash":"7576da1242859d43e75ae3dca8e4a31a9089757d"}
,"/Users/bohyeonkim/Desktop/Act4_asDev/SpartaCoding/mainWeek/start-here/tuning-backend/_mock-data/mockdata_initializer.js": {"path":"/Users/bohyeonkim/Desktop/Act4_asDev/SpartaCoding/mainWeek/start-here/tuning-backend/_mock-data/mockdata_initializer.js","statementMap":{"0":{"start":{"line":1,"column":0},"end":{"line":1,"column":27}},"1":{"start":{"line":6,"column":20},"end":{"line":6,"column":54}},"2":{"start":{"line":7,"column":14},"end":{"line":7,"column":42}},"3":{"start":{"line":9,"column":24},"end":{"line":9,"column":73}},"4":{"start":{"line":10,"column":24},"end":{"line":10,"column":45}},"5":{"start":{"line":11,"column":30},"end":{"line":11,"column":84}},"6":{"start":{"line":12,"column":30},"end":{"line":12,"column":57}},"7":{"start":{"line":13,"column":27},"end":{"line":13,"column":78}},"8":{"start":{"line":14,"column":27},"end":{"line":14,"column":51}},"9":{"start":{"line":15,"column":24},"end":{"line":15,"column":72}},"10":{"start":{"line":16,"column":24},"end":{"line":16,"column":45}},"11":{"start":{"line":18,"column":47},"end":{"line":18,"column":78}},"12":{"start":{"line":19,"column":14},"end":{"line":19,"column":30}},"13":{"start":{"line":47,"column":22},"end":{"line":99,"column":3}},"14":{"start":{"line":48,"column":4},"end":{"line":98,"column":5}},"15":{"start":{"line":49,"column":20},"end":{"line":49,"column":38}},"16":{"start":{"line":50,"column":23},"end":{"line":50,"column":46}},"17":{"start":{"line":50,"column":40},"end":{"line":50,"column":45}},"18":{"start":{"line":54,"column":6},"end":{"line":95,"column":7}},"19":{"start":{"line":54,"column":19},"end":{"line":54,"column":20}},"20":{"start":{"line":55,"column":8},"end":{"line":55,"column":54}},"21":{"start":{"line":56,"column":8},"end":{"line":56,"column":65}},"22":{"start":{"line":57,"column":8},"end":{"line":57,"column":104}},"23":{"start":{"line":59,"column":25},"end":{"line":59,"column":122}},"24":{"start":{"line":61,"column":8},"end":{"line":65,"column":55}},"25":{"start":{"line":63,"column":12},"end":{"line":63,"column":47}},"26":{"start":{"line":67,"column":30},"end":{"line":67,"column":77}},"27":{"start":{"line":68,"column":8},"end":{"line":68,"column":36}},"28":{"start":{"line":70,"column":26},"end":{"line":70,"column":89}},"29":{"start":{"line":70,"column":70},"end":{"line":70,"column":86}},"30":{"start":{"line":72,"column":8},"end":{"line":72,"column":48}},"31":{"start":{"line":74,"column":33},"end":{"line":80,"column":9}},"32":{"start":{"line":83,"column":32},"end":{"line":83,"column":69}},"33":{"start":{"line":85,"column":8},"end":{"line":85,"column":60}},"34":{"start":{"line":86,"column":8},"end":{"line":86,"column":59}},"35":{"start":{"line":88,"column":8},"end":{"line":88,"column":84}},"36":{"start":{"line":90,"column":8},"end":{"line":94,"column":11}},"37":{"start":{"line":97,"column":6},"end":{"line":97,"column":38}},"38":{"start":{"line":101,"column":30},"end":{"line":121,"column":3}},"39":{"start":{"line":102,"column":4},"end":{"line":120,"column":5}},"40":{"start":{"line":103,"column":20},"end":{"line":103,"column":38}},"41":{"start":{"line":104,"column":23},"end":{"line":104,"column":46}},"42":{"start":{"line":104,"column":40},"end":{"line":104,"column":45}},"43":{"start":{"line":106,"column":26},"end":{"line":106,"column":50}},"44":{"start":{"line":107,"column":29},"end":{"line":107,"column":58}},"45":{"start":{"line":107,"column":52},"end":{"line":107,"column":57}},"46":{"start":{"line":109,"column":6},"end":{"line":109,"column":68}},"47":{"start":{"line":111,"column":6},"end":{"line":117,"column":7}},"48":{"start":{"line":111,"column":19},"end":{"line":111,"column":20}},"49":{"start":{"line":112,"column":24},"end":{"line":112,"column":52}},"50":{"start":{"line":113,"column":24},"end":{"line":113,"column":53}},"51":{"start":{"line":114,"column":30},"end":{"line":114,"column":71}},"52":{"start":{"line":116,"column":31},"end":{"line":116,"column":102}},"53":{"start":{"line":119,"column":6},"end":{"line":119,"column":38}},"54":{"start":{"line":123,"column":25},"end":{"line":147,"column":3}},"55":{"start":{"line":124,"column":4},"end":{"line":146,"column":5}},"56":{"start":{"line":125,"column":20},"end":{"line":125,"column":38}},"57":{"start":{"line":126,"column":23},"end":{"line":126,"column":46}},"58":{"start":{"line":126,"column":40},"end":{"line":126,"column":45}},"59":{"start":{"line":128,"column":26},"end":{"line":128,"column":50}},"60":{"start":{"line":129,"column":29},"end":{"line":129,"column":58}},"61":{"start":{"line":129,"column":52},"end":{"line":129,"column":57}},"62":{"start":{"line":131,"column":6},"end":{"line":143,"column":7}},"63":{"start":{"line":131,"column":19},"end":{"line":131,"column":20}},"64":{"start":{"line":132,"column":24},"end":{"line":132,"column":53}},"65":{"start":{"line":133,"column":30},"end":{"line":133,"column":77}},"66":{"start":{"line":135,"column":40},"end":{"line":135,"column":82}},"67":{"start":{"line":137,"column":8},"end":{"line":140,"column":9}},"68":{"start":{"line":138,"column":10},"end":{"line":138,"column":79}},"69":{"start":{"line":139,"column":10},"end":{"line":139,"column":82}},"70":{"start":{"line":142,"column":8},"end":{"line":142,"column":56}},"71":{"start":{"line":145,"column":6},"end":{"line":145,"column":38}},"72":{"start":{"line":149,"column":21},"end":{"line":181,"column":3}},"73":{"start":{"line":150,"column":4},"end":{"line":180,"column":5}},"74":{"start":{"line":151,"column":20},"end":{"line":151,"column":38}},"75":{"start":{"line":152,"column":23},"end":{"line":152,"column":46}},"76":{"start":{"line":152,"column":40},"end":{"line":152,"column":45}},"77":{"start":{"line":154,"column":6},"end":{"line":177,"column":7}},"78":{"start":{"line":154,"column":19},"end":{"line":154,"column":20}},"79":{"start":{"line":155,"column":24},"end":{"line":155,"column":53}},"80":{"start":{"line":156,"column":26},"end":{"line":156,"column":67}},"81":{"start":{"line":158,"column":21},"end":{"line":158,"column":63}},"82":{"start":{"line":160,"column":8},"end":{"line":176,"column":9}},"83":{"start":{"line":162,"column":10},"end":{"line":162,"column":63}},"84":{"start":{"line":164,"column":10},"end":{"line":167,"column":13}},"85":{"start":{"line":170,"column":10},"end":{"line":170,"column":65}},"86":{"start":{"line":172,"column":10},"end":{"line":175,"column":13}},"87":{"start":{"line":179,"column":6},"end":{"line":179,"column":38}},"88":{"start":{"line":183,"column":19},"end":{"line":198,"column":3}},"89":{"start":{"line":185,"column":27},"end":{"line":185,"column":74}},"90":{"start":{"line":187,"column":4},"end":{"line":194,"column":5}},"91":{"start":{"line":187,"column":17},"end":{"line":187,"column":18}},"92":{"start":{"line":188,"column":18},"end":{"line":188,"column":20}},"93":{"start":{"line":189,"column":6},"end":{"line":192,"column":7}},"94":{"start":{"line":189,"column":19},"end":{"line":189,"column":20}},"95":{"start":{"line":190,"column":28},"end":{"line":190,"column":91}},"96":{"start":{"line":191,"column":8},"end":{"line":191,"column":28}},"97":{"start":{"line":193,"column":6},"end":{"line":193,"column":115}},"98":{"start":{"line":201,"column":0},"end":{"line":201,"column":37}}},"fnMap":{"0":{"name":"(anonymous_0)","decl":{"start":{"line":47,"column":22},"end":{"line":47,"column":23}},"loc":{"start":{"line":47,"column":50},"end":{"line":99,"column":3}},"line":47},"1":{"name":"(anonymous_1)","decl":{"start":{"line":50,"column":33},"end":{"line":50,"column":34}},"loc":{"start":{"line":50,"column":40},"end":{"line":50,"column":45}},"line":50},"2":{"name":"(anonymous_2)","decl":{"start":{"line":62,"column":15},"end":{"line":62,"column":16}},"loc":{"start":{"line":62,"column":22},"end":{"line":64,"column":11}},"line":62},"3":{"name":"(anonymous_3)","decl":{"start":{"line":70,"column":63},"end":{"line":70,"column":64}},"loc":{"start":{"line":70,"column":70},"end":{"line":70,"column":86}},"line":70},"4":{"name":"(anonymous_4)","decl":{"start":{"line":101,"column":30},"end":{"line":101,"column":31}},"loc":{"start":{"line":101,"column":58},"end":{"line":121,"column":3}},"line":101},"5":{"name":"(anonymous_5)","decl":{"start":{"line":104,"column":33},"end":{"line":104,"column":34}},"loc":{"start":{"line":104,"column":40},"end":{"line":104,"column":45}},"line":104},"6":{"name":"(anonymous_6)","decl":{"start":{"line":107,"column":45},"end":{"line":107,"column":46}},"loc":{"start":{"line":107,"column":52},"end":{"line":107,"column":57}},"line":107},"7":{"name":"(anonymous_7)","decl":{"start":{"line":123,"column":25},"end":{"line":123,"column":26}},"loc":{"start":{"line":123,"column":37},"end":{"line":147,"column":3}},"line":123},"8":{"name":"(anonymous_8)","decl":{"start":{"line":126,"column":33},"end":{"line":126,"column":34}},"loc":{"start":{"line":126,"column":40},"end":{"line":126,"column":45}},"line":126},"9":{"name":"(anonymous_9)","decl":{"start":{"line":129,"column":45},"end":{"line":129,"column":46}},"loc":{"start":{"line":129,"column":52},"end":{"line":129,"column":57}},"line":129},"10":{"name":"(anonymous_10)","decl":{"start":{"line":149,"column":21},"end":{"line":149,"column":22}},"loc":{"start":{"line":149,"column":33},"end":{"line":181,"column":3}},"line":149},"11":{"name":"(anonymous_11)","decl":{"start":{"line":152,"column":33},"end":{"line":152,"column":34}},"loc":{"start":{"line":152,"column":40},"end":{"line":152,"column":45}},"line":152},"12":{"name":"(anonymous_12)","decl":{"start":{"line":183,"column":19},"end":{"line":183,"column":20}},"loc":{"start":{"line":183,"column":31},"end":{"line":198,"column":3}},"line":183}},"branchMap":{"0":{"loc":{"start":{"line":63,"column":19},"end":{"line":63,"column":46}},"type":"cond-expr","locations":[{"start":{"line":63,"column":29},"end":{"line":63,"column":39}},{"start":{"line":63,"column":42},"end":{"line":63,"column":46}}],"line":63},"1":{"loc":{"start":{"line":137,"column":8},"end":{"line":140,"column":9}},"type":"if","locations":[{"start":{"line":137,"column":8},"end":{"line":140,"column":9}},{"start":{},"end":{}}],"line":137},"2":{"loc":{"start":{"line":160,"column":8},"end":{"line":176,"column":9}},"type":"if","locations":[{"start":{"line":160,"column":8},"end":{"line":176,"column":9}},{"start":{"line":168,"column":15},"end":{"line":176,"column":9}}],"line":160},"3":{"loc":{"start":{"line":160,"column":12},"end":{"line":160,"column":73}},"type":"binary-expr","locations":[{"start":{"line":160,"column":12},"end":{"line":160,"column":48}},{"start":{"line":160,"column":52},"end":{"line":160,"column":73}}],"line":160}},"s":{"0":1,"1":1,"2":1,"3":1,"4":1,"5":1,"6":1,"7":1,"8":1,"9":1,"10":1,"11":1,"12":1,"13":1,"14":1,"15":1,"16":1,"17":8,"18":1,"19":1,"20":1,"21":1,"22":1,"23":1,"24":0,"25":0,"26":0,"27":0,"28":0,"29":0,"30":0,"31":0,"32":0,"33":0,"34":0,"35":0,"36":0,"37":1,"38":1,"39":1,"40":1,"41":1,"42":8,"43":1,"44":1,"45":0,"46":1,"47":1,"48":1,"49":1,"50":1,"51":1,"52":1,"53":1,"54":1,"55":1,"56":1,"57":1,"58":8,"59":1,"60":1,"61":0,"62":1,"63":1,"64":0,"65":0,"66":0,"67":0,"68":0,"69":0,"70":0,"71":0,"72":1,"73":1,"74":1,"75":1,"76":8,"77":1,"78":1,"79":56,"80":56,"81":56,"82":56,"83":7,"84":7,"85":49,"86":49,"87":0,"88":1,"89":0,"90":0,"91":0,"92":0,"93":0,"94":0,"95":0,"96":0,"97":0,"98":1},"f":{"0":1,"1":8,"2":0,"3":0,"4":1,"5":8,"6":0,"7":1,"8":8,"9":0,"10":1,"11":8,"12":0},"b":{"0":[0,0],"1":[0,0],"2":[7,49],"3":[56,14]},"_coverageSchema":"1a1c01bbd47fc00a2c39e90264f33305004495a9","hash":"0120bf65dca18eb8ee7e323f43da0adb62fbf4db"}
,"/Users/bohyeonkim/Desktop/Act4_asDev/SpartaCoding/mainWeek/start-here/tuning-backend/a_routes/auth.routes.js": {"path":"/Users/bohyeonkim/Desktop/Act4_asDev/SpartaCoding/mainWeek/start-here/tuning-backend/a_routes/auth.routes.js","statementMap":{"0":{"start":{"line":1,"column":0},"end":{"line":1,"column":27}},"1":{"start":{"line":3,"column":16},"end":{"line":3,"column":34}},"2":{"start":{"line":4,"column":15},"end":{"line":4,"column":31}},"3":{"start":{"line":5,"column":14},"end":{"line":5,"column":30}},"4":{"start":{"line":6,"column":17},"end":{"line":6,"column":36}},"5":{"start":{"line":7,"column":23},"end":{"line":7,"column":68}},"6":{"start":{"line":8,"column":23},"end":{"line":8,"column":43}},"7":{"start":{"line":10,"column":13},"end":{"line":10,"column":41}},"8":{"start":{"line":11,"column":27},"end":{"line":11,"column":37}},"9":{"start":{"line":13,"column":12},"end":{"line":13,"column":35}},"10":{"start":{"line":14,"column":11},"end":{"line":14,"column":24}},"11":{"start":{"line":17,"column":0},"end":{"line":17,"column":55}},"12":{"start":{"line":19,"column":27},"end":{"line":45,"column":1}},"13":{"start":{"line":20,"column":2},"end":{"line":44,"column":3}},"14":{"start":{"line":21,"column":4},"end":{"line":41,"column":22}},"15":{"start":{"line":28,"column":8},"end":{"line":28,"column":34}},"16":{"start":{"line":28,"column":17},"end":{"line":28,"column":34}},"17":{"start":{"line":30,"column":59},"end":{"line":30,"column":68}},"18":{"start":{"line":31,"column":32},"end":{"line":31,"column":36}},"19":{"start":{"line":33,"column":22},"end":{"line":35,"column":10}},"20":{"start":{"line":37,"column":8},"end":{"line":37,"column":62}},"21":{"start":{"line":39,"column":8},"end":{"line":39,"column":86}},"22":{"start":{"line":43,"column":4},"end":{"line":43,"column":16}},"23":{"start":{"line":47,"column":32},"end":{"line":64,"column":1}},"24":{"start":{"line":48,"column":2},"end":{"line":63,"column":3}},"25":{"start":{"line":49,"column":4},"end":{"line":60,"column":22}},"26":{"start":{"line":56,"column":8},"end":{"line":56,"column":34}},"27":{"start":{"line":56,"column":17},"end":{"line":56,"column":34}},"28":{"start":{"line":57,"column":8},"end":{"line":57,"column":58}},"29":{"start":{"line":58,"column":8},"end":{"line":58,"column":15}},"30":{"start":{"line":62,"column":4},"end":{"line":62,"column":16}},"31":{"start":{"line":66,"column":34},"end":{"line":99,"column":1}},"32":{"start":{"line":67,"column":2},"end":{"line":98,"column":3}},"33":{"start":{"line":68,"column":21},"end":{"line":68,"column":30}},"34":{"start":{"line":70,"column":15},"end":{"line":76,"column":5}},"35":{"start":{"line":78,"column":19},"end":{"line":86,"column":6}},"36":{"start":{"line":88,"column":21},"end":{"line":92,"column":6}},"37":{"start":{"line":93,"column":4},"end":{"line":93,"column":31}},"38":{"start":{"line":95,"column":4},"end":{"line":95,"column":54}},"39":{"start":{"line":97,"column":4},"end":{"line":97,"column":16}},"40":{"start":{"line":101,"column":0},"end":{"line":101,"column":51}},"41":{"start":{"line":103,"column":0},"end":{"line":103,"column":24}}},"fnMap":{"0":{"name":"(anonymous_0)","decl":{"start":{"line":19,"column":27},"end":{"line":19,"column":28}},"loc":{"start":{"line":19,"column":47},"end":{"line":45,"column":1}},"line":19},"1":{"name":"(anonymous_1)","decl":{"start":{"line":27,"column":6},"end":{"line":27,"column":7}},"loc":{"start":{"line":27,"column":27},"end":{"line":40,"column":7}},"line":27},"2":{"name":"(anonymous_2)","decl":{"start":{"line":47,"column":32},"end":{"line":47,"column":33}},"loc":{"start":{"line":47,"column":52},"end":{"line":64,"column":1}},"line":47},"3":{"name":"(anonymous_3)","decl":{"start":{"line":55,"column":6},"end":{"line":55,"column":7}},"loc":{"start":{"line":55,"column":27},"end":{"line":59,"column":7}},"line":55},"4":{"name":"(anonymous_4)","decl":{"start":{"line":66,"column":34},"end":{"line":66,"column":35}},"loc":{"start":{"line":66,"column":60},"end":{"line":99,"column":1}},"line":66}},"branchMap":{"0":{"loc":{"start":{"line":28,"column":8},"end":{"line":28,"column":34}},"type":"if","locations":[{"start":{"line":28,"column":8},"end":{"line":28,"column":34}},{"start":{},"end":{}}],"line":28},"1":{"loc":{"start":{"line":56,"column":8},"end":{"line":56,"column":34}},"type":"if","locations":[{"start":{"line":56,"column":8},"end":{"line":56,"column":34}},{"start":{},"end":{}}],"line":56}},"s":{"0":1,"1":1,"2":1,"3":1,"4":1,"5":1,"6":1,"7":1,"8":1,"9":1,"10":1,"11":1,"12":1,"13":0,"14":0,"15":0,"16":0,"17":0,"18":0,"19":0,"20":0,"21":0,"22":0,"23":1,"24":0,"25":0,"26":0,"27":0,"28":0,"29":0,"30":0,"31":1,"32":0,"33":0,"34":0,"35":0,"36":0,"37":0,"38":0,"39":0,"40":1,"41":1},"f":{"0":0,"1":0,"2":0,"3":0,"4":0},"b":{"0":[0,0],"1":[0,0]},"_coverageSchema":"1a1c01bbd47fc00a2c39e90264f33305004495a9","hash":"0fdd8e132b2f22f9f7dae2a515b9e6ae8b57a6a4"}
,"/Users/bohyeonkim/Desktop/Act4_asDev/SpartaCoding/mainWeek/start-here/tuning-backend/a_routes/categories.routes.js": {"path":"/Users/bohyeonkim/Desktop/Act4_asDev/SpartaCoding/mainWeek/start-here/tuning-backend/a_routes/categories.routes.js","statementMap":{"0":{"start":{"line":1,"column":16},"end":{"line":1,"column":34}},"1":{"start":{"line":2,"column":15},"end":{"line":2,"column":31}},"2":{"start":{"line":4,"column":24},"end":{"line":4,"column":67}},"3":{"start":{"line":5,"column":24},"end":{"line":5,"column":45}},"4":{"start":{"line":7,"column":0},"end":{"line":7,"column":47}},"5":{"start":{"line":9,"column":0},"end":{"line":9,"column":24}}},"fnMap":{},"branchMap":{},"s":{"0":1,"1":1,"2":1,"3":1,"4":1,"5":1},"f":{},"b":{},"_coverageSchema":"1a1c01bbd47fc00a2c39e90264f33305004495a9","hash":"b489c92b8976e51e1fbdfd432910f1bff2bb4943"}
,"/Users/bohyeonkim/Desktop/Act4_asDev/SpartaCoding/mainWeek/start-here/tuning-backend/a_routes/collections.routes.js": {"path":"/Users/bohyeonkim/Desktop/Act4_asDev/SpartaCoding/mainWeek/start-here/tuning-backend/a_routes/collections.routes.js","statementMap":{"0":{"start":{"line":1,"column":16},"end":{"line":1,"column":34}},"1":{"start":{"line":2,"column":15},"end":{"line":2,"column":31}},"2":{"start":{"line":4,"column":27},"end":{"line":4,"column":71}},"3":{"start":{"line":5,"column":27},"end":{"line":5,"column":51}},"4":{"start":{"line":7,"column":13},"end":{"line":7,"column":41}},"5":{"start":{"line":8,"column":27},"end":{"line":8,"column":37}},"6":{"start":{"line":10,"column":0},"end":{"line":10,"column":70}},"7":{"start":{"line":11,"column":0},"end":{"line":11,"column":65}},"8":{"start":{"line":12,"column":0},"end":{"line":12,"column":66}},"9":{"start":{"line":13,"column":0},"end":{"line":13,"column":86}},"10":{"start":{"line":14,"column":0},"end":{"line":14,"column":86}},"11":{"start":{"line":15,"column":0},"end":{"line":15,"column":82}},"12":{"start":{"line":16,"column":0},"end":{"line":16,"column":81}},"13":{"start":{"line":17,"column":0},"end":{"line":17,"column":69}},"14":{"start":{"line":18,"column":0},"end":{"line":18,"column":64}},"15":{"start":{"line":19,"column":0},"end":{"line":19,"column":81}},"16":{"start":{"line":20,"column":0},"end":{"line":20,"column":86}},"17":{"start":{"line":21,"column":0},"end":{"line":21,"column":86}},"18":{"start":{"line":22,"column":0},"end":{"line":22,"column":86}},"19":{"start":{"line":23,"column":0},"end":{"line":23,"column":87}},"20":{"start":{"line":24,"column":0},"end":{"line":24,"column":76}},"21":{"start":{"line":25,"column":0},"end":{"line":25,"column":102}},"22":{"start":{"line":27,"column":0},"end":{"line":27,"column":24}}},"fnMap":{},"branchMap":{},"s":{"0":1,"1":1,"2":1,"3":1,"4":1,"5":1,"6":1,"7":1,"8":1,"9":1,"10":1,"11":1,"12":1,"13":1,"14":1,"15":1,"16":1,"17":1,"18":1,"19":1,"20":1,"21":1,"22":1},"f":{},"b":{},"_coverageSchema":"1a1c01bbd47fc00a2c39e90264f33305004495a9","hash":"14133a211dbb40429ecbd7859f5dc69fc558e38d"}
,"/Users/bohyeonkim/Desktop/Act4_asDev/SpartaCoding/mainWeek/start-here/tuning-backend/a_routes/comments.routes.js": {"path":"/Users/bohyeonkim/Desktop/Act4_asDev/SpartaCoding/mainWeek/start-here/tuning-backend/a_routes/comments.routes.js","statementMap":{"0":{"start":{"line":1,"column":16},"end":{"line":1,"column":34}},"1":{"start":{"line":2,"column":15},"end":{"line":2,"column":31}},"2":{"start":{"line":4,"column":23},"end":{"line":4,"column":64}},"3":{"start":{"line":5,"column":23},"end":{"line":5,"column":43}},"4":{"start":{"line":7,"column":13},"end":{"line":7,"column":41}},"5":{"start":{"line":8,"column":27},"end":{"line":8,"column":37}},"6":{"start":{"line":10,"column":0},"end":{"line":10,"column":78}},"7":{"start":{"line":11,"column":0},"end":{"line":11,"column":59}},"8":{"start":{"line":12,"column":0},"end":{"line":12,"column":73}},"9":{"start":{"line":13,"column":0},"end":{"line":13,"column":76}},"10":{"start":{"line":15,"column":0},"end":{"line":15,"column":24}}},"fnMap":{},"branchMap":{},"s":{"0":1,"1":1,"2":1,"3":1,"4":1,"5":1,"6":1,"7":1,"8":1,"9":1,"10":1},"f":{},"b":{},"_coverageSchema":"1a1c01bbd47fc00a2c39e90264f33305004495a9","hash":"1207a65a48c858396cb898a2530910492e2de60b"}
,"/Users/bohyeonkim/Desktop/Act4_asDev/SpartaCoding/mainWeek/start-here/tuning-backend/a_routes/index.js": {"path":"/Users/bohyeonkim/Desktop/Act4_asDev/SpartaCoding/mainWeek/start-here/tuning-backend/a_routes/index.js","statementMap":{"0":{"start":{"line":1,"column":16},"end":{"line":1,"column":34}},"1":{"start":{"line":2,"column":15},"end":{"line":2,"column":31}},"2":{"start":{"line":4,"column":19},"end":{"line":4,"column":46}},"3":{"start":{"line":5,"column":21},"end":{"line":5,"column":50}},"4":{"start":{"line":6,"column":23},"end":{"line":6,"column":54}},"5":{"start":{"line":7,"column":26},"end":{"line":7,"column":60}},"6":{"start":{"line":8,"column":25},"end":{"line":8,"column":58}},"7":{"start":{"line":9,"column":21},"end":{"line":9,"column":50}},"8":{"start":{"line":10,"column":20},"end":{"line":10,"column":45}},"9":{"start":{"line":12,"column":0},"end":{"line":12,"column":28}},"10":{"start":{"line":13,"column":0},"end":{"line":13,"column":40}},"11":{"start":{"line":14,"column":0},"end":{"line":14,"column":44}},"12":{"start":{"line":15,"column":0},"end":{"line":15,"column":36}},"13":{"start":{"line":16,"column":0},"end":{"line":16,"column":46}},"14":{"start":{"line":17,"column":0},"end":{"line":17,"column":36}},"15":{"start":{"line":18,"column":0},"end":{"line":18,"column":33}},"16":{"start":{"line":20,"column":0},"end":{"line":20,"column":24}}},"fnMap":{},"branchMap":{},"s":{"0":1,"1":1,"2":1,"3":1,"4":1,"5":1,"6":1,"7":1,"8":1,"9":1,"10":1,"11":1,"12":1,"13":1,"14":1,"15":1,"16":1},"f":{},"b":{},"_coverageSchema":"1a1c01bbd47fc00a2c39e90264f33305004495a9","hash":"20bfc44d1620495e166f52110c775546dfe87854"}
,"/Users/bohyeonkim/Desktop/Act4_asDev/SpartaCoding/mainWeek/start-here/tuning-backend/a_routes/search.routes.js": {"path":"/Users/bohyeonkim/Desktop/Act4_asDev/SpartaCoding/mainWeek/start-here/tuning-backend/a_routes/search.routes.js","statementMap":{"0":{"start":{"line":1,"column":16},"end":{"line":1,"column":34}},"1":{"start":{"line":2,"column":15},"end":{"line":2,"column":31}},"2":{"start":{"line":4,"column":22},"end":{"line":4,"column":61}},"3":{"start":{"line":5,"column":22},"end":{"line":5,"column":41}},"4":{"start":{"line":7,"column":13},"end":{"line":7,"column":41}},"5":{"start":{"line":8,"column":27},"end":{"line":8,"column":37}},"6":{"start":{"line":10,"column":0},"end":{"line":10,"column":57}},"7":{"start":{"line":11,"column":0},"end":{"line":11,"column":67}},"8":{"start":{"line":13,"column":0},"end":{"line":13,"column":24}}},"fnMap":{},"branchMap":{},"s":{"0":1,"1":1,"2":1,"3":1,"4":1,"5":1,"6":1,"7":1,"8":1},"f":{},"b":{},"_coverageSchema":"1a1c01bbd47fc00a2c39e90264f33305004495a9","hash":"6837d1180e8c99ebf20134e59cab5331fc401979"}
,"/Users/bohyeonkim/Desktop/Act4_asDev/SpartaCoding/mainWeek/start-here/tuning-backend/a_routes/users.routes.js": {"path":"/Users/bohyeonkim/Desktop/Act4_asDev/SpartaCoding/mainWeek/start-here/tuning-backend/a_routes/users.routes.js","statementMap":{"0":{"start":{"line":1,"column":16},"end":{"line":1,"column":34}},"1":{"start":{"line":2,"column":15},"end":{"line":2,"column":31}},"2":{"start":{"line":4,"column":13},"end":{"line":4,"column":41}},"3":{"start":{"line":5,"column":27},"end":{"line":5,"column":37}},"4":{"start":{"line":7,"column":20},"end":{"line":7,"column":58}},"5":{"start":{"line":8,"column":20},"end":{"line":8,"column":37}},"6":{"start":{"line":9,"column":24},"end":{"line":9,"column":67}},"7":{"start":{"line":10,"column":24},"end":{"line":10,"column":45}},"8":{"start":{"line":12,"column":23},"end":{"line":12,"column":68}},"9":{"start":{"line":13,"column":23},"end":{"line":13,"column":43}},"10":{"start":{"line":15,"column":0},"end":{"line":15,"column":61}},"11":{"start":{"line":16,"column":0},"end":{"line":16,"column":75}},"12":{"start":{"line":17,"column":0},"end":{"line":17,"column":78}},"13":{"start":{"line":18,"column":0},"end":{"line":18,"column":49}},"14":{"start":{"line":19,"column":0},"end":{"line":19,"column":75}},"15":{"start":{"line":20,"column":0},"end":{"line":20,"column":58}},"16":{"start":{"line":21,"column":0},"end":{"line":21,"column":88}},"17":{"start":{"line":22,"column":0},"end":{"line":22,"column":94}},"18":{"start":{"line":28,"column":0},"end":{"line":28,"column":24}}},"fnMap":{},"branchMap":{},"s":{"0":1,"1":1,"2":1,"3":1,"4":1,"5":1,"6":1,"7":1,"8":1,"9":1,"10":1,"11":1,"12":1,"13":1,"14":1,"15":1,"16":1,"17":1,"18":1},"f":{},"b":{},"_coverageSchema":"1a1c01bbd47fc00a2c39e90264f33305004495a9","hash":"9cea7ebbfbfa58e35f293a2a7c798ba96deb5d17"}
,"/Users/bohyeonkim/Desktop/Act4_asDev/SpartaCoding/mainWeek/start-here/tuning-backend/a_routes/videos.routes.js": {"path":"/Users/bohyeonkim/Desktop/Act4_asDev/SpartaCoding/mainWeek/start-here/tuning-backend/a_routes/videos.routes.js","statementMap":{"0":{"start":{"line":1,"column":16},"end":{"line":1,"column":34}},"1":{"start":{"line":2,"column":15},"end":{"line":2,"column":31}},"2":{"start":{"line":4,"column":21},"end":{"line":4,"column":60}},"3":{"start":{"line":5,"column":21},"end":{"line":5,"column":39}},"4":{"start":{"line":7,"column":0},"end":{"line":7,"column":56}},"5":{"start":{"line":8,"column":0},"end":{"line":8,"column":62}},"6":{"start":{"line":11,"column":0},"end":{"line":11,"column":24}}},"fnMap":{},"branchMap":{},"s":{"0":1,"1":1,"2":1,"3":1,"4":1,"5":1,"6":1},"f":{},"b":{},"_coverageSchema":"1a1c01bbd47fc00a2c39e90264f33305004495a9","hash":"4c63931077c1848a07367a11cf09683e4a7fd44b"}
,"/Users/bohyeonkim/Desktop/Act4_asDev/SpartaCoding/mainWeek/start-here/tuning-backend/a_routes/middleware/auth.js": {"path":"/Users/bohyeonkim/Desktop/Act4_asDev/SpartaCoding/mainWeek/start-here/tuning-backend/a_routes/middleware/auth.js","statementMap":{"0":{"start":{"line":1,"column":12},"end":{"line":1,"column":35}},"1":{"start":{"line":4,"column":27},"end":{"line":28,"column":3}},"2":{"start":{"line":5,"column":4},"end":{"line":5,"column":59}},"3":{"start":{"line":7,"column":4},"end":{"line":27,"column":5}},"4":{"start":{"line":8,"column":22},"end":{"line":8,"column":106}},"5":{"start":{"line":10,"column":6},"end":{"line":10,"column":37}},"6":{"start":{"line":12,"column":6},"end":{"line":18,"column":7}},"7":{"start":{"line":13,"column":8},"end":{"line":16,"column":11}},"8":{"start":{"line":17,"column":8},"end":{"line":17,"column":15}},"9":{"start":{"line":19,"column":6},"end":{"line":19,"column":60}},"10":{"start":{"line":20,"column":6},"end":{"line":20,"column":35}},"11":{"start":{"line":21,"column":6},"end":{"line":21,"column":13}},"12":{"start":{"line":23,"column":6},"end":{"line":25,"column":9}},"13":{"start":{"line":26,"column":6},"end":{"line":26,"column":13}},"14":{"start":{"line":30,"column":19},"end":{"line":56,"column":3}},"15":{"start":{"line":31,"column":4},"end":{"line":31,"column":59}},"16":{"start":{"line":33,"column":4},"end":{"line":55,"column":5}},"17":{"start":{"line":34,"column":32},"end":{"line":34,"column":43}},"18":{"start":{"line":35,"column":38},"end":{"line":35,"column":62}},"19":{"start":{"line":37,"column":6},"end":{"line":43,"column":7}},"20":{"start":{"line":38,"column":8},"end":{"line":41,"column":11}},"21":{"start":{"line":42,"column":8},"end":{"line":42,"column":15}},"22":{"start":{"line":45,"column":24},"end":{"line":45,"column":73}},"23":{"start":{"line":47,"column":6},"end":{"line":47,"column":60}},"24":{"start":{"line":48,"column":6},"end":{"line":48,"column":35}},"25":{"start":{"line":49,"column":6},"end":{"line":49,"column":13}},"26":{"start":{"line":51,"column":6},"end":{"line":53,"column":9}},"27":{"start":{"line":54,"column":6},"end":{"line":54,"column":13}},"28":{"start":{"line":60,"column":0},"end":{"line":60,"column":22}}},"fnMap":{"0":{"name":"(anonymous_0)","decl":{"start":{"line":4,"column":27},"end":{"line":4,"column":28}},"loc":{"start":{"line":4,"column":47},"end":{"line":28,"column":3}},"line":4},"1":{"name":"(anonymous_1)","decl":{"start":{"line":30,"column":19},"end":{"line":30,"column":20}},"loc":{"start":{"line":30,"column":39},"end":{"line":56,"column":3}},"line":30}},"branchMap":{"0":{"loc":{"start":{"line":8,"column":22},"end":{"line":8,"column":106}},"type":"cond-expr","locations":[{"start":{"line":8,"column":45},"end":{"line":8,"column":79}},{"start":{"line":8,"column":82},"end":{"line":8,"column":106}}],"line":8},"1":{"loc":{"start":{"line":12,"column":6},"end":{"line":18,"column":7}},"type":"if","locations":[{"start":{"line":12,"column":6},"end":{"line":18,"column":7}},{"start":{},"end":{}}],"line":12},"2":{"loc":{"start":{"line":37,"column":6},"end":{"line":43,"column":7}},"type":"if","locations":[{"start":{"line":37,"column":6},"end":{"line":43,"column":7}},{"start":{},"end":{}}],"line":37}},"s":{"0":1,"1":5,"2":0,"3":0,"4":0,"5":0,"6":0,"7":0,"8":0,"9":0,"10":0,"11":0,"12":0,"13":0,"14":5,"15":11,"16":11,"17":11,"18":11,"19":11,"20":0,"21":0,"22":11,"23":0,"24":0,"25":0,"26":11,"27":11,"28":1},"f":{"0":0,"1":11},"b":{"0":[0,0],"1":[0,0],"2":[0,11]},"_coverageSchema":"1a1c01bbd47fc00a2c39e90264f33305004495a9","hash":"35878c041bcce43c3f2ed11809895877e55cd210"}
,"/Users/bohyeonkim/Desktop/Act4_asDev/SpartaCoding/mainWeek/start-here/tuning-backend/b_services/categories.service.js": {"path":"/Users/bohyeonkim/Desktop/Act4_asDev/SpartaCoding/mainWeek/start-here/tuning-backend/b_services/categories.service.js","statementMap":{"0":{"start":{"line":1,"column":27},"end":{"line":1,"column":77}},"1":{"start":{"line":2,"column":23},"end":{"line":2,"column":68}},"2":{"start":{"line":5,"column":23},"end":{"line":5,"column":47}},"3":{"start":{"line":6,"column":19},"end":{"line":6,"column":39}},"4":{"start":{"line":9,"column":18},"end":{"line":18,"column":3}},"5":{"start":{"line":10,"column":4},"end":{"line":17,"column":5}},"6":{"start":{"line":11,"column":28},"end":{"line":11,"column":83}},"7":{"start":{"line":13,"column":6},"end":{"line":13,"column":67}},"8":{"start":{"line":15,"column":6},"end":{"line":15,"column":73}},"9":{"start":{"line":16,"column":6},"end":{"line":16,"column":77}},"10":{"start":{"line":20,"column":0},"end":{"line":20,"column":33}}},"fnMap":{"0":{"name":"(anonymous_0)","decl":{"start":{"line":9,"column":18},"end":{"line":9,"column":19}},"loc":{"start":{"line":9,"column":38},"end":{"line":18,"column":3}},"line":9}},"branchMap":{},"s":{"0":1,"1":1,"2":2,"3":2,"4":2,"5":1,"6":1,"7":1,"8":0,"9":0,"10":1},"f":{"0":1},"b":{},"_coverageSchema":"1a1c01bbd47fc00a2c39e90264f33305004495a9","hash":"d92d31369163e44fd9538c1a394b7076a8d9c026"}
,"/Users/bohyeonkim/Desktop/Act4_asDev/SpartaCoding/mainWeek/start-here/tuning-backend/b_services/codeModule.js": {"path":"/Users/bohyeonkim/Desktop/Act4_asDev/SpartaCoding/mainWeek/start-here/tuning-backend/b_services/codeModule.js","statementMap":{},"fnMap":{},"branchMap":{},"s":{},"f":{},"b":{},"_coverageSchema":"1a1c01bbd47fc00a2c39e90264f33305004495a9","hash":"d6df337f6eb0417255690ce10f5e4759ea5ffcfc"}
,"/Users/bohyeonkim/Desktop/Act4_asDev/SpartaCoding/mainWeek/start-here/tuning-backend/b_services/collections.service.js": {"path":"/Users/bohyeonkim/Desktop/Act4_asDev/SpartaCoding/mainWeek/start-here/tuning-backend/b_services/collections.service.js","statementMap":{"0":{"start":{"line":1,"column":29},"end":{"line":1,"column":80}},"1":{"start":{"line":2,"column":23},"end":{"line":2,"column":68}},"2":{"start":{"line":3,"column":26},"end":{"line":3,"column":74}},"3":{"start":{"line":4,"column":24},"end":{"line":4,"column":70}},"4":{"start":{"line":5,"column":27},"end":{"line":5,"column":77}},"5":{"start":{"line":6,"column":19},"end":{"line":6,"column":42}},"6":{"start":{"line":8,"column":23},"end":{"line":8,"column":51}},"7":{"start":{"line":9,"column":14},"end":{"line":9,"column":30}},"8":{"start":{"line":10,"column":23},"end":{"line":10,"column":42}},"9":{"start":{"line":13,"column":23},"end":{"line":13,"column":47}},"10":{"start":{"line":14,"column":25},"end":{"line":14,"column":51}},"11":{"start":{"line":15,"column":19},"end":{"line":15,"column":39}},"12":{"start":{"line":16,"column":22},"end":{"line":16,"column":45}},"13":{"start":{"line":17,"column":20},"end":{"line":17,"column":41}},"14":{"start":{"line":20,"column":30},"end":{"line":69,"column":3}},"15":{"start":{"line":21,"column":4},"end":{"line":68,"column":5}},"16":{"start":{"line":23,"column":22},"end":{"line":23,"column":40}},"17":{"start":{"line":24,"column":32},"end":{"line":24,"column":41}},"18":{"start":{"line":26,"column":54},"end":{"line":30,"column":7}},"19":{"start":{"line":32,"column":6},"end":{"line":36,"column":7}},"20":{"start":{"line":33,"column":8},"end":{"line":33,"column":76}},"21":{"start":{"line":35,"column":8},"end":{"line":35,"column":15}},"22":{"start":{"line":38,"column":25},"end":{"line":38,"column":27}},"23":{"start":{"line":40,"column":6},"end":{"line":58,"column":7}},"24":{"start":{"line":41,"column":33},"end":{"line":41,"column":110}},"25":{"start":{"line":42,"column":25},"end":{"line":42,"column":50}},"26":{"start":{"line":44,"column":8},"end":{"line":57,"column":11}},"27":{"start":{"line":52,"column":57},"end":{"line":52,"column":100}},"28":{"start":{"line":60,"column":6},"end":{"line":64,"column":9}},"29":{"start":{"line":66,"column":6},"end":{"line":66,"column":73}},"30":{"start":{"line":67,"column":6},"end":{"line":67,"column":76}},"31":{"start":{"line":71,"column":31},"end":{"line":120,"column":3}},"32":{"start":{"line":72,"column":4},"end":{"line":119,"column":5}},"33":{"start":{"line":74,"column":22},"end":{"line":74,"column":40}},"34":{"start":{"line":75,"column":32},"end":{"line":75,"column":41}},"35":{"start":{"line":77,"column":54},"end":{"line":81,"column":7}},"36":{"start":{"line":83,"column":6},"end":{"line":87,"column":7}},"37":{"start":{"line":84,"column":8},"end":{"line":84,"column":76}},"38":{"start":{"line":86,"column":8},"end":{"line":86,"column":15}},"39":{"start":{"line":89,"column":25},"end":{"line":89,"column":27}},"40":{"start":{"line":91,"column":6},"end":{"line":109,"column":7}},"41":{"start":{"line":92,"column":33},"end":{"line":92,"column":110}},"42":{"start":{"line":93,"column":25},"end":{"line":93,"column":50}},"43":{"start":{"line":95,"column":8},"end":{"line":108,"column":11}},"44":{"start":{"line":103,"column":57},"end":{"line":103,"column":100}},"45":{"start":{"line":111,"column":6},"end":{"line":115,"column":9}},"46":{"start":{"line":117,"column":6},"end":{"line":117,"column":73}},"47":{"start":{"line":118,"column":6},"end":{"line":118,"column":76}},"48":{"start":{"line":122,"column":31},"end":{"line":172,"column":3}},"49":{"start":{"line":123,"column":4},"end":{"line":171,"column":5}},"50":{"start":{"line":125,"column":22},"end":{"line":125,"column":40}},"51":{"start":{"line":127,"column":32},"end":{"line":127,"column":41}},"52":{"start":{"line":129,"column":54},"end":{"line":133,"column":7}},"53":{"start":{"line":135,"column":6},"end":{"line":139,"column":7}},"54":{"start":{"line":136,"column":8},"end":{"line":136,"column":76}},"55":{"start":{"line":138,"column":8},"end":{"line":138,"column":15}},"56":{"start":{"line":141,"column":25},"end":{"line":141,"column":27}},"57":{"start":{"line":143,"column":6},"end":{"line":161,"column":7}},"58":{"start":{"line":144,"column":33},"end":{"line":144,"column":110}},"59":{"start":{"line":145,"column":25},"end":{"line":145,"column":50}},"60":{"start":{"line":147,"column":8},"end":{"line":160,"column":11}},"61":{"start":{"line":155,"column":57},"end":{"line":155,"column":100}},"62":{"start":{"line":163,"column":6},"end":{"line":167,"column":9}},"63":{"start":{"line":169,"column":6},"end":{"line":169,"column":73}},"64":{"start":{"line":170,"column":6},"end":{"line":170,"column":76}},"65":{"start":{"line":174,"column":34},"end":{"line":221,"column":3}},"66":{"start":{"line":175,"column":4},"end":{"line":220,"column":5}},"67":{"start":{"line":176,"column":45},"end":{"line":176,"column":54}},"68":{"start":{"line":177,"column":58},"end":{"line":181,"column":7}},"69":{"start":{"line":183,"column":6},"end":{"line":185,"column":7}},"70":{"start":{"line":184,"column":8},"end":{"line":184,"column":76}},"71":{"start":{"line":187,"column":25},"end":{"line":187,"column":84}},"72":{"start":{"line":188,"column":29},"end":{"line":188,"column":55}},"73":{"start":{"line":190,"column":25},"end":{"line":190,"column":27}},"74":{"start":{"line":192,"column":6},"end":{"line":210,"column":7}},"75":{"start":{"line":193,"column":33},"end":{"line":193,"column":114}},"76":{"start":{"line":194,"column":25},"end":{"line":194,"column":50}},"77":{"start":{"line":196,"column":8},"end":{"line":209,"column":11}},"78":{"start":{"line":204,"column":61},"end":{"line":204,"column":104}},"79":{"start":{"line":211,"column":6},"end":{"line":215,"column":9}},"80":{"start":{"line":216,"column":6},"end":{"line":216,"column":13}},"81":{"start":{"line":218,"column":6},"end":{"line":218,"column":73}},"82":{"start":{"line":219,"column":6},"end":{"line":219,"column":76}},"83":{"start":{"line":222,"column":34},"end":{"line":270,"column":3}},"84":{"start":{"line":223,"column":4},"end":{"line":269,"column":5}},"85":{"start":{"line":224,"column":31},"end":{"line":224,"column":39}},"86":{"start":{"line":225,"column":25},"end":{"line":225,"column":27}},"87":{"start":{"line":226,"column":6},"end":{"line":259,"column":7}},"88":{"start":{"line":227,"column":29},"end":{"line":227,"column":107}},"89":{"start":{"line":228,"column":33},"end":{"line":228,"column":95}},"90":{"start":{"line":230,"column":8},"end":{"line":230,"column":34}},"91":{"start":{"line":231,"column":19},"end":{"line":231,"column":21}},"92":{"start":{"line":232,"column":8},"end":{"line":248,"column":9}},"93":{"start":{"line":233,"column":35},"end":{"line":233,"column":113}},"94":{"start":{"line":234,"column":27},"end":{"line":234,"column":52}},"95":{"start":{"line":236,"column":10},"end":{"line":247,"column":13}},"96":{"start":{"line":242,"column":60},"end":{"line":242,"column":103}},"97":{"start":{"line":250,"column":8},"end":{"line":258,"column":11}},"98":{"start":{"line":260,"column":6},"end":{"line":264,"column":9}},"99":{"start":{"line":265,"column":6},"end":{"line":265,"column":13}},"100":{"start":{"line":267,"column":6},"end":{"line":267,"column":73}},"101":{"start":{"line":268,"column":6},"end":{"line":268,"column":76}},"102":{"start":{"line":272,"column":18},"end":{"line":322,"column":3}},"103":{"start":{"line":273,"column":4},"end":{"line":321,"column":5}},"104":{"start":{"line":274,"column":32},"end":{"line":274,"column":42}},"105":{"start":{"line":276,"column":23},"end":{"line":276,"column":87}},"106":{"start":{"line":278,"column":6},"end":{"line":280,"column":7}},"107":{"start":{"line":279,"column":8},"end":{"line":279,"column":76}},"108":{"start":{"line":282,"column":31},"end":{"line":282,"column":103}},"109":{"start":{"line":284,"column":23},"end":{"line":284,"column":48}},"110":{"start":{"line":285,"column":26},"end":{"line":295,"column":7}},"111":{"start":{"line":287,"column":31},"end":{"line":287,"column":74}},"112":{"start":{"line":289,"column":10},"end":{"line":293,"column":11}},"113":{"start":{"line":290,"column":12},"end":{"line":290,"column":121}},"114":{"start":{"line":292,"column":12},"end":{"line":292,"column":30}},"115":{"start":{"line":297,"column":25},"end":{"line":297,"column":82}},"116":{"start":{"line":299,"column":31},"end":{"line":315,"column":7}},"117":{"start":{"line":317,"column":6},"end":{"line":317,"column":70}},"118":{"start":{"line":319,"column":6},"end":{"line":319,"column":73}},"119":{"start":{"line":320,"column":6},"end":{"line":320,"column":76}},"120":{"start":{"line":324,"column":21},"end":{"line":367,"column":3}},"121":{"start":{"line":325,"column":4},"end":{"line":366,"column":5}},"122":{"start":{"line":326,"column":22},"end":{"line":326,"column":40}},"123":{"start":{"line":334,"column":10},"end":{"line":334,"column":18}},"124":{"start":{"line":336,"column":6},"end":{"line":339,"column":7}},"125":{"start":{"line":337,"column":8},"end":{"line":337,"column":59}},"126":{"start":{"line":338,"column":8},"end":{"line":338,"column":15}},"127":{"start":{"line":341,"column":28},"end":{"line":341,"column":80}},"128":{"start":{"line":343,"column":6},"end":{"line":343,"column":34}},"129":{"start":{"line":345,"column":24},"end":{"line":345,"column":87}},"130":{"start":{"line":345,"column":68},"end":{"line":345,"column":84}},"131":{"start":{"line":347,"column":31},"end":{"line":353,"column":7}},"132":{"start":{"line":355,"column":28},"end":{"line":355,"column":59}},"133":{"start":{"line":356,"column":6},"end":{"line":356,"column":75}},"134":{"start":{"line":358,"column":6},"end":{"line":362,"column":9}},"135":{"start":{"line":364,"column":6},"end":{"line":364,"column":73}},"136":{"start":{"line":365,"column":6},"end":{"line":365,"column":76}},"137":{"start":{"line":369,"column":19},"end":{"line":408,"column":3}},"138":{"start":{"line":370,"column":4},"end":{"line":407,"column":5}},"139":{"start":{"line":371,"column":22},"end":{"line":371,"column":40}},"140":{"start":{"line":373,"column":32},"end":{"line":373,"column":42}},"141":{"start":{"line":374,"column":66},"end":{"line":374,"column":74}},"142":{"start":{"line":376,"column":29},"end":{"line":376,"column":93}},"143":{"start":{"line":378,"column":6},"end":{"line":382,"column":7}},"144":{"start":{"line":379,"column":8},"end":{"line":379,"column":75}},"145":{"start":{"line":380,"column":13},"end":{"line":382,"column":7}},"146":{"start":{"line":381,"column":8},"end":{"line":381,"column":77}},"147":{"start":{"line":384,"column":28},"end":{"line":384,"column":80}},"148":{"start":{"line":386,"column":6},"end":{"line":386,"column":34}},"149":{"start":{"line":388,"column":24},"end":{"line":388,"column":87}},"150":{"start":{"line":388,"column":68},"end":{"line":388,"column":84}},"151":{"start":{"line":390,"column":31},"end":{"line":397,"column":7}},"152":{"start":{"line":399,"column":6},"end":{"line":403,"column":9}},"153":{"start":{"line":405,"column":6},"end":{"line":405,"column":73}},"154":{"start":{"line":406,"column":6},"end":{"line":406,"column":76}},"155":{"start":{"line":410,"column":21},"end":{"line":431,"column":3}},"156":{"start":{"line":411,"column":4},"end":{"line":430,"column":5}},"157":{"start":{"line":412,"column":22},"end":{"line":412,"column":40}},"158":{"start":{"line":414,"column":32},"end":{"line":414,"column":42}},"159":{"start":{"line":416,"column":29},"end":{"line":416,"column":93}},"160":{"start":{"line":418,"column":6},"end":{"line":426,"column":7}},"161":{"start":{"line":419,"column":8},"end":{"line":419,"column":75}},"162":{"start":{"line":420,"column":13},"end":{"line":426,"column":7}},"163":{"start":{"line":421,"column":8},"end":{"line":421,"column":77}},"164":{"start":{"line":423,"column":8},"end":{"line":423,"column":72}},"165":{"start":{"line":424,"column":8},"end":{"line":424,"column":77}},"166":{"start":{"line":425,"column":8},"end":{"line":425,"column":74}},"167":{"start":{"line":428,"column":6},"end":{"line":428,"column":73}},"168":{"start":{"line":429,"column":6},"end":{"line":429,"column":76}},"169":{"start":{"line":433,"column":19},"end":{"line":469,"column":3}},"170":{"start":{"line":434,"column":4},"end":{"line":468,"column":5}},"171":{"start":{"line":435,"column":32},"end":{"line":435,"column":42}},"172":{"start":{"line":436,"column":22},"end":{"line":436,"column":40}},"173":{"start":{"line":439,"column":29},"end":{"line":439,"column":93}},"174":{"start":{"line":441,"column":38},"end":{"line":441,"column":84}},"175":{"start":{"line":443,"column":6},"end":{"line":461,"column":7}},"176":{"start":{"line":444,"column":8},"end":{"line":444,"column":75}},"177":{"start":{"line":445,"column":13},"end":{"line":461,"column":7}},"178":{"start":{"line":446,"column":8},"end":{"line":446,"column":70}},"179":{"start":{"line":447,"column":8},"end":{"line":447,"column":73}},"180":{"start":{"line":448,"column":8},"end":{"line":452,"column":11}},"181":{"start":{"line":454,"column":8},"end":{"line":454,"column":73}},"182":{"start":{"line":455,"column":8},"end":{"line":455,"column":76}},"183":{"start":{"line":456,"column":8},"end":{"line":460,"column":11}},"184":{"start":{"line":463,"column":6},"end":{"line":463,"column":73}},"185":{"start":{"line":464,"column":6},"end":{"line":467,"column":9}},"186":{"start":{"line":472,"column":19},"end":{"line":509,"column":3}},"187":{"start":{"line":473,"column":4},"end":{"line":508,"column":5}},"188":{"start":{"line":474,"column":32},"end":{"line":474,"column":42}},"189":{"start":{"line":476,"column":22},"end":{"line":476,"column":40}},"190":{"start":{"line":479,"column":29},"end":{"line":479,"column":93}},"191":{"start":{"line":481,"column":39},"end":{"line":481,"column":85}},"192":{"start":{"line":483,"column":6},"end":{"line":501,"column":7}},"193":{"start":{"line":484,"column":8},"end":{"line":484,"column":75}},"194":{"start":{"line":485,"column":13},"end":{"line":501,"column":7}},"195":{"start":{"line":486,"column":8},"end":{"line":486,"column":79}},"196":{"start":{"line":487,"column":8},"end":{"line":487,"column":73}},"197":{"start":{"line":488,"column":8},"end":{"line":492,"column":11}},"198":{"start":{"line":494,"column":8},"end":{"line":494,"column":82}},"199":{"start":{"line":495,"column":8},"end":{"line":495,"column":76}},"200":{"start":{"line":496,"column":8},"end":{"line":500,"column":11}},"201":{"start":{"line":503,"column":6},"end":{"line":503,"column":73}},"202":{"start":{"line":504,"column":6},"end":{"line":507,"column":9}},"203":{"start":{"line":512,"column":27},"end":{"line":567,"column":3}},"204":{"start":{"line":513,"column":4},"end":{"line":566,"column":5}},"205":{"start":{"line":514,"column":41},"end":{"line":514,"column":50}},"206":{"start":{"line":516,"column":57},"end":{"line":520,"column":7}},"207":{"start":{"line":522,"column":25},"end":{"line":522,"column":27}},"208":{"start":{"line":524,"column":6},"end":{"line":552,"column":7}},"209":{"start":{"line":525,"column":33},"end":{"line":525,"column":113}},"210":{"start":{"line":527,"column":25},"end":{"line":527,"column":50}},"211":{"start":{"line":528,"column":28},"end":{"line":537,"column":9}},"212":{"start":{"line":530,"column":33},"end":{"line":530,"column":75}},"213":{"start":{"line":531,"column":12},"end":{"line":535,"column":13}},"214":{"start":{"line":532,"column":14},"end":{"line":532,"column":123}},"215":{"start":{"line":534,"column":14},"end":{"line":534,"column":32}},"216":{"start":{"line":539,"column":8},"end":{"line":551,"column":11}},"217":{"start":{"line":554,"column":6},"end":{"line":558,"column":9}},"218":{"start":{"line":559,"column":6},"end":{"line":559,"column":13}},"219":{"start":{"line":561,"column":6},"end":{"line":561,"column":73}},"220":{"start":{"line":562,"column":6},"end":{"line":565,"column":9}},"221":{"start":{"line":569,"column":25},"end":{"line":601,"column":3}},"222":{"start":{"line":570,"column":4},"end":{"line":600,"column":5}},"223":{"start":{"line":571,"column":22},"end":{"line":571,"column":40}},"224":{"start":{"line":573,"column":32},"end":{"line":573,"column":42}},"225":{"start":{"line":574,"column":25},"end":{"line":574,"column":33}},"226":{"start":{"line":576,"column":29},"end":{"line":576,"column":93}},"227":{"start":{"line":578,"column":6},"end":{"line":593,"column":7}},"228":{"start":{"line":579,"column":8},"end":{"line":579,"column":75}},"229":{"start":{"line":580,"column":13},"end":{"line":593,"column":7}},"230":{"start":{"line":581,"column":8},"end":{"line":581,"column":77}},"231":{"start":{"line":583,"column":33},"end":{"line":586,"column":9}},"232":{"start":{"line":588,"column":8},"end":{"line":592,"column":11}},"233":{"start":{"line":595,"column":6},"end":{"line":595,"column":73}},"234":{"start":{"line":596,"column":6},"end":{"line":599,"column":9}},"235":{"start":{"line":603,"column":30},"end":{"line":637,"column":3}},"236":{"start":{"line":604,"column":4},"end":{"line":636,"column":5}},"237":{"start":{"line":605,"column":22},"end":{"line":605,"column":40}},"238":{"start":{"line":608,"column":32},"end":{"line":608,"column":42}},"239":{"start":{"line":609,"column":27},"end":{"line":609,"column":36}},"240":{"start":{"line":611,"column":29},"end":{"line":611,"column":93}},"241":{"start":{"line":612,"column":21},"end":{"line":612,"column":72}},"242":{"start":{"line":612,"column":57},"end":{"line":612,"column":71}},"243":{"start":{"line":614,"column":6},"end":{"line":629,"column":7}},"244":{"start":{"line":615,"column":8},"end":{"line":615,"column":75}},"245":{"start":{"line":616,"column":13},"end":{"line":629,"column":7}},"246":{"start":{"line":617,"column":8},"end":{"line":617,"column":77}},"247":{"start":{"line":619,"column":33},"end":{"line":622,"column":9}},"248":{"start":{"line":624,"column":8},"end":{"line":628,"column":11}},"249":{"start":{"line":631,"column":6},"end":{"line":631,"column":73}},"250":{"start":{"line":632,"column":6},"end":{"line":635,"column":9}},"251":{"start":{"line":639,"column":22},"end":{"line":659,"column":3}},"252":{"start":{"line":640,"column":4},"end":{"line":658,"column":5}},"253":{"start":{"line":641,"column":32},"end":{"line":641,"column":42}},"254":{"start":{"line":642,"column":25},"end":{"line":642,"column":89}},"255":{"start":{"line":644,"column":6},"end":{"line":651,"column":9}},"256":{"start":{"line":653,"column":6},"end":{"line":653,"column":73}},"257":{"start":{"line":654,"column":6},"end":{"line":657,"column":9}},"258":{"start":{"line":661,"column":17},"end":{"line":679,"column":3}},"259":{"start":{"line":662,"column":4},"end":{"line":678,"column":5}},"260":{"start":{"line":664,"column":6},"end":{"line":664,"column":83}},"261":{"start":{"line":668,"column":36},"end":{"line":668,"column":95}},"262":{"start":{"line":670,"column":6},"end":{"line":674,"column":8}},"263":{"start":{"line":676,"column":6},"end":{"line":676,"column":25}},"264":{"start":{"line":677,"column":6},"end":{"line":677,"column":61}},"265":{"start":{"line":681,"column":19},"end":{"line":699,"column":3}},"266":{"start":{"line":682,"column":4},"end":{"line":698,"column":5}},"267":{"start":{"line":684,"column":6},"end":{"line":684,"column":83}},"268":{"start":{"line":688,"column":35},"end":{"line":688,"column":96}},"269":{"start":{"line":690,"column":6},"end":{"line":694,"column":8}},"270":{"start":{"line":696,"column":6},"end":{"line":696,"column":25}},"271":{"start":{"line":697,"column":6},"end":{"line":697,"column":61}},"272":{"start":{"line":701,"column":23},"end":{"line":719,"column":3}},"273":{"start":{"line":702,"column":4},"end":{"line":718,"column":5}},"274":{"start":{"line":704,"column":6},"end":{"line":704,"column":83}},"275":{"start":{"line":708,"column":35},"end":{"line":708,"column":103}},"276":{"start":{"line":710,"column":6},"end":{"line":714,"column":8}},"277":{"start":{"line":716,"column":6},"end":{"line":716,"column":25}},"278":{"start":{"line":717,"column":6},"end":{"line":717,"column":61}},"279":{"start":{"line":721,"column":26},"end":{"line":757,"column":3}},"280":{"start":{"line":722,"column":23},"end":{"line":722,"column":87}},"281":{"start":{"line":723,"column":19},"end":{"line":723,"column":46}},"282":{"start":{"line":724,"column":20},"end":{"line":724,"column":67}},"283":{"start":{"line":725,"column":4},"end":{"line":725,"column":54}},"284":{"start":{"line":727,"column":4},"end":{"line":756,"column":5}},"285":{"start":{"line":729,"column":6},"end":{"line":729,"column":83}},"286":{"start":{"line":733,"column":35},"end":{"line":733,"column":113}},"287":{"start":{"line":735,"column":27},"end":{"line":735,"column":29}},"288":{"start":{"line":736,"column":6},"end":{"line":744,"column":7}},"289":{"start":{"line":737,"column":8},"end":{"line":737,"column":44}},"290":{"start":{"line":738,"column":13},"end":{"line":744,"column":7}},"291":{"start":{"line":739,"column":8},"end":{"line":739,"column":43}},"292":{"start":{"line":740,"column":13},"end":{"line":744,"column":7}},"293":{"start":{"line":741,"column":8},"end":{"line":741,"column":43}},"294":{"start":{"line":743,"column":8},"end":{"line":743,"column":40}},"295":{"start":{"line":746,"column":6},"end":{"line":746,"column":95}},"296":{"start":{"line":748,"column":6},"end":{"line":752,"column":8}},"297":{"start":{"line":754,"column":6},"end":{"line":754,"column":25}},"298":{"start":{"line":755,"column":6},"end":{"line":755,"column":61}},"299":{"start":{"line":759,"column":32},"end":{"line":778,"column":3}},"300":{"start":{"line":760,"column":21},"end":{"line":760,"column":46}},"301":{"start":{"line":761,"column":21},"end":{"line":761,"column":48}},"302":{"start":{"line":762,"column":21},"end":{"line":762,"column":52}},"303":{"start":{"line":763,"column":21},"end":{"line":763,"column":55}},"304":{"start":{"line":764,"column":4},"end":{"line":769,"column":7}},"305":{"start":{"line":771,"column":4},"end":{"line":777,"column":23}},"306":{"start":{"line":772,"column":6},"end":{"line":772,"column":32}},"307":{"start":{"line":773,"column":6},"end":{"line":773,"column":34}},"308":{"start":{"line":774,"column":6},"end":{"line":774,"column":38}},"309":{"start":{"line":775,"column":6},"end":{"line":775,"column":41}},"310":{"start":{"line":776,"column":6},"end":{"line":776,"column":46}},"311":{"start":{"line":781,"column":0},"end":{"line":781,"column":36}}},"fnMap":{"0":{"name":"(anonymous_0)","decl":{"start":{"line":20,"column":30},"end":{"line":20,"column":31}},"loc":{"start":{"line":20,"column":50},"end":{"line":69,"column":3}},"line":20},"1":{"name":"(anonymous_1)","decl":{"start":{"line":52,"column":50},"end":{"line":52,"column":51}},"loc":{"start":{"line":52,"column":57},"end":{"line":52,"column":100}},"line":52},"2":{"name":"(anonymous_2)","decl":{"start":{"line":71,"column":31},"end":{"line":71,"column":32}},"loc":{"start":{"line":71,"column":51},"end":{"line":120,"column":3}},"line":71},"3":{"name":"(anonymous_3)","decl":{"start":{"line":103,"column":50},"end":{"line":103,"column":51}},"loc":{"start":{"line":103,"column":57},"end":{"line":103,"column":100}},"line":103},"4":{"name":"(anonymous_4)","decl":{"start":{"line":122,"column":31},"end":{"line":122,"column":32}},"loc":{"start":{"line":122,"column":51},"end":{"line":172,"column":3}},"line":122},"5":{"name":"(anonymous_5)","decl":{"start":{"line":155,"column":50},"end":{"line":155,"column":51}},"loc":{"start":{"line":155,"column":57},"end":{"line":155,"column":100}},"line":155},"6":{"name":"(anonymous_6)","decl":{"start":{"line":174,"column":34},"end":{"line":174,"column":35}},"loc":{"start":{"line":174,"column":54},"end":{"line":221,"column":3}},"line":174},"7":{"name":"(anonymous_7)","decl":{"start":{"line":204,"column":54},"end":{"line":204,"column":55}},"loc":{"start":{"line":204,"column":61},"end":{"line":204,"column":104}},"line":204},"8":{"name":"(anonymous_8)","decl":{"start":{"line":222,"column":34},"end":{"line":222,"column":35}},"loc":{"start":{"line":222,"column":54},"end":{"line":270,"column":3}},"line":222},"9":{"name":"(anonymous_9)","decl":{"start":{"line":242,"column":53},"end":{"line":242,"column":54}},"loc":{"start":{"line":242,"column":60},"end":{"line":242,"column":103}},"line":242},"10":{"name":"(anonymous_10)","decl":{"start":{"line":272,"column":18},"end":{"line":272,"column":19}},"loc":{"start":{"line":272,"column":38},"end":{"line":322,"column":3}},"line":272},"11":{"name":"(anonymous_11)","decl":{"start":{"line":286,"column":30},"end":{"line":286,"column":31}},"loc":{"start":{"line":286,"column":44},"end":{"line":294,"column":9}},"line":286},"12":{"name":"(anonymous_12)","decl":{"start":{"line":324,"column":21},"end":{"line":324,"column":22}},"loc":{"start":{"line":324,"column":41},"end":{"line":367,"column":3}},"line":324},"13":{"name":"(anonymous_13)","decl":{"start":{"line":345,"column":61},"end":{"line":345,"column":62}},"loc":{"start":{"line":345,"column":68},"end":{"line":345,"column":84}},"line":345},"14":{"name":"(anonymous_14)","decl":{"start":{"line":369,"column":19},"end":{"line":369,"column":20}},"loc":{"start":{"line":369,"column":39},"end":{"line":408,"column":3}},"line":369},"15":{"name":"(anonymous_15)","decl":{"start":{"line":388,"column":61},"end":{"line":388,"column":62}},"loc":{"start":{"line":388,"column":68},"end":{"line":388,"column":84}},"line":388},"16":{"name":"(anonymous_16)","decl":{"start":{"line":410,"column":21},"end":{"line":410,"column":22}},"loc":{"start":{"line":410,"column":41},"end":{"line":431,"column":3}},"line":410},"17":{"name":"(anonymous_17)","decl":{"start":{"line":433,"column":19},"end":{"line":433,"column":20}},"loc":{"start":{"line":433,"column":39},"end":{"line":469,"column":3}},"line":433},"18":{"name":"(anonymous_18)","decl":{"start":{"line":472,"column":19},"end":{"line":472,"column":20}},"loc":{"start":{"line":472,"column":39},"end":{"line":509,"column":3}},"line":472},"19":{"name":"(anonymous_19)","decl":{"start":{"line":512,"column":27},"end":{"line":512,"column":28}},"loc":{"start":{"line":512,"column":47},"end":{"line":567,"column":3}},"line":512},"20":{"name":"(anonymous_20)","decl":{"start":{"line":529,"column":39},"end":{"line":529,"column":40}},"loc":{"start":{"line":529,"column":52},"end":{"line":536,"column":11}},"line":529},"21":{"name":"(anonymous_21)","decl":{"start":{"line":569,"column":25},"end":{"line":569,"column":26}},"loc":{"start":{"line":569,"column":45},"end":{"line":601,"column":3}},"line":569},"22":{"name":"(anonymous_22)","decl":{"start":{"line":603,"column":30},"end":{"line":603,"column":31}},"loc":{"start":{"line":603,"column":50},"end":{"line":637,"column":3}},"line":603},"23":{"name":"(anonymous_23)","decl":{"start":{"line":612,"column":50},"end":{"line":612,"column":51}},"loc":{"start":{"line":612,"column":57},"end":{"line":612,"column":71}},"line":612},"24":{"name":"(anonymous_24)","decl":{"start":{"line":639,"column":22},"end":{"line":639,"column":23}},"loc":{"start":{"line":639,"column":42},"end":{"line":659,"column":3}},"line":639},"25":{"name":"(anonymous_25)","decl":{"start":{"line":661,"column":17},"end":{"line":661,"column":18}},"loc":{"start":{"line":661,"column":29},"end":{"line":679,"column":3}},"line":661},"26":{"name":"(anonymous_26)","decl":{"start":{"line":681,"column":19},"end":{"line":681,"column":20}},"loc":{"start":{"line":681,"column":31},"end":{"line":699,"column":3}},"line":681},"27":{"name":"(anonymous_27)","decl":{"start":{"line":701,"column":23},"end":{"line":701,"column":24}},"loc":{"start":{"line":701,"column":35},"end":{"line":719,"column":3}},"line":701},"28":{"name":"(anonymous_28)","decl":{"start":{"line":721,"column":26},"end":{"line":721,"column":27}},"loc":{"start":{"line":721,"column":38},"end":{"line":757,"column":3}},"line":721},"29":{"name":"(anonymous_29)","decl":{"start":{"line":759,"column":32},"end":{"line":759,"column":33}},"loc":{"start":{"line":759,"column":52},"end":{"line":778,"column":3}},"line":759},"30":{"name":"(anonymous_30)","decl":{"start":{"line":771,"column":16},"end":{"line":771,"column":17}},"loc":{"start":{"line":771,"column":28},"end":{"line":777,"column":5}},"line":771}},"branchMap":{"0":{"loc":{"start":{"line":32,"column":6},"end":{"line":36,"column":7}},"type":"if","locations":[{"start":{"line":32,"column":6},"end":{"line":36,"column":7}},{"start":{},"end":{}}],"line":32},"1":{"loc":{"start":{"line":83,"column":6},"end":{"line":87,"column":7}},"type":"if","locations":[{"start":{"line":83,"column":6},"end":{"line":87,"column":7}},{"start":{},"end":{}}],"line":83},"2":{"loc":{"start":{"line":135,"column":6},"end":{"line":139,"column":7}},"type":"if","locations":[{"start":{"line":135,"column":6},"end":{"line":139,"column":7}},{"start":{},"end":{}}],"line":135},"3":{"loc":{"start":{"line":183,"column":6},"end":{"line":185,"column":7}},"type":"if","locations":[{"start":{"line":183,"column":6},"end":{"line":185,"column":7}},{"start":{},"end":{}}],"line":183},"4":{"loc":{"start":{"line":278,"column":6},"end":{"line":280,"column":7}},"type":"if","locations":[{"start":{"line":278,"column":6},"end":{"line":280,"column":7}},{"start":{},"end":{}}],"line":278},"5":{"loc":{"start":{"line":289,"column":10},"end":{"line":293,"column":11}},"type":"if","locations":[{"start":{"line":289,"column":10},"end":{"line":293,"column":11}},{"start":{"line":291,"column":17},"end":{"line":293,"column":11}}],"line":289},"6":{"loc":{"start":{"line":336,"column":6},"end":{"line":339,"column":7}},"type":"if","locations":[{"start":{"line":336,"column":6},"end":{"line":339,"column":7}},{"start":{},"end":{}}],"line":336},"7":{"loc":{"start":{"line":336,"column":10},"end":{"line":336,"column":69}},"type":"binary-expr","locations":[{"start":{"line":336,"column":10},"end":{"line":336,"column":22}},{"start":{"line":336,"column":26},"end":{"line":336,"column":42}},{"start":{"line":336,"column":46},"end":{"line":336,"column":58}},{"start":{"line":336,"column":62},"end":{"line":336,"column":69}}],"line":336},"8":{"loc":{"start":{"line":378,"column":6},"end":{"line":382,"column":7}},"type":"if","locations":[{"start":{"line":378,"column":6},"end":{"line":382,"column":7}},{"start":{"line":380,"column":13},"end":{"line":382,"column":7}}],"line":378},"9":{"loc":{"start":{"line":380,"column":13},"end":{"line":382,"column":7}},"type":"if","locations":[{"start":{"line":380,"column":13},"end":{"line":382,"column":7}},{"start":{},"end":{}}],"line":380},"10":{"loc":{"start":{"line":418,"column":6},"end":{"line":426,"column":7}},"type":"if","locations":[{"start":{"line":418,"column":6},"end":{"line":426,"column":7}},{"start":{"line":420,"column":13},"end":{"line":426,"column":7}}],"line":418},"11":{"loc":{"start":{"line":420,"column":13},"end":{"line":426,"column":7}},"type":"if","locations":[{"start":{"line":420,"column":13},"end":{"line":426,"column":7}},{"start":{"line":422,"column":13},"end":{"line":426,"column":7}}],"line":420},"12":{"loc":{"start":{"line":443,"column":6},"end":{"line":461,"column":7}},"type":"if","locations":[{"start":{"line":443,"column":6},"end":{"line":461,"column":7}},{"start":{"line":445,"column":13},"end":{"line":461,"column":7}}],"line":443},"13":{"loc":{"start":{"line":445,"column":13},"end":{"line":461,"column":7}},"type":"if","locations":[{"start":{"line":445,"column":13},"end":{"line":461,"column":7}},{"start":{"line":453,"column":13},"end":{"line":461,"column":7}}],"line":445},"14":{"loc":{"start":{"line":483,"column":6},"end":{"line":501,"column":7}},"type":"if","locations":[{"start":{"line":483,"column":6},"end":{"line":501,"column":7}},{"start":{"line":485,"column":13},"end":{"line":501,"column":7}}],"line":483},"15":{"loc":{"start":{"line":485,"column":13},"end":{"line":501,"column":7}},"type":"if","locations":[{"start":{"line":485,"column":13},"end":{"line":501,"column":7}},{"start":{"line":493,"column":13},"end":{"line":501,"column":7}}],"line":485},"16":{"loc":{"start":{"line":531,"column":12},"end":{"line":535,"column":13}},"type":"if","locations":[{"start":{"line":531,"column":12},"end":{"line":535,"column":13}},{"start":{"line":533,"column":19},"end":{"line":535,"column":13}}],"line":531},"17":{"loc":{"start":{"line":578,"column":6},"end":{"line":593,"column":7}},"type":"if","locations":[{"start":{"line":578,"column":6},"end":{"line":593,"column":7}},{"start":{"line":580,"column":13},"end":{"line":593,"column":7}}],"line":578},"18":{"loc":{"start":{"line":580,"column":13},"end":{"line":593,"column":7}},"type":"if","locations":[{"start":{"line":580,"column":13},"end":{"line":593,"column":7}},{"start":{"line":582,"column":13},"end":{"line":593,"column":7}}],"line":580},"19":{"loc":{"start":{"line":614,"column":6},"end":{"line":629,"column":7}},"type":"if","locations":[{"start":{"line":614,"column":6},"end":{"line":629,"column":7}},{"start":{"line":616,"column":13},"end":{"line":629,"column":7}}],"line":614},"20":{"loc":{"start":{"line":616,"column":13},"end":{"line":629,"column":7}},"type":"if","locations":[{"start":{"line":616,"column":13},"end":{"line":629,"column":7}},{"start":{"line":618,"column":13},"end":{"line":629,"column":7}}],"line":616},"21":{"loc":{"start":{"line":736,"column":6},"end":{"line":744,"column":7}},"type":"if","locations":[{"start":{"line":736,"column":6},"end":{"line":744,"column":7}},{"start":{"line":738,"column":13},"end":{"line":744,"column":7}}],"line":736},"22":{"loc":{"start":{"line":738,"column":13},"end":{"line":744,"column":7}},"type":"if","locations":[{"start":{"line":738,"column":13},"end":{"line":744,"column":7}},{"start":{"line":740,"column":13},"end":{"line":744,"column":7}}],"line":738},"23":{"loc":{"start":{"line":740,"column":13},"end":{"line":744,"column":7}},"type":"if","locations":[{"start":{"line":740,"column":13},"end":{"line":744,"column":7}},{"start":{"line":742,"column":13},"end":{"line":744,"column":7}}],"line":740}},"s":{"0":2,"1":2,"2":2,"3":2,"4":2,"5":2,"6":2,"7":2,"8":2,"9":2,"10":2,"11":2,"12":2,"13":2,"14":2,"15":1,"16":1,"17":1,"18":1,"19":1,"20":0,"21":0,"22":1,"23":1,"24":3,"25":3,"26":3,"27":25,"28":1,"29":0,"30":0,"31":2,"32":0,"33":0,"34":0,"35":0,"36":0,"37":0,"38":0,"39":0,"40":0,"41":0,"42":0,"43":0,"44":0,"45":0,"46":0,"47":0,"48":2,"49":0,"50":0,"51":0,"52":0,"53":0,"54":0,"55":0,"56":0,"57":0,"58":0,"59":0,"60":0,"61":0,"62":0,"63":0,"64":0,"65":2,"66":3,"67":3,"68":3,"69":3,"70":0,"71":3,"72":3,"73":3,"74":3,"75":3,"76":3,"77":3,"78":22,"79":3,"80":3,"81":0,"82":0,"83":2,"84":2,"85":2,"86":2,"87":2,"88":6,"89":6,"90":6,"91":6,"92":6,"93":12,"94":12,"95":12,"96":88,"97":6,"98":2,"99":2,"100":0,"101":0,"102":2,"103":1,"104":1,"105":1,"106":1,"107":0,"108":1,"109":1,"110":1,"111":7,"112":7,"113":0,"114":7,"115":1,"116":1,"117":1,"118":0,"119":0,"120":2,"121":1,"122":1,"123":1,"124":1,"125":0,"126":0,"127":1,"128":1,"129":1,"130":2,"131":1,"132":1,"133":1,"134":1,"135":0,"136":0,"137":2,"138":1,"139":1,"140":1,"141":1,"142":1,"143":1,"144":0,"145":1,"146":0,"147":1,"148":1,"149":1,"150":2,"151":1,"152":1,"153":0,"154":0,"155":2,"156":1,"157":1,"158":1,"159":1,"160":1,"161":0,"162":1,"163":0,"164":1,"165":1,"166":1,"167":0,"168":0,"169":2,"170":1,"171":1,"172":1,"173":1,"174":1,"175":1,"176":0,"177":1,"178":1,"179":1,"180":1,"181":0,"182":0,"183":0,"184":0,"185":0,"186":2,"187":0,"188":0,"189":0,"190":0,"191":0,"192":0,"193":0,"194":0,"195":0,"196":0,"197":0,"198":0,"199":0,"200":0,"201":0,"202":0,"203":2,"204":1,"205":1,"206":1,"207":1,"208":1,"209":3,"210":3,"211":3,"212":25,"213":25,"214":25,"215":0,"216":3,"217":1,"218":1,"219":0,"220":0,"221":2,"222":1,"223":1,"224":1,"225":1,"226":1,"227":1,"228":0,"229":1,"230":0,"231":1,"232":1,"233":0,"234":0,"235":2,"236":2,"237":2,"238":2,"239":2,"240":2,"241":2,"242":14,"243":2,"244":0,"245":2,"246":1,"247":1,"248":1,"249":0,"250":0,"251":2,"252":1,"253":1,"254":1,"255":1,"256":0,"257":0,"258":2,"259":1,"260":1,"261":1,"262":1,"263":0,"264":0,"265":2,"266":1,"267":1,"268":1,"269":1,"270":0,"271":0,"272":2,"273":1,"274":1,"275":1,"276":1,"277":0,"278":0,"279":2,"280":1,"281":1,"282":1,"283":1,"284":1,"285":1,"286":1,"287":1,"288":1,"289":0,"290":1,"291":1,"292":0,"293":0,"294":0,"295":1,"296":1,"297":0,"298":0,"299":2,"300":0,"301":0,"302":0,"303":0,"304":0,"305":0,"306":0,"307":0,"308":0,"309":0,"310":0,"311":2},"f":{"0":1,"1":25,"2":0,"3":0,"4":0,"5":0,"6":3,"7":22,"8":2,"9":88,"10":1,"11":7,"12":1,"13":2,"14":1,"15":2,"16":1,"17":1,"18":0,"19":1,"20":25,"21":1,"22":2,"23":14,"24":1,"25":1,"26":1,"27":1,"28":1,"29":0,"30":0},"b":{"0":[0,1],"1":[0,0],"2":[0,0],"3":[0,3],"4":[0,1],"5":[0,7],"6":[0,1],"7":[1,1,1,1],"8":[0,1],"9":[0,1],"10":[0,1],"11":[0,1],"12":[0,1],"13":[1,0],"14":[0,0],"15":[0,0],"16":[25,0],"17":[0,1],"18":[0,1],"19":[0,2],"20":[1,1],"21":[0,1],"22":[1,0],"23":[0,0]},"_coverageSchema":"1a1c01bbd47fc00a2c39e90264f33305004495a9","hash":"10867d1996ad70ddd49bad59f3bbb3e2228a900e"}
,"/Users/bohyeonkim/Desktop/Act4_asDev/SpartaCoding/mainWeek/start-here/tuning-backend/b_services/comments.service.js": {"path":"/Users/bohyeonkim/Desktop/Act4_asDev/SpartaCoding/mainWeek/start-here/tuning-backend/b_services/comments.service.js","statementMap":{"0":{"start":{"line":1,"column":26},"end":{"line":1,"column":74}},"1":{"start":{"line":2,"column":29},"end":{"line":2,"column":80}},"2":{"start":{"line":3,"column":23},"end":{"line":3,"column":68}},"3":{"start":{"line":4,"column":23},"end":{"line":4,"column":58}},"4":{"start":{"line":7,"column":22},"end":{"line":7,"column":45}},"5":{"start":{"line":8,"column":25},"end":{"line":8,"column":51}},"6":{"start":{"line":9,"column":19},"end":{"line":9,"column":39}},"7":{"start":{"line":12,"column":19},"end":{"line":43,"column":3}},"8":{"start":{"line":13,"column":4},"end":{"line":42,"column":5}},"9":{"start":{"line":15,"column":22},"end":{"line":15,"column":40}},"10":{"start":{"line":16,"column":32},"end":{"line":16,"column":42}},"11":{"start":{"line":17,"column":26},"end":{"line":17,"column":34}},"12":{"start":{"line":19,"column":29},"end":{"line":21,"column":7}},"13":{"start":{"line":23,"column":6},"end":{"line":35,"column":7}},"14":{"start":{"line":24,"column":8},"end":{"line":24,"column":72}},"15":{"start":{"line":27,"column":8},"end":{"line":31,"column":10}},"16":{"start":{"line":32,"column":8},"end":{"line":34,"column":61}},"17":{"start":{"line":37,"column":6},"end":{"line":37,"column":73}},"18":{"start":{"line":38,"column":6},"end":{"line":41,"column":9}},"19":{"start":{"line":46,"column":17},"end":{"line":94,"column":3}},"20":{"start":{"line":47,"column":4},"end":{"line":93,"column":5}},"21":{"start":{"line":48,"column":32},"end":{"line":48,"column":42}},"22":{"start":{"line":50,"column":29},"end":{"line":52,"column":7}},"23":{"start":{"line":54,"column":6},"end":{"line":87,"column":7}},"24":{"start":{"line":55,"column":8},"end":{"line":58,"column":11}},"25":{"start":{"line":61,"column":10},"end":{"line":63,"column":11}},"26":{"start":{"line":65,"column":21},"end":{"line":80,"column":9}},"27":{"start":{"line":67,"column":31},"end":{"line":69,"column":13}},"28":{"start":{"line":71,"column":12},"end":{"line":78,"column":14}},"29":{"start":{"line":82,"column":8},"end":{"line":86,"column":11}},"30":{"start":{"line":89,"column":6},"end":{"line":89,"column":73}},"31":{"start":{"line":90,"column":6},"end":{"line":92,"column":65}},"32":{"start":{"line":97,"column":18},"end":{"line":132,"column":3}},"33":{"start":{"line":98,"column":4},"end":{"line":131,"column":5}},"34":{"start":{"line":99,"column":22},"end":{"line":99,"column":40}},"35":{"start":{"line":100,"column":29},"end":{"line":100,"column":39}},"36":{"start":{"line":101,"column":26},"end":{"line":101,"column":34}},"37":{"start":{"line":103,"column":30},"end":{"line":105,"column":7}},"38":{"start":{"line":107,"column":6},"end":{"line":125,"column":7}},"39":{"start":{"line":108,"column":8},"end":{"line":110,"column":61}},"40":{"start":{"line":111,"column":13},"end":{"line":125,"column":7}},"41":{"start":{"line":112,"column":8},"end":{"line":114,"column":61}},"42":{"start":{"line":116,"column":31},"end":{"line":119,"column":9}},"43":{"start":{"line":120,"column":8},"end":{"line":124,"column":11}},"44":{"start":{"line":127,"column":6},"end":{"line":127,"column":73}},"45":{"start":{"line":128,"column":6},"end":{"line":130,"column":62}},"46":{"start":{"line":135,"column":18},"end":{"line":165,"column":3}},"47":{"start":{"line":136,"column":4},"end":{"line":164,"column":5}},"48":{"start":{"line":137,"column":22},"end":{"line":137,"column":40}},"49":{"start":{"line":138,"column":29},"end":{"line":138,"column":39}},"50":{"start":{"line":140,"column":30},"end":{"line":142,"column":7}},"51":{"start":{"line":144,"column":6},"end":{"line":158,"column":7}},"52":{"start":{"line":145,"column":8},"end":{"line":147,"column":61}},"53":{"start":{"line":148,"column":13},"end":{"line":158,"column":7}},"54":{"start":{"line":149,"column":8},"end":{"line":151,"column":61}},"55":{"start":{"line":153,"column":8},"end":{"line":153,"column":63}},"56":{"start":{"line":154,"column":8},"end":{"line":157,"column":11}},"57":{"start":{"line":160,"column":6},"end":{"line":160,"column":73}},"58":{"start":{"line":161,"column":6},"end":{"line":163,"column":62}},"59":{"start":{"line":168,"column":0},"end":{"line":168,"column":32}}},"fnMap":{"0":{"name":"(anonymous_0)","decl":{"start":{"line":12,"column":19},"end":{"line":12,"column":20}},"loc":{"start":{"line":12,"column":39},"end":{"line":43,"column":3}},"line":12},"1":{"name":"(anonymous_1)","decl":{"start":{"line":46,"column":17},"end":{"line":46,"column":18}},"loc":{"start":{"line":46,"column":37},"end":{"line":94,"column":3}},"line":46},"2":{"name":"(anonymous_2)","decl":{"start":{"line":66,"column":30},"end":{"line":66,"column":31}},"loc":{"start":{"line":66,"column":44},"end":{"line":79,"column":11}},"line":66},"3":{"name":"(anonymous_3)","decl":{"start":{"line":97,"column":18},"end":{"line":97,"column":19}},"loc":{"start":{"line":97,"column":38},"end":{"line":132,"column":3}},"line":97},"4":{"name":"(anonymous_4)","decl":{"start":{"line":135,"column":18},"end":{"line":135,"column":19}},"loc":{"start":{"line":135,"column":38},"end":{"line":165,"column":3}},"line":135}},"branchMap":{"0":{"loc":{"start":{"line":23,"column":6},"end":{"line":35,"column":7}},"type":"if","locations":[{"start":{"line":23,"co
[...]
,"/Users/bohyeonkim/Desktop/Act4_asDev/SpartaCoding/mainWeek/start-here/tuning-backend/c_repositories/videos.repository.js": {"path":"/Users/bohyeonkim/Desktop/Act4_asDev/SpartaCoding/mainWeek/start-here/tuning-backend/c_repositories/videos.repository.js","statementMap":{"0":{"start":{"line":1,"column":14},"end":{"line":1,"column":43}},"1":{"start":{"line":2,"column":14},"end":{"line":2,"column":30}},"2":{"start":{"line":6,"column":17},"end":{"line":9,"column":3}},"3":{"start":{"line":7,"column":22},"end":{"line":7,"column":50}},"4":{"start":{"line":8,"column":4},"end":{"line":8,"column":21}},"5":{"start":{"line":12,"column":17},"end":{"line":18,"column":3}},"6":{"start":{"line":13,"column":22},"end":{"line":15,"column":6}},"7":{"start":{"line":17,"column":4},"end":{"line":17,"column":21}},"8":{"start":{"line":21,"column":16},"end":{"line":32,"column":3}},"9":{"start":{"line":22,"column":25},"end":{"line":29,"column":6}},"10":{"start":{"line":31,"column":4},"end":{"line":31,"column":24}},"11":{"start":{"line":34,"column":22},"end":{"line":69,"column":3}},"12":{"start":{"line":35,"column":4},"end":{"line":68,"column":5}},"13":{"start":{"line":36,"column":26},"end":{"line":38,"column":7}},"14":{"start":{"line":40,"column":20},"end":{"line":50,"column":8}},"15":{"start":{"line":41,"column":8},"end":{"line":49,"column":10}},"16":{"start":{"line":52,"column":22},"end":{"line":62,"column":7}},"17":{"start":{"line":54,"column":29},"end":{"line":54,"column":72}},"18":{"start":{"line":55,"column":10},"end":{"line":60,"column":11}},"19":{"start":{"line":56,"column":12},"end":{"line":56,"column":30}},"20":{"start":{"line":58,"column":33},"end":{"line":58,"column":54}},"21":{"start":{"line":59,"column":12},"end":{"line":59,"column":32}},"22":{"start":{"line":64,"column":6},"end":{"line":64,"column":42}},"23":{"start":{"line":65,"column":6},"end":{"line":65,"column":23}},"24":{"start":{"line":67,"column":6},"end":{"line":67,"column":23}},"25":{"start":{"line":89,"column":16},"end":{"line":93,"column":3}},"26":{"start":{"line":90,"column":25},"end":{"line":90,"column":60}},"27":{"start":{"line":92,"column":4},"end":{"line":92,"column":24}},"28":{"start":{"line":96,"column":0},"end":{"line":96,"column":33}}},"fnMap":{"0":{"name":"(anonymous_0)","decl":{"start":{"line":6,"column":17},"end":{"line":6,"column":18}},"loc":{"start":{"line":6,"column":32},"end":{"line":9,"column":3}},"line":6},"1":{"name":"(anonymous_1)","decl":{"start":{"line":12,"column":17},"end":{"line":12,"column":18}},"loc":{"start":{"line":12,"column":45},"end":{"line":18,"column":3}},"line":12},"2":{"name":"(anonymous_2)","decl":{"start":{"line":21,"column":16},"end":{"line":21,"column":17}},"loc":{"start":{"line":21,"column":98},"end":{"line":32,"column":3}},"line":21},"3":{"name":"(anonymous_3)","decl":{"start":{"line":34,"column":22},"end":{"line":34,"column":23}},"loc":{"start":{"line":34,"column":40},"end":{"line":69,"column":3}},"line":34},"4":{"name":"(anonymous_4)","decl":{"start":{"line":40,"column":47},"end":{"line":40,"column":48}},"loc":{"start":{"line":40,"column":54},"end":{"line":50,"column":7}},"line":40},"5":{"name":"(anonymous_5)","decl":{"start":{"line":53,"column":18},"end":{"line":53,"column":19}},"loc":{"start":{"line":53,"column":31},"end":{"line":61,"column":9}},"line":53},"6":{"name":"(anonymous_6)","decl":{"start":{"line":89,"column":16},"end":{"line":89,"column":17}},"loc":{"start":{"line":89,"column":31},"end":{"line":93,"column":3}},"line":89}},"branchMap":{"0":{"loc":{"start":{"line":12,"column":24},"end":{"line":12,"column":40}},"type":"default-arg","locations":[{"start":{"line":12,"column":34},"end":{"line":12,"column":40}}],"line":12},"1":{"loc":{"start":{"line":48,"column":23},"end":{"line":48,"column":74}},"type":"cond-expr","locations":[{"start":{"line":48,"column":47},"end":{"line":48,"column":68}},{"start":{"line":48,"column":71},"end":{"line":48,"column":74}}],"line":48},"2":{"loc":{"start":{"line":55,"column":10},"end":{"line":60,"column":11}},"type":"if","locations":[{"start":{"line":55,"column":10},"end":{"line":60,"column":11}},{"start":{"line":57,"column":17},"end":{"line":60,"column":11}}],"line":55}},"s":{"0":3,"1":3,"2":11,"3":0,"4":0,"5":11,"6":0,"7":0,"8":11,"9":0,"10":0,"11":11,"12":0,"13":0,"14":0,"15":0,"16":0,"17":0,"18":0,"19":0,"20":0,"21":0,"22":0,"23":0,"24":0,"25":11,"26":0,"27":0,"28":3},"f":{"0":0,"1":0,"2":0,"3":0,"4":0,"5":0,"6":0},"b":{"0":[0],"1":[0,0],"2":[0,0]},"_coverageSchema":"1a1c01bbd47fc00a2c39e90264f33305004495a9","hash":"976c9c59de45a52f430272b3b5fee25cc5d80fa0"}
,"/Users/bohyeonkim/Desktop/Act4_asDev/SpartaCoding/mainWeek/start-here/tuning-backend/c_repositories/videosSearch.repository.js": {"path":"/Users/bohyeonkim/Desktop/Act4_asDev/SpartaCoding/mainWeek/start-here/tuning-backend/c_repositories/videosSearch.repository.js","statementMap":{"0":{"start":{"line":1,"column":20},"end":{"line":1,"column":55}},"1":{"start":{"line":4,"column":19},"end":{"line":7,"column":3}},"2":{"start":{"line":5,"column":22},"end":{"line":5,"column":61}},"3":{"start":{"line":6,"column":4},"end":{"line":6,"column":21}},"4":{"start":{"line":9,"column":28},"end":{"line":15,"column":3}},"5":{"start":{"line":10,"column":27},"end":{"line":12,"column":6}},"6":{"start":{"line":14,"column":4},"end":{"line":14,"column":26}},"7":{"start":{"line":17,"column":22},"end":{"line":25,"column":3}},"8":{"start":{"line":18,"column":31},"end":{"line":22,"column":6}},"9":{"start":{"line":24,"column":4},"end":{"line":24,"column":30}},"10":{"start":{"line":28,"column":0},"end":{"line":28,"column":40}}},"fnMap":{"0":{"name":"(anonymous_0)","decl":{"start":{"line":4,"column":19},"end":{"line":4,"column":20}},"loc":{"start":{"line":4,"column":34},"end":{"line":7,"column":3}},"line":4},"1":{"name":"(anonymous_1)","decl":{"start":{"line":9,"column":28},"end":{"line":9,"column":29}},"loc":{"start":{"line":9,"column":47},"end":{"line":15,"column":3}},"line":9},"2":{"name":"(anonymous_2)","decl":{"start":{"line":17,"column":22},"end":{"line":17,"column":23}},"loc":{"start":{"line":17,"column":62},"end":{"line":25,"column":3}},"line":17}},"branchMap":{},"s":{"0":1,"1":1,"2":0,"3":0,"4":1,"5":0,"6":0,"7":1,"8":0,"9":0,"10":1},"f":{"0":0,"1":0,"2":0},"b":{},"_coverageSchema":"1a1c01bbd47fc00a2c39e90264f33305004495a9","hash":"91f60ba3dd5e938cbc1cd4765698b258740ca90b"}
,"/Users/bohyeonkim/Desktop/Act4_asDev/SpartaCoding/mainWeek/start-here/tuning-backend/d_schemas/category.js": {"path":"/Users/bohyeonkim/Desktop/Act4_asDev/SpartaCoding/mainWeek/start-here/tuning-backend/d_schemas/category.js","statementMap":{"0":{"start":{"line":1,"column":17},"end":{"line":1,"column":36}},"1":{"start":{"line":3,"column":23},"end":{"line":20,"column":2}},"2":{"start":{"line":22,"column":0},"end":{"line":22,"column":62}}},"fnMap":{},"branchMap":{},"s":{"0":3,"1":3,"2":3},"f":{},"b":{},"_coverageSchema":"1a1c01bbd47fc00a2c39e90264f33305004495a9","hash":"c54b3895448585d0bca3cbbcd4ec9750f0d2c38e"}
,"/Users/bohyeonkim/Desktop/Act4_asDev/SpartaCoding/mainWeek/start-here/tuning-backend/d_schemas/collection.js": {"path":"/Users/bohyeonkim/Desktop/Act4_asDev/SpartaCoding/mainWeek/start-here/tuning-backend/d_schemas/collection.js","statementMap":{"0":{"start":{"line":1,"column":17},"end":{"line":1,"column":36}},"1":{"start":{"line":3,"column":25},"end":{"line":46,"column":2}},"2":{"start":{"line":50,"column":0},"end":{"line":50,"column":65}}},"fnMap":{},"branchMap":{},"s":{"0":3,"1":3,"2":3},"f":{},"b":{},"_coverageSchema":"1a1c01bbd47fc00a2c39e90264f33305004495a9","hash":"ffc5f502c4e2623f2c15c977406842572a41d0eb"}
,"/Users/bohyeonkim/Desktop/Act4_asDev/SpartaCoding/mainWeek/start-here/tuning-backend/d_schemas/comment.js": {"path":"/Users/bohyeonkim/Desktop/Act4_asDev/SpartaCoding/mainWeek/start-here/tuning-backend/d_schemas/comment.js","statementMap":{"0":{"start":{"line":1,"column":17},"end":{"line":1,"column":36}},"1":{"start":{"line":3,"column":22},"end":{"line":21,"column":2}},"2":{"start":{"line":23,"column":0},"end":{"line":23,"column":59}}},"fnMap":{},"branchMap":{},"s":{"0":2,"1":2,"2":2},"f":{},"b":{},"_coverageSchema":"1a1c01bbd47fc00a2c39e90264f33305004495a9","hash":"9c4e5a5f0b45c08adab65e29bf0505390f5f652b"}
,"/Users/bohyeonkim/Desktop/Act4_asDev/SpartaCoding/mainWeek/start-here/tuning-backend/d_schemas/index.js": {"path":"/Users/bohyeonkim/Desktop/Act4_asDev/SpartaCoding/mainWeek/start-here/tuning-backend/d_schemas/index.js","statementMap":{"0":{"start":{"line":2,"column":17},"end":{"line":2,"column":36}},"1":{"start":{"line":3,"column":21},"end":{"line":3,"column":129}},"2":{"start":{"line":6,"column":16},"end":{"line":8,"column":1}},"3":{"start":{"line":7,"column":2},"end":{"line":7,"column":95}},"4":{"start":{"line":7,"column":75},"end":{"line":7,"column":93}},"5":{"start":{"line":11,"column":0},"end":{"line":13,"column":3}},"6":{"start":{"line":12,"column":2},"end":{"line":12,"column":35}},"7":{"start":{"line":16,"column":0},"end":{"line":16,"column":25}}},"fnMap":{"0":{"name":"(anonymous_0)","decl":{"start":{"line":6,"column":16},"end":{"line":6,"column":17}},"loc":{"start":{"line":6,"column":22},"end":{"line":8,"column":1}},"line":6},"1":{"name":"(anonymous_1)","decl":{"start":{"line":7,"column":66},"end":{"line":7,"column":67}},"loc":{"start":{"line":7,"column":75},"end":{"line":7,"column":93}},"line":7},"2":{"name":"(anonymous_2)","decl":{"start":{"line":11,"column":32},"end":{"line":11,"column":33}},"loc":{"start":{"line":11,"column":41},"end":{"line":13,"column":1}},"line":11}},"branchMap":{"0":{"loc":{"start":{"line":3,"column":21},"end":{"line":3,"column":129}},"type":"cond-expr","locations":[{"start":{"line":3,"column":67},"end":{"line":3,"column":94}},{"start":{"line":3,"column":97},"end":{"line":3,"column":129}}],"line":3}},"s":{"0":1,"1":1,"2":1,"3":1,"4":0,"5":1,"6":0,"7":1},"f":{"0":1,"1":0,"2":0},"b":{"0":[0,1]},"_coverageSchema":"1a1c01bbd47fc00a2c39e90264f33305004495a9","hash":"14e4732e17560c44c383b67b6f5d1690a911146d"}
,"/Users/bohyeonkim/Desktop/Act4_asDev/SpartaCoding/mainWeek/start-here/tuning-backend/d_schemas/user.js": {"path":"/Users/bohyeonkim/Desktop/Act4_asDev/SpartaCoding/mainWeek/start-here/tuning-backend/d_schemas/user.js","statementMap":{"0":{"start":{"line":1,"column":17},"end":{"line":1,"column":36}},"1":{"start":{"line":4,"column":14},"end":{"line":62,"column":2}},"2":{"start":{"line":65,"column":0},"end":{"line":65,"column":48}}},"fnMap":{},"branchMap":{},"s":{"0":3,"1":3,"2":3},"f":{},"b":{},"_coverageSchema":"1a1c01bbd47fc00a2c39e90264f33305004495a9","hash":"9fe49012143711b6d982d41ac5ee50336f321686"}
,"/Users/bohyeonkim/Desktop/Act4_asDev/SpartaCoding/mainWeek/start-here/tuning-backend/d_schemas/video.js": {"path":"/Users/bohyeonkim/Desktop/Act4_asDev/SpartaCoding/mainWeek/start-here/tuning-backend/d_schemas/video.js","statementMap":{"0":{"start":{"line":1,"column":17},"end":{"line":1,"column":36}},"1":{"start":{"line":3,"column":20},"end":{"line":39,"column":2}},"2":{"start":{"line":41,"column":0},"end":{"line":41,"column":55}}},"fnMap":{},"branchMap":{},"s":{"0":3,"1":3,"2":3},"f":{},"b":{},"_coverageSchema":"1a1c01bbd47fc00a2c39e90264f33305004495a9","hash":"2b2bc601eb0a683db64dcd6fd13c8cea366edf49"}
,"/Users/bohyeonkim/Desktop/Act4_asDev/SpartaCoding/mainWeek/start-here/tuning-backend/d_schemas/videoSearch.js": {"path":"/Users/bohyeonkim/Desktop/Act4_asDev/SpartaCoding/mainWeek/start-here/tuning-backend/d_schemas/videoSearch.js","statementMap":{"0":{"start":{"line":1,"column":17},"end":{"line":1,"column":36}},"1":{"start":{"line":3,"column":26},"end":{"line":21,"column":2}},"2":{"start":{"line":23,"column":0},"end":{"line":23,"column":67}}},"fnMap":{},"branchMap":{},"s":{"0":1,"1":1,"2":1},"f":{},"b":{},"_coverageSchema":"1a1c01bbd47fc00a2c39e90264f33305004495a9","hash":"89920c263e019052a9076d3a818f7f6df193e398"}
,"/Users/bohyeonkim/Desktop/Act4_asDev/SpartaCoding/mainWeek/start-here/tuning-backend/passport/googleStrategy.js": {"path":"/Users/bohyeonkim/Desktop/Act4_asDev/SpartaCoding/mainWeek/start-here/tuning-backend/passport/googleStrategy.js","statementMap":{"0":{"start":{"line":1,"column":17},"end":{"line":1,"column":36}},"1":{"start":{"line":2,"column":23},"end":{"line":2,"column":66}},"2":{"start":{"line":3,"column":14},"end":{"line":3,"column":30}},"3":{"start":{"line":4,"column":14},"end":{"line":4,"column":42}},"4":{"start":{"line":6,"column":0},"end":{"line":6,"column":27}},"5":{"start":{"line":8,"column":0},"end":{"line":47,"column":2}},"6":{"start":{"line":9,"column":2},"end":{"line":46,"column":4}},"7":{"start":{"line":20,"column":8},"end":{"line":20,"column":90}},"8":{"start":{"line":22,"column":8},"end":{"line":43,"column":9}},"9":{"start":{"line":23,"column":26},"end":{"line":30,"column":11}},"10":{"start":{"line":32,"column":21},"end":{"line":32,"column":72}},"11":{"start":{"line":34,"column":10},"end":{"line":39,"column":11}},"12":{"start":{"line":35,"column":12},"end":{"line":35,"column":53}},"13":{"start":{"line":37,"column":12},"end":{"line":37,"column":47}},"14":{"start":{"line":38,"column":12},"end":{"line":38,"column":53}},"15":{"start":{"line":41,"column":10},"end":{"line":41,"column":29}},"16":{"start":{"line":42,"column":10},"end":{"line":42,"column":22}}},"fnMap":{"0":{"name":"(anonymous_0)","decl":{"start":{"line":8,"column":17},"end":{"line":8,"column":18}},"loc":{"start":{"line":8,"column":23},"end":{"line":47,"column":1}},"line":8},"1":{"name":"(anonymous_1)","decl":{"start":{"line":19,"column":6},"end":{"line":19,"column":7}},"loc":{"start":{"line":19,"column":58},"end":{"line":44,"column":7}},"line":19}},"branchMap":{"0":{"loc":{"start":{"line":34,"column":10},"end":{"line":39,"column":11}},"type":"if","locations":[{"start":{"line":34,"column":10},"end":{"line":39,"column":11}},{"start":{"line":36,"column":17},"end":{"line":39,"column":11}}],"line":34}},"s":{"0":1,"1":1,"2":1,"3":1,"4":1,"5":1,"6":1,"7":0,"8":0,"9":0,"10":0,"11":0,"12":0,"13":0,"14":0,"15":0,"16":0},"f":{"0":1,"1":0},"b":{"0":[0,0]},"_coverageSchema":"1a1c01bbd47fc00a2c39e90264f33305004495a9","hash":"69d55dbb8e9407dec78a407d6feb722ae9bce3bd"}
,"/Users/bohyeonkim/Desktop/Act4_asDev/SpartaCoding/mainWeek/start-here/tuning-backend/passport/index.js": {"path":"/Users/bohyeonkim/Desktop/Act4_asDev/SpartaCoding/mainWeek/start-here/tuning-backend/passport/index.js","statementMap":{"0":{"start":{"line":1,"column":17},"end":{"line":1,"column":36}},"1":{"start":{"line":2,"column":23},"end":{"line":2,"column":50}},"2":{"start":{"line":3,"column":14},"end":{"line":3,"column":42}},"3":{"start":{"line":5,"column":0},"end":{"line":26,"column":2}},"4":{"start":{"line":8,"column":2},"end":{"line":11,"column":5}},"5":{"start":{"line":9,"column":4},"end":{"line":9,"column":40}},"6":{"start":{"line":10,"column":4},"end":{"line":10,"column":21}},"7":{"start":{"line":14,"column":2},"end":{"line":22,"column":5}},"8":{"start":{"line":15,"column":4},"end":{"line":15,"column":42}},"9":{"start":{"line":17,"column":4},"end":{"line":21,"column":33}},"10":{"start":{"line":19,"column":8},"end":{"line":19,"column":25}},"11":{"start":{"line":21,"column":22},"end":{"line":21,"column":31}},"12":{"start":{"line":24,"column":2},"end":{"line":24,"column":35}},"13":{"start":{"line":25,"column":2},"end":{"line":25,"column":19}}},"fnMap":{"0":{"name":"(anonymous_0)","decl":{"start":{"line":5,"column":17},"end":{"line":5,"column":18}},"loc":{"start":{"line":5,"column":23},"end":{"line":26,"column":1}},"line":5},"1":{"name":"(anonymous_1)","decl":{"start":{"line":8,"column":25},"end":{"line":8,"column":26}},"loc":{"start":{"line":8,"column":41},"end":{"line":11,"column":3}},"line":8},"2":{"name":"(anonymous_2)","decl":{"start":{"line":14,"column":27},"end":{"line":14,"column":28}},"loc":{"start":{"line":14,"column":43},"end":{"line":22,"column":3}},"line":14},"3":{"name":"(anonymous_3)","decl":{"start":{"line":18,"column":12},"end":{"line":18,"column":13}},"loc":{"start":{"line":18,"column":22},"end":{"line":20,"column":7}},"line":18},"4":{"name":"(anonymous_4)","decl":{"start":{"line":21,"column":13},"end":{"line":21,"column":14}},"loc":{"start":{"line":21,"column":22},"end":{"line":21,"column":31}},"line":21}},"branchMap":{},"s":{"0":1,"1":1,"2":1,"3":1,"4":1,"5":0,"6":0,"7":1,"8":0,"9":0,"10":0,"11":0,"12":1,"13":1},"f":{"0":1,"1":0,"2":0,"3":0,"4":0},"b":{},"_coverageSchema":"1a1c01bbd47fc00a2c39e90264f33305004495a9","hash":"783098de50afe58f9981fb7c9b80f02cc0cc7af9"}
,"/Users/bohyeonkim/Desktop/Act4_asDev/SpartaCoding/mainWeek/start-here/tuning-backend/test/data/collection-data-in.js": {"path":"/Users/bohyeonkim/Desktop/Act4_asDev/SpartaCoding/mainWeek/start-here/tuning-backend/test/data/collection-data-in.js","statementMap":{"0":{"start":{"line":1,"column":14},"end":{"line":119,"column":1}},"1":{"start":{"line":121,"column":25},"end":{"line":314,"column":1}},"2":{"start":{"line":316,"column":25},"end":{"line":455,"column":1}},"3":{"start":{"line":457,"column":30},"end":{"line":567,"column":1}},"4":{"start":{"line":569,"column":25},"end":{"line":596,"column":1}},"5":{"start":{"line":598,"column":27},"end":{"line":707,"column":1}},"6":{"start":{"line":709,"column":25},"end":{"line":878,"column":1}},"7":{"start":{"line":880,"column":17},"end":{"line":893,"column":1}},"8":{"start":{"line":895,"column":0},"end":{"line":904,"column":2}}},"fnMap":{},"branchMap":{},"s":{"0":1,"1":1,"2":1,"3":1,"4":1,"5":1,"6":1,"7":1,"8":1},"f":{},"b":{},"_coverageSchema":"1a1c01bbd47fc00a2c39e90264f33305004495a9","hash":"17dcce4821b64a0238e80a37a1cc0b0f6f6177ad"}
,"/Users/bohyeonkim/Desktop/Act4_asDev/SpartaCoding/mainWeek/start-here/tuning-backend/test/data/user-data-in.js": {"path":"/Users/bohyeonkim/Desktop/Act4_asDev/SpartaCoding/mainWeek/start-here/tuning-backend/test/data/user-data-in.js","statementMap":{"0":{"start":{"line":1,"column":14},"end":{"line":119,"column":1}},"1":{"start":{"line":121,"column":25},"end":{"line":314,"column":1}},"2":{"start":{"line":316,"column":25},"end":{"line":455,"column":1}},"3":{"start":{"line":457,"column":30},"end":{"line":568,"column":1}},"4":{"start":{"line":570,"column":25},"end":{"line":597,"column":1}},"5":{"start":{"line":599,"column":27},"end":{"line":708,"column":1}},"6":{"start":{"line":710,"column":25},"end":{"line":879,"column":1}},"7":{"start":{"line":881,"column":0},"end":{"line":889,"column":2}}},"fnMap":{},"branchMap":{},"s":{"0":1,"1":1,"2":1,"3":1,"4":1,"5":1,"6":1,"7":1},"f":{},"b":{},"_coverageSchema":"1a1c01bbd47fc00a2c39e90264f33305004495a9","hash":"3779c144b8a4564fdf2a234e67f3cc3419a59d61"}
}
