TN:
SF:app.js
FN:19,(anonymous_0)
FN:73,(anonymous_1)
FN:78,(anonymous_2)
FN:83,(anonymous_3)
FNF:4
FNH:0
FNDA:0,(anonymous_0)
FNDA:0,(anonymous_1)
FNDA:0,(anonymous_2)
FNDA:0,(anonymous_3)
DA:1,1
DA:2,1
DA:3,1
DA:5,1
DA:6,1
DA:7,1
DA:9,1
DA:10,1
DA:11,1
DA:13,1
DA:14,1
DA:15,1
DA:19,1
DA:20,0
DA:24,1
DA:25,1
DA:26,1
DA:27,1
DA:30,1
DA:32,1
DA:33,1
DA:34,1
DA:35,1
DA:36,1
DA:43,1
DA:58,1
DA:59,1
DA:63,1
DA:64,1
DA:67,1
DA:68,1
DA:69,1
DA:70,1
DA:73,1
DA:74,0
DA:78,1
DA:79,0
DA:83,1
DA:85,0
DA:86,0
DA:89,0
DA:90,0
DA:93,1
LF:43
LH:36
BRDA:86,0,0,0
BRDA:86,0,1,0
BRDA:89,1,0,0
BRDA:89,1,1,0
BRF:4
BRH:0
end_of_record
TN:
SF:_mock-data/initialize-data.js
FNF:0
FNH:0
DA:1,1
DA:130,1
DA:325,1
DA:466,1
LF:4
LH:4
BRF:0
BRH:0
end_of_record
TN:
SF:_mock-data/initialize-data_forTest.js
FNF:0
FNH:0
DA:1,1
DA:121,1
DA:160,1
DA:301,1
DA:320,1
DA:324,1
LF:6
LH:6
BRF:0
BRH:0
end_of_record
TN:
SF:_mock-data/mockdata_initializer.js
FN:47,(anonymous_0)
FN:50,(anonymous_1)
FN:62,(anonymous_2)
FN:70,(anonymous_3)
FN:101,(anonymous_4)
FN:104,(anonymous_5)
FN:107,(anonymous_6)
FN:123,(anonymous_7)
FN:126,(anonymous_8)
FN:129,(anonymous_9)
FN:149,(anonymous_10)
FN:152,(anonymous_11)
FN:183,(anonymous_12)
FNF:13
FNH:12
FNDA:1,(anonymous_0)
FNDA:8,(anonymous_1)
FNDA:120,(anonymous_2)
FNDA:44,(anonymous_3)
FNDA:1,(anonymous_4)
FNDA:8,(anonymous_5)
FNDA:6,(anonymous_6)
FNDA:1,(anonymous_7)
FNDA:8,(anonymous_8)
FNDA:6,(anonymous_9)
FNDA:1,(anonymous_10)
FNDA:8,(anonymous_11)
FNDA:0,(anonymous_12)
DA:1,1
DA:6,1
DA:7,1
DA:9,1
DA:10,1
DA:11,1
DA:12,1
DA:13,1
DA:14,1
DA:15,1
DA:16,1
DA:18,1
DA:19,1
DA:47,1
DA:48,1
DA:49,1
DA:50,8
DA:54,1
DA:55,6
DA:56,6
DA:57,6
DA:59,6
DA:61,6
DA:63,120
DA:67,6
DA:68,6
DA:70,44
DA:72,6
DA:74,6
DA:83,6
DA:85,6
DA:86,6
DA:88,6
DA:90,6
DA:97,0
DA:101,1
DA:102,1
DA:103,1
DA:104,8
DA:106,1
DA:107,6
DA:109,1
DA:111,1
DA:112,92
DA:113,92
DA:114,92
DA:116,92
DA:119,0
DA:123,1
DA:124,1
DA:125,1
DA:126,8
DA:128,1
DA:129,6
DA:131,1
DA:132,6
DA:133,6
DA:135,6
DA:137,6
DA:138,6
DA:139,6
DA:142,6
DA:145,0
DA:149,1
DA:150,1
DA:151,1
DA:152,8
DA:154,1
DA:155,56
DA:156,56
DA:158,56
DA:160,56
DA:162,7
DA:164,7
DA:170,49
DA:172,49
DA:179,0
DA:183,1
DA:185,0
DA:187,0
DA:188,0
DA:189,0
DA:190,0
DA:191,0
DA:193,0
DA:201,1
LF:86
LH:75
BRDA:63,0,0,116
BRDA:63,0,1,4
BRDA:137,1,0,6
BRDA:137,1,1,0
BRDA:160,2,0,7
BRDA:160,2,1,49
BRDA:160,3,0,56
BRDA:160,3,1,14
BRF:8
BRH:7
end_of_record
TN:
SF:a_routes/auth.routes.js
FN:19,(anonymous_0)
FN:27,(anonymous_1)
FN:47,(anonymous_2)
FN:55,(anonymous_3)
FN:66,(anonymous_4)
FNF:5
FNH:0
FNDA:0,(anonymous_0)
FNDA:0,(anonymous_1)
FNDA:0,(anonymous_2)
FNDA:0,(anonymous_3)
FNDA:0,(anonymous_4)
DA:1,1
DA:3,1
DA:4,1
DA:5,1
DA:6,1
DA:7,1
DA:8,1
DA:10,1
DA:11,1
DA:13,1
DA:14,1
DA:17,1
DA:19,1
DA:20,0
DA:21,0
DA:28,0
DA:30,0
DA:31,0
DA:33,0
DA:37,0
DA:39,0
DA:43,0
DA:47,1
DA:48,0
DA:49,0
DA:56,0
DA:57,0
DA:58,0
DA:62,0
DA:66,1
DA:67,0
DA:68,0
DA:70,0
DA:78,0
DA:88,0
DA:93,0
DA:95,0
DA:97,0
DA:101,1
DA:103,1
LF:40
LH:17
BRDA:28,0,0,0
BRDA:28,0,1,0
BRDA:56,1,0,0
BRDA:56,1,1,0
BRF:4
BRH:0
end_of_record
TN:
SF:a_routes/categories.routes.js
FNF:0
FNH:0
DA:1,1
DA:2,1
DA:4,1
DA:5,1
DA:7,1
DA:9,1
LF:6
LH:6
BRF:0
BRH:0
end_of_record
TN:
SF:a_routes/collections.routes.js
FNF:0
FNH:0
DA:1,1
DA:2,1
DA:4,1
DA:5,1
DA:7,1
DA:8,1
DA:10,1
DA:11,1
DA:12,1
DA:13,1
DA:14,1
DA:15,1
DA:16,1
DA:17,1
DA:18,1
DA:19,1
DA:20,1
DA:21,1
DA:22,1
DA:23,1
DA:24,1
DA:26,1
LF:22
LH:22
BRF:0
BRH:0
end_of_record
TN:
SF:a_routes/comments.routes.js
FNF:0
FNH:0
DA:1,1
DA:2,1
DA:4,1
DA:5,1
DA:7,1
DA:8,1
DA:10,1
DA:11,1
DA:12,1
DA:13,1
DA:15,1
LF:11
LH:11
BRF:0
BRH:0
end_of_record
TN:
SF:a_routes/index.js
FNF:0
FNH:0
DA:1,1
DA:2,1
DA:4,1
DA:5,1
DA:6,1
DA:7,1
DA:8,1
DA:9,1
DA:10,1
DA:12,1
DA:13,1
DA:14,1
DA:15,1
DA:16,1
DA:17,1
DA:18,1
DA:20,1
LF:17
LH:17
BRF:0
BRH:0
end_of_record
TN:
SF:a_routes/search.routes.js
FNF:0
FNH:0
DA:1,1
DA:2,1
DA:4,1
DA:5,1
DA:7,1
DA:8,1
DA:10,1
DA:11,1
DA:13,1
LF:9
LH:9
BRF:0
BRH:0
end_of_record
TN:
SF:a_routes/users.routes.js
FNF:0
FNH:0
DA:1,1
DA:2,1
DA:4,1
DA:5,1
DA:7,1
DA:8,1
DA:9,1
DA:10,1
DA:12,1
DA:13,1
DA:15,1
DA:16,1
DA:17,1
DA:18,1
DA:19,1
DA:20,1
DA:21,1
DA:22,1
DA:23,1
DA:24,1
DA:28,1
LF:21
LH:21
BRF:0
BRH:0
end_of_record
TN:
SF:a_routes/videos.routes.js
FNF:0
FNH:0
DA:1,1
DA:2,1
DA:4,1
DA:5,1
DA:7,1
DA:8,1
DA:11,1
LF:7
LH:7
BRF:0
BRH:0
end_of_record
TN:
SF:a_routes/middleware/auth.js
FN:4,(anonymous_0)
FN:32,(anonymous_1)
FNF:2
FNH:1
FNDA:0,(anonymous_0)
FNDA:5,(anonymous_1)
DA:1,1
DA:4,5
DA:5,0
DA:7,0
DA:8,0
DA:12,0
DA:14,0
DA:15,0
DA:19,0
DA:21,0
DA:22,0
DA:23,0
DA:25,0
DA:28,0
DA:32,5
DA:33,5
DA:35,5
DA:36,5
DA:37,5
DA:39,5
DA:40,0
DA:44,0
DA:47,5
DA:49,5
DA:50,5
DA:51,5
DA:53,0
DA:56,0
DA:62,1
LF:29
LH:13
BRDA:8,0,0,0
BRDA:8,0,1,0
BRDA:14,1,0,0
BRDA:14,1,1,0
BRDA:39,2,0,0
BRDA:39,2,1,5
BRF:6
BRH:1
end_of_record
TN:
SF:b_services/categories.service.js
FN:9,(anonymous_0)
FNF:1
FNH:1
FNDA:1,(anonymous_0)
DA:1,1
DA:2,1
DA:5,2
DA:6,2
DA:9,2
DA:10,1
DA:11,1
DA:13,1
DA:15,1
DA:17,0
DA:18,0
DA:22,1
LF:12
LH:10
BRF:0
BRH:0
end_of_record
TN:
SF:b_services/collections.service.js
FN:19,(anonymous_0)
FN:51,(anonymous_1)
FN:69,(anonymous_2)
FN:102,(anonymous_3)
FN:120,(anonymous_4)
FN:153,(anonymous_5)
FN:171,(anonymous_6)
FN:201,(anonymous_7)
FN:218,(anonymous_8)
FN:237,(anonymous_9)
FN:266,(anonymous_10)
FN:280,(anonymous_11)
FN:317,(anonymous_12)
FN:338,(anonymous_13)
FN:362,(anonymous_14)
FN:381,(anonymous_15)
FN:403,(anonymous_16)
FN:426,(anonymous_17)
FN:464,(anonymous_18)
FN:481,(anonymous_19)
FN:521,(anonymous_20)
FN:554,(anonymous_21)
FN:563,(anonymous_22)
FN:590,(anonymous_23)
FN:612,(anonymous_24)
FN:632,(anonymous_25)
FN:652,(anonymous_26)
FN:672,(anonymous_27)
FN:710,(anonymous_28)
FN:722,(anonymous_29)
FNF:30
FNH:26
FNDA:2,(anonymous_0)
FNDA:25,(anonymous_1)
FNDA:1,(anonymous_2)
FNDA:0,(anonymous_3)
FNDA:1,(anonymous_4)
FNDA:0,(anonymous_5)
FNDA:2,(anonymous_6)
FNDA:22,(anonymous_7)
FNDA:1,(anonymous_8)
FNDA:88,(anonymous_9)
FNDA:2,(anonymous_10)
FNDA:7,(anonymous_11)
FNDA:2,(anonymous_12)
FNDA:2,(anonymous_13)
FNDA:1,(anonymous_14)
FNDA:2,(anonymous_15)
FNDA:2,(anonymous_16)
FNDA:1,(anonymous_17)
FNDA:1,(anonymous_18)
FNDA:25,(anonymous_19)
FNDA:1,(anonymous_20)
FNDA:1,(anonymous_21)
FNDA:7,(anonymous_22)
FNDA:1,(anonymous_23)
FNDA:1,(anonymous_24)
FNDA:1,(anonymous_25)
FNDA:1,(anonymous_26)
FNDA:1,(anonymous_27)
FNDA:0,(anonymous_28)
FNDA:0,(anonymous_29)
DA:1,2
DA:2,2
DA:3,2
DA:4,2
DA:5,2
DA:7,2
DA:8,2
DA:9,2
DA:12,2
DA:13,2
DA:14,2
DA:15,2
DA:16,2
DA:19,2
DA:20,2
DA:22,2
DA:23,2
DA:25,2
DA:31,2
DA:32,0
DA:34,0
DA:37,2
DA:39,2
DA:40,3
DA:41,3
DA:43,3
DA:51,25
DA:58,2
DA:64,0
DA:65,0
DA:69,2
DA:70,1
DA:72,1
DA:74,1
DA:76,1
DA:82,1
DA:83,0
DA:85,0
DA:88,1
DA:90,1
DA:91,0
DA:92,0
DA:94,0
DA:102,0
DA:109,1
DA:115,0
DA:116,0
DA:120,2
DA:121,1
DA:123,1
DA:125,1
DA:127,1
DA:133,1
DA:134,0
DA:136,0
DA:139,1
DA:141,1
DA:142,0
DA:143,0
DA:145,0
DA:153,0
DA:160,1
DA:166,0
DA:167,0
DA:171,2
DA:172,2
DA:173,2
DA:174,2
DA:180,2
DA:181,0
DA:184,2
DA:185,2
DA:187,2
DA:189,2
DA:190,3
DA:191,3
DA:193,3
DA:201,22
DA:207,2
DA:212,2
DA:214,0
DA:215,0
DA:218,2
DA:219,1
DA:220,1
DA:221,1
DA:222,1
DA:223,4
DA:224,4
DA:226,4
DA:227,4
DA:228,12
DA:229,12
DA:231,12
DA:237,88
DA:244,4
DA:254,1
DA:259,1
DA:261,0
DA:262,0
DA:266,2
DA:267,2
DA:268,2
DA:270,2
DA:272,1
DA:273,0
DA:276,1
DA:278,1
DA:279,1
DA:281,7
DA:283,7
DA:284,0
DA:286,7
DA:291,1
DA:293,1
DA:310,1
DA:312,1
DA:313,1
DA:317,2
DA:318,2
DA:319,2
DA:327,2
DA:329,2
DA:330,1
DA:331,1
DA:334,1
DA:336,1
DA:338,2
DA:340,1
DA:348,1
DA:349,1
DA:351,1
DA:357,0
DA:358,0
DA:362,2
DA:363,1
DA:364,1
DA:366,1
DA:367,1
DA:369,1
DA:371,1
DA:372,0
DA:373,1
DA:374,0
DA:377,1
DA:379,1
DA:381,2
DA:383,1
DA:392,1
DA:398,0
DA:399,0
DA:403,2
DA:404,2
DA:405,2
DA:407,2
DA:409,2
DA:411,2
DA:412,1
DA:413,1
DA:414,0
DA:416,1
DA:417,1
DA:418,1
DA:421,0
DA:422,0
DA:426,2
DA:427,1
DA:428,1
DA:429,1
DA:432,1
DA:434,1
DA:436,1
DA:437,0
DA:438,1
DA:439,1
DA:440,1
DA:441,1
DA:447,0
DA:448,0
DA:449,0
DA:456,0
DA:457,0
DA:464,2
DA:465,1
DA:466,1
DA:468,1
DA:474,1
DA:476,1
DA:477,3
DA:479,3
DA:480,3
DA:482,25
DA:483,25
DA:484,25
DA:486,0
DA:491,3
DA:506,1
DA:511,1
DA:513,0
DA:514,0
DA:521,2
DA:522,1
DA:523,1
DA:524,1
DA:525,1
DA:527,1
DA:529,1
DA:530,0
DA:531,1
DA:532,0
DA:534,1
DA:539,1
DA:546,0
DA:547,0
DA:554,2
DA:555,1
DA:556,1
DA:559,1
DA:560,1
DA:562,1
DA:563,7
DA:565,1
DA:566,0
DA:567,1
DA:568,0
DA:570,1
DA:575,1
DA:582,0
DA:583,0
DA:590,2
DA:591,1
DA:592,1
DA:593,1
DA:595,1
DA:604,0
DA:605,0
DA:612,2
DA:613,1
DA:615,1
DA:619,1
DA:621,1
DA:627,0
DA:628,0
DA:632,2
DA:633,1
DA:635,1
DA:639,1
DA:641,1
DA:647,0
DA:648,0
DA:652,2
DA:653,1
DA:655,1
DA:659,1
DA:661,1
DA:667,0
DA:668,0
DA:672,2
DA:673,1
DA:674,0
DA:675,0
DA:676,0
DA:678,0
DA:680,0
DA:684,0
DA:686,0
DA:687,0
DA:688,0
DA:689,0
DA:690,0
DA:691,0
DA:692,0
DA:694,0
DA:697,0
DA:699,0
DA:705,0
DA:706,0
DA:710,2
DA:711,0
DA:712,0
DA:713,0
DA:714,0
DA:715,0
DA:722,0
DA:723,0
DA:724,0
DA:725,0
DA:726,0
DA:727,0
DA:732,2
LF:290
LH:200
BRDA:31,0,0,0
BRDA:31,0,1,2
BRDA:82,1,0,0
BRDA:82,1,1,1
BRDA:133,2,0,0
BRDA:133,2,1,1
BRDA:180,3,0,0
BRDA:180,3,1,2
BRDA:272,4,0,0
BRDA:272,4,1,1
BRDA:283,5,0,0
BRDA:283,5,1,7
BRDA:329,6,0,1
BRDA:329,6,1,1
BRDA:329,7,0,2
BRDA:329,7,1,1
BRDA:329,7,2,1
BRDA:329,7,3,1
BRDA:371,8,0,0
BRDA:371,8,1,1
BRDA:373,9,0,0
BRDA:373,9,1,1
BRDA:411,10,0,1
BRDA:411,10,1,1
BRDA:413,11,0,0
BRDA:413,11,1,1
BRDA:436,12,0,0
BRDA:436,12,1,1
BRDA:438,13,0,1
BRDA:438,13,1,0
BRDA:483,14,0,25
BRDA:483,14,1,0
BRDA:529,15,0,0
BRDA:529,15,1,1
BRDA:531,16,0,0
BRDA:531,16,1,1
BRDA:565,17,0,0
BRDA:565,17,1,1
BRDA:567,18,0,0
BRDA:567,18,1,1
BRDA:687,19,0,0
BRDA:687,19,1,0
BRDA:689,20,0,0
BRDA:689,20,1,0
BRDA:691,21,0,0
BRDA:691,21,1,0
BRF:46
BRH:24
end_of_record
TN:
SF:b_services/comments.service.js
FN:12,(anonymous_0)
FN:46,(anonymous_1)
FN:66,(anonymous_2)
FN:97,(anonymous_3)
FN:135,(anonymous_4)
FNF:5
FNH:0
FNDA:0,(anonymous_0)
FNDA:0,(anonymous_1)
FNDA:0,(anonymous_2)
FNDA:0,(anonymous_3)
FNDA:0,(anonymous_4)
DA:1,1
DA:2,1
DA:3,1
DA:4,1
DA:7,1
DA:8,1
DA:9,1
DA:12,1
DA:13,0
DA:15,0
DA:16,0
DA:17,0
DA:19,0
DA:23,0
DA:24,0
DA:27,0
DA:32,0
DA:37,0
DA:38,0
DA:46,1
DA:47,0
DA:48,0
DA:50,0
DA:54,0
DA:55,0
DA:61,0
DA:65,0
DA:67,0
DA:71,0
DA:82,0
DA:89,0
DA:90,0
DA:97,1
DA:98,0
DA:99,0
DA:100,0
DA:101,0
DA:103,0
DA:107,0
DA:108,0
DA:111,0
DA:112,0
DA:116,0
DA:120,0
DA:127,0
DA:128,0
DA:135,1
DA:136,0
DA:137,0
DA:138,0
DA:140,0
DA:144,0
DA:145,0
DA:148,0
DA:149,0
DA:153,0
DA:154,0
DA:160,0
DA:161,0
DA:168,1
LF:60
LH:12
BRDA:23,0,0,0
BRDA:23,0,1,0
BRDA:54,1,0,0
BRDA:54,1,1,0
BRDA:107,2,0,0
BRDA:107,2,1,0
BRDA:111,3,0,0
BRDA:111,3,1,0
BRDA:144,4,0,0
BRDA:144,4,1,0
BRDA:148,5,0,0
BRDA:148,5,1,0
BRF:12
BRH:0
end_of_record
TN:
SF:b_services/search.Service.js
FN:8,(anonymous_0)
FN:14,(anonymous_1)
FN:30,(anonymous_2)
FN:39,(anonymous_3)
FNF:4
FNH:0
FNDA:0,(anonymous_0)
FNDA:0,(anonymous_1)
FNDA:0,(anonymous_2)
FNDA:0,(anonymous_3)
DA:1,1
DA:3,1
DA:6,1
DA:8,1
DA:9,0
DA:10,0
DA:12,0
DA:14,0
DA:15,0
DA:21,0
DA:23,0
DA:24,0
DA:30,1
DA:31,0
DA:32,0
DA:34,0
DA:38,0
DA:39,0
DA:40,0
DA:48,0
DA:50,0
DA:51,0
DA:58,1
LF:23
LH:6
BRF:0
BRH:0
end_of_record
TN:
SF:b_services/users.service.js
FN:11,(anonymous_0)
FN:19,(anonymous_1)
FN:25,(anonymous_2)
FN:29,(anonymous_3)
FN:62,(anonymous_4)
FN:94,(anonymous_5)
FN:103,(anonymous_6)
FN:122,(anonymous_7)
FN:160,(anonymous_8)
FN:175,(anonymous_9)
FN:220,(anonymous_10)
FN:235,(anonymous_11)
FN:238,(anonymous_12)
FN:256,(anonymous_13)
FNF:14
FNH:12
FNDA:1,(anonymous_0)
FNDA:1,(anonymous_1)
FNDA:1,(anonymous_2)
FNDA:1,(anonymous_3)
FNDA:1,(anonymous_4)
FNDA:1,(anonymous_5)
FNDA:0,(anonymous_6)
FNDA:1,(anonymous_7)
FNDA:1,(anonymous_8)
FNDA:1,(anonymous_9)
FNDA:1,(anonymous_10)
FNDA:0,(anonymous_11)
FNDA:1,(anonymous_12)
FNDA:1,(anonymous_13)
DA:1,2
DA:2,2
DA:3,2
DA:6,2
DA:7,2
DA:8,2
DA:11,2
DA:12,1
DA:13,1
DA:15,1
DA:19,2
DA:20,1
DA:21,1
DA:25,2
DA:26,1
DA:28,1
DA:29,1
DA:31,1
DA:34,1
DA:35,1
DA:37,1
DA:39,1
DA:44,1
DA:53,0
DA:54,0
DA:62,2
DA:63,1
DA:64,1
DA:68,1
DA:70,1
DA:71,1
DA:76,1
DA:85,0
DA:86,0
DA:94,2
DA:95,1
DA:96,1
DA:98,1
DA:101,1
DA:103,1
DA:105,1
DA:106,1
DA:108,1
DA:113,0
DA:114,0
DA:122,2
DA:123,1
DA:124,1
DA:127,1
DA:129,1
DA:130,0
DA:134,0
DA:137,1
DA:139,1
DA:141,1
DA:147,0
DA:149,0
DA:155,0
DA:160,2
DA:161,1
DA:162,1
DA:163,1
DA:165,1
DA:170,0
DA:175,2
DA:176,1
DA:177,1
DA:179,1
DA:181,1
DA:182,1
DA:184,1
DA:185,0
DA:186,0
DA:189,1
DA:190,1
DA:191,1
DA:193,1
DA:194,1
DA:196,1
DA:205,0
DA:211,0
DA:212,0
DA:220,2
DA:221,1
DA:222,1
DA:224,1
DA:226,1
DA:227,1
DA:229,1
DA:230,0
DA:231,0
DA:234,1
DA:235,1
DA:236,1
DA:238,1
DA:239,1
DA:241,1
DA:247,0
DA:248,0
DA:256,2
DA:257,1
DA:258,1
DA:261,1
DA:263,1
DA:264,1
DA:265,1
DA:267,1
DA:270,1
DA:278,1
DA:280,0
DA:281,0
DA:288,2
LF:112
LH:89
BRDA:129,0,0,0
BRDA:129,0,1,1
BRDA:137,1,0,1
BRDA:137,1,1,0
BRDA:184,2,0,0
BRDA:184,2,1,1
BRDA:189,3,0,1
BRDA:189,3,1,0
BRDA:229,4,0,0
BRDA:229,4,1,1
BRDA:234,5,0,1
BRDA:234,5,1,0
BRF:12
BRH:6
end_of_record
TN:
SF:b_services/videos.service.js
FN:13,(anonymous_0)
FN:56,(anonymous_1)
FNF:2
FNH:0
FNDA:0,(anonymous_0)
FNDA:0,(anonymous_1)
DA:1,1
DA:2,1
DA:3,1
DA:4,1
DA:8,1
DA:9,1
DA:13,1
DA:14,0
DA:16,0
DA:17,0
DA:20,0
DA:26,0
DA:27,0
DA:32,0
DA:33,0
DA:34,0
DA:37,0
DA:40,0
DA:48,0
DA:49,0
DA:56,1
DA:57,0
DA:59,0
DA:60,0
DA:62,0
DA:63,0
DA:69,0
DA:73,0
DA:80,0
DA:81,0
DA:116,1
LF:31
LH:9
BRDA:26,0,0,0
BRDA:26,0,1,0
BRDA:62,1,0,0
BRDA:62,1,1,0
BRF:4
BRH:0
end_of_record
TN:
SF:c_repositories/categories.repository.js
FN:6,(anonymous_0)
FN:11,(anonymous_1)
FN:18,(anonymous_2)
FN:24,(anonymous_3)
FN:32,(anonymous_4)
FN:40,(anonymous_5)
FN:46,(anonymous_6)
FN:52,(anonymous_7)
FN:60,(anonymous_8)
FN:67,(anonymous_9)
FN:74,(anonymous_10)
FNF:11
FNH:2
FNDA:1,(anonymous_0)
FNDA:0,(anonymous_1)
FNDA:1,(anonymous_2)
FNDA:0,(anonymous_3)
FNDA:0,(anonymous_4)
FNDA:0,(anonymous_5)
FNDA:0,(anonymous_6)
FNDA:0,(anonymous_7)
FNDA:0,(anonymous_8)
FNDA:0,(anonymous_9)
FNDA:0,(anonymous_10)
DA:1,3
DA:2,3
DA:6,6
DA:7,1
DA:8,1
DA:11,6
DA:12,0
DA:13,0
DA:18,6
DA:19,1
DA:20,1
DA:24,6
DA:25,0
DA:28,0
DA:32,6
DA:33,0
DA:36,0
DA:40,6
DA:41,0
DA:42,0
DA:46,6
DA:47,0
DA:48,0
DA:52,6
DA:53,0
DA:56,0
DA:60,6
DA:61,0
DA:63,0
DA:67,6
DA:68,0
DA:70,0
DA:74,6
DA:75,0
DA:76,0
DA:80,3
LF:36
LH:18
BRF:0
BRH:0
end_of_record
TN:
SF:c_repositories/collections.repository.js
FN:8,(anonymous_0)
FN:17,(anonymous_1)
FN:26,(anonymous_2)
FN:46,(anonymous_3)
FN:67,(anonymous_4)
FN:89,(anonymous_5)
FN:98,(anonymous_6)
FN:123,(anonymous_7)
FN:129,(anonymous_8)
FN:144,(anonymous_9)
FN:163,(anonymous_10)
FN:173,(anonymous_11)
FN:181,(anonymous_12)
FN:191,(anonymous_13)
FN:197,(anonymous_14)
FN:204,(anonymous_15)
FN:210,(anonymous_16)
FN:217,(anonymous_17)
FN:224,(anonymous_18)
FN:230,(anonymous_19)
FN:240,(anonymous_20)
FN:261,(anonymous_21)
FN:284,(anonymous_22)
FN:307,(anonymous_23)
FN:358,(anonymous_24)
FN:424,(anonymous_25)
FN:429,(anonymous_26)
FNF:27
FNH:7
FNDA:0,(anonymous_0)
FNDA:0,(anonymous_1)
FNDA:1,(anonymous_2)
FNDA:1,(anonymous_3)
FNDA:1,(anonymous_4)
FNDA:0,(anonymous_5)
FNDA:1,(anonymous_6)
FNDA:2,(anonymous_7)
FNDA:0,(anonymous_8)
FNDA:6,(anonymous_9)
FNDA:0,(anonymous_10)
FNDA:0,(anonymous_11)
FNDA:0,(anonymous_12)
FNDA:0,(anonymous_13)
FNDA:0,(anonymous_14)
FNDA:0,(anonymous_15)
FNDA:0,(anonymous_16)
FNDA:6,(anonymous_17)
FNDA:0,(anonymous_18)
FNDA:0,(anonymous_19)
FNDA:0,(anonymous_20)
FNDA:0,(anonymous_21)
FNDA:0,(anonymous_22)
FNDA:0,(anonymous_23)
FNDA:0,(anonymous_24)
FNDA:0,(anonymous_25)
FNDA:0,(anonymous_26)
DA:1,3
DA:2,3
DA:3,3
DA:6,7
DA:8,7
DA:9,0
DA:13,0
DA:17,7
DA:18,0
DA:22,0
DA:26,7
DA:27,1
DA:31,1
DA:32,1
DA:35,1
DA:42,1
DA:46,7
DA:47,1
DA:49,1
DA:53,1
DA:54,1
DA:57,1
DA:64,1
DA:67,7
DA:68,1
DA:70,1
DA:74,1
DA:75,1
DA:78,1
DA:85,1
DA:89,7
DA:90,0
DA:94,0
DA:98,7
DA:103,1
DA:109,1
DA:110,1
DA:112,1
DA:119,1
DA:123,7
DA:124,2
DA:125,1
DA:129,7
DA:130,0
DA:132,0
DA:133,0
DA:135,0
DA:140,0
DA:144,7
DA:145,6
DA:146,6
DA:147,44
DA:148,44
DA:151,6
DA:159,6
DA:163,7
DA:164,0
DA:165,0
DA:167,0
DA:168,0
DA:170,0
DA:173,7
DA:174,0
DA:175,0
DA:177,0
DA:181,7
DA:182,0
DA:183,0
DA:187,0
DA:191,7
DA:192,0
DA:193,0
DA:197,7
DA:198,0
DA:200,0
DA:204,7
DA:205,0
DA:206,0
DA:210,7
DA:211,0
DA:213,0
DA:217,7
DA:218,6
DA:220,6
DA:224,7
DA:225,0
DA:226,0
DA:230,7
DA:231,0
DA:235,0
DA:236,0
DA:240,7
DA:241,0
DA:245,0
DA:254,0
DA:255,0
DA:257,0
DA:261,7
DA:262,0
DA:268,0
DA:269,0
DA:270,0
DA:272,0
DA:277,0
DA:280,0
DA:284,7
DA:285,0
DA:291,0
DA:292,0
DA:293,0
DA:295,0
DA:300,0
DA:303,0
DA:307,7
DA:308,0
DA:309,0
DA:311,0
DA:313,0
DA:314,0
DA:326,0
DA:337,0
DA:345,0
DA:346,0
DA:347,0
DA:349,0
DA:351,0
DA:354,0
DA:358,7
DA:359,0
DA:361,0
DA:362,0
DA:369,0
DA:370,0
DA:378,0
DA:379,0
DA:387,0
DA:396,0
DA:404,0
DA:405,0
DA:406,0
DA:408,0
DA:417,0
DA:420,0
DA:424,7
DA:425,0
DA:428,0
DA:429,0
DA:431,0
DA:439,3
LF:149
LH:63
BRDA:32,0,0,0
BRDA:32,0,1,1
BRDA:54,1,0,0
BRDA:54,1,1,1
BRDA:75,2,0,0
BRDA:75,2,1,1
BRDA:110,3,0,0
BRDA:110,3,1,1
BRDA:133,4,0,0
BRDA:133,4,1,0
BRDA:255,5,0,0
BRDA:255,5,1,0
BRDA:313,6,0,0
BRDA:313,6,1,0
BRDA:361,7,0,0
BRDA:361,7,1,0
BRDA:369,8,0,0
BRDA:369,8,1,0
BRDA:378,9,0,0
BRDA:378,9,1,0
BRF:20
BRH:4
end_of_record
TN:
SF:c_repositories/comments.repository.js
FN:5,(anonymous_0)
FN:14,(anonymous_1)
FN:25,(anonymous_2)
FN:31,(anonymous_3)
FN:40,(anonymous_4)
FNF:5
FNH:1
FNDA:0,(anonymous_0)
FNDA:92,(anonymous_1)
FNDA:0,(anonymous_2)
FNDA:0,(anonymous_3)
FNDA:0,(anonymous_4)
DA:1,2
DA:5,4
DA:6,0
DA:10,0
DA:14,4
DA:15,92
DA:21,92
DA:25,4
DA:26,0
DA:27,0
DA:31,4
DA:32,0
DA:36,0
DA:40,4
DA:41,0
DA:42,0
DA:46,2
LF:17
LH:9
BRF:0
BRH:0
end_of_record
TN:
SF:c_repositories/users.repository.js
FN:5,(anonymous_0)
FN:11,(anonymous_1)
FN:16,(anonymous_2)
FN:23,(anonymous_3)
FN:29,(anonymous_4)
FN:35,(anonymous_5)
FN:48,(anonymous_6)
FN:53,(anonymous_7)
FN:60,(anonymous_8)
FN:73,(anonymous_9)
FN:78,(anonymous_10)
FN:83,(anonymous_11)
FN:90,(anonymous_12)
FN:99,(anonymous_13)
FN:103,(anonymous_14)
FN:111,(anonymous_15)
FNF:16
FNH:5
FNDA:62,(anonymous_0)
FNDA:0,(anonymous_1)
FNDA:0,(anonymous_2)
FNDA:0,(anonymous_3)
FNDA:0,(anonymous_4)
FNDA:6,(anonymous_5)
FNDA:0,(anonymous_6)
FNDA:0,(anonymous_7)
FNDA:0,(anonymous_8)
FNDA:0,(anonymous_9)
FNDA:0,(anonymous_10)
FNDA:0,(anonymous_11)
FNDA:7,(anonymous_12)
FNDA:49,(anonymous_13)
FNDA:42,(anonymous_14)
FNDA:0,(anonymous_15)
DA:1,3
DA:5,10
DA:6,62
DA:7,62
DA:11,10
DA:12,0
DA:13,0
DA:16,10
DA:17,0
DA:19,0
DA:23,10
DA:24,0
DA:25,0
DA:29,10
DA:30,0
DA:31,0
DA:35,10
DA:37,6
DA:40,6
DA:43,6
DA:44,6
DA:48,10
DA:50,0
DA:53,0
DA:56,0
DA:57,0
DA:60,10
DA:62,0
DA:65,0
DA:68,0
DA:69,0
DA:73,10
DA:74,0
DA:75,0
DA:78,10
DA:80,0
DA:83,0
DA:86,0
DA:87,0
DA:90,10
DA:91,7
DA:92,7
DA:95,7
DA:96,7
DA:99,10
DA:100,49
DA:103,49
DA:106,49
DA:107,49
DA:111,10
DA:112,0
DA:113,0
DA:117,3
LF:53
LH:29
BRF:0
BRH:0
end_of_record
TN:
SF:c_repositories/videos.repository.js
FN:6,(anonymous_0)
FN:12,(anonymous_1)
FN:21,(anonymous_2)
FN:34,(anonymous_3)
FN:40,(anonymous_4)
FN:53,(anonymous_5)
FN:89,(anonymous_6)
FNF:7
FNH:4
FNDA:44,(anonymous_0)
FNDA:0,(anonymous_1)
FNDA:0,(anonymous_2)
FNDA:6,(anonymous_3)
FNDA:44,(anonymous_4)
FNDA:44,(anonymous_5)
FNDA:0,(anonymous_6)
DA:1,3
DA:2,3
DA:6,11
DA:7,44
DA:8,44
DA:12,11
DA:13,0
DA:17,0
DA:21,11
DA:22,0
DA:31,0
DA:34,11
DA:35,6
DA:36,6
DA:40,6
DA:41,44
DA:52,6
DA:54,44
DA:55,44
DA:56,0
DA:58,44
DA:59,44
DA:64,6
DA:65,6
DA:67,0
DA:89,11
DA:90,0
DA:92,0
DA:96,3
LF:29
LH:21
BRDA:12,0,0,0
BRDA:48,1,0,43
BRDA:48,1,1,1
BRDA:55,2,0,0
BRDA:55,2,1,44
BRF:5
BRH:3
end_of_record
TN:
SF:c_repositories/videosSearch.repository.js
FN:4,(anonymous_0)
FN:9,(anonymous_1)
FN:17,(anonymous_2)
FNF:3
FNH:0
FNDA:0,(anonymous_0)
FNDA:0,(anonymous_1)
FNDA:0,(anonymous_2)
DA:1,1
DA:4,1
DA:5,0
DA:6,0
DA:9,1
DA:10,0
DA:14,0
DA:17,1
DA:18,0
DA:24,0
DA:28,1
LF:11
LH:5
BRF:0
BRH:0
end_of_record
TN:
SF:d_schemas/category.js
FNF:0
FNH:0
DA:1,3
DA:3,3
DA:22,3
LF:3
LH:3
BRF:0
BRH:0
end_of_record
TN:
SF:d_schemas/collection.js
FNF:0
FNH:0
DA:1,3
DA:3,3
DA:50,3
LF:3
LH:3
BRF:0
BRH:0
end_of_record
TN:
SF:d_schemas/comment.js
FNF:0
FNH:0
DA:1,2
DA:3,2
DA:23,2
LF:3
LH:3
BRF:0
BRH:0
end_of_record
TN:
SF:d_schemas/index.js
FN:6,(anonymous_0)
FN:7,(anonymous_1)
FN:11,(anonymous_2)
FNF:3
FNH:1
FNDA:1,(anonymous_0)
FNDA:0,(anonymous_1)
FNDA:0,(anonymous_2)
DA:2,1
DA:3,1
DA:6,1
DA:7,1
DA:11,1
DA:12,0
DA:16,1
LF:7
LH:6
BRDA:3,0,0,0
BRDA:3,0,1,1
BRF:2
BRH:1
end_of_record
TN:
SF:d_schemas/user.js
FNF:0
FNH:0
DA:1,3
DA:4,3
DA:65,3
LF:3
LH:3
BRF:0
BRH:0
end_of_record
TN:
SF:d_schemas/video.js
FNF:0
FNH:0
DA:1,3
DA:3,3
DA:41,3
LF:3
LH:3
BRF:0
BRH:0
end_of_record
TN:
SF:d_schemas/videoSearch.js
FNF:0
FNH:0
DA:1,1
DA:3,1
DA:23,1
LF:3
LH:3
BRF:0
BRH:0
end_of_record
TN:
SF:passport/googleStrategy.js
FN:8,(anonymous_0)
FN:19,(anonymous_1)
FNF:2
FNH:1
FNDA:1,(anonymous_0)
FNDA:0,(anonymous_1)
DA:1,1
DA:2,1
DA:3,1
DA:4,1
DA:6,1
DA:8,1
DA:9,1
DA:20,0
DA:22,0
DA:23,0
DA:32,0
DA:34,0
DA:35,0
DA:37,0
DA:38,0
DA:41,0
DA:42,0
LF:17
LH:7
BRDA:34,0,0,0
BRDA:34,0,1,0
BRF:2
BRH:0
end_of_record
TN:
SF:passport/index.js
FN:5,(anonymous_0)
FN:8,(anonymous_1)
FN:14,(anonymous_2)
FN:18,(anonymous_3)
FN:21,(anonymous_4)
FNF:5
FNH:1
FNDA:1,(anonymous_0)
FNDA:0,(anonymous_1)
FNDA:0,(anonymous_2)
FNDA:0,(anonymous_3)
FNDA:0,(anonymous_4)
DA:1,1
DA:2,1
DA:3,1
DA:5,1
DA:8,1
DA:9,0
DA:10,0
DA:14,1
DA:15,0
DA:17,0
DA:19,0
DA:21,0
DA:24,1
DA:25,1
LF:14
LH:8
BRF:0
BRH:0
end_of_record
TN:
SF:test/data/collection-data-in.js
FNF:0
FNH:0
DA:1,1
DA:121,1
DA:316,1
DA:457,1
DA:569,1
DA:598,1
DA:709,1
DA:880,1
DA:895,1
LF:9
LH:9
BRF:0
BRH:0
end_of_record
TN:
SF:test/data/user-data-in.js
FNF:0
FNH:0
DA:1,1
DA:121,1
DA:316,1
DA:457,1
DA:570,1
DA:599,1
DA:710,1
DA:881,1
LF:8
LH:8
BRF:0
BRH:0
end_of_record
