TN:
SF:app.js
FN:19,(anonymous_0)
FN:73,(anonymous_1)
FN:78,(anonymous_2)
FN:83,(anonymous_3)
FNF:4
FNH:0
FNDA:0,(anonymous_0)
FNDA:0,(anonymous_1)
FNDA:0,(anonymous_2)
FNDA:0,(anonymous_3)
DA:1,1
DA:2,1
DA:3,1
DA:5,1
DA:6,1
DA:7,1
DA:9,1
DA:10,1
DA:11,1
DA:13,1
DA:14,1
DA:15,1
DA:19,1
DA:20,0
DA:24,1
DA:25,1
DA:26,1
DA:27,1
DA:30,1
DA:32,1
DA:33,1
DA:34,1
DA:35,1
DA:36,1
DA:43,1
DA:58,1
DA:59,1
DA:63,1
DA:64,1
DA:67,1
DA:68,1
DA:69,1
DA:70,1
DA:73,1
DA:74,0
DA:78,1
DA:79,0
DA:83,1
DA:85,0
DA:86,0
DA:89,0
DA:90,0
DA:93,1
LF:43
LH:36
BRDA:86,0,0,0
BRDA:86,0,1,0
BRDA:89,1,0,0
BRDA:89,1,1,0
BRF:4
BRH:0
end_of_record
TN:
SF:_mock-data/initialize-data.js
FNF:0
FNH:0
DA:1,1
DA:130,1
DA:325,1
DA:466,1
LF:4
LH:4
BRF:0
BRH:0
end_of_record
TN:
SF:_mock-data/mockdata_initializer.js
FN:47,(anonymous_0)
FN:50,(anonymous_1)
FN:62,(anonymous_2)
FN:70,(anonymous_3)
FN:101,(anonymous_4)
FN:104,(anonymous_5)
FN:107,(anonymous_6)
FN:123,(anonymous_7)
FN:126,(anonymous_8)
FN:129,(anonymous_9)
FN:149,(anonymous_10)
FN:152,(anonymous_11)
FN:183,(anonymous_12)
FNF:13
FNH:4
FNDA:1,(anonymous_0)
FNDA:8,(anonymous_1)
FNDA:480,(anonymous_2)
FNDA:193,(anonymous_3)
FNDA:0,(anonymous_4)
FNDA:0,(anonymous_5)
FNDA:0,(anonymous_6)
FNDA:0,(anonymous_7)
FNDA:0,(anonymous_8)
FNDA:0,(anonymous_9)
FNDA:0,(anonymous_10)
FNDA:0,(anonymous_11)
FNDA:0,(anonymous_12)
DA:1,1
DA:2,1
DA:3,1
DA:4,1
DA:6,1
DA:7,1
DA:9,1
DA:10,1
DA:11,1
DA:12,1
DA:13,1
DA:14,1
DA:15,1
DA:16,1
DA:18,1
DA:19,1
DA:47,1
DA:48,1
DA:49,1
DA:50,8
DA:54,1
DA:55,24
DA:56,24
DA:57,24
DA:59,24
DA:61,24
DA:63,480
DA:67,24
DA:68,23
DA:70,193
DA:72,23
DA:74,23
DA:83,23
DA:85,23
DA:86,23
DA:88,23
DA:90,23
DA:97,0
DA:101,1
DA:102,0
DA:103,0
DA:104,0
DA:106,0
DA:107,0
DA:109,0
DA:111,0
DA:112,0
DA:113,0
DA:114,0
DA:116,0
DA:119,0
DA:123,1
DA:124,0
DA:125,0
DA:126,0
DA:128,0
DA:129,0
DA:131,0
DA:132,0
DA:133,0
DA:135,0
DA:137,0
DA:138,0
DA:139,0
DA:142,0
DA:145,0
DA:149,1
DA:150,0
DA:151,0
DA:152,0
DA:154,0
DA:155,0
DA:156,0
DA:158,0
DA:160,0
DA:162,0
DA:164,0
DA:170,0
DA:172,0
DA:179,0
DA:183,1
DA:185,0
DA:187,0
DA:188,0
DA:189,0
DA:190,0
DA:191,0
DA:193,0
DA:201,1
LF:89
LH:42
BRDA:63,0,0,459
BRDA:63,0,1,21
BRDA:137,1,0,0
BRDA:137,1,1,0
BRDA:160,2,0,0
BRDA:160,2,1,0
BRDA:160,3,0,0
BRDA:160,3,1,0
BRF:8
BRH:2
end_of_record
TN:
SF:a_routes/auth.routes.js
FN:19,(anonymous_0)
FN:27,(anonymous_1)
FN:47,(anonymous_2)
FN:55,(anonymous_3)
FN:66,(anonymous_4)
FNF:5
FNH:0
FNDA:0,(anonymous_0)
FNDA:0,(anonymous_1)
FNDA:0,(anonymous_2)
FNDA:0,(anonymous_3)
FNDA:0,(anonymous_4)
DA:1,1
DA:3,1
DA:4,1
DA:5,1
DA:6,1
DA:7,1
DA:8,1
DA:10,1
DA:11,1
DA:13,1
DA:14,1
DA:17,1
DA:19,1
DA:20,0
DA:21,0
DA:28,0
DA:30,0
DA:31,0
DA:33,0
DA:37,0
DA:39,0
DA:43,0
DA:47,1
DA:48,0
DA:49,0
DA:56,0
DA:57,0
DA:58,0
DA:62,0
DA:66,1
DA:67,0
DA:68,0
DA:70,0
DA:78,0
DA:88,0
DA:93,0
DA:95,0
DA:97,0
DA:101,1
DA:103,1
LF:40
LH:17
BRDA:28,0,0,0
BRDA:28,0,1,0
BRDA:56,1,0,0
BRDA:56,1,1,0
BRF:4
BRH:0
end_of_record
TN:
SF:a_routes/categories.routes.js
FNF:0
FNH:0
DA:1,1
DA:2,1
DA:4,1
DA:5,1
DA:7,1
DA:9,1
LF:6
LH:6
BRF:0
BRH:0
end_of_record
TN:
SF:a_routes/collections.routes.js
FNF:0
FNH:0
DA:1,1
DA:2,1
DA:4,1
DA:5,1
DA:7,1
DA:8,1
DA:10,1
DA:11,1
DA:12,1
DA:13,1
DA:14,1
DA:15,1
DA:16,1
DA:17,1
DA:18,1
DA:19,1
DA:20,1
DA:21,1
DA:22,1
DA:24,1
LF:20
LH:20
BRF:0
BRH:0
end_of_record
TN:
SF:a_routes/comments.routes.js
FNF:0
FNH:0
DA:1,1
DA:2,1
DA:4,1
DA:5,1
DA:7,1
DA:8,1
DA:10,1
DA:11,1
DA:12,1
DA:13,1
DA:15,1
LF:11
LH:11
BRF:0
BRH:0
end_of_record
TN:
SF:a_routes/index.js
FNF:0
FNH:0
DA:1,1
DA:2,1
DA:4,1
DA:5,1
DA:6,1
DA:7,1
DA:8,1
DA:9,1
DA:10,1
DA:12,1
DA:13,1
DA:14,1
DA:15,1
DA:16,1
DA:17,1
DA:18,1
DA:20,1
LF:17
LH:17
BRF:0
BRH:0
end_of_record
TN:
SF:a_routes/search.routes.js
FNF:0
FNH:0
DA:1,1
DA:2,1
DA:4,1
DA:5,1
DA:7,1
DA:8,1
DA:10,1
DA:11,1
DA:13,1
LF:9
LH:9
BRF:0
BRH:0
end_of_record
TN:
SF:a_routes/users.routes.js
FNF:0
FNH:0
DA:1,1
DA:2,1
DA:4,1
DA:5,1
DA:7,1
DA:8,1
DA:9,1
DA:10,1
DA:12,1
DA:13,1
DA:15,1
DA:16,1
DA:17,1
DA:18,1
DA:19,1
DA:20,1
DA:21,1
DA:22,1
DA:23,1
DA:24,1
DA:28,1
LF:21
LH:21
BRF:0
BRH:0
end_of_record
TN:
SF:a_routes/videos.routes.js
FNF:0
FNH:0
DA:1,1
DA:2,1
DA:4,1
DA:5,1
DA:7,1
DA:8,1
DA:11,1
LF:7
LH:7
BRF:0
BRH:0
end_of_record
TN:
SF:a_routes/middleware/auth.js
FN:4,(anonymous_0)
FN:32,(anonymous_1)
FNF:2
FNH:0
FNDA:0,(anonymous_0)
FNDA:0,(anonymous_1)
DA:1,1
DA:4,5
DA:5,0
DA:7,0
DA:8,0
DA:12,0
DA:14,0
DA:15,0
DA:19,0
DA:21,0
DA:22,0
DA:23,0
DA:25,0
DA:28,0
DA:32,5
DA:33,0
DA:35,0
DA:36,0
DA:37,0
DA:39,0
DA:40,0
DA:44,0
DA:47,0
DA:49,0
DA:50,0
DA:51,0
DA:53,0
DA:56,0
DA:62,1
LF:29
LH:4
BRDA:8,0,0,0
BRDA:8,0,1,0
BRDA:14,1,0,0
BRDA:14,1,1,0
BRDA:39,2,0,0
BRDA:39,2,1,0
BRF:6
BRH:0
end_of_record
TN:
SF:b_services/categories.service.js
FN:9,(anonymous_0)
FNF:1
FNH:0
FNDA:0,(anonymous_0)
DA:1,1
DA:2,1
DA:5,2
DA:6,2
DA:9,2
DA:10,0
DA:12,0
DA:18,0
DA:20,0
DA:21,0
DA:27,1
LF:11
LH:6
BRF:0
BRH:0
end_of_record
TN:
SF:b_services/collections.service.js
FN:19,(anonymous_0)
FN:89,(anonymous_1)
FN:119,(anonymous_2)
FN:137,(anonymous_3)
FN:156,(anonymous_4)
FN:186,(anonymous_5)
FN:200,(anonymous_6)
FN:238,(anonymous_7)
FN:259,(anonymous_8)
FN:284,(anonymous_9)
FN:303,(anonymous_10)
FN:326,(anonymous_11)
FN:350,(anonymous_12)
FN:389,(anonymous_13)
FN:406,(anonymous_14)
FN:447,(anonymous_15)
FN:481,(anonymous_16)
FN:490,(anonymous_17)
FN:518,(anonymous_18)
FN:541,(anonymous_19)
FN:562,(anonymous_20)
FN:583,(anonymous_21)
FN:604,(anonymous_22)
FN:642,(anonymous_23)
FN:654,(anonymous_24)
FNF:25
FNH:23
FNDA:1,(anonymous_0)
FNDA:1,(anonymous_1)
FNDA:22,(anonymous_2)
FNDA:1,(anonymous_3)
FNDA:88,(anonymous_4)
FNDA:1,(anonymous_5)
FNDA:7,(anonymous_6)
FNDA:1,(anonymous_7)
FNDA:2,(anonymous_8)
FNDA:1,(anonymous_9)
FNDA:2,(anonymous_10)
FNDA:1,(anonymous_11)
FNDA:1,(anonymous_12)
FNDA:1,(anonymous_13)
FNDA:25,(anonymous_14)
FNDA:1,(anonymous_15)
FNDA:1,(anonymous_16)
FNDA:7,(anonymous_17)
FNDA:1,(anonymous_18)
FNDA:1,(anonymous_19)
FNDA:1,(anonymous_20)
FNDA:1,(anonymous_21)
FNDA:1,(anonymous_22)
FNDA:0,(anonymous_23)
FNDA:0,(anonymous_24)
DA:1,2
DA:2,2
DA:3,2
DA:4,2
DA:5,2
DA:7,2
DA:8,2
DA:9,2
DA:12,2
DA:13,2
DA:14,2
DA:15,2
DA:16,2
DA:19,2
DA:20,1
DA:21,1
DA:22,1
DA:24,1
DA:30,1
DA:31,0
DA:33,0
DA:36,1
DA:38,1
DA:39,3
DA:40,3
DA:42,3
DA:43,3
DA:44,25
DA:45,25
DA:49,0
DA:50,0
DA:53,25
DA:54,25
DA:58,0
DA:62,3
DA:77,1
DA:83,0
DA:84,0
DA:89,2
DA:90,1
DA:91,1
DA:92,1
DA:98,1
DA:99,0
DA:102,1
DA:103,1
DA:105,1
DA:107,1
DA:108,3
DA:109,3
DA:111,3
DA:119,22
DA:125,1
DA:130,1
DA:132,0
DA:133,0
DA:137,2
DA:138,1
DA:139,1
DA:140,1
DA:141,1
DA:142,4
DA:143,4
DA:145,4
DA:146,4
DA:147,12
DA:148,12
DA:150,12
DA:156,88
DA:163,4
DA:173,1
DA:178,1
DA:180,0
DA:181,0
DA:186,2
DA:187,1
DA:188,1
DA:190,1
DA:192,1
DA:193,0
DA:196,1
DA:198,1
DA:199,1
DA:201,7
DA:203,7
DA:204,0
DA:206,7
DA:211,1
DA:213,1
DA:230,1
DA:232,0
DA:233,0
DA:238,2
DA:239,1
DA:240,1
DA:248,1
DA:250,1
DA:251,0
DA:252,0
DA:255,1
DA:257,1
DA:259,2
DA:261,1
DA:269,1
DA:270,1
DA:272,1
DA:278,0
DA:279,0
DA:284,2
DA:285,1
DA:286,1
DA:288,1
DA:289,1
DA:291,1
DA:293,1
DA:294,0
DA:295,1
DA:296,0
DA:299,1
DA:301,1
DA:303,2
DA:305,1
DA:314,1
DA:320,0
DA:321,0
DA:326,2
DA:327,1
DA:328,1
DA:330,1
DA:332,1
DA:334,1
DA:335,0
DA:336,1
DA:337,0
DA:339,1
DA:340,1
DA:341,1
DA:344,0
DA:345,0
DA:350,2
DA:351,1
DA:352,1
DA:353,1
DA:356,1
DA:358,1
DA:360,1
DA:361,0
DA:362,1
DA:363,1
DA:364,1
DA:365,1
DA:371,0
DA:372,0
DA:373,0
DA:380,0
DA:381,0
DA:389,2
DA:390,1
DA:391,1
DA:393,1
DA:399,1
DA:401,1
DA:402,3
DA:404,3
DA:405,3
DA:407,25
DA:408,25
DA:409,25
DA:411,0
DA:416,3
DA:431,1
DA:436,1
DA:438,0
DA:439,0
DA:447,2
DA:448,1
DA:449,1
DA:450,1
DA:451,1
DA:453,1
DA:455,1
DA:456,0
DA:457,1
DA:458,0
DA:460,1
DA:465,1
DA:472,0
DA:473,0
DA:481,2
DA:482,1
DA:483,1
DA:486,1
DA:487,1
DA:489,1
DA:490,7
DA:492,1
DA:493,0
DA:494,1
DA:495,0
DA:497,1
DA:502,1
DA:509,0
DA:510,0
DA:518,2
DA:519,1
DA:520,1
DA:521,1
DA:523,1
DA:532,0
DA:533,0
DA:541,2
DA:542,1
DA:544,1
DA:548,1
DA:550,1
DA:556,0
DA:557,0
DA:562,2
DA:563,1
DA:565,1
DA:569,1
DA:571,1
DA:577,0
DA:578,0
DA:583,2
DA:584,1
DA:586,1
DA:590,1
DA:592,1
DA:598,0
DA:599,0
DA:604,2
DA:605,1
DA:606,1
DA:607,1
DA:608,1
DA:610,1
DA:612,1
DA:616,1
DA:618,1
DA:619,1
DA:620,0
DA:621,1
DA:622,0
DA:623,1
DA:624,1
DA:626,0
DA:629,1
DA:631,1
DA:637,0
DA:638,0
DA:642,2
DA:643,0
DA:644,0
DA:645,0
DA:646,0
DA:647,0
DA:654,0
DA:655,0
DA:656,0
DA:657,0
DA:658,0
DA:659,0
DA:664,2
LF:264
LH:195
BRDA:30,0,0,0
BRDA:30,0,1,1
BRDA:53,1,0,25
BRDA:53,1,1,0
BRDA:98,2,0,0
BRDA:98,2,1,1
BRDA:192,3,0,0
BRDA:192,3,1,1
BRDA:203,4,0,0
BRDA:203,4,1,7
BRDA:250,5,0,0
BRDA:250,5,1,1
BRDA:250,6,0,1
BRDA:250,6,1,1
BRDA:250,6,2,1
BRDA:250,6,3,1
BRDA:293,7,0,0
BRDA:293,7,1,1
BRDA:295,8,0,0
BRDA:295,8,1,1
BRDA:334,9,0,0
BRDA:334,9,1,1
BRDA:336,10,0,0
BRDA:336,10,1,1
BRDA:360,11,0,0
BRDA:360,11,1,1
BRDA:362,12,0,1
BRDA:362,12,1,0
BRDA:408,13,0,25
BRDA:408,13,1,0
BRDA:455,14,0,0
BRDA:455,14,1,1
BRDA:457,15,0,0
BRDA:457,15,1,1
BRDA:492,16,0,0
BRDA:492,16,1,1
BRDA:494,17,0,0
BRDA:494,17,1,1
BRDA:619,18,0,0
BRDA:619,18,1,1
BRDA:621,19,0,0
BRDA:621,19,1,1
BRDA:623,20,0,1
BRDA:623,20,1,0
BRF:44
BRH:24
end_of_record
TN:
SF:b_services/comments.service.js
FN:12,(anonymous_0)
FN:46,(anonymous_1)
FN:66,(anonymous_2)
FN:97,(anonymous_3)
FN:135,(anonymous_4)
FNF:5
FNH:0
FNDA:0,(anonymous_0)
FNDA:0,(anonymous_1)
FNDA:0,(anonymous_2)
FNDA:0,(anonymous_3)
FNDA:0,(anonymous_4)
DA:1,1
DA:2,1
DA:3,1
DA:4,1
DA:7,1
DA:8,1
DA:9,1
DA:12,1
DA:13,0
DA:15,0
DA:16,0
DA:17,0
DA:19,0
DA:23,0
DA:24,0
DA:27,0
DA:32,0
DA:37,0
DA:38,0
DA:46,1
DA:47,0
DA:48,0
DA:50,0
DA:54,0
DA:55,0
DA:61,0
DA:65,0
DA:67,0
DA:71,0
DA:82,0
DA:89,0
DA:90,0
DA:97,1
DA:98,0
DA:99,0
DA:100,0
DA:101,0
DA:103,0
DA:107,0
DA:108,0
DA:111,0
DA:112,0
DA:116,0
DA:120,0
DA:127,0
DA:128,0
DA:135,1
DA:136,0
DA:137,0
DA:138,0
DA:140,0
DA:144,0
DA:145,0
DA:148,0
DA:149,0
DA:153,0
DA:154,0
DA:160,0
DA:161,0
DA:168,1
LF:60
LH:12
BRDA:23,0,0,0
BRDA:23,0,1,0
BRDA:54,1,0,0
BRDA:54,1,1,0
BRDA:107,2,0,0
BRDA:107,2,1,0
BRDA:111,3,0,0
BRDA:111,3,1,0
BRDA:144,4,0,0
BRDA:144,4,1,0
BRDA:148,5,0,0
BRDA:148,5,1,0
BRF:12
BRH:0
end_of_record
TN:
SF:b_services/search.Service.js
FN:8,(anonymous_0)
FN:14,(anonymous_1)
FN:30,(anonymous_2)
FN:39,(anonymous_3)
FNF:4
FNH:0
FNDA:0,(anonymous_0)
FNDA:0,(anonymous_1)
FNDA:0,(anonymous_2)
FNDA:0,(anonymous_3)
DA:1,1
DA:3,1
DA:6,1
DA:8,1
DA:9,0
DA:10,0
DA:12,0
DA:14,0
DA:15,0
DA:21,0
DA:23,0
DA:24,0
DA:30,1
DA:31,0
DA:32,0
DA:34,0
DA:38,0
DA:39,0
DA:40,0
DA:48,0
DA:50,0
DA:51,0
DA:58,1
LF:23
LH:6
BRF:0
BRH:0
end_of_record
TN:
SF:b_services/users.service.js
FN:11,(anonymous_0)
FN:19,(anonymous_1)
FN:25,(anonymous_2)
FN:29,(anonymous_3)
FN:62,(anonymous_4)
FN:94,(anonymous_5)
FN:103,(anonymous_6)
FN:122,(anonymous_7)
FN:160,(anonymous_8)
FN:175,(anonymous_9)
FN:220,(anonymous_10)
FN:235,(anonymous_11)
FN:238,(anonymous_12)
FN:256,(anonymous_13)
FNF:14
FNH:12
FNDA:1,(anonymous_0)
FNDA:1,(anonymous_1)
FNDA:1,(anonymous_2)
FNDA:1,(anonymous_3)
FNDA:1,(anonymous_4)
FNDA:1,(anonymous_5)
FNDA:0,(anonymous_6)
FNDA:1,(anonymous_7)
FNDA:1,(anonymous_8)
FNDA:1,(anonymous_9)
FNDA:1,(anonymous_10)
FNDA:0,(anonymous_11)
FNDA:1,(anonymous_12)
FNDA:1,(anonymous_13)
DA:1,2
DA:2,2
DA:3,2
DA:6,2
DA:7,2
DA:8,2
DA:11,2
DA:12,1
DA:13,1
DA:15,1
DA:19,2
DA:20,1
DA:21,1
DA:25,2
DA:26,1
DA:28,1
DA:29,1
DA:31,1
DA:34,1
DA:35,1
DA:37,1
DA:39,1
DA:44,1
DA:53,0
DA:54,0
DA:62,2
DA:63,1
DA:64,1
DA:68,1
DA:70,1
DA:71,1
DA:76,1
DA:85,0
DA:86,0
DA:94,2
DA:95,1
DA:96,1
DA:98,1
DA:101,1
DA:103,1
DA:105,1
DA:106,1
DA:108,1
DA:113,0
DA:114,0
DA:122,2
DA:123,1
DA:124,1
DA:127,1
DA:129,1
DA:130,0
DA:134,0
DA:137,1
DA:139,1
DA:141,1
DA:147,0
DA:149,0
DA:155,0
DA:160,2
DA:161,1
DA:162,1
DA:163,1
DA:165,1
DA:170,0
DA:175,2
DA:176,1
DA:177,1
DA:179,1
DA:181,1
DA:182,1
DA:184,1
DA:185,0
DA:186,0
DA:189,1
DA:190,1
DA:191,1
DA:193,1
DA:194,1
DA:196,1
DA:205,0
DA:211,0
DA:212,0
DA:220,2
DA:221,1
DA:222,1
DA:224,1
DA:226,1
DA:227,1
DA:229,1
DA:230,0
DA:231,0
DA:234,1
DA:235,1
DA:236,1
DA:238,1
DA:239,1
DA:241,1
DA:247,0
DA:248,0
DA:256,2
DA:257,1
DA:258,1
DA:261,1
DA:263,1
DA:264,1
DA:265,1
DA:267,1
DA:270,1
DA:278,1
DA:280,0
DA:281,0
DA:288,2
LF:112
LH:89
BRDA:129,0,0,0
BRDA:129,0,1,1
BRDA:137,1,0,1
BRDA:137,1,1,0
BRDA:184,2,0,0
BRDA:184,2,1,1
BRDA:189,3,0,1
BRDA:189,3,1,0
BRDA:229,4,0,0
BRDA:229,4,1,1
BRDA:234,5,0,1
BRDA:234,5,1,0
BRF:12
BRH:6
end_of_record
TN:
SF:b_services/videos.service.js
FN:13,(anonymous_0)
FN:56,(anonymous_1)
FNF:2
FNH:0
FNDA:0,(anonymous_0)
FNDA:0,(anonymous_1)
DA:1,1
DA:2,1
DA:3,1
DA:4,1
DA:8,1
DA:9,1
DA:13,1
DA:14,0
DA:16,0
DA:17,0
DA:20,0
DA:26,0
DA:27,0
DA:32,0
DA:33,0
DA:34,0
DA:37,0
DA:40,0
DA:48,0
DA:49,0
DA:56,1
DA:57,0
DA:59,0
DA:60,0
DA:62,0
DA:63,0
DA:69,0
DA:73,0
DA:80,0
DA:81,0
DA:116,1
LF:31
LH:9
BRDA:26,0,0,0
BRDA:26,0,1,0
BRDA:62,1,0,0
BRDA:62,1,1,0
BRF:4
BRH:0
end_of_record
TN:
SF:c_repositories/categories.repository.js
FN:6,(anonymous_0)
FN:11,(anonymous_1)
FN:18,(anonymous_2)
FN:24,(anonymous_3)
FN:32,(anonymous_4)
FN:40,(anonymous_5)
FN:46,(anonymous_6)
FN:52,(anonymous_7)
FN:60,(anonymous_8)
FN:67,(anonymous_9)
FN:74,(anonymous_10)
FNF:11
FNH:0
FNDA:0,(anonymous_0)
FNDA:0,(anonymous_1)
FNDA:0,(anonymous_2)
FNDA:0,(anonymous_3)
FNDA:0,(anonymous_4)
FNDA:0,(anonymous_5)
FNDA:0,(anonymous_6)
FNDA:0,(anonymous_7)
FNDA:0,(anonymous_8)
FNDA:0,(anonymous_9)
FNDA:0,(anonymous_10)
DA:1,3
DA:2,3
DA:6,6
DA:7,0
DA:8,0
DA:11,6
DA:12,0
DA:13,0
DA:18,6
DA:19,0
DA:20,0
DA:24,6
DA:25,0
DA:28,0
DA:32,6
DA:33,0
DA:36,0
DA:40,6
DA:41,0
DA:42,0
DA:46,6
DA:47,0
DA:48,0
DA:52,6
DA:53,0
DA:56,0
DA:60,6
DA:61,0
DA:63,0
DA:67,6
DA:68,0
DA:70,0
DA:74,6
DA:75,0
DA:76,0
DA:80,3
LF:36
LH:14
BRF:0
BRH:0
end_of_record
TN:
SF:c_repositories/collections.repository.js
FN:8,(anonymous_0)
FN:17,(anonymous_1)
FN:26,(anonymous_2)
FN:46,(anonymous_3)
FN:55,(anonymous_4)
FN:80,(anonymous_5)
FN:86,(anonymous_6)
FN:101,(anonymous_7)
FN:120,(anonymous_8)
FN:130,(anonymous_9)
FN:138,(anonymous_10)
FN:148,(anonymous_11)
FN:154,(anonymous_12)
FN:161,(anonymous_13)
FN:167,(anonymous_14)
FN:174,(anonymous_15)
FN:181,(anonymous_16)
FN:187,(anonymous_17)
FN:197,(anonymous_18)
FN:218,(anonymous_19)
FN:241,(anonymous_20)
FN:264,(anonymous_21)
FN:315,(anonymous_22)
FN:381,(anonymous_23)
FN:386,(anonymous_24)
FNF:25
FNH:1
FNDA:0,(anonymous_0)
FNDA:0,(anonymous_1)
FNDA:0,(anonymous_2)
FNDA:0,(anonymous_3)
FNDA:0,(anonymous_4)
FNDA:0,(anonymous_5)
FNDA:0,(anonymous_6)
FNDA:23,(anonymous_7)
FNDA:0,(anonymous_8)
FNDA:0,(anonymous_9)
FNDA:0,(anonymous_10)
FNDA:0,(anonymous_11)
FNDA:0,(anonymous_12)
FNDA:0,(anonymous_13)
FNDA:0,(anonymous_14)
FNDA:0,(anonymous_15)
FNDA:0,(anonymous_16)
FNDA:0,(anonymous_17)
FNDA:0,(anonymous_18)
FNDA:0,(anonymous_19)
FNDA:0,(anonymous_20)
FNDA:0,(anonymous_21)
FNDA:0,(anonymous_22)
FNDA:0,(anonymous_23)
FNDA:0,(anonymous_24)
DA:1,3
DA:2,3
DA:3,3
DA:6,7
DA:8,7
DA:9,0
DA:13,0
DA:17,7
DA:18,0
DA:22,0
DA:26,7
DA:27,0
DA:31,0
DA:32,0
DA:35,0
DA:42,0
DA:46,7
DA:47,0
DA:51,0
DA:55,7
DA:60,0
DA:66,0
DA:67,0
DA:69,0
DA:76,0
DA:80,7
DA:81,0
DA:82,0
DA:86,7
DA:87,0
DA:89,0
DA:90,0
DA:92,0
DA:97,0
DA:101,7
DA:102,23
DA:103,23
DA:104,193
DA:105,193
DA:108,23
DA:116,23
DA:120,7
DA:121,0
DA:122,0
DA:124,0
DA:125,0
DA:127,0
DA:130,7
DA:131,0
DA:132,0
DA:134,0
DA:138,7
DA:139,0
DA:140,0
DA:144,0
DA:148,7
DA:149,0
DA:150,0
DA:154,7
DA:155,0
DA:157,0
DA:161,7
DA:162,0
DA:163,0
DA:167,7
DA:168,0
DA:170,0
DA:174,7
DA:175,0
DA:177,0
DA:181,7
DA:182,0
DA:183,0
DA:187,7
DA:188,0
DA:192,0
DA:193,0
DA:197,7
DA:198,0
DA:202,0
DA:211,0
DA:212,0
DA:214,0
DA:218,7
DA:219,0
DA:225,0
DA:226,0
DA:227,0
DA:229,0
DA:234,0
DA:237,0
DA:241,7
DA:242,0
DA:248,0
DA:249,0
DA:250,0
DA:252,0
DA:257,0
DA:260,0
DA:264,7
DA:265,0
DA:266,0
DA:268,0
DA:270,0
DA:271,0
DA:283,0
DA:294,0
DA:302,0
DA:303,0
DA:304,0
DA:306,0
DA:308,0
DA:311,0
DA:315,7
DA:316,0
DA:318,0
DA:319,0
DA:326,0
DA:327,0
DA:335,0
DA:336,0
DA:344,0
DA:353,0
DA:361,0
DA:362,0
DA:363,0
DA:365,0
DA:374,0
DA:377,0
DA:381,7
DA:382,0
DA:385,0
DA:386,0
DA:388,0
DA:396,3
LF:135
LH:35
BRDA:32,0,0,0
BRDA:32,0,1,0
BRDA:67,1,0,0
BRDA:67,1,1,0
BRDA:90,2,0,0
BRDA:90,2,1,0
BRDA:212,3,0,0
BRDA:212,3,1,0
BRDA:270,4,0,0
BRDA:270,4,1,0
BRDA:318,5,0,0
BRDA:318,5,1,0
BRDA:326,6,0,0
BRDA:326,6,1,0
BRDA:335,7,0,0
BRDA:335,7,1,0
BRF:16
BRH:0
end_of_record
TN:
SF:c_repositories/comments.repository.js
FN:5,(anonymous_0)
FN:14,(anonymous_1)
FN:25,(anonymous_2)
FN:31,(anonymous_3)
FN:40,(anonymous_4)
FNF:5
FNH:0
FNDA:0,(anonymous_0)
FNDA:0,(anonymous_1)
FNDA:0,(anonymous_2)
FNDA:0,(anonymous_3)
FNDA:0,(anonymous_4)
DA:1,2
DA:5,4
DA:6,0
DA:10,0
DA:14,4
DA:15,0
DA:21,0
DA:25,4
DA:26,0
DA:27,0
DA:31,4
DA:32,0
DA:36,0
DA:40,4
DA:41,0
DA:42,0
DA:46,2
LF:17
LH:7
BRF:0
BRH:0
end_of_record
TN:
SF:c_repositories/users.repository.js
FN:5,(anonymous_0)
FN:11,(anonymous_1)
FN:16,(anonymous_2)
FN:23,(anonymous_3)
FN:29,(anonymous_4)
FN:35,(anonymous_5)
FN:48,(anonymous_6)
FN:53,(anonymous_7)
FN:60,(anonymous_8)
FN:73,(anonymous_9)
FN:78,(anonymous_10)
FN:83,(anonymous_11)
FN:90,(anonymous_12)
FN:99,(anonymous_13)
FN:103,(anonymous_14)
FN:111,(anonymous_15)
FNF:16
FNH:0
FNDA:0,(anonymous_0)
FNDA:0,(anonymous_1)
FNDA:0,(anonymous_2)
FNDA:0,(anonymous_3)
FNDA:0,(anonymous_4)
FNDA:0,(anonymous_5)
FNDA:0,(anonymous_6)
FNDA:0,(anonymous_7)
FNDA:0,(anonymous_8)
FNDA:0,(anonymous_9)
FNDA:0,(anonymous_10)
FNDA:0,(anonymous_11)
FNDA:0,(anonymous_12)
FNDA:0,(anonymous_13)
FNDA:0,(anonymous_14)
FNDA:0,(anonymous_15)
DA:1,3
DA:5,10
DA:6,0
DA:7,0
DA:11,10
DA:12,0
DA:13,0
DA:16,10
DA:17,0
DA:19,0
DA:23,10
DA:24,0
DA:25,0
DA:29,10
DA:30,0
DA:31,0
DA:35,10
DA:37,0
DA:40,0
DA:43,0
DA:44,0
DA:48,10
DA:50,0
DA:53,0
DA:56,0
DA:57,0
DA:60,10
DA:62,0
DA:65,0
DA:68,0
DA:69,0
DA:73,10
DA:74,0
DA:75,0
DA:78,10
DA:80,0
DA:83,0
DA:86,0
DA:87,0
DA:90,10
DA:91,0
DA:92,0
DA:95,0
DA:96,0
DA:99,10
DA:100,0
DA:103,0
DA:106,0
DA:107,0
DA:111,10
DA:112,0
DA:113,0
DA:117,3
LF:53
LH:15
BRF:0
BRH:0
end_of_record
TN:
SF:c_repositories/videos.repository.js
FN:6,(anonymous_0)
FN:12,(anonymous_1)
FN:21,(anonymous_2)
FN:34,(anonymous_3)
FN:40,(anonymous_4)
FN:53,(anonymous_5)
FN:89,(anonymous_6)
FNF:7
FNH:4
FNDA:193,(anonymous_0)
FNDA:0,(anonymous_1)
FNDA:0,(anonymous_2)
FNDA:24,(anonymous_3)
FNDA:193,(anonymous_4)
FNDA:193,(anonymous_5)
FNDA:0,(anonymous_6)
DA:1,3
DA:2,3
DA:6,11
DA:7,193
DA:8,193
DA:12,11
DA:13,0
DA:17,0
DA:21,11
DA:22,0
DA:31,0
DA:34,11
DA:35,24
DA:36,24
DA:40,23
DA:41,193
DA:52,23
DA:54,193
DA:55,193
DA:56,183
DA:58,10
DA:59,10
DA:64,23
DA:65,23
DA:67,0
DA:89,11
DA:90,0
DA:92,0
DA:96,3
LF:29
LH:22
BRDA:12,0,0,0
BRDA:48,1,0,190
BRDA:48,1,1,3
BRDA:55,2,0,183
BRDA:55,2,1,10
BRF:5
BRH:4
end_of_record
TN:
SF:c_repositories/videosSearch.repository.js
FN:4,(anonymous_0)
FN:9,(anonymous_1)
FN:17,(anonymous_2)
FNF:3
FNH:0
FNDA:0,(anonymous_0)
FNDA:0,(anonymous_1)
FNDA:0,(anonymous_2)
DA:1,1
DA:4,1
DA:5,0
DA:6,0
DA:9,1
DA:10,0
DA:14,0
DA:17,1
DA:18,0
DA:24,0
DA:28,1
LF:11
LH:5
BRF:0
BRH:0
end_of_record
TN:
SF:d_schemas/category.js
FNF:0
FNH:0
DA:1,3
DA:3,3
DA:22,3
LF:3
LH:3
BRF:0
BRH:0
end_of_record
TN:
SF:d_schemas/collection.js
FNF:0
FNH:0
DA:1,3
DA:3,3
DA:50,3
LF:3
LH:3
BRF:0
BRH:0
end_of_record
TN:
SF:d_schemas/comment.js
FNF:0
FNH:0
DA:1,2
DA:3,2
DA:23,2
LF:3
LH:3
BRF:0
BRH:0
end_of_record
TN:
SF:d_schemas/index.js
FN:6,(anonymous_0)
FN:7,(anonymous_1)
FN:11,(anonymous_2)
FNF:3
FNH:1
FNDA:2,(anonymous_0)
FNDA:0,(anonymous_1)
FNDA:0,(anonymous_2)
DA:2,1
DA:3,1
DA:6,1
DA:7,2
DA:11,1
DA:12,0
DA:16,1
LF:7
LH:6
BRDA:3,0,0,0
BRDA:3,0,1,1
BRF:2
BRH:1
end_of_record
TN:
SF:d_schemas/user.js
FNF:0
FNH:0
DA:1,3
DA:4,3
DA:65,3
LF:3
LH:3
BRF:0
BRH:0
end_of_record
TN:
SF:d_schemas/video.js
FNF:0
FNH:0
DA:1,3
DA:3,3
DA:41,3
LF:3
LH:3
BRF:0
BRH:0
end_of_record
TN:
SF:d_schemas/videoSearch.js
FNF:0
FNH:0
DA:1,1
DA:3,1
DA:23,1
LF:3
LH:3
BRF:0
BRH:0
end_of_record
TN:
SF:passport/googleStrategy.js
FN:8,(anonymous_0)
FN:19,(anonymous_1)
FNF:2
FNH:1
FNDA:1,(anonymous_0)
FNDA:0,(anonymous_1)
DA:1,1
DA:2,1
DA:3,1
DA:4,1
DA:6,1
DA:8,1
DA:9,1
DA:20,0
DA:22,0
DA:23,0
DA:32,0
DA:34,0
DA:35,0
DA:37,0
DA:38,0
DA:41,0
DA:42,0
LF:17
LH:7
BRDA:34,0,0,0
BRDA:34,0,1,0
BRF:2
BRH:0
end_of_record
TN:
SF:passport/index.js
FN:5,(anonymous_0)
FN:8,(anonymous_1)
FN:14,(anonymous_2)
FN:18,(anonymous_3)
FN:21,(anonymous_4)
FNF:5
FNH:1
FNDA:1,(anonymous_0)
FNDA:0,(anonymous_1)
FNDA:0,(anonymous_2)
FNDA:0,(anonymous_3)
FNDA:0,(anonymous_4)
DA:1,1
DA:2,1
DA:3,1
DA:5,1
DA:8,1
DA:9,0
DA:10,0
DA:14,1
DA:15,0
DA:17,0
DA:19,0
DA:21,0
DA:24,1
DA:25,1
LF:14
LH:8
BRF:0
BRH:0
end_of_record
TN:
SF:test/data/collection-data-in.js
FNF:0
FNH:0
DA:1,1
DA:121,1
DA:316,1
DA:457,1
DA:569,1
DA:598,1
DA:709,1
DA:880,1
DA:895,1
LF:9
LH:9
BRF:0
BRH:0
end_of_record
TN:
SF:test/data/user-data-in.js
FNF:0
FNH:0
DA:1,1
DA:121,1
DA:316,1
DA:457,1
DA:570,1
DA:599,1
DA:710,1
DA:881,1
LF:8
LH:8
BRF:0
BRH:0
end_of_record
